2021-09-16T10:03:45.622Z - info: Website generation (lazy) started at 6:03:41 pm
2021-09-16T10:03:50.356Z - info: Building assets...
2021-09-16T10:03:56.147Z - info: Assets built
2021-09-16T10:03:56.149Z - info: Generating landing page...
2021-09-16T10:03:58.001Z - info: Landing page built, other pages will be built as you navigate to them!
2021-09-16T10:03:58.846Z - info: Site data built
2021-09-16T10:03:58.846Z - info: Website generation (lazy) complete! Total build time: 17.167s
2021-09-16T10:03:59.666Z - info: Serving "C:\repos\nus-cs2103\cs2103-website-base\_site" at http://127.0.0.1:8080
2021-09-16T10:03:59.666Z - info: Press CTRL+C to stop ...
2021-09-16T10:04:41.975Z - info: Building C:\repos\nus-cs2103\cs2103-website-base\schedule\week6\project as some of its dependencies were changed since the last visit
2021-09-16T10:04:46.770Z - info: Site data built
2021-09-16T10:04:46.772Z - info: Lazy website regeneration complete! Total build time: 4.797s
2021-09-16T10:05:21.793Z - info: [6:05:21 pm] Reload for file change: C:\repos\nus-cs2103\cs2103-website-base\admin\ip-tasks.mbdf
2021-09-16T10:05:21.794Z - info: Synchronizing opened pages list before reload
2021-09-16T10:05:21.794Z - info: Current opened pages, from most-to-least recent:
2021-09-16T10:05:21.794Z - info: 1. schedule/week6/project
2021-09-16T10:05:22.812Z - info: Rebuilding 1 pages
2021-09-16T10:05:25.110Z - info: Site data built
2021-09-16T10:05:25.111Z - info: Pages rebuilt
2021-09-16T10:05:25.111Z - info: Website regeneration complete! Total build time: 2.3s
2021-09-16T10:06:23.867Z - info: Website generation started at 6:06:21 pm
2021-09-16T10:06:29.700Z - info: Building assets...
2021-09-16T10:06:34.472Z - info: Assets built
2021-09-16T10:06:34.473Z - info: Generating pages...
2021-09-16T10:06:43.685Z - debug:  
2021-09-16T10:06:45.668Z - debug:  
2021-09-16T10:06:45.669Z - debug:  
2021-09-16T10:06:45.669Z - debug:  
2021-09-16T10:06:45.669Z - debug:  
2021-09-16T10:06:45.671Z - debug:  
2021-09-16T10:08:43.059Z - debug:  
2021-09-16T10:08:56.042Z - debug:  
2021-09-16T10:08:56.265Z - debug:  
2021-09-16T10:09:04.273Z - info: Pages built
2021-09-16T10:09:05.206Z - info: Site data built
2021-09-16T10:09:05.206Z - info: Website generation complete! Total build time: 163.953s
2021-09-16T10:09:05.206Z - info: Build success!
2021-09-16T10:09:16.823Z - info: Deployed at https://nus-cs2103-ay2122s1.github.io/website!
