2021-11-06T17:51:44.345Z - info: Website generation (lazy) started at 1:51:39 am
2021-11-06T17:51:50.802Z - info: Building assets...
2021-11-06T17:51:56.261Z - info: Assets built
2021-11-06T17:51:56.261Z - info: Generating landing page...
2021-11-06T17:51:57.557Z - info: Landing page built, other pages will be built as you navigate to them!
2021-11-06T17:51:58.505Z - info: Site data built
2021-11-06T17:51:58.506Z - info: Website generation (lazy) complete! Total build time: 19.156s
2021-11-06T17:51:59.439Z - info: Serving "C:\repos\nus-cs2103\cs2103-website-base\_site" at http://127.0.0.1:8080
2021-11-06T17:51:59.439Z - info: Press CTRL+C to stop ...
2021-11-06T17:52:01.626Z - info: [1:52:01 am] Reload for file change: C:\repos\nus-cs2103\cs2103-website-base\admin\index-tic2002.mbdf
2021-11-06T17:52:01.626Z - info: Synchronizing opened pages list before reload
2021-11-06T17:52:01.627Z - info: No pages are currently opened
2021-11-06T17:52:06.065Z - info: Assets built
2021-11-06T17:53:09.533Z - info: [1:53:09 am] Reload for file change: C:\repos\nus-cs2103\cs2103-website-base\admin\index-tic2002.mbdf
2021-11-06T17:53:09.534Z - info: Synchronizing opened pages list before reload
2021-11-06T17:53:09.535Z - info: Current opened pages, from most-to-least recent:
2021-11-06T17:53:09.536Z - info: 1. index
2021-11-06T17:53:10.571Z - info: Assets built
2021-11-06T17:53:10.644Z - info: Building C:\repos\nus-cs2103\cs2103-website-base\schedule\week12\admin as some of its dependencies were changed since the last visit
2021-11-06T17:53:11.070Z - info: Site data built
2021-11-06T17:53:11.070Z - info: Lazy website regeneration complete! Total build time: 0.426s
2021-11-06T17:53:26.110Z - info: [1:53:26 am] Reload for file change: C:\repos\nus-cs2103\cs2103-website-base\admin\index-tic2002.mbdf
2021-11-06T17:53:26.110Z - info: Synchronizing opened pages list before reload
2021-11-06T17:53:26.111Z - info: Current opened pages, from most-to-least recent:
2021-11-06T17:53:26.111Z - info: 1. schedule/week12/admin
2021-11-06T17:53:27.125Z - info: Rebuilding 1 pages
2021-11-06T17:53:27.371Z - info: Site data built
2021-11-06T17:53:27.371Z - info: Pages rebuilt
2021-11-06T17:53:27.371Z - info: Website regeneration complete! Total build time: 0.247s
2021-11-06T17:53:51.764Z - info: Website generation started at 1:53:49 am
2021-11-06T17:53:57.054Z - info: Building assets...
2021-11-06T17:54:02.509Z - info: Assets built
2021-11-06T17:54:02.510Z - info: Generating pages...
2021-11-06T17:54:14.417Z - debug:  
2021-11-06T17:54:14.418Z - debug:  
2021-11-06T17:54:14.419Z - debug:  
2021-11-06T17:54:14.419Z - debug:  
2021-11-06T17:54:14.419Z - debug:  
2021-11-06T17:54:45.934Z - debug:  
2021-11-06T17:55:36.332Z - info: Pages built
2021-11-06T17:55:37.103Z - info: Site data built
2021-11-06T17:55:37.103Z - info: Website generation complete! Total build time: 107.245s
2021-11-06T17:55:37.103Z - info: Build success!
2021-11-06T17:55:51.905Z - info: Deployed at https://nus-tic2002-2021.github.io/website!
2021-11-07T07:12:40.730Z - info: Website generation (lazy) started at 3:12:36 pm
2021-11-07T07:12:46.517Z - info: Building assets...
2021-11-07T07:12:51.794Z - info: Assets built
2021-11-07T07:12:51.795Z - info: Generating landing page...
2021-11-07T07:12:53.127Z - info: Landing page built, other pages will be built as you navigate to them!
2021-11-07T07:12:53.952Z - info: Site data built
2021-11-07T07:12:53.952Z - info: Website generation (lazy) complete! Total build time: 17.641s
2021-11-07T07:12:54.808Z - info: Serving "C:\repos\nus-cs2103\cs2103-website-base\_site" at http://127.0.0.1:8080
2021-11-07T07:12:54.808Z - info: Press CTRL+C to stop ...
2021-11-07T07:13:04.888Z - info: Building C:\repos\nus-cs2103\cs2103-website-base\admin\tp-pe as some of its dependencies were changed since the last visit
2021-11-07T07:13:06.738Z - info: Site data built
2021-11-07T07:13:06.738Z - info: Lazy website regeneration complete! Total build time: 1.85s
2021-11-07T07:13:49.387Z - info: [3:13:49 pm] Reload for file change: C:\repos\nus-cs2103\cs2103-website-base\admin\tp-grading-bugs.mbdf
2021-11-07T07:13:49.387Z - info: Synchronizing opened pages list before reload
2021-11-07T07:13:49.388Z - info: Current opened pages, from most-to-least recent:
2021-11-07T07:13:49.388Z - info: 1. admin/tp-pe
2021-11-07T07:13:50.394Z - info: Rebuilding 1 pages
2021-11-07T07:13:51.866Z - info: Site data built
2021-11-07T07:13:51.866Z - info: Pages rebuilt
2021-11-07T07:13:51.866Z - info: Website regeneration complete! Total build time: 1.472s
2021-11-07T07:13:52.029Z - info: [3:13:52 pm] Reload for file change: C:\repos\nus-cs2103\cs2103-website-base\admin\tp-grading-bugs.mbdf
2021-11-07T07:13:52.029Z - info: Synchronizing opened pages list before reload
2021-11-07T07:13:52.030Z - info: No pages are currently opened
2021-11-07T07:13:53.049Z - info: No pages needed to be rebuilt
2021-11-07T07:14:29.184Z - info: [3:14:29 pm] Reload for file change: C:\repos\nus-cs2103\cs2103-website-base\admin\tp-grading-bugs.mbdf
2021-11-07T07:14:29.184Z - info: Synchronizing opened pages list before reload
2021-11-07T07:14:29.184Z - info: Current opened pages, from most-to-least recent:
2021-11-07T07:14:29.185Z - info: 1. admin/tp-pe
2021-11-07T07:14:30.195Z - info: Rebuilding 1 pages
2021-11-07T07:14:31.809Z - info: Site data built
2021-11-07T07:14:31.809Z - info: Pages rebuilt
2021-11-07T07:14:31.809Z - info: Website regeneration complete! Total build time: 1.614s
2021-11-07T10:30:21.772Z - info: Website generation started at 6:30:18 pm
2021-11-07T10:30:28.140Z - info: Building assets...
2021-11-07T10:30:33.907Z - info: Assets built
2021-11-07T10:30:33.907Z - info: Generating pages...
2021-11-07T10:30:43.341Z - debug:  
2021-11-07T10:30:43.342Z - debug:  
2021-11-07T10:30:43.342Z - debug:  
2021-11-07T10:30:43.342Z - debug:  
2021-11-07T10:30:43.342Z - debug:  
2021-11-07T10:30:43.343Z - debug:  
2021-11-07T10:32:24.446Z - debug:  
2021-11-07T10:32:37.742Z - debug:  
2021-11-07T10:32:37.743Z - debug:  
2021-11-07T10:32:44.685Z - info: Pages built
2021-11-07T10:32:45.497Z - info: Site data built
2021-11-07T10:32:45.497Z - info: Website generation complete! Total build time: 146.979s
2021-11-07T10:32:45.497Z - info: Build success!
2021-11-07T10:32:59.395Z - info: Deployed at https://nus-cs2103-ay2122s1.github.io/website!
2021-11-07T13:07:28.073Z - info: Website generation (lazy) started at 9:07:23 pm
2021-11-07T13:07:33.013Z - info: Building assets...
2021-11-07T13:07:37.561Z - info: Assets built
2021-11-07T13:07:37.562Z - info: Generating landing page...
2021-11-07T13:07:38.594Z - info: Landing page built, other pages will be built as you navigate to them!
2021-11-07T13:07:39.501Z - info: Site data built
2021-11-07T13:07:39.501Z - info: Website generation (lazy) complete! Total build time: 16.061s
2021-11-07T13:07:40.227Z - info: Serving "C:\repos\nus-cs2103\cs2103-website-base\_site" at http://127.0.0.1:8080
2021-11-07T13:07:40.227Z - info: Press CTRL+C to stop ...
2021-11-07T13:33:12.955Z - info: Building C:\repos\nus-cs2103\cs2103-website-base\admin\tp-pe as some of its dependencies were changed since the last visit
2021-11-07T13:33:16.069Z - info: Site data built
2021-11-07T13:33:16.070Z - info: Lazy website regeneration complete! Total build time: 3.116s
2021-11-07T13:39:55.374Z - info: [9:39:55 pm] Reload for file change: C:\repos\nus-cs2103\cs2103-website-base\admin\tp-pe.mbdf
2021-11-07T13:39:55.374Z - info: Synchronizing opened pages list before reload
2021-11-07T13:39:55.375Z - info: Current opened pages, from most-to-least recent:
2021-11-07T13:39:55.375Z - info: 1. admin/tp-pe
2021-11-07T13:39:56.390Z - info: Rebuilding 1 pages
2021-11-07T13:39:58.367Z - info: Site data built
2021-11-07T13:39:58.368Z - info: Pages rebuilt
2021-11-07T13:39:58.368Z - info: Website regeneration complete! Total build time: 1.979s
2021-11-07T13:51:01.807Z - info: [9:51:01 pm] Reload for file change: C:\repos\nus-cs2103\cs2103-website-base\admin\tp-pe.mbdf
2021-11-07T13:51:01.808Z - info: Synchronizing opened pages list before reload
2021-11-07T13:51:01.808Z - info: Current opened pages, from most-to-least recent:
2021-11-07T13:51:01.809Z - info: 1. admin/tp-pe
2021-11-07T13:51:02.825Z - info: Rebuilding 1 pages
2021-11-07T13:51:04.726Z - info: Site data built
2021-11-07T13:51:04.726Z - info: Pages rebuilt
2021-11-07T13:51:04.726Z - info: Website regeneration complete! Total build time: 1.902s
2021-11-07T13:51:19.755Z - info: [9:51:19 pm] Reload for file change: C:\repos\nus-cs2103\cs2103-website-base\admin\tp-pe.mbdf
2021-11-07T13:51:19.755Z - info: Synchronizing opened pages list before reload
2021-11-07T13:51:19.755Z - info: Current opened pages, from most-to-least recent:
2021-11-07T13:51:19.756Z - info: 1. admin/tp-pe
2021-11-07T13:51:20.769Z - info: Rebuilding 1 pages
2021-11-07T13:51:22.049Z - info: Site data built
2021-11-07T13:51:22.049Z - info: Pages rebuilt
2021-11-07T13:51:22.049Z - info: Website regeneration complete! Total build time: 1.281s
2021-11-07T13:52:15.174Z - info: [9:52:15 pm] Reload for file change: C:\repos\nus-cs2103\cs2103-website-base\admin\tp-pe.mbdf
2021-11-07T13:52:15.175Z - info: Synchronizing opened pages list before reload
2021-11-07T13:52:15.176Z - info: Current opened pages, from most-to-least recent:
2021-11-07T13:52:15.176Z - info: 1. admin/tp-pe
2021-11-07T13:52:16.193Z - info: Rebuilding 1 pages
2021-11-07T13:52:17.847Z - info: Site data built
2021-11-07T13:52:17.847Z - info: Pages rebuilt
2021-11-07T13:52:17.848Z - info: Website regeneration complete! Total build time: 1.656s
2021-11-07T13:53:31.143Z - info: [9:53:31 pm] Reload for file change: C:\repos\nus-cs2103\cs2103-website-base\admin\tp-pe.mbdf
2021-11-07T13:53:31.144Z - info: Synchronizing opened pages list before reload
2021-11-07T13:53:31.145Z - info: Current opened pages, from most-to-least recent:
2021-11-07T13:53:31.145Z - info: 1. admin/tp-pe
2021-11-07T13:53:32.154Z - info: Rebuilding 1 pages
2021-11-07T13:53:33.738Z - info: Site data built
2021-11-07T13:53:33.738Z - info: Pages rebuilt
2021-11-07T13:53:33.738Z - info: Website regeneration complete! Total build time: 1.585s
2021-11-07T14:18:57.545Z - info: [10:18:57 pm] Reload for file change: C:\repos\nus-cs2103\cs2103-website-base\admin\tp-pe.mbdf
2021-11-07T14:18:57.546Z - info: Synchronizing opened pages list before reload
2021-11-07T14:18:57.546Z - info: Current opened pages, from most-to-least recent:
2021-11-07T14:18:57.546Z - info: 1. admin/tp-pe
2021-11-07T14:18:58.564Z - info: Rebuilding 1 pages
2021-11-07T14:19:00.410Z - info: Site data built
2021-11-07T14:19:00.410Z - info: Pages rebuilt
2021-11-07T14:19:00.410Z - info: Website regeneration complete! Total build time: 1.847s
2021-11-07T14:21:04.868Z - info: [10:21:04 pm] Reload for file change: C:\repos\nus-cs2103\cs2103-website-base\admin\tp-pe.mbdf
2021-11-07T14:21:04.869Z - info: Synchronizing opened pages list before reload
2021-11-07T14:21:04.870Z - info: Current opened pages, from most-to-least recent:
2021-11-07T14:21:04.870Z - info: 1. admin/tp-pe
2021-11-07T14:21:05.886Z - info: Rebuilding 1 pages
2021-11-07T14:21:07.637Z - info: Site data built
2021-11-07T14:21:07.637Z - info: Pages rebuilt
2021-11-07T14:21:07.638Z - info: Website regeneration complete! Total build time: 1.752s
2021-11-07T14:21:15.890Z - info: [10:21:15 pm] Reload for file change: C:\repos\nus-cs2103\cs2103-website-base\admin\tp-pe.mbdf
2021-11-07T14:21:15.890Z - info: Synchronizing opened pages list before reload
2021-11-07T14:21:15.890Z - info: Current opened pages, from most-to-least recent:
2021-11-07T14:21:15.890Z - info: 1. admin/tp-pe
2021-11-07T14:21:16.910Z - info: Rebuilding 1 pages
2021-11-07T14:21:18.209Z - info: Site data built
2021-11-07T14:21:18.209Z - info: Pages rebuilt
2021-11-07T14:21:18.209Z - info: Website regeneration complete! Total build time: 1.299s
2021-11-07T14:23:08.411Z - info: [10:23:08 pm] Reload for file change: C:\repos\nus-cs2103\cs2103-website-base\admin\tp-pe.mbdf
2021-11-07T14:23:08.412Z - info: Synchronizing opened pages list before reload
2021-11-07T14:23:08.412Z - info: Current opened pages, from most-to-least recent:
2021-11-07T14:23:08.412Z - info: 1. admin/tp-pe
2021-11-07T14:23:09.431Z - info: Rebuilding 1 pages
2021-11-07T14:23:11.512Z - info: Site data built
2021-11-07T14:23:11.512Z - info: Pages rebuilt
2021-11-07T14:23:11.512Z - info: Website regeneration complete! Total build time: 2.081s
2021-11-07T14:23:56.897Z - info: [10:23:56 pm] Reload for file change: C:\repos\nus-cs2103\cs2103-website-base\admin\tp-pe.mbdf
2021-11-07T14:23:56.897Z - info: Synchronizing opened pages list before reload
2021-11-07T14:23:56.898Z - info: Current opened pages, from most-to-least recent:
2021-11-07T14:23:56.898Z - info: 1. admin/tp-pe
2021-11-07T14:23:57.906Z - info: Rebuilding 1 pages
2021-11-07T14:23:59.863Z - info: Site data built
2021-11-07T14:23:59.864Z - info: Pages rebuilt
2021-11-07T14:23:59.864Z - info: Website regeneration complete! Total build time: 1.959s
2021-11-07T14:25:20.001Z - info: [10:25:20 pm] Reload for file change: C:\repos\nus-cs2103\cs2103-website-base\admin\tp-pe.mbdf
2021-11-07T14:25:20.001Z - info: Synchronizing opened pages list before reload
2021-11-07T14:25:20.002Z - info: Current opened pages, from most-to-least recent:
2021-11-07T14:25:20.002Z - info: 1. admin/tp-pe
2021-11-07T14:25:21.019Z - info: Rebuilding 1 pages
2021-11-07T14:25:23.067Z - info: Site data built
2021-11-07T14:25:23.067Z - info: Pages rebuilt
2021-11-07T14:25:23.067Z - info: Website regeneration complete! Total build time: 2.049s
2021-11-07T14:25:32.717Z - info: [10:25:32 pm] Reload for file change: C:\repos\nus-cs2103\cs2103-website-base\admin\tp-pe.mbdf
2021-11-07T14:25:32.718Z - info: Synchronizing opened pages list before reload
2021-11-07T14:25:32.718Z - info: Current opened pages, from most-to-least recent:
2021-11-07T14:25:32.718Z - info: 1. admin/tp-pe
2021-11-07T14:25:33.731Z - info: Rebuilding 1 pages
2021-11-07T14:25:35.203Z - info: Site data built
2021-11-07T14:25:35.204Z - info: Pages rebuilt
2021-11-07T14:25:35.204Z - info: Website regeneration complete! Total build time: 1.474s
2021-11-07T14:30:53.000Z - info: Website generation started at 10:30:49 pm
2021-11-07T14:31:00.277Z - info: Building assets...
2021-11-07T14:31:06.058Z - info: Assets built
2021-11-07T14:31:06.058Z - info: Generating pages...
2021-11-07T14:31:20.027Z - debug:  
2021-11-07T14:31:20.029Z - debug:  
2021-11-07T14:31:20.029Z - debug:  
2021-11-07T14:31:20.029Z - debug:  
2021-11-07T14:31:20.030Z - debug:  
2021-11-07T14:31:20.030Z - debug:  
2021-11-07T14:33:33.380Z - debug:  
2021-11-07T14:33:47.544Z - debug:  
2021-11-07T14:33:47.544Z - debug:  
2021-11-07T14:33:57.272Z - info: Pages built
2021-11-07T14:33:58.322Z - info: Site data built
2021-11-07T14:33:58.322Z - info: Website generation complete! Total build time: 188.712s
2021-11-07T14:33:58.322Z - info: Build success!
2021-11-07T14:34:14.347Z - info: Deployed at https://nus-cs2103-ay2122s1.github.io/website!
