2021-11-02T05:00:23.230Z - info: Website generation (lazy) started at 1:00:18 pm
2021-11-02T05:00:28.821Z - info: Building assets...
2021-11-02T05:00:33.750Z - info: Assets built
2021-11-02T05:00:33.751Z - info: Generating landing page...
2021-11-02T05:00:34.846Z - info: Landing page built, other pages will be built as you navigate to them!
2021-11-02T05:00:35.771Z - info: Site data built
2021-11-02T05:00:35.771Z - info: Website generation (lazy) complete! Total build time: 17.218s
2021-11-02T05:00:36.641Z - info: Serving "C:\repos\nus-cs2103\cs2103-website-base\_site" at http://127.0.0.1:8080
2021-11-02T05:00:36.641Z - info: Press CTRL+C to stop ...
2021-11-02T05:01:46.108Z - info: [1:01:46 pm] Reload for file change: C:\repos\nus-cs2103\cs2103-website-base\_markbind\variables.md
2021-11-02T05:01:46.112Z - info: Synchronizing opened pages list before reload
2021-11-02T05:01:46.113Z - info: Current opened pages, from most-to-least recent:
2021-11-02T05:01:46.113Z - info: 1. index
2021-11-02T05:01:47.250Z - warn: Rebuilding all pages as variables file was changed, or the --force-reload flag was set
2021-11-02T05:01:47.256Z - info: Rebuilding 1 pages
2021-11-02T05:01:47.868Z - info: Site data built
2021-11-02T05:01:47.868Z - info: Pages rebuilt
2021-11-02T05:01:47.869Z - info: Website regeneration complete! Total build time: 0.737s
2021-11-02T05:01:52.434Z - info: Building C:\repos\nus-cs2103\cs2103-website-base\schedule\week13\index as some of its dependencies were changed since the last visit
2021-11-02T05:01:52.840Z - info: Site data built
2021-11-02T05:01:52.840Z - info: Lazy website regeneration complete! Total build time: 0.406s
2021-11-02T05:11:45.912Z - info: [1:11:45 pm] Reload for file change: C:\repos\nus-cs2103\cs2103-website-base\_markbind\variables.md
2021-11-02T05:11:45.912Z - info: Synchronizing opened pages list before reload
2021-11-02T05:11:45.912Z - info: Current opened pages, from most-to-least recent:
2021-11-02T05:11:45.912Z - info: 1. schedule/week13/index
2021-11-02T05:11:46.979Z - warn: Rebuilding all pages as variables file was changed, or the --force-reload flag was set
2021-11-02T05:11:46.982Z - info: Rebuilding 1 pages
2021-11-02T05:11:47.308Z - info: Site data built
2021-11-02T05:11:47.309Z - info: Pages rebuilt
2021-11-02T05:11:47.309Z - info: Website regeneration complete! Total build time: 0.388s
2021-11-02T05:11:59.068Z - info: [1:11:59 pm] Reload for file change: C:\repos\nus-cs2103\cs2103-website-base\_markbind\variables.md
2021-11-02T05:11:59.068Z - info: Synchronizing opened pages list before reload
2021-11-02T05:11:59.068Z - info: Current opened pages, from most-to-least recent:
2021-11-02T05:11:59.068Z - info: 1. schedule/week13/index
2021-11-02T05:12:00.116Z - warn: Rebuilding all pages as variables file was changed, or the --force-reload flag was set
2021-11-02T05:12:00.120Z - info: Rebuilding 1 pages
2021-11-02T05:12:00.368Z - info: Site data built
2021-11-02T05:12:00.368Z - info: Pages rebuilt
2021-11-02T05:12:00.368Z - info: Website regeneration complete! Total build time: 0.285s
2021-11-02T05:12:14.276Z - info: [1:12:14 pm] Reload for file change: C:\repos\nus-cs2103\cs2103-website-base\_markbind\variables.md
2021-11-02T05:12:14.277Z - info: Synchronizing opened pages list before reload
2021-11-02T05:12:14.277Z - info: Current opened pages, from most-to-least recent:
2021-11-02T05:12:14.277Z - info: 1. schedule/week13/index
2021-11-02T05:12:15.345Z - warn: Rebuilding all pages as variables file was changed, or the --force-reload flag was set
2021-11-02T05:12:15.348Z - info: Rebuilding 1 pages
2021-11-02T05:12:15.726Z - info: Site data built
2021-11-02T05:12:15.726Z - info: Pages rebuilt
2021-11-02T05:12:15.727Z - info: Website regeneration complete! Total build time: 0.443s
2021-11-02T05:12:30.431Z - info: Website generation (lazy) started at 1:12:28 pm
2021-11-02T05:12:36.184Z - info: Building assets...
2021-11-02T05:12:41.455Z - info: Assets built
2021-11-02T05:12:41.456Z - info: Generating landing page...
2021-11-02T05:12:42.294Z - info: Landing page built, other pages will be built as you navigate to them!
2021-11-02T05:12:43.100Z - info: Site data built
2021-11-02T05:12:43.100Z - info: Website generation (lazy) complete! Total build time: 14.736s
2021-11-02T05:12:43.930Z - info: Serving "C:\repos\nus-cs2103\cs2103-website-base\_site" at http://127.0.0.1:8080
2021-11-02T05:12:43.930Z - info: Press CTRL+C to stop ...
2021-11-02T05:12:50.694Z - info: Building C:\repos\nus-cs2103\cs2103-website-base\schedule\week13\index as some of its dependencies were changed since the last visit
2021-11-02T05:12:52.539Z - info: Site data built
2021-11-02T05:12:52.539Z - info: Lazy website regeneration complete! Total build time: 1.845s
2021-11-02T05:18:25.439Z - info: [1:18:25 pm] Reload for file change: C:\repos\nus-cs2103\cs2103-website-base\_markbind\variables.md
2021-11-02T05:18:25.440Z - info: Synchronizing opened pages list before reload
2021-11-02T05:18:25.440Z - info: Current opened pages, from most-to-least recent:
2021-11-02T05:18:25.440Z - info: 1. schedule/week13/index
2021-11-02T05:18:26.542Z - warn: Rebuilding all pages as variables file was changed, or the --force-reload flag was set
2021-11-02T05:18:26.545Z - info: Rebuilding 1 pages
2021-11-02T05:18:26.967Z - info: Site data built
2021-11-02T05:18:26.967Z - info: Pages rebuilt
2021-11-02T05:18:26.967Z - info: Website regeneration complete! Total build time: 0.521s
2021-11-02T05:18:38.490Z - info: [1:18:38 pm] Reload for file change: C:\repos\nus-cs2103\cs2103-website-base\_markbind\variables.md
2021-11-02T05:18:38.490Z - info: Synchronizing opened pages list before reload
2021-11-02T05:18:38.490Z - info: Current opened pages, from most-to-least recent:
2021-11-02T05:18:38.490Z - info: 1. schedule/week13/index
2021-11-02T05:18:39.591Z - warn: Rebuilding all pages as variables file was changed, or the --force-reload flag was set
2021-11-02T05:18:39.593Z - info: Rebuilding 1 pages
2021-11-02T05:18:39.890Z - info: Site data built
2021-11-02T05:18:39.890Z - info: Pages rebuilt
2021-11-02T05:18:39.890Z - info: Website regeneration complete! Total build time: 0.384s
2021-11-02T06:44:50.439Z - info: Website generation (lazy) started at 2:44:48 pm
2021-11-02T06:44:55.449Z - info: Building assets...
2021-11-02T06:45:00.354Z - info: Assets built
2021-11-02T06:45:00.355Z - info: Generating landing page...
2021-11-02T06:45:01.301Z - info: Landing page built, other pages will be built as you navigate to them!
2021-11-02T06:45:02.125Z - info: Site data built
2021-11-02T06:45:02.125Z - info: Website generation (lazy) complete! Total build time: 13.495s
2021-11-02T06:45:02.827Z - info: Serving "C:\repos\nus-cs2103\cs2103-website-base\_site" at http://127.0.0.1:8080
2021-11-02T06:45:02.827Z - info: Press CTRL+C to stop ...
2021-11-02T06:45:12.454Z - info: Building C:\repos\nus-cs2103\cs2103-website-base\schedule\week12\project as some of its dependencies were changed since the last visit
2021-11-02T06:45:15.080Z - info: Site data built
2021-11-02T06:45:15.080Z - info: Lazy website regeneration complete! Total build time: 2.626s
2021-11-02T06:47:06.473Z - info: [2:47:06 pm] Reload for file change: C:\repos\nus-cs2103\cs2103-website-base\admin\tp-tasks.mbdf
2021-11-02T06:47:06.474Z - info: Synchronizing opened pages list before reload
2021-11-02T06:47:06.475Z - info: Current opened pages, from most-to-least recent:
2021-11-02T06:47:06.475Z - info: 1. schedule/week12/project
2021-11-02T06:47:07.484Z - info: Rebuilding 1 pages
2021-11-02T06:47:09.975Z - info: Site data built
2021-11-02T06:47:09.975Z - info: Pages rebuilt
2021-11-02T06:47:09.976Z - info: Website regeneration complete! Total build time: 2.492s
2021-11-02T06:47:56.593Z - info: [2:47:56 pm] Reload for file change: C:\repos\nus-cs2103\cs2103-website-base\admin\tp-tasks.mbdf
2021-11-02T06:47:56.593Z - info: Synchronizing opened pages list before reload
2021-11-02T06:47:56.594Z - info: Current opened pages, from most-to-least recent:
2021-11-02T06:47:56.594Z - info: 1. schedule/week12/project
2021-11-02T06:47:57.598Z - info: Rebuilding 1 pages
2021-11-02T06:47:59.984Z - info: Site data built
2021-11-02T06:47:59.984Z - info: Pages rebuilt
2021-11-02T06:47:59.984Z - info: Website regeneration complete! Total build time: 2.387s
2021-11-02T06:49:03.114Z - info: [2:49:03 pm] Reload for file change: C:\repos\nus-cs2103\cs2103-website-base\admin\tp-tasks.mbdf
2021-11-02T06:49:03.115Z - info: Synchronizing opened pages list before reload
2021-11-02T06:49:03.116Z - info: Current opened pages, from most-to-least recent:
2021-11-02T06:49:03.116Z - info: 1. schedule/week12/project
2021-11-02T06:49:04.131Z - info: Rebuilding 1 pages
2021-11-02T06:49:06.325Z - info: Site data built
2021-11-02T06:49:06.325Z - info: Pages rebuilt
2021-11-02T06:49:06.326Z - info: Website regeneration complete! Total build time: 2.196s
2021-11-02T06:49:20.423Z - info: Building C:\repos\nus-cs2103\cs2103-website-base\schedule\week10\project as some of its dependencies were changed since the last visit
2021-11-02T06:49:21.308Z - info: Site data built
2021-11-02T06:49:21.308Z - info: Lazy website regeneration complete! Total build time: 0.886s
2021-11-02T06:50:39.248Z - info: [2:50:39 pm] Reload for file change: C:\repos\nus-cs2103\cs2103-website-base\admin\tp-tasks.mbdf
2021-11-02T06:50:39.249Z - info: Synchronizing opened pages list before reload
2021-11-02T06:50:39.249Z - info: Current opened pages, from most-to-least recent:
2021-11-02T06:50:39.249Z - info: 1. schedule/week10/project
2021-11-02T06:50:40.263Z - info: Rebuilding 1 pages
2021-11-02T06:50:41.314Z - info: Site data built
2021-11-02T06:50:41.314Z - info: Pages rebuilt
2021-11-02T06:50:41.314Z - info: Website regeneration complete! Total build time: 1.051s
2021-11-02T06:50:50.606Z - info: [2:50:50 pm] Reload for file change: C:\repos\nus-cs2103\cs2103-website-base\admin\tp-tasks.mbdf
2021-11-02T06:50:50.606Z - info: Synchronizing opened pages list before reload
2021-11-02T06:50:50.607Z - info: Current opened pages, from most-to-least recent:
2021-11-02T06:50:50.607Z - info: 1. schedule/week10/project
2021-11-02T06:50:51.626Z - info: Rebuilding 1 pages
2021-11-02T06:50:52.356Z - info: Site data built
2021-11-02T06:50:52.357Z - info: Pages rebuilt
2021-11-02T06:50:52.357Z - info: Website regeneration complete! Total build time: 0.732s
2021-11-02T06:53:43.221Z - info: [2:53:43 pm] Reload for file change: C:\repos\nus-cs2103\cs2103-website-base\admin\tp-tasks.mbdf
2021-11-02T06:53:43.221Z - info: Synchronizing opened pages list before reload
2021-11-02T06:53:43.221Z - info: Current opened pages, from most-to-least recent:
2021-11-02T06:53:43.221Z - info: 1. schedule/week10/project
2021-11-02T06:53:44.228Z - info: Rebuilding 1 pages
2021-11-02T06:53:45.192Z - info: Site data built
2021-11-02T06:53:45.193Z - info: Pages rebuilt
2021-11-02T06:53:45.193Z - info: Website regeneration complete! Total build time: 0.966s
2021-11-02T06:53:53.097Z - info: Building C:\repos\nus-cs2103\cs2103-website-base\schedule\week12\project as some of its dependencies were changed since the last visit
2021-11-02T06:53:54.982Z - info: Site data built
2021-11-02T06:53:54.983Z - info: Lazy website regeneration complete! Total build time: 1.886s
2021-11-02T06:54:55.588Z - info: [2:54:55 pm] Reload for file change: C:\repos\nus-cs2103\cs2103-website-base\admin\tp-tasks.mbdf
2021-11-02T06:54:55.589Z - info: Synchronizing opened pages list before reload
2021-11-02T06:54:55.589Z - info: Current opened pages, from most-to-least recent:
2021-11-02T06:54:55.589Z - info: 1. schedule/week10/project
2021-11-02T06:54:56.603Z - info: Rebuilding 1 pages
2021-11-02T06:54:57.610Z - info: Site data built
2021-11-02T06:54:57.610Z - info: Pages rebuilt
2021-11-02T06:54:57.610Z - info: Website regeneration complete! Total build time: 1.008s
2021-11-02T06:56:24.895Z - info: [2:56:24 pm] Reload for file change: C:\repos\nus-cs2103\cs2103-website-base\admin\tp-tasks.mbdf
2021-11-02T06:56:24.895Z - info: Synchronizing opened pages list before reload
2021-11-02T06:56:24.896Z - info: Current opened pages, from most-to-least recent:
2021-11-02T06:56:24.896Z - info: 1. schedule/week10/project
2021-11-02T06:56:25.914Z - info: Rebuilding 1 pages
2021-11-02T06:56:26.954Z - info: Site data built
2021-11-02T06:56:26.954Z - info: Pages rebuilt
2021-11-02T06:56:26.954Z - info: Website regeneration complete! Total build time: 1.041s
2021-11-02T06:57:24.217Z - info: [2:57:24 pm] Reload for file change: C:\repos\nus-cs2103\cs2103-website-base\admin\tp-tasks.mbdf
2021-11-02T06:57:24.218Z - info: Synchronizing opened pages list before reload
2021-11-02T06:57:24.218Z - info: Current opened pages, from most-to-least recent:
2021-11-02T06:57:24.218Z - info: 1. schedule/week10/project
2021-11-02T06:57:25.225Z - info: Rebuilding 1 pages
2021-11-02T06:57:26.259Z - info: Site data built
2021-11-02T06:57:26.260Z - info: Pages rebuilt
2021-11-02T06:57:26.260Z - info: Website regeneration complete! Total build time: 1.036s
2021-11-02T06:59:13.742Z - info: [2:59:13 pm] Reload for file change: C:\repos\nus-cs2103\cs2103-website-base\admin\tp-tasks.mbdf
2021-11-02T06:59:13.742Z - info: Synchronizing opened pages list before reload
2021-11-02T06:59:13.743Z - info: Current opened pages, from most-to-least recent:
2021-11-02T06:59:13.743Z - info: 1. schedule/week10/project
2021-11-02T06:59:14.756Z - info: Rebuilding 1 pages
2021-11-02T06:59:15.873Z - info: Site data built
2021-11-02T06:59:15.873Z - info: Pages rebuilt
2021-11-02T06:59:15.873Z - info: Website regeneration complete! Total build time: 1.118s
2021-11-02T07:01:41.037Z - info: [3:01:41 pm] Reload for file change: C:\repos\nus-cs2103\cs2103-website-base\admin\tp-tasks.mbdf
2021-11-02T07:01:41.037Z - info: Synchronizing opened pages list before reload
2021-11-02T07:01:41.038Z - info: Current opened pages, from most-to-least recent:
2021-11-02T07:01:41.038Z - info: 1. schedule/week10/project
2021-11-02T07:01:42.044Z - info: Rebuilding 1 pages
2021-11-02T07:01:43.190Z - info: Site data built
2021-11-02T07:01:43.190Z - info: Pages rebuilt
2021-11-02T07:01:43.191Z - info: Website regeneration complete! Total build time: 1.149s
2021-11-02T07:10:38.224Z - info: Building C:\repos\nus-cs2103\cs2103-website-base\index as some of its dependencies were changed since the last visit
2021-11-02T07:10:38.944Z - info: Site data built
2021-11-02T07:10:38.945Z - info: Lazy website regeneration complete! Total build time: 0.721s
2021-11-02T07:10:42.081Z - info: Building C:\repos\nus-cs2103\cs2103-website-base\schedule\week13\index as some of its dependencies were changed since the last visit
2021-11-02T07:10:42.574Z - info: Site data built
2021-11-02T07:10:42.574Z - info: Lazy website regeneration complete! Total build time: 0.493s
2021-11-02T07:12:29.665Z - info: [3:12:29 pm] Reload for file change: C:\repos\nus-cs2103\cs2103-website-base\schedule\week13\notices-cs2103.mbdf
2021-11-02T07:12:29.666Z - info: Synchronizing opened pages list before reload
2021-11-02T07:12:29.666Z - info: Current opened pages, from most-to-least recent:
2021-11-02T07:12:29.666Z - info: 1. schedule/week13/index
2021-11-02T07:12:30.674Z - info: Rebuilding 1 pages
2021-11-02T07:12:31.591Z - info: Site data built
2021-11-02T07:12:31.591Z - info: Pages rebuilt
2021-11-02T07:12:31.591Z - info: Website regeneration complete! Total build time: 0.919s
2021-11-02T07:13:54.977Z - info: Building C:\repos\nus-cs2103\cs2103-website-base\schedule\week13\topics as some of its dependencies were changed since the last visit
2021-11-02T07:13:55.254Z - info: Site data built
2021-11-02T07:13:55.254Z - info: Lazy website regeneration complete! Total build time: 0.278s
2021-11-02T07:13:59.976Z - info: Building C:\repos\nus-cs2103\cs2103-website-base\schedule\week13\admin as some of its dependencies were changed since the last visit
2021-11-02T07:14:00.322Z - info: Site data built
2021-11-02T07:14:00.322Z - info: Lazy website regeneration complete! Total build time: 0.346s
2021-11-02T07:27:15.101Z - info: Building C:\repos\nus-cs2103\cs2103-website-base\schedule\week13\project as some of its dependencies were changed since the last visit
2021-11-02T07:27:16.973Z - info: Site data built
2021-11-02T07:27:16.974Z - info: Lazy website regeneration complete! Total build time: 1.873s
2021-11-02T07:36:00.529Z - info: [3:36:00 pm] Reload for file change: C:\repos\nus-cs2103\cs2103-website-base\admin\tp-tasks.mbdf
2021-11-02T07:36:00.530Z - info: Synchronizing opened pages list before reload
2021-11-02T07:36:00.530Z - info: Current opened pages, from most-to-least recent:
2021-11-02T07:36:00.530Z - info: 1. schedule/week13/project
2021-11-02T07:36:01.539Z - info: Rebuilding 1 pages
2021-11-02T07:36:03.302Z - info: Site data built
2021-11-02T07:36:03.303Z - info: Pages rebuilt
2021-11-02T07:36:03.303Z - info: Website regeneration complete! Total build time: 1.765s
2021-11-02T07:36:47.002Z - info: [3:36:47 pm] Reload for file change: C:\repos\nus-cs2103\cs2103-website-base\admin\tp-tasks.mbdf
2021-11-02T07:36:47.002Z - info: Synchronizing opened pages list before reload
2021-11-02T07:36:47.003Z - info: Current opened pages, from most-to-least recent:
2021-11-02T07:36:47.003Z - info: 1. schedule/week13/project
2021-11-02T07:36:48.014Z - info: Rebuilding 1 pages
2021-11-02T07:36:49.675Z - info: Site data built
2021-11-02T07:36:49.675Z - info: Pages rebuilt
2021-11-02T07:36:49.675Z - info: Website regeneration complete! Total build time: 1.663s
2021-11-02T07:49:19.278Z - info: Website generation (lazy) started at 3:49:17 pm
2021-11-02T07:49:24.041Z - info: Building assets...
2021-11-02T07:49:28.960Z - info: Assets built
2021-11-02T07:49:28.961Z - info: Generating landing page...
2021-11-02T07:49:29.872Z - info: Landing page built, other pages will be built as you navigate to them!
2021-11-02T07:49:30.697Z - info: Site data built
2021-11-02T07:49:30.697Z - info: Website generation (lazy) complete! Total build time: 13.02s
2021-11-02T07:49:31.462Z - info: Serving "C:\repos\nus-cs2103\cs2103-website-base\_site" at http://127.0.0.1:8080
2021-11-02T07:49:31.462Z - info: Press CTRL+C to stop ...
2021-11-02T07:50:27.697Z - info: Building C:\repos\nus-cs2103\cs2103-website-base\schedule\week12\project as some of its dependencies were changed since the last visit
2021-11-02T07:50:30.767Z - info: Site data built
2021-11-02T07:50:30.767Z - info: Lazy website regeneration complete! Total build time: 3.071s
2021-11-02T07:50:39.193Z - info: Building C:\repos\nus-cs2103\cs2103-website-base\schedule\week13\project as some of its dependencies were changed since the last visit
2021-11-02T07:50:41.014Z - info: Site data built
2021-11-02T07:50:41.014Z - info: Lazy website regeneration complete! Total build time: 1.822s
2021-11-02T07:58:07.067Z - info: [3:58:07 pm] Reload for file change: C:\repos\nus-cs2103\cs2103-website-base\admin\tp-tasks.mbdf
2021-11-02T07:58:07.067Z - info: Synchronizing opened pages list before reload
2021-11-02T07:58:07.068Z - info: Current opened pages, from most-to-least recent:
2021-11-02T07:58:07.068Z - info: 1. schedule/week13/project
2021-11-02T07:58:08.087Z - info: Rebuilding 1 pages
2021-11-02T07:58:10.063Z - info: Site data built
2021-11-02T07:58:10.064Z - info: Pages rebuilt
2021-11-02T07:58:10.064Z - info: Website regeneration complete! Total build time: 1.979s
2021-11-02T07:59:26.100Z - info: [3:59:26 pm] Reload for file change: C:\repos\nus-cs2103\cs2103-website-base\admin\tp-deliverables-ug.mbdf
2021-11-02T07:59:26.102Z - info: Synchronizing opened pages list before reload
2021-11-02T07:59:26.103Z - info: Current opened pages, from most-to-least recent:
2021-11-02T07:59:26.103Z - info: 1. schedule/week13/project
2021-11-02T07:59:27.115Z - info: Rebuilding 1 pages
2021-11-02T07:59:28.989Z - info: Site data built
2021-11-02T07:59:28.990Z - info: Pages rebuilt
2021-11-02T07:59:28.990Z - info: Website regeneration complete! Total build time: 1.876s
2021-11-02T08:02:42.694Z - info: [4:02:42 pm] Reload for file change: C:\repos\nus-cs2103\cs2103-website-base\admin\tp-deliverables-ug.mbdf
2021-11-02T08:02:42.695Z - info: Synchronizing opened pages list before reload
2021-11-02T08:02:42.696Z - info: Current opened pages, from most-to-least recent:
2021-11-02T08:02:42.696Z - info: 1. schedule/week13/project
2021-11-02T08:02:43.716Z - info: Rebuilding 1 pages
2021-11-02T08:02:45.689Z - info: Site data built
2021-11-02T08:02:45.690Z - info: Pages rebuilt
2021-11-02T08:02:45.690Z - info: Website regeneration complete! Total build time: 1.977s
2021-11-02T08:15:29.436Z - info: [4:15:29 pm] Reload for file change: C:\repos\nus-cs2103\cs2103-website-base\admin\tp-pe.mbdf
2021-11-02T08:15:29.436Z - info: Synchronizing opened pages list before reload
2021-11-02T08:15:29.437Z - info: Current opened pages, from most-to-least recent:
2021-11-02T08:15:29.437Z - info: 1. schedule/week13/project
2021-11-02T08:15:30.453Z - info: Rebuilding 1 pages
2021-11-02T08:15:32.474Z - info: Site data built
2021-11-02T08:15:32.474Z - info: Pages rebuilt
2021-11-02T08:15:32.474Z - info: Website regeneration complete! Total build time: 2.024s
2021-11-02T08:16:18.306Z - info: [4:16:18 pm] Reload for file change: C:\repos\nus-cs2103\cs2103-website-base\admin\tp-pe.mbdf
2021-11-02T08:16:18.307Z - info: Synchronizing opened pages list before reload
2021-11-02T08:16:18.307Z - info: Current opened pages, from most-to-least recent:
2021-11-02T08:16:18.307Z - info: 1. schedule/week13/project
2021-11-02T08:16:19.330Z - info: Rebuilding 1 pages
2021-11-02T08:16:21.239Z - info: Site data built
2021-11-02T08:16:21.240Z - info: Pages rebuilt
2021-11-02T08:16:21.240Z - info: Website regeneration complete! Total build time: 1.91s
2021-11-02T08:17:26.896Z - info: [4:17:26 pm] Reload for file change: C:\repos\nus-cs2103\cs2103-website-base\admin\tp-pe.mbdf
2021-11-02T08:17:26.897Z - info: Synchronizing opened pages list before reload
2021-11-02T08:17:26.897Z - info: Current opened pages, from most-to-least recent:
2021-11-02T08:17:26.898Z - info: 1. schedule/week13/project
2021-11-02T08:17:27.914Z - info: Rebuilding 1 pages
2021-11-02T08:17:29.850Z - info: Site data built
2021-11-02T08:17:29.851Z - info: Pages rebuilt
2021-11-02T08:17:29.851Z - info: Website regeneration complete! Total build time: 1.94s
2021-11-02T08:20:56.931Z - info: [4:20:56 pm] Reload for file change: C:\repos\nus-cs2103\cs2103-website-base\admin\tp-pe.mbdf
2021-11-02T08:20:56.931Z - info: Synchronizing opened pages list before reload
2021-11-02T08:20:56.931Z - info: Current opened pages, from most-to-least recent:
2021-11-02T08:20:56.932Z - info: 1. schedule/week13/project
2021-11-02T08:20:57.939Z - info: Rebuilding 1 pages
2021-11-02T08:20:59.872Z - info: Site data built
2021-11-02T08:20:59.872Z - info: Pages rebuilt
2021-11-02T08:20:59.873Z - info: Website regeneration complete! Total build time: 1.938s
2021-11-02T08:21:52.250Z - info: [4:21:52 pm] Reload for file change: C:\repos\nus-cs2103\cs2103-website-base\admin\tp-pe.mbdf
2021-11-02T08:21:52.251Z - info: Synchronizing opened pages list before reload
2021-11-02T08:21:52.251Z - info: Current opened pages, from most-to-least recent:
2021-11-02T08:21:52.251Z - info: 1. schedule/week13/project
2021-11-02T08:21:53.265Z - info: Rebuilding 1 pages
2021-11-02T08:21:55.308Z - info: Site data built
2021-11-02T08:21:55.309Z - info: Pages rebuilt
2021-11-02T08:21:55.309Z - info: Website regeneration complete! Total build time: 2.047s
2021-11-02T08:22:16.303Z - info: [4:22:16 pm] Reload for file change: C:\repos\nus-cs2103\cs2103-website-base\admin\tp-pe.mbdf
2021-11-02T08:22:16.304Z - info: Synchronizing opened pages list before reload
2021-11-02T08:22:16.304Z - info: Current opened pages, from most-to-least recent:
2021-11-02T08:22:16.304Z - info: 1. schedule/week13/project
2021-11-02T08:22:17.318Z - info: Rebuilding 1 pages
2021-11-02T08:22:19.206Z - info: Site data built
2021-11-02T08:22:19.206Z - info: Pages rebuilt
2021-11-02T08:22:19.207Z - info: Website regeneration complete! Total build time: 1.892s
2021-11-02T08:22:59.562Z - info: [4:22:59 pm] Reload for file change: C:\repos\nus-cs2103\cs2103-website-base\admin\tp-pe.mbdf
2021-11-02T08:22:59.562Z - info: Synchronizing opened pages list before reload
2021-11-02T08:22:59.563Z - info: Current opened pages, from most-to-least recent:
2021-11-02T08:22:59.563Z - info: 1. schedule/week13/project
2021-11-02T08:23:00.575Z - info: Rebuilding 1 pages
2021-11-02T08:23:02.478Z - info: Site data built
2021-11-02T08:23:02.478Z - info: Pages rebuilt
2021-11-02T08:23:02.479Z - info: Website regeneration complete! Total build time: 1.908s
2021-11-02T08:25:30.064Z - info: [4:25:30 pm] Reload for file change: C:\repos\nus-cs2103\cs2103-website-base\admin\tp-pe.mbdf
2021-11-02T08:25:30.064Z - info: Synchronizing opened pages list before reload
2021-11-02T08:25:30.065Z - info: Current opened pages, from most-to-least recent:
2021-11-02T08:25:30.065Z - info: 1. schedule/week13/project
2021-11-02T08:25:31.076Z - info: Rebuilding 1 pages
2021-11-02T08:25:33.123Z - info: Site data built
2021-11-02T08:25:33.123Z - info: Pages rebuilt
2021-11-02T08:25:33.123Z - info: Website regeneration complete! Total build time: 2.051s
2021-11-02T08:26:35.886Z - info: [4:26:35 pm] Reload for file change: C:\repos\nus-cs2103\cs2103-website-base\admin\tp-testing.mbdf
2021-11-02T08:26:35.887Z - info: Synchronizing opened pages list before reload
2021-11-02T08:26:35.887Z - info: Current opened pages, from most-to-least recent:
2021-11-02T08:26:35.888Z - info: 1. schedule/week13/project
2021-11-02T08:26:36.912Z - info: Rebuilding 1 pages
2021-11-02T08:26:38.908Z - info: Site data built
2021-11-02T08:26:38.908Z - info: Pages rebuilt
2021-11-02T08:26:38.908Z - info: Website regeneration complete! Total build time: 2.001s
2021-11-02T08:27:25.538Z - info: Building C:\repos\nus-cs2103\cs2103-website-base\schedule\week13\tutorial as some of its dependencies were changed since the last visit
2021-11-02T08:27:26.227Z - info: Site data built
2021-11-02T08:27:26.228Z - info: Lazy website regeneration complete! Total build time: 0.691s
2021-11-02T08:31:32.886Z - info: Building C:\repos\nus-cs2103\cs2103-website-base\schedule\week13\index as some of its dependencies were changed since the last visit
2021-11-02T08:31:33.695Z - info: Site data built
2021-11-02T08:31:33.696Z - info: Lazy website regeneration complete! Total build time: 0.81s
2021-11-02T08:31:37.872Z - info: Building C:\repos\nus-cs2103\cs2103-website-base\admin\exams as some of its dependencies were changed since the last visit
2021-11-02T08:31:38.159Z - info: Site data built
2021-11-02T08:31:38.160Z - info: Lazy website regeneration complete! Total build time: 0.288s
2021-11-02T08:36:30.051Z - info: Building C:\repos\nus-cs2103\cs2103-website-base\admin\tp-pe as some of its dependencies were changed since the last visit
2021-11-02T08:36:31.833Z - info: Site data built
2021-11-02T08:36:31.834Z - info: Lazy website regeneration complete! Total build time: 1.783s
2021-11-02T08:45:09.591Z - info: [4:45:09 pm] Reload for file change: C:\repos\nus-cs2103\cs2103-website-base\admin\tp-ped.mbdf
2021-11-02T08:45:09.591Z - info: Synchronizing opened pages list before reload
2021-11-02T08:45:09.592Z - info: Current opened pages, from most-to-least recent:
2021-11-02T08:45:09.592Z - info: 1. admin/tp-pe
2021-11-02T08:45:10.600Z - info: Rebuilding 1 pages
2021-11-02T08:45:12.349Z - info: Site data built
2021-11-02T08:45:12.349Z - info: Pages rebuilt
2021-11-02T08:45:12.350Z - info: Website regeneration complete! Total build time: 1.752s
2021-11-02T08:46:06.374Z - info: [4:46:06 pm] Reload for file change: C:\repos\nus-cs2103\cs2103-website-base\schedule\week13\notices-cs2103.mbdf
2021-11-02T08:46:06.374Z - info: Synchronizing opened pages list before reload
2021-11-02T08:46:06.374Z - info: Current opened pages, from most-to-least recent:
2021-11-02T08:46:06.374Z - info: 1. admin/tp-pe
2021-11-02T08:46:07.390Z - info: No pages needed to be rebuilt
2021-11-02T08:51:39.455Z - info: Building C:\repos\nus-cs2103\cs2103-website-base\index as some of its dependencies were changed since the last visit
2021-11-02T08:51:40.394Z - info: Site data built
2021-11-02T08:51:40.394Z - info: Lazy website regeneration complete! Total build time: 0.939s
2021-11-02T08:51:43.438Z - info: Building C:\repos\nus-cs2103\cs2103-website-base\schedule\week13\index as some of its dependencies were changed since the last visit
2021-11-02T08:51:43.994Z - info: Site data built
2021-11-02T08:51:43.994Z - info: Lazy website regeneration complete! Total build time: 0.557s
2021-11-02T08:51:57.198Z - info: Building C:\repos\nus-cs2103\cs2103-website-base\schedule\week13\admin as some of its dependencies were changed since the last visit
2021-11-02T08:51:57.553Z - info: Site data built
2021-11-02T08:51:57.553Z - info: Lazy website regeneration complete! Total build time: 0.356s
2021-11-02T08:54:46.895Z - info: Website generation started at 4:54:45 pm
2021-11-02T08:54:52.469Z - info: Building assets...
2021-11-02T08:54:56.548Z - info: Assets built
2021-11-02T08:54:56.549Z - info: Generating pages...
2021-11-02T08:55:05.563Z - debug:  
2021-11-02T08:55:05.564Z - debug:  
2021-11-02T08:55:05.565Z - debug:  
2021-11-02T08:55:05.565Z - debug:  
2021-11-02T08:55:05.565Z - debug:  
2021-11-02T08:55:05.565Z - debug:  
2021-11-02T08:56:53.798Z - debug:  
2021-11-02T08:57:04.639Z - debug:  
2021-11-02T08:57:05.640Z - debug:  
2021-11-02T08:57:12.366Z - info: Pages built
2021-11-02T08:57:13.189Z - info: Site data built
2021-11-02T08:57:13.189Z - info: Website generation complete! Total build time: 148.134s
2021-11-02T08:57:13.190Z - info: Build success!
2021-11-02T08:57:25.503Z - info: Deployed at https://nus-cs2103-ay2122s1.github.io/website!
2021-11-02T12:35:30.990Z - info: Website generation (lazy) started at 8:35:26 pm
2021-11-02T12:35:35.335Z - info: Building assets...
2021-11-02T12:35:40.453Z - info: Assets built
2021-11-02T12:35:40.454Z - info: Generating landing page...
2021-11-02T12:35:41.393Z - info: Landing page built, other pages will be built as you navigate to them!
2021-11-02T12:35:42.387Z - info: Site data built
2021-11-02T12:35:42.387Z - info: Website generation (lazy) complete! Total build time: 15.476s
2021-11-02T12:35:43.136Z - info: Serving "C:\repos\nus-cs2103\cs2103-website-base\_site" at http://127.0.0.1:8080
2021-11-02T12:35:43.136Z - info: Press CTRL+C to stop ...
2021-11-02T12:35:44.933Z - info: [8:35:44 pm] Reload for file change: C:\repos\nus-cs2103\cs2103-website-base\_markbind\variables.md
2021-11-02T12:35:44.933Z - info: Synchronizing opened pages list before reload
2021-11-02T12:35:44.934Z - info: No pages are currently opened
2021-11-02T12:35:46.217Z - warn: Rebuilding all pages as variables file was changed, or the --force-reload flag was set
2021-11-02T12:35:46.220Z - info: No pages needed to be rebuilt
2021-11-02T12:35:50.637Z - info: Building C:\repos\nus-cs2103\cs2103-website-base\admin\index as some of its dependencies were changed since the last visit
2021-11-02T12:35:52.637Z - info: Site data built
2021-11-02T12:35:52.637Z - info: Lazy website regeneration complete! Total build time: 2s
2021-11-02T12:37:18.106Z - info: [8:37:18 pm] Reload for file change: C:\repos\nus-cs2103\cs2103-website-base\admin\index-tic2002.mbdf
2021-11-02T12:37:18.106Z - info: Synchronizing opened pages list before reload
2021-11-02T12:37:18.107Z - info: Current opened pages, from most-to-least recent:
2021-11-02T12:37:18.107Z - info: 1. admin/index
2021-11-02T12:37:19.112Z - info: Rebuilding 1 pages
2021-11-02T12:37:20.322Z - info: Site data built
2021-11-02T12:37:20.322Z - info: Pages rebuilt
2021-11-02T12:37:20.322Z - info: Website regeneration complete! Total build time: 1.212s
2021-11-02T12:37:52.972Z - info: [8:37:52 pm] Reload for file change: C:\repos\nus-cs2103\cs2103-website-base\admin\index-tic2002.mbdf
2021-11-02T12:37:52.972Z - info: Synchronizing opened pages list before reload
2021-11-02T12:37:52.973Z - info: Current opened pages, from most-to-least recent:
2021-11-02T12:37:52.973Z - info: 1. admin/index
2021-11-02T12:37:53.979Z - info: Rebuilding 1 pages
2021-11-02T12:37:55.226Z - info: Site data built
2021-11-02T12:37:55.226Z - info: Pages rebuilt
2021-11-02T12:37:55.226Z - info: Website regeneration complete! Total build time: 1.249s
2021-11-02T12:38:04.875Z - info: Website generation started at 8:38:03 pm
2021-11-02T12:38:10.625Z - info: Building assets...
2021-11-02T12:38:16.069Z - info: Assets built
2021-11-02T12:38:16.070Z - info: Generating pages...
2021-11-02T12:38:30.843Z - debug:  
2021-11-02T12:38:30.844Z - debug:  
2021-11-02T12:38:30.845Z - debug:  
2021-11-02T12:38:30.845Z - debug:  
2021-11-02T12:38:30.845Z - debug:  
2021-11-02T12:39:01.675Z - debug:  
2021-11-02T12:39:47.041Z - info: Pages built
2021-11-02T12:39:47.842Z - info: Site data built
2021-11-02T12:39:47.842Z - info: Website generation complete! Total build time: 104.675s
2021-11-02T12:39:47.842Z - info: Build success!
2021-11-02T12:39:59.334Z - info: Deployed at https://nus-tic2002-2021.github.io/website!
2021-11-02T14:44:09.121Z - info: Website generation (lazy) started at 10:44:03 pm
2021-11-02T14:44:15.314Z - info: Building assets...
2021-11-02T14:44:20.708Z - info: Assets built
2021-11-02T14:44:20.708Z - info: Generating landing page...
2021-11-02T14:44:21.615Z - info: Landing page built, other pages will be built as you navigate to them!
2021-11-02T14:44:22.499Z - info: Site data built
2021-11-02T14:44:22.499Z - info: Website generation (lazy) complete! Total build time: 18.991s
2021-11-02T14:44:23.389Z - info: Serving "C:\repos\nus-cs2103\cs2103-website-base\_site" at http://127.0.0.1:8080
2021-11-02T14:44:23.389Z - info: Press CTRL+C to stop ...
2021-11-02T14:44:37.591Z - info: Building C:\repos\nus-cs2103\cs2103-website-base\schedule\week13\index as some of its dependencies were changed since the last visit
2021-11-02T14:44:38.038Z - info: Site data built
2021-11-02T14:44:38.038Z - info: Lazy website regeneration complete! Total build time: 0.448s
2021-11-02T14:45:08.636Z - info: Building C:\repos\nus-cs2103\cs2103-website-base\schedule\week13\admin as some of its dependencies were changed since the last visit
2021-11-02T14:45:09.191Z - info: Site data built
2021-11-02T14:45:09.191Z - info: Lazy website regeneration complete! Total build time: 0.555s
2021-11-02T14:46:03.301Z - info: Building C:\repos\nus-cs2103\cs2103-website-base\schedule\week13\project as some of its dependencies were changed since the last visit
2021-11-02T14:46:04.314Z - info: Site data built
2021-11-02T14:46:04.314Z - info: Lazy website regeneration complete! Total build time: 1.014s
2021-11-02T14:46:40.258Z - info: Website generation started at 10:46:38 pm
2021-11-02T14:46:45.543Z - info: Building assets...
2021-11-02T14:46:49.450Z - info: Assets built
2021-11-02T14:46:49.450Z - info: Generating pages...
2021-11-02T14:46:58.094Z - debug:  
2021-11-02T14:46:58.094Z - debug:  
2021-11-02T14:46:58.095Z - debug:  
2021-11-02T14:46:58.095Z - debug:  
2021-11-02T14:46:58.096Z - debug:  
2021-11-02T14:46:58.160Z - debug:  
2021-11-02T14:48:31.748Z - debug:  
2021-11-02T14:48:39.602Z - debug:  
2021-11-02T14:48:39.603Z - debug:  
2021-11-02T14:48:43.700Z - info: Pages built
2021-11-02T14:48:44.502Z - info: Site data built
2021-11-02T14:48:44.502Z - info: Website generation complete! Total build time: 126.292s
2021-11-02T14:48:44.503Z - info: Build success!
2021-11-02T14:48:56.976Z - info: Deployed at https://nus-tic4001-ay2122s1.github.io/website!
