2021-08-06T16:02:11.389Z - info: [12:02:11 am] Reload for file change: C:\repos\nus-cs2103\cs2103-website-base\common\topics.njk
2021-08-06T16:02:11.400Z - info: Synchronizing opened pages list before reload
2021-08-06T16:02:11.400Z - info: Current opened pages, from most-to-least recent:
2021-08-06T16:02:11.401Z - info: 1. schedule/week2/topics
2021-08-06T16:02:11.401Z - info: 2. schedule/week2/admin
2021-08-06T16:02:12.415Z - info: Rebuilding 2 pages
2021-08-06T16:02:15.219Z - info: Site data built
2021-08-06T16:02:15.219Z - info: Pages rebuilt
2021-08-06T16:02:15.219Z - info: Website regeneration complete! Total build time: 2.807s
2021-08-06T16:02:22.818Z - info: [12:02:22 am] Reload for file change: C:\repos\nus-cs2103\cs2103-website-base\common\topics.njk
2021-08-06T16:02:22.818Z - info: Synchronizing opened pages list before reload
2021-08-06T16:02:22.818Z - info: Current opened pages, from most-to-least recent:
2021-08-06T16:02:22.819Z - info: 1. schedule/week2/topics
2021-08-06T16:02:22.819Z - info: 2. schedule/week2/admin
2021-08-06T16:02:23.823Z - info: Rebuilding 2 pages
2021-08-06T16:02:26.169Z - info: Site data built
2021-08-06T16:02:26.169Z - info: Pages rebuilt
2021-08-06T16:02:26.169Z - info: Website regeneration complete! Total build time: 2.347s
2021-08-06T16:05:19.261Z - info: Building C:\repos\nus-cs2103\cs2103-website-base\schedule\week2\project as some of its dependencies were changed since the last visit
2021-08-06T16:05:20.703Z - info: Site data built
2021-08-06T16:05:20.703Z - info: Lazy website regeneration complete! Total build time: 1.442s
2021-08-06T16:06:46.298Z - info: Building C:\repos\nus-cs2103\cs2103-website-base\schedule\week2\tutorial as some of its dependencies were changed since the last visit
2021-08-06T16:06:46.570Z - info: Site data built
2021-08-06T16:06:46.571Z - info: Lazy website regeneration complete! Total build time: 0.274s
2021-08-06T16:22:37.994Z - info: [12:22:37 am] Reload for file change: C:\repos\nus-cs2103\cs2103-website-base\_markbind\variables.md
2021-08-06T16:22:37.994Z - info: Synchronizing opened pages list before reload
2021-08-06T16:22:37.995Z - info: Current opened pages, from most-to-least recent:
2021-08-06T16:22:37.995Z - info: 1. schedule/week2/project
2021-08-06T16:22:37.995Z - info: 2. schedule/week2/admin
2021-08-06T16:22:39.151Z - warn: Rebuilding all pages as variables file was changed, or the --force-reload flag was set
2021-08-06T16:22:39.154Z - info: Rebuilding 2 pages
2021-08-06T16:22:40.852Z - info: Site data built
2021-08-06T16:22:40.853Z - info: Pages rebuilt
2021-08-06T16:22:40.853Z - info: Website regeneration complete! Total build time: 1.845s
2021-08-06T16:23:04.843Z - info: Website generation started at 12:23:03 am
2021-08-06T16:23:10.595Z - info: Building assets...
2021-08-06T16:23:14.618Z - info: Assets built
2021-08-06T16:23:14.619Z - info: Generating pages...
2021-08-06T16:23:22.528Z - debug:  
2021-08-06T16:23:22.529Z - debug:  
2021-08-06T16:23:22.529Z - debug:  
2021-08-06T16:23:22.529Z - debug:  
2021-08-06T16:23:22.529Z - debug:  
2021-08-06T16:23:22.529Z - debug:  
2021-08-06T16:25:06.119Z - debug:  
2021-08-06T16:25:16.793Z - debug:  
2021-08-06T16:25:16.793Z - debug:  
2021-08-06T16:25:23.031Z - info: Pages built
2021-08-06T16:25:23.828Z - info: Site data built
2021-08-06T16:25:23.828Z - info: Website generation complete! Total build time: 140.751s
2021-08-06T16:25:23.828Z - info: Build success!
2021-08-06T16:25:33.620Z - info: Deployed at https://nus-cs2103-ay2122s1.github.io/website!
2021-08-06T17:09:37.332Z - info: Website generation (lazy) started at 1:09:33 am
2021-08-06T17:09:42.748Z - info: Building assets...
2021-08-06T17:09:47.026Z - info: Assets built
2021-08-06T17:09:47.027Z - info: Generating landing page...
2021-08-06T17:09:47.714Z - info: Landing page built, other pages will be built as you navigate to them!
2021-08-06T17:09:48.524Z - info: Site data built
2021-08-06T17:09:48.524Z - info: Website generation (lazy) complete! Total build time: 15.372s
2021-08-06T17:09:49.343Z - info: Serving "C:\repos\nus-cs2103\cs2103-website-base\_site" at http://127.0.0.1:8080
2021-08-06T17:09:49.343Z - info: Press CTRL+C to stop ...
2021-08-06T17:10:09.654Z - info: [1:10:09 am] Reload for file change: C:\repos\nus-cs2103\cs2103-website-base\admin\tools.md
2021-08-06T17:10:09.655Z - info: Synchronizing opened pages list before reload
2021-08-06T17:10:09.655Z - info: Current opened pages, from most-to-least recent:
2021-08-06T17:10:09.655Z - info: 1. index
2021-08-06T17:10:10.666Z - info: Assets built
2021-08-06T17:10:21.302Z - info: [1:10:21 am] Reload for file change: C:\repos\nus-cs2103\cs2103-website-base\admin\tools.md
2021-08-06T17:10:21.303Z - info: Synchronizing opened pages list before reload
2021-08-06T17:10:21.303Z - info: Current opened pages, from most-to-least recent:
2021-08-06T17:10:21.303Z - info: 1. index
2021-08-06T17:10:22.307Z - info: Assets built
2021-08-06T17:10:23.307Z - info: Building C:\repos\nus-cs2103\cs2103-website-base\admin\tools as some of its dependencies were changed since the last visit
2021-08-06T17:10:23.335Z - error:  Template render error: (C:\repos\nus-cs2103\cs2103-website-base\admin\tools.md) [Line 148, Column 4]
  unknown block tag: endif
    at Object._prettifyError (C:\Users\dcsdcr\AppData\Roaming\npm\node_modules\markbind-cli\node_modules\nunjucks\src\lib.js:36:11)
    at Template.render (C:\Users\dcsdcr\AppData\Roaming\npm\node_modules\markbind-cli\node_modules\@markbind\core\src\patches\nunjucks\context-overrides-frame.js:358:19)
    at C:\Users\dcsdcr\AppData\Roaming\npm\node_modules\markbind-cli\node_modules\@markbind\core\src\patches\nunjucks\context-overrides-frame.js:54:25
    at createTemplate (C:\Users\dcsdcr\AppData\Roaming\npm\node_modules\markbind-cli\node_modules\@markbind\core\src\patches\nunjucks\load-event.js:121:7)
    at handle (C:\Users\dcsdcr\AppData\Roaming\npm\node_modules\markbind-cli\node_modules\@markbind\core\src\patches\nunjucks\load-event.js:133:9)
    at C:\Users\dcsdcr\AppData\Roaming\npm\node_modules\markbind-cli\node_modules\@markbind\core\src\patches\nunjucks\load-event.js:145:7
    at next (C:\Users\dcsdcr\AppData\Roaming\npm\node_modules\markbind-cli\node_modules\nunjucks\src\lib.js:326:7)
    at Object.asyncIter (C:\Users\dcsdcr\AppData\Roaming\npm\node_modules\markbind-cli\node_modules\nunjucks\src\lib.js:332:3)
    at Environment.getTemplate (C:\Users\dcsdcr\AppData\Roaming\npm\node_modules\markbind-cli\node_modules\@markbind\core\src\patches\nunjucks\load-event.js:127:7)
    at Environment.render (C:\Users\dcsdcr\AppData\Roaming\npm\node_modules\markbind-cli\node_modules\@markbind\core\src\patches\nunjucks\context-overrides-frame.js:48:8)
    at VariableRenderer.renderFile (C:\Users\dcsdcr\AppData\Roaming\npm\node_modules\markbind-cli\node_modules\@markbind\core\src\variables\VariableRenderer.js:59:20)
    at VariableProcessor.renderWithSiteVariables (C:\Users\dcsdcr\AppData\Roaming\npm\node_modules\markbind-cli\node_modules\@markbind\core\src\variables\VariableProcessor.js:157:53)
    at Page.generate (C:\Users\dcsdcr\AppData\Roaming\npm\node_modules\markbind-cli\node_modules\@markbind\core\src\Page\index.js:469:37)
    at C:\Users\dcsdcr\AppData\Roaming\npm\node_modules\markbind-cli\node_modules\@markbind\core\src\Site\index.js:1167:22
    at C:\Users\dcsdcr\AppData\Roaming\npm\node_modules\markbind-cli\node_modules\@markbind\core\src\Site\index.js:1185:34
    at Array.forEach (<anonymous>)
2021-08-06T17:10:23.336Z - warn:  Error: Error while generating undefined
    at C:\Users\dcsdcr\AppData\Roaming\npm\node_modules\markbind-cli\node_modules\@markbind\core\src\Site\index.js:1175:18
    at processTicksAndRejections (internal/process/task_queues.js:95:5)
2021-08-06T17:10:37.942Z - info: Building C:\repos\nus-cs2103\cs2103-website-base\admin\tools as some of its dependencies were changed since the last visit
2021-08-06T17:10:37.961Z - error:  Template render error: (C:\repos\nus-cs2103\cs2103-website-base\admin\tools.md) [Line 148, Column 4]
  unknown block tag: endif
    at Object._prettifyError (C:\Users\dcsdcr\AppData\Roaming\npm\node_modules\markbind-cli\node_modules\nunjucks\src\lib.js:36:11)
    at Template.render (C:\Users\dcsdcr\AppData\Roaming\npm\node_modules\markbind-cli\node_modules\@markbind\core\src\patches\nunjucks\context-overrides-frame.js:358:19)
    at C:\Users\dcsdcr\AppData\Roaming\npm\node_modules\markbind-cli\node_modules\@markbind\core\src\patches\nunjucks\context-overrides-frame.js:54:25
    at createTemplate (C:\Users\dcsdcr\AppData\Roaming\npm\node_modules\markbind-cli\node_modules\@markbind\core\src\patches\nunjucks\load-event.js:121:7)
    at handle (C:\Users\dcsdcr\AppData\Roaming\npm\node_modules\markbind-cli\node_modules\@markbind\core\src\patches\nunjucks\load-event.js:133:9)
    at C:\Users\dcsdcr\AppData\Roaming\npm\node_modules\markbind-cli\node_modules\@markbind\core\src\patches\nunjucks\load-event.js:145:7
    at next (C:\Users\dcsdcr\AppData\Roaming\npm\node_modules\markbind-cli\node_modules\nunjucks\src\lib.js:326:7)
    at Object.asyncIter (C:\Users\dcsdcr\AppData\Roaming\npm\node_modules\markbind-cli\node_modules\nunjucks\src\lib.js:332:3)
    at Environment.getTemplate (C:\Users\dcsdcr\AppData\Roaming\npm\node_modules\markbind-cli\node_modules\@markbind\core\src\patches\nunjucks\load-event.js:127:7)
    at Environment.render (C:\Users\dcsdcr\AppData\Roaming\npm\node_modules\markbind-cli\node_modules\@markbind\core\src\patches\nunjucks\context-overrides-frame.js:48:8)
    at VariableRenderer.renderFile (C:\Users\dcsdcr\AppData\Roaming\npm\node_modules\markbind-cli\node_modules\@markbind\core\src\variables\VariableRenderer.js:59:20)
    at VariableProcessor.renderWithSiteVariables (C:\Users\dcsdcr\AppData\Roaming\npm\node_modules\markbind-cli\node_modules\@markbind\core\src\variables\VariableProcessor.js:157:53)
    at Page.generate (C:\Users\dcsdcr\AppData\Roaming\npm\node_modules\markbind-cli\node_modules\@markbind\core\src\Page\index.js:469:37)
    at C:\Users\dcsdcr\AppData\Roaming\npm\node_modules\markbind-cli\node_modules\@markbind\core\src\Site\index.js:1167:22
    at C:\Users\dcsdcr\AppData\Roaming\npm\node_modules\markbind-cli\node_modules\@markbind\core\src\Site\index.js:1185:34
    at Array.forEach (<anonymous>)
2021-08-06T17:10:37.961Z - warn:  Error: Error while generating undefined
    at C:\Users\dcsdcr\AppData\Roaming\npm\node_modules\markbind-cli\node_modules\@markbind\core\src\Site\index.js:1175:18
    at runMicrotasks (<anonymous>)
    at processTicksAndRejections (internal/process/task_queues.js:95:5)
2021-08-06T17:11:12.786Z - info: [1:11:12 am] Reload for file change: C:\repos\nus-cs2103\cs2103-website-base\admin\tools.md
2021-08-06T17:11:12.786Z - info: Synchronizing opened pages list before reload
2021-08-06T17:11:12.786Z - info: No pages are currently opened
2021-08-06T17:11:13.796Z - info: No pages needed to be rebuilt
2021-08-06T17:11:23.931Z - info: Building C:\repos\nus-cs2103\cs2103-website-base\admin\tools as some of its dependencies were changed since the last visit
2021-08-06T17:11:24.449Z - info: Site data built
2021-08-06T17:11:24.450Z - info: Lazy website regeneration complete! Total build time: 0.519s
2021-08-06T17:11:32.070Z - info: Website generation (lazy) started at 1:11:32 am
2021-08-06T17:11:37.283Z - info: Building assets...
2021-08-06T17:11:41.361Z - info: Assets built
2021-08-06T17:11:41.362Z - info: Generating landing page...
2021-08-06T17:11:42.022Z - info: Landing page built, other pages will be built as you navigate to them!
2021-08-06T17:11:42.593Z - info: Site data built
2021-08-06T17:11:42.593Z - info: Website generation (lazy) complete! Total build time: 10.553s
2021-08-06T17:11:43.406Z - info: Serving "C:\repos\nus-cs2103\cs2103-website-base\_site" at http://127.0.0.1:8080
2021-08-06T17:11:43.406Z - info: Press CTRL+C to stop ...
2021-08-06T17:12:26.335Z - info: [1:12:26 am] Reload for file change: C:\repos\nus-cs2103\cs2103-website-base\admin\tools.md
2021-08-06T17:12:26.337Z - info: Synchronizing opened pages list before reload
2021-08-06T17:12:26.337Z - info: Current opened pages, from most-to-least recent:
2021-08-06T17:12:26.338Z - info: 1. index
2021-08-06T17:12:27.352Z - info: Assets built
2021-08-06T17:12:30.403Z - info: Building C:\repos\nus-cs2103\cs2103-website-base\admin\tools as some of its dependencies were changed since the last visit
2021-08-06T17:12:30.949Z - info: Site data built
2021-08-06T17:12:30.949Z - info: Lazy website regeneration complete! Total build time: 0.547s
2021-08-06T17:13:18.409Z - info: [1:13:18 am] Reload for file change: C:\repos\nus-cs2103\cs2103-website-base\admin\tools.md
2021-08-06T17:13:18.409Z - info: Synchronizing opened pages list before reload
2021-08-06T17:13:18.409Z - info: No pages are currently opened
2021-08-06T17:13:19.418Z - info: No pages needed to be rebuilt
2021-08-06T17:13:28.314Z - info: Building C:\repos\nus-cs2103\cs2103-website-base\admin\tools as some of its dependencies were changed since the last visit
2021-08-06T17:13:28.670Z - info: Site data built
2021-08-06T17:13:28.671Z - info: Lazy website regeneration complete! Total build time: 0.356s
2021-08-06T17:14:17.519Z - info: [1:14:17 am] Reload for file change: C:\repos\nus-cs2103\cs2103-website-base\admin\tools.md
2021-08-06T17:14:17.520Z - info: Synchronizing opened pages list before reload
2021-08-06T17:14:17.520Z - info: Current opened pages, from most-to-least recent:
2021-08-06T17:14:17.520Z - info: 1. admin/tools
2021-08-06T17:14:18.536Z - info: Rebuilding 1 pages
2021-08-06T17:14:18.945Z - info: Site data built
2021-08-06T17:14:18.945Z - info: Pages rebuilt
2021-08-06T17:14:18.945Z - info: Website regeneration complete! Total build time: 0.411s
2021-08-06T17:15:04.566Z - info: Website generation started at 1:15:02 am
2021-08-06T17:15:09.559Z - info: Building assets...
2021-08-06T17:15:14.745Z - info: Assets built
2021-08-06T17:15:14.746Z - info: Generating pages...
2021-08-06T17:15:22.599Z - debug:  
2021-08-06T17:15:22.599Z - debug:  
2021-08-06T17:15:22.600Z - debug:  
2021-08-06T17:15:22.600Z - debug:  
2021-08-06T17:15:22.600Z - debug:  
2021-08-06T17:15:22.600Z - debug:  
2021-08-06T17:17:08.289Z - debug:  
2021-08-06T17:17:19.364Z - debug:  
2021-08-06T17:17:19.365Z - debug:  
2021-08-06T17:17:25.472Z - info: Pages built
2021-08-06T17:17:26.279Z - info: Site data built
2021-08-06T17:17:26.279Z - info: Website generation complete! Total build time: 143.401s
2021-08-06T17:17:26.280Z - info: Build success!
2021-08-06T17:17:36.907Z - info: Deployed at https://nus-cs2103-ay2122s1.github.io/website!
2021-08-06T17:23:55.031Z - info: Website generation (lazy) started at 1:23:50 am
2021-08-06T17:23:59.597Z - info: Building assets...
2021-08-06T17:24:03.439Z - info: Assets built
2021-08-06T17:24:03.440Z - info: Generating landing page...
2021-08-06T17:24:05.071Z - info: Landing page built, other pages will be built as you navigate to them!
2021-08-06T17:24:05.790Z - info: Site data built
2021-08-06T17:24:05.790Z - info: Website generation (lazy) complete! Total build time: 15.711s
2021-08-06T17:24:06.481Z - info: Serving "C:\repos\nus-cs2103\cs2103-website-base\_site" at http://127.0.0.1:8080
2021-08-06T17:24:06.481Z - info: Press CTRL+C to stop ...
2021-08-06T17:25:05.890Z - info: [1:25:05 am] Reload for file change: C:\repos\nus-cs2103\cs2103-website-base\admin\index-tic2002.mbdf
2021-08-06T17:25:05.891Z - info: Synchronizing opened pages list before reload
2021-08-06T17:25:05.892Z - info: Current opened pages, from most-to-least recent:
2021-08-06T17:25:05.892Z - info: 1. index
2021-08-06T17:25:06.909Z - info: Rebuilding 1 pages
2021-08-06T17:25:08.492Z - info: Site data built
2021-08-06T17:25:08.493Z - info: Pages rebuilt
2021-08-06T17:25:08.493Z - info: Website regeneration complete! Total build time: 1.585s
2021-08-06T17:25:23.384Z - info: [1:25:23 am] Reload for file change: C:\repos\nus-cs2103\cs2103-website-base\admin\index-tic2002.mbdf
2021-08-06T17:25:23.384Z - info: Synchronizing opened pages list before reload
2021-08-06T17:25:23.385Z - info: Current opened pages, from most-to-least recent:
2021-08-06T17:25:23.385Z - info: 1. index
2021-08-06T17:25:24.401Z - info: Rebuilding 1 pages
2021-08-06T17:25:25.575Z - info: Site data built
2021-08-06T17:25:25.575Z - info: Pages rebuilt
2021-08-06T17:25:25.575Z - info: Website regeneration complete! Total build time: 1.175s
2021-08-06T17:29:37.713Z - info: Website generation started at 1:29:35 am
2021-08-06T17:29:42.395Z - info: Building assets...
2021-08-06T17:29:46.410Z - info: Assets built
2021-08-06T17:29:46.411Z - info: Generating pages...
2021-08-06T17:29:55.832Z - debug:  
2021-08-06T17:29:55.832Z - debug:  
2021-08-06T17:29:55.832Z - debug:  
2021-08-06T17:29:55.832Z - debug:  
2021-08-06T17:29:55.832Z - debug:  
2021-08-06T17:30:24.437Z - debug:  
2021-08-06T17:31:08.805Z - info: Pages built
2021-08-06T17:31:09.596Z - info: Site data built
2021-08-06T17:31:09.596Z - info: Website generation complete! Total build time: 93.639s
2021-08-06T17:31:09.597Z - info: Build success!
2021-08-06T17:31:21.128Z - info: Deployed at https://nus-tic2002-2021.github.io/website!
2021-08-07T03:45:17.363Z - info: Website generation started at 11:45:11 am
2021-08-07T03:45:24.216Z - info: Building assets...
2021-08-07T03:45:29.588Z - info: Assets built
2021-08-07T03:45:29.589Z - info: Generating pages...
2021-08-07T03:45:41.363Z - debug:  
2021-08-07T03:45:41.363Z - debug:  
2021-08-07T03:45:41.366Z - debug:  
2021-08-07T03:45:41.366Z - debug:  
2021-08-07T03:45:41.367Z - debug:  
2021-08-07T03:46:16.580Z - debug:  
2021-08-07T03:47:05.543Z - info: Pages built
2021-08-07T03:47:06.461Z - info: Site data built
2021-08-07T03:47:06.461Z - info: Website generation complete! Total build time: 114.479s
2021-08-07T03:47:06.462Z - info: Build success!
2021-08-07T03:47:17.190Z - info: Deployed at https://nus-tic2002-2021.github.io/website!
2021-08-07T05:26:42.915Z - info: Website generation (lazy) started at 1:26:38 pm
2021-08-07T05:26:49.211Z - info: Building assets...
2021-08-07T05:26:54.067Z - info: Assets built
2021-08-07T05:26:54.068Z - info: Generating landing page...
2021-08-07T05:26:54.721Z - info: Landing page built, other pages will be built as you navigate to them!
2021-08-07T05:26:55.679Z - info: Site data built
2021-08-07T05:26:55.679Z - info: Website generation (lazy) complete! Total build time: 17.599s
2021-08-07T05:26:56.581Z - info: Serving "C:\repos\nus-cs2103\cs2103-website-base\_site" at http://127.0.0.1:8080
2021-08-07T05:26:56.581Z - info: Press CTRL+C to stop ...
2021-08-07T05:27:22.284Z - info: Building C:\repos\nus-cs2103\cs2103-website-base\admin\tools as some of its dependencies were changed since the last visit
2021-08-07T05:27:22.897Z - info: Site data built
2021-08-07T05:27:22.897Z - info: Lazy website regeneration complete! Total build time: 0.616s
2021-08-07T06:32:38.694Z - info: Building C:\repos\nus-cs2103\cs2103-website-base\admin\lectures as some of its dependencies were changed since the last visit
2021-08-07T06:32:38.954Z - info: Site data built
2021-08-07T06:32:38.954Z - info: Lazy website regeneration complete! Total build time: 0.261s
2021-08-07T06:33:35.685Z - info: [2:33:35 pm] Reload for file change: C:\repos\nus-cs2103\cs2103-website-base\admin\lectures.md
2021-08-07T06:33:35.685Z - info: Synchronizing opened pages list before reload
2021-08-07T06:33:35.686Z - info: Current opened pages, from most-to-least recent:
2021-08-07T06:33:35.686Z - info: 1. admin/lectures
2021-08-07T06:33:36.699Z - info: Rebuilding 1 pages
2021-08-07T06:33:36.856Z - info: Site data built
2021-08-07T06:33:36.857Z - info: Pages rebuilt
2021-08-07T06:33:36.857Z - info: Website regeneration complete! Total build time: 0.159s
2021-08-07T06:35:08.456Z - info: [2:35:08 pm] Reload for file change: C:\repos\nus-cs2103\cs2103-website-base\admin\lectures.md
2021-08-07T06:35:08.457Z - info: Synchronizing opened pages list before reload
2021-08-07T06:35:08.457Z - info: Current opened pages, from most-to-least recent:
2021-08-07T06:35:08.457Z - info: 1. admin/lectures
2021-08-07T06:35:09.463Z - info: Rebuilding 1 pages
2021-08-07T06:35:09.713Z - info: Site data built
2021-08-07T06:35:09.713Z - info: Pages rebuilt
2021-08-07T06:35:09.713Z - info: Website regeneration complete! Total build time: 0.251s
2021-08-07T06:36:56.264Z - info: [2:36:56 pm] Reload for file change: C:\repos\nus-cs2103\cs2103-website-base\admin\lectures.md
2021-08-07T06:36:56.265Z - info: Synchronizing opened pages list before reload
2021-08-07T06:36:56.265Z - info: Current opened pages, from most-to-least recent:
2021-08-07T06:36:56.265Z - info: 1. admin/lectures
2021-08-07T06:36:57.272Z - info: Rebuilding 1 pages
2021-08-07T06:36:57.410Z - info: Site data built
2021-08-07T06:36:57.410Z - info: Pages rebuilt
2021-08-07T06:36:57.411Z - info: Website regeneration complete! Total build time: 0.141s
2021-08-07T06:39:23.233Z - info: [2:39:23 pm] Reload for file change: C:\repos\nus-cs2103\cs2103-website-base\admin\lectures.md
2021-08-07T06:39:23.233Z - info: Synchronizing opened pages list before reload
2021-08-07T06:39:23.233Z - info: Current opened pages, from most-to-least recent:
2021-08-07T06:39:23.233Z - info: 1. admin/lectures
2021-08-07T06:39:24.238Z - info: Rebuilding 1 pages
2021-08-07T06:39:24.333Z - info: Site data built
2021-08-07T06:39:24.333Z - info: Pages rebuilt
2021-08-07T06:39:24.333Z - info: Website regeneration complete! Total build time: 0.096s
2021-08-07T06:40:42.224Z - info: [2:40:42 pm] Reload for file change: C:\repos\nus-cs2103\cs2103-website-base\admin\lectures.md
2021-08-07T06:40:42.224Z - info: Synchronizing opened pages list before reload
2021-08-07T06:40:42.225Z - info: Current opened pages, from most-to-least recent:
2021-08-07T06:40:42.225Z - info: 1. admin/lectures
2021-08-07T06:40:43.234Z - info: Rebuilding 1 pages
2021-08-07T06:40:43.352Z - info: Site data built
2021-08-07T06:40:43.353Z - info: Pages rebuilt
2021-08-07T06:40:43.353Z - info: Website regeneration complete! Total build time: 0.12s
2021-08-07T06:42:08.080Z - info: [2:42:08 pm] Reload for file change: C:\repos\nus-cs2103\cs2103-website-base\admin\lectures.md
2021-08-07T06:42:08.081Z - info: Synchronizing opened pages list before reload
2021-08-07T06:42:08.081Z - info: Current opened pages, from most-to-least recent:
2021-08-07T06:42:08.081Z - info: 1. admin/lectures
2021-08-07T06:42:09.086Z - info: Rebuilding 1 pages
2021-08-07T06:42:09.213Z - info: Site data built
2021-08-07T06:42:09.213Z - info: Pages rebuilt
2021-08-07T06:42:09.213Z - info: Website regeneration complete! Total build time: 0.129s
2021-08-07T06:42:35.305Z - info: [2:42:35 pm] Reload for file change: C:\repos\nus-cs2103\cs2103-website-base\admin\lectures.md
2021-08-07T06:42:35.305Z - info: Synchronizing opened pages list before reload
2021-08-07T06:42:35.305Z - info: Current opened pages, from most-to-least recent:
2021-08-07T06:42:35.306Z - info: 1. admin/lectures
2021-08-07T06:42:36.308Z - info: Rebuilding 1 pages
2021-08-07T06:42:36.419Z - info: Site data built
2021-08-07T06:42:36.419Z - info: Pages rebuilt
2021-08-07T06:42:36.419Z - info: Website regeneration complete! Total build time: 0.112s
2021-08-07T06:43:03.234Z - info: [2:43:03 pm] Reload for file change: C:\repos\nus-cs2103\cs2103-website-base\admin\lectures.md
2021-08-07T06:43:03.234Z - info: Synchronizing opened pages list before reload
2021-08-07T06:43:03.235Z - info: Current opened pages, from most-to-least recent:
2021-08-07T06:43:03.235Z - info: 1. admin/lectures
2021-08-07T06:43:04.245Z - info: Rebuilding 1 pages
2021-08-07T06:43:04.356Z - info: Site data built
2021-08-07T06:43:04.356Z - info: Pages rebuilt
2021-08-07T06:43:04.356Z - info: Website regeneration complete! Total build time: 0.111s
2021-08-07T06:44:05.181Z - info: [2:44:05 pm] Reload for file change: C:\repos\nus-cs2103\cs2103-website-base\admin\lectures.md
2021-08-07T06:44:05.181Z - info: Synchronizing opened pages list before reload
2021-08-07T06:44:05.181Z - info: Current opened pages, from most-to-least recent:
2021-08-07T06:44:05.181Z - info: 1. admin/lectures
2021-08-07T06:44:06.186Z - info: Rebuilding 1 pages
2021-08-07T06:44:06.284Z - info: Site data built
2021-08-07T06:44:06.284Z - info: Pages rebuilt
2021-08-07T06:44:06.284Z - info: Website regeneration complete! Total build time: 0.099s
2021-08-07T06:44:18.651Z - info: [2:44:18 pm] Reload for file change: C:\repos\nus-cs2103\cs2103-website-base\admin\lectures.md
2021-08-07T06:44:18.651Z - info: Synchronizing opened pages list before reload
2021-08-07T06:44:18.651Z - info: Current opened pages, from most-to-least recent:
2021-08-07T06:44:18.651Z - info: 1. admin/lectures
2021-08-07T06:44:19.659Z - info: Rebuilding 1 pages
2021-08-07T06:44:19.773Z - info: Site data built
2021-08-07T06:44:19.773Z - info: Pages rebuilt
2021-08-07T06:44:19.773Z - info: Website regeneration complete! Total build time: 0.116s
2021-08-07T06:46:55.238Z - info: [2:46:55 pm] Reload for file change: C:\repos\nus-cs2103\cs2103-website-base\admin\lectures.md
2021-08-07T06:46:55.239Z - info: Synchronizing opened pages list before reload
2021-08-07T06:46:55.239Z - info: Current opened pages, from most-to-least recent:
2021-08-07T06:46:55.239Z - info: 1. admin/lectures
2021-08-07T06:46:56.245Z - info: Rebuilding 1 pages
2021-08-07T06:46:56.344Z - info: Site data built
2021-08-07T06:46:56.344Z - info: Pages rebuilt
2021-08-07T06:46:56.344Z - info: Website regeneration complete! Total build time: 0.1s
2021-08-07T06:47:12.881Z - info: Building C:\repos\nus-cs2103\cs2103-website-base\admin\weeklySchedule as some of its dependencies were changed since the last visit
2021-08-07T06:47:13.126Z - info: Site data built
2021-08-07T06:47:13.126Z - info: Lazy website regeneration complete! Total build time: 0.245s
2021-08-07T06:47:56.391Z - info: [2:47:56 pm] Reload for file change: C:\repos\nus-cs2103\cs2103-website-base\_markbind\variables.md
2021-08-07T06:47:56.391Z - info: Synchronizing opened pages list before reload
2021-08-07T06:47:56.391Z - info: Current opened pages, from most-to-least recent:
2021-08-07T06:47:56.391Z - info: 1. admin/weeklySchedule
2021-08-07T06:47:57.469Z - warn: Rebuilding all pages as variables file was changed, or the --force-reload flag was set
2021-08-07T06:47:57.472Z - info: Rebuilding 1 pages
2021-08-07T06:47:57.598Z - info: Site data built
2021-08-07T06:47:57.598Z - info: Pages rebuilt
2021-08-07T06:47:57.598Z - info: Website regeneration complete! Total build time: 0.206s
2021-08-07T06:48:10.731Z - info: [2:48:10 pm] Reload for file change: C:\repos\nus-cs2103\cs2103-website-base\_markbind\variables.md
2021-08-07T06:48:10.731Z - info: Synchronizing opened pages list before reload
2021-08-07T06:48:10.731Z - info: Current opened pages, from most-to-least recent:
2021-08-07T06:48:10.731Z - info: 1. admin/weeklySchedule
2021-08-07T06:48:11.776Z - warn: Rebuilding all pages as variables file was changed, or the --force-reload flag was set
2021-08-07T06:48:11.778Z - info: Rebuilding 1 pages
2021-08-07T06:48:11.927Z - info: Site data built
2021-08-07T06:48:11.927Z - info: Pages rebuilt
2021-08-07T06:48:11.927Z - info: Website regeneration complete! Total build time: 0.191s
2021-08-07T06:48:35.204Z - info: Building C:\repos\nus-cs2103\cs2103-website-base\admin\lectures as some of its dependencies were changed since the last visit
2021-08-07T06:48:35.403Z - info: Site data built
2021-08-07T06:48:35.403Z - info: Lazy website regeneration complete! Total build time: 0.199s
2021-08-07T06:48:50.595Z - info: Building C:\repos\nus-cs2103\cs2103-website-base\admin\instructors as some of its dependencies were changed since the last visit
2021-08-07T06:48:50.786Z - info: Site data built
2021-08-07T06:48:50.786Z - info: Lazy website regeneration complete! Total build time: 0.191s
2021-08-07T06:48:57.083Z - info: Building C:\repos\nus-cs2103\cs2103-website-base\admin\textbooks as some of its dependencies were changed since the last visit
2021-08-07T06:48:57.249Z - info: Site data built
2021-08-07T06:48:57.249Z - info: Lazy website regeneration complete! Total build time: 0.167s
2021-08-07T06:49:10.913Z - info: Building C:\repos\nus-cs2103\cs2103-website-base\se-book-adapted\index as some of its dependencies were changed since the last visit
2021-08-07T06:49:11.126Z - info: Site data built
2021-08-07T06:49:11.126Z - info: Lazy website regeneration complete! Total build time: 0.214s
2021-08-07T06:49:16.997Z - info: Building C:\repos\nus-cs2103\cs2103-website-base\admin\programmingLanguages as some of its dependencies were changed since the last visit
2021-08-07T06:49:17.139Z - info: Site data built
2021-08-07T06:49:17.139Z - info: Lazy website regeneration complete! Total build time: 0.143s
2021-08-07T06:49:23.780Z - info: Building C:\repos\nus-cs2103\cs2103-website-base\admin\standardsAndConventions as some of its dependencies were changed since the last visit
2021-08-07T06:49:23.917Z - info: Site data built
2021-08-07T06:49:23.917Z - info: Lazy website regeneration complete! Total build time: 0.138s
2021-08-07T06:49:31.798Z - info: Building C:\repos\nus-cs2103\cs2103-website-base\admin\ip-overview as some of its dependencies were changed since the last visit
2021-08-07T06:49:31.991Z - info: Site data built
2021-08-07T06:49:31.991Z - info: Lazy website regeneration complete! Total build time: 0.193s
2021-08-07T06:49:49.605Z - info: Building C:\repos\nus-cs2103\cs2103-website-base\admin\ip-w2 as some of its dependencies were changed since the last visit
2021-08-07T06:49:50.481Z - info: Site data built
2021-08-07T06:49:50.482Z - info: Lazy website regeneration complete! Total build time: 0.877s
2021-08-07T06:50:10.643Z - info: Building C:\repos\nus-cs2103\cs2103-website-base\admin\ip-w3 as some of its dependencies were changed since the last visit
2021-08-07T06:50:11.458Z - info: Site data built
2021-08-07T06:50:11.458Z - info: Lazy website regeneration complete! Total build time: 0.816s
2021-08-07T06:50:21.464Z - info: Building C:\repos\nus-cs2103\cs2103-website-base\admin\ip-w4 as some of its dependencies were changed since the last visit
2021-08-07T06:50:22.097Z - info: Site data built
2021-08-07T06:50:22.097Z - info: Lazy website regeneration complete! Total build time: 0.633s
2021-08-07T06:56:15.794Z - info: Building C:\repos\nus-cs2103\cs2103-website-base\admin\ip-w5 as some of its dependencies were changed since the last visit
2021-08-07T06:56:16.644Z - info: Site data built
2021-08-07T06:56:16.644Z - info: Lazy website regeneration complete! Total build time: 0.851s
2021-08-07T06:56:23.267Z - info: Building C:\repos\nus-cs2103\cs2103-website-base\admin\ip-w6 as some of its dependencies were changed since the last visit
2021-08-07T06:56:23.791Z - info: Site data built
2021-08-07T06:56:23.791Z - info: Lazy website regeneration complete! Total build time: 0.525s
2021-08-07T06:56:27.869Z - info: Building C:\repos\nus-cs2103\cs2103-website-base\admin\ip-w7 as some of its dependencies were changed since the last visit
2021-08-07T06:56:28.154Z - info: Site data built
2021-08-07T06:56:28.154Z - info: Lazy website regeneration complete! Total build time: 0.285s
2021-08-07T06:56:33.481Z - info: Building C:\repos\nus-cs2103\cs2103-website-base\admin\ip-grading as some of its dependencies were changed since the last visit
2021-08-07T06:56:33.603Z - info: Site data built
2021-08-07T06:56:33.603Z - info: Lazy website regeneration complete! Total build time: 0.122s
2021-08-07T06:56:39.120Z - info: Building C:\repos\nus-cs2103\cs2103-website-base\admin\tp-expectations as some of its dependencies were changed since the last visit
2021-08-07T06:56:39.370Z - info: Site data built
2021-08-07T06:56:39.370Z - info: Lazy website regeneration complete! Total build time: 0.25s
2021-08-07T06:57:44.295Z - info: [2:57:44 pm] Reload for file change: C:\repos\nus-cs2103\cs2103-website-base\admin\tp-expectations.md
2021-08-07T06:57:44.295Z - info: Synchronizing opened pages list before reload
2021-08-07T06:57:44.295Z - info: Current opened pages, from most-to-least recent:
2021-08-07T06:57:44.296Z - info: 1. admin/tp-expectations
2021-08-07T06:57:45.305Z - info: Rebuilding 1 pages
2021-08-07T06:57:45.660Z - info: Site data built
2021-08-07T06:57:45.660Z - info: Pages rebuilt
2021-08-07T06:57:45.660Z - info: Website regeneration complete! Total build time: 0.356s
2021-08-07T06:57:57.523Z - info: Building C:\repos\nus-cs2103\cs2103-website-base\admin\tp-timeline as some of its dependencies were changed since the last visit
2021-08-07T06:57:57.746Z - info: Site data built
2021-08-07T06:57:57.746Z - info: Lazy website regeneration complete! Total build time: 0.223s
2021-08-07T06:58:00.133Z - debug:  
2021-08-07T06:58:00.150Z - debug:  
2021-08-07T06:58:15.200Z - info: Building C:\repos\nus-cs2103\cs2103-website-base\admin\tp-constraints as some of its dependencies were changed since the last visit
2021-08-07T06:58:15.403Z - info: Site data built
2021-08-07T06:58:15.404Z - info: Lazy website regeneration complete! Total build time: 0.204s
2021-08-07T06:58:23.262Z - info: Building C:\repos\nus-cs2103\cs2103-website-base\admin\tp-teams as some of its dependencies were changed since the last visit
2021-08-07T06:58:23.428Z - info: Site data built
2021-08-07T06:58:23.428Z - info: Lazy website regeneration complete! Total build time: 0.166s
2021-08-07T06:58:26.686Z - info: Building C:\repos\nus-cs2103\cs2103-website-base\admin\tp-w3 as some of its dependencies were changed since the last visit
2021-08-07T06:58:27.095Z - info: Site data built
2021-08-07T06:58:27.095Z - info: Lazy website regeneration complete! Total build time: 0.409s
2021-08-07T06:58:32.052Z - info: Building C:\repos\nus-cs2103\cs2103-website-base\admin\tp-w4 as some of its dependencies were changed since the last visit
2021-08-07T06:58:32.698Z - info: Site data built
2021-08-07T06:58:32.698Z - info: Lazy website regeneration complete! Total build time: 0.646s
2021-08-07T06:58:37.595Z - info: Building C:\repos\nus-cs2103\cs2103-website-base\admin\tp-w5 as some of its dependencies were changed since the last visit
2021-08-07T06:58:38.167Z - info: Site data built
2021-08-07T06:58:38.167Z - info: Lazy website regeneration complete! Total build time: 0.572s
2021-08-07T06:58:42.470Z - info: Building C:\repos\nus-cs2103\cs2103-website-base\admin\tp-w6 as some of its dependencies were changed since the last visit
2021-08-07T06:58:43.072Z - info: Site data built
2021-08-07T06:58:43.073Z - info: Lazy website regeneration complete! Total build time: 0.603s
2021-08-07T06:58:48.795Z - info: Building C:\repos\nus-cs2103\cs2103-website-base\admin\tp-w7 as some of its dependencies were changed since the last visit
2021-08-07T06:58:49.305Z - info: Site data built
2021-08-07T06:58:49.305Z - info: Lazy website regeneration complete! Total build time: 0.51s
2021-08-07T06:58:53.544Z - info: Building C:\repos\nus-cs2103\cs2103-website-base\admin\tp-w8 as some of its dependencies were changed since the last visit
2021-08-07T06:58:54.341Z - info: Site data built
2021-08-07T06:58:54.341Z - info: Lazy website regeneration complete! Total build time: 0.798s
2021-08-07T06:58:58.774Z - info: Building C:\repos\nus-cs2103\cs2103-website-base\admin\tp-w9 as some of its dependencies were changed since the last visit
2021-08-07T06:58:59.227Z - info: Site data built
2021-08-07T06:58:59.227Z - info: Lazy website regeneration complete! Total build time: 0.454s
2021-08-07T06:59:11.223Z - info: Building C:\repos\nus-cs2103\cs2103-website-base\admin\tp-w10 as some of its dependencies were changed since the last visit
2021-08-07T06:59:11.922Z - info: Site data built
2021-08-07T06:59:11.922Z - info: Lazy website regeneration complete! Total build time: 0.699s
2021-08-07T06:59:55.896Z - info: Building C:\repos\nus-cs2103\cs2103-website-base\admin\tp-w11 as some of its dependencies were changed since the last visit
2021-08-07T06:59:56.695Z - info: Site data built
2021-08-07T06:59:56.695Z - info: Lazy website regeneration complete! Total build time: 0.8s
2021-08-07T07:00:19.576Z - info: [3:00:19 pm] Reload for file change: C:\repos\nus-cs2103\cs2103-website-base\admin\tp-tasks.mbdf
2021-08-07T07:00:19.577Z - info: Synchronizing opened pages list before reload
2021-08-07T07:00:19.577Z - info: Current opened pages, from most-to-least recent:
2021-08-07T07:00:19.577Z - info: 1. admin/tp-w11
2021-08-07T07:00:20.593Z - info: Rebuilding 1 pages
2021-08-07T07:00:21.116Z - info: Site data built
2021-08-07T07:00:21.116Z - info: Pages rebuilt
2021-08-07T07:00:21.116Z - info: Website regeneration complete! Total build time: 0.524s
2021-08-07T07:00:34.126Z - info: Building C:\repos\nus-cs2103\cs2103-website-base\admin\tp-w12 as some of its dependencies were changed since the last visit
2021-08-07T07:00:34.720Z - info: Site data built
2021-08-07T07:00:34.721Z - info: Lazy website regeneration complete! Total build time: 0.595s
2021-08-07T07:00:50.741Z - info: Building C:\repos\nus-cs2103\cs2103-website-base\admin\tp-w13 as some of its dependencies were changed since the last visit
2021-08-07T07:00:51.319Z - info: Site data built
2021-08-07T07:00:51.319Z - info: Lazy website regeneration complete! Total build time: 0.578s
2021-08-07T07:00:57.688Z - info: Building C:\repos\nus-cs2103\cs2103-website-base\admin\tp-deliverables as some of its dependencies were changed since the last visit
2021-08-07T07:00:57.988Z - info: Site data built
2021-08-07T07:00:57.988Z - info: Lazy website regeneration complete! Total build time: 0.3s
2021-08-07T07:01:06.279Z - info: Building C:\repos\nus-cs2103\cs2103-website-base\admin\tp-grading as some of its dependencies were changed since the last visit
2021-08-07T07:01:06.565Z - info: Site data built
2021-08-07T07:01:06.565Z - info: Lazy website regeneration complete! Total build time: 0.286s
2021-08-07T07:01:12.461Z - info: Building C:\repos\nus-cs2103\cs2103-website-base\admin\tp-supervision as some of its dependencies were changed since the last visit
2021-08-07T07:01:12.596Z - info: Site data built
2021-08-07T07:01:12.596Z - info: Lazy website regeneration complete! Total build time: 0.135s
2021-08-07T07:01:17.893Z - info: Building C:\repos\nus-cs2103\cs2103-website-base\admin\peerEvaluations as some of its dependencies were changed since the last visit
2021-08-07T07:01:18.300Z - info: Site data built
2021-08-07T07:01:18.300Z - info: Lazy website regeneration complete! Total build time: 0.407s
2021-08-07T07:01:50.466Z - info: Building C:\repos\nus-cs2103\cs2103-website-base\admin\tools as some of its dependencies were changed since the last visit
2021-08-07T07:01:50.742Z - info: Site data built
2021-08-07T07:01:50.742Z - info: Lazy website regeneration complete! Total build time: 0.276s
2021-08-07T07:02:18.884Z - info: Building C:\repos\nus-cs2103\cs2103-website-base\admin\participation as some of its dependencies were changed since the last visit
2021-08-07T07:02:19.103Z - info: Site data built
2021-08-07T07:02:19.104Z - info: Lazy website regeneration complete! Total build time: 0.221s
2021-08-07T07:02:22.938Z - info: Building C:\repos\nus-cs2103\cs2103-website-base\admin\gradeBreakdown as some of its dependencies were changed since the last visit
2021-08-07T07:02:23.485Z - info: Site data built
2021-08-07T07:02:23.485Z - info: Lazy website regeneration complete! Total build time: 0.547s
2021-08-07T07:02:24.750Z - debug:  
2021-08-07T07:02:34.471Z - info: Building C:\repos\nus-cs2103\cs2103-website-base\admin\appendixA-principles as some of its dependencies were changed since the last visit
2021-08-07T07:02:34.627Z - info: Site data built
2021-08-07T07:02:34.627Z - info: Lazy website regeneration complete! Total build time: 0.156s
2021-08-07T07:02:38.885Z - info: Building C:\repos\nus-cs2103\cs2103-website-base\admin\appendixB-policies as some of its dependencies were changed since the last visit
2021-08-07T07:02:39.348Z - info: Site data built
2021-08-07T07:02:39.349Z - info: Lazy website regeneration complete! Total build time: 0.464s
2021-08-07T07:02:43.808Z - info: Building C:\repos\nus-cs2103\cs2103-website-base\admin\appendixC-faq as some of its dependencies were changed since the last visit
2021-08-07T07:02:43.977Z - info: Site data built
2021-08-07T07:02:43.978Z - info: Lazy website regeneration complete! Total build time: 0.17s
2021-08-07T07:02:48.353Z - info: Building C:\repos\nus-cs2103\cs2103-website-base\admin\appendixD-help as some of its dependencies were changed since the last visit
2021-08-07T07:02:48.499Z - info: Site data built
2021-08-07T07:02:48.499Z - info: Lazy website regeneration complete! Total build time: 0.146s
2021-08-07T07:03:06.540Z - info: Building C:\repos\nus-cs2103\cs2103-website-base\admin\appendixE-gitHub as some of its dependencies were changed since the last visit
2021-08-07T07:03:07.073Z - info: Site data built
2021-08-07T07:03:07.073Z - info: Lazy website regeneration complete! Total build time: 0.534s
2021-08-07T07:03:15.355Z - info: Building C:\repos\nus-cs2103\cs2103-website-base\admin\appendixF-teamworkIssues as some of its dependencies were changed since the last visit
2021-08-07T07:03:15.500Z - info: Site data built
2021-08-07T07:03:15.500Z - info: Lazy website regeneration complete! Total build time: 0.145s
2021-08-07T07:04:52.132Z - info: Website generation started at 3:04:50 pm
2021-08-07T07:04:56.910Z - info: Building assets...
