2021-10-24T05:50:16.485Z - info: Website generation started at 1:50:11 pm
2021-10-24T05:50:21.530Z - info: Building assets...
2021-10-24T05:50:26.271Z - info: Assets built
2021-10-24T05:50:26.272Z - info: Generating pages...
2021-10-24T05:50:38.084Z - debug:  
2021-10-24T05:50:38.085Z - debug:  
2021-10-24T05:50:38.086Z - debug:  
2021-10-24T05:50:38.086Z - debug:  
2021-10-24T05:50:38.086Z - debug:  
2021-10-24T05:50:38.086Z - debug:  
2021-10-24T05:52:28.480Z - debug:  
2021-10-24T05:52:42.653Z - debug:  
2021-10-24T05:52:42.653Z - debug:  
2021-10-24T05:52:49.297Z - info: Pages built
2021-10-24T05:52:50.146Z - info: Site data built
2021-10-24T05:52:50.146Z - info: Website generation complete! Total build time: 158.513s
2021-10-24T05:52:50.146Z - info: Build success!
2021-10-24T05:53:02.468Z - info: Deployed at https://nus-cs2103-ay2122s1.github.io/website!
2021-10-24T06:49:06.754Z - info: Website generation (lazy) started at 2:49:02 pm
2021-10-24T06:49:12.027Z - info: Building assets...
2021-10-24T06:49:16.061Z - info: Assets built
2021-10-24T06:49:16.061Z - info: Generating landing page...
2021-10-24T06:49:17.443Z - info: Landing page built, other pages will be built as you navigate to them!
2021-10-24T06:49:18.201Z - info: Site data built
2021-10-24T06:49:18.201Z - info: Website generation (lazy) complete! Total build time: 16.189s
2021-10-24T06:49:19.027Z - info: Serving "C:\repos\nus-cs2103\cs2103-website-base\_site" at http://127.0.0.1:8080
2021-10-24T06:49:19.027Z - info: Press CTRL+C to stop ...
2021-10-24T07:40:04.498Z - info: [3:40:04 pm] Reload for file change: C:\repos\nus-cs2103\cs2103-website-base\book\designPatterns\more\combiningDesignPatterns\q-essay-getNotified.md
2021-10-24T07:40:04.502Z - info: Synchronizing opened pages list before reload
2021-10-24T07:40:04.506Z - info: Current opened pages, from most-to-least recent:
2021-10-24T07:40:04.507Z - info: 1. index
2021-10-24T07:40:05.546Z - info: Assets built
2021-10-24T07:40:09.512Z - info: Building C:\repos\nus-cs2103\cs2103-website-base\schedule\week11\tutorial as some of its dependencies were changed since the last visit
2021-10-24T07:40:10.325Z - info: Site data built
2021-10-24T07:40:10.325Z - info: Lazy website regeneration complete! Total build time: 0.813s
2021-10-24T07:41:21.747Z - info: [3:41:21 pm] Reload for file change: C:\repos\nus-cs2103\cs2103-website-base\book\designPatterns\more\combiningDesignPatterns\q-essay-getNotified.md
2021-10-24T07:41:21.747Z - info: Synchronizing opened pages list before reload
2021-10-24T07:41:21.747Z - info: Current opened pages, from most-to-least recent:
2021-10-24T07:41:21.747Z - info: 1. schedule/week11/tutorial
2021-10-24T07:41:22.762Z - info: Rebuilding 1 pages
2021-10-24T07:41:23.172Z - info: Site data built
2021-10-24T07:41:23.172Z - info: Pages rebuilt
2021-10-24T07:41:23.172Z - info: Website regeneration complete! Total build time: 0.412s
2021-10-24T07:41:54.086Z - info: [3:41:54 pm] Reload for file change: C:\repos\nus-cs2103\cs2103-website-base\book\designPatterns\more\combiningDesignPatterns\q-essay-getNotified.md
2021-10-24T07:41:54.087Z - info: Synchronizing opened pages list before reload
2021-10-24T07:41:54.087Z - info: Current opened pages, from most-to-least recent:
2021-10-24T07:41:54.087Z - info: 1. schedule/week11/tutorial
2021-10-24T07:41:55.104Z - info: Rebuilding 1 pages
2021-10-24T07:41:55.584Z - info: Site data built
2021-10-24T07:41:55.584Z - info: Pages rebuilt
2021-10-24T07:41:55.584Z - info: Website regeneration complete! Total build time: 0.48s
2021-10-24T07:42:33.918Z - info: [3:42:33 pm] Reload for file change: C:\repos\nus-cs2103\cs2103-website-base\book\designPatterns\more\combiningDesignPatterns\q-essay-getNotified.md
2021-10-24T07:42:33.918Z - info: Synchronizing opened pages list before reload
2021-10-24T07:42:33.918Z - info: Current opened pages, from most-to-least recent:
2021-10-24T07:42:33.919Z - info: 1. schedule/week11/tutorial
2021-10-24T07:42:34.936Z - info: Rebuilding 1 pages
2021-10-24T07:42:35.333Z - info: Site data built
2021-10-24T07:42:35.333Z - info: Pages rebuilt
2021-10-24T07:42:35.333Z - info: Website regeneration complete! Total build time: 0.399s
2021-10-24T07:43:19.867Z - info: Website generation started at 3:43:17 pm
2021-10-24T07:43:28.665Z - info: Building assets...
2021-10-24T07:43:33.049Z - info: Assets built
2021-10-24T07:43:33.050Z - info: Generating pages...
2021-10-24T07:43:43.539Z - debug:  
2021-10-24T07:43:43.540Z - debug:  
2021-10-24T07:43:43.540Z - debug:  
2021-10-24T07:43:43.540Z - debug:  
2021-10-24T07:43:43.540Z - debug:  
2021-10-24T07:43:43.540Z - debug:  
2021-10-24T07:45:29.010Z - debug:  
2021-10-24T07:45:43.016Z - debug:  
2021-10-24T07:45:43.040Z - debug:  
2021-10-24T07:45:51.407Z - info: Pages built
2021-10-24T07:45:52.353Z - info: Site data built
2021-10-24T07:45:52.353Z - info: Website generation complete! Total build time: 154.689s
2021-10-24T07:45:52.353Z - info: Build success!
2021-10-24T07:46:05.604Z - info: Deployed at https://nus-cs2103-ay2122s1.github.io/website!
