2021-07-29T16:00:13.848Z - info: Deployed at https://nus-cs2103-ay2122s1.github.io/website!
2021-07-29T16:16:37.600Z - info: Website generation (lazy) started at 12:16:32 am
2021-07-29T16:16:43.174Z - info: Building assets...
2021-07-29T16:16:48.393Z - info: Assets built
2021-07-29T16:16:48.394Z - info: Generating landing page...
2021-07-29T16:16:50.329Z - info: Landing page built, other pages will be built as you navigate to them!
2021-07-29T16:16:51.109Z - info: Site data built
2021-07-29T16:16:51.109Z - info: Website generation (lazy) complete! Total build time: 18.334s
2021-07-29T16:16:51.856Z - info: Serving "C:\repos\nus-cs2103\cs2103-website-base\_site" at http://127.0.0.1:8080
2021-07-29T16:16:51.856Z - info: Press CTRL+C to stop ...
2021-07-29T16:17:56.401Z - info: [12:17:56 am] Reload for file change: C:\repos\nus-cs2103\cs2103-website-base\_markbind\variables.md
2021-07-29T16:17:56.402Z - info: Synchronizing opened pages list before reload
2021-07-29T16:17:56.402Z - info: Current opened pages, from most-to-least recent:
2021-07-29T16:17:56.402Z - info: 1. index
2021-07-29T16:17:57.496Z - warn: Rebuilding all pages as variables file was changed, or the --force-reload flag was set
2021-07-29T16:17:57.501Z - info: Rebuilding 1 pages
2021-07-29T16:17:58.801Z - info: Site data built
2021-07-29T16:17:58.801Z - info: Pages rebuilt
2021-07-29T16:17:58.801Z - info: Website regeneration complete! Total build time: 1.389s
2021-07-29T16:18:36.480Z - info: Website generation (lazy) started at 12:18:34 am
2021-07-29T16:18:41.343Z - info: Building assets...
2021-07-29T16:18:46.783Z - info: Assets built
2021-07-29T16:18:46.784Z - info: Generating landing page...
2021-07-29T16:18:48.687Z - info: Landing page built, other pages will be built as you navigate to them!
2021-07-29T16:18:49.216Z - info: Site data built
2021-07-29T16:18:49.217Z - info: Website generation (lazy) complete! Total build time: 14.444s
2021-07-29T16:18:49.929Z - info: Serving "C:\repos\nus-cs2103\cs2103-website-base\_site" at http://127.0.0.1:8080
2021-07-29T16:18:49.929Z - info: Press CTRL+C to stop ...
2021-07-29T16:19:52.747Z - info: Website generation started at 12:19:51 am
2021-07-29T16:19:57.434Z - info: Building assets...
2021-07-29T16:20:01.184Z - info: Assets built
2021-07-29T16:20:01.185Z - info: Generating pages...
2021-07-29T16:20:11.524Z - debug:  
2021-07-29T16:20:11.525Z - debug:  
2021-07-29T16:20:11.526Z - debug:  
2021-07-29T16:20:11.526Z - debug:  
2021-07-29T16:20:11.526Z - debug:  
2021-07-29T16:20:41.107Z - debug:  
2021-07-29T16:21:22.334Z - info: Pages built
2021-07-29T16:21:23.092Z - info: Site data built
2021-07-29T16:21:23.092Z - info: Website generation complete! Total build time: 92.041s
2021-07-29T16:21:23.093Z - info: Build success!
2021-07-29T16:21:33.892Z - info: Deployed at https://nus-tic2002-2021.github.io/website!
2021-07-29T16:27:07.604Z - info: Website generation (lazy) started at 12:27:02 am
2021-07-29T16:27:12.684Z - info: Building assets...
2021-07-29T16:27:17.470Z - info: Assets built
2021-07-29T16:27:17.471Z - info: Generating landing page...
2021-07-29T16:27:18.079Z - info: Landing page built, other pages will be built as you navigate to them!
2021-07-29T16:27:18.908Z - info: Site data built
2021-07-29T16:27:18.909Z - info: Website generation (lazy) complete! Total build time: 16.088s
2021-07-29T16:27:19.742Z - info: Serving "C:\repos\nus-cs2103\cs2103-website-base\_site" at http://127.0.0.1:8080
2021-07-29T16:27:19.742Z - info: Press CTRL+C to stop ...
2021-07-29T16:28:06.656Z - info: Building C:\repos\nus-cs2103\cs2103-website-base\admin\weeklySchedule as some of its dependencies were changed since the last visit
2021-07-29T16:28:07.097Z - info: Site data built
2021-07-29T16:28:07.097Z - info: Lazy website regeneration complete! Total build time: 0.448s
2021-07-29T16:28:20.742Z - info: Building C:\repos\nus-cs2103\cs2103-website-base\admin\lectures as some of its dependencies were changed since the last visit
2021-07-29T16:28:20.948Z - info: Site data built
2021-07-29T16:28:20.949Z - info: Lazy website regeneration complete! Total build time: 0.208s
2021-07-29T16:30:03.016Z - info: Website generation started at 12:30:00 am
2021-07-29T16:30:07.788Z - info: Building assets...
