2021-08-30T13:04:04.848Z - info: Website generation started at 9:04:01 pm
2021-08-30T13:04:11.363Z - info: Building assets...
2021-08-30T13:04:16.953Z - info: Assets built
2021-08-30T13:04:16.953Z - info: Generating pages...
2021-08-30T13:04:28.921Z - debug:  
2021-08-30T13:04:28.921Z - debug:  
2021-08-30T13:04:28.921Z - debug:  
2021-08-30T13:04:28.922Z - debug:  
2021-08-30T13:04:28.922Z - debug:  
2021-08-30T13:05:13.832Z - debug:  
2021-08-30T13:06:14.428Z - info: Pages built
2021-08-30T13:06:15.651Z - info: Site data built
2021-08-30T13:06:15.651Z - info: Website generation complete! Total build time: 134.101s
2021-08-30T13:06:15.651Z - info: Build success!
2021-08-30T13:06:34.435Z - info: Deployed at https://nus-tic2002-2021.github.io/website!
2021-08-30T15:56:43.557Z - info: Website generation started at 11:56:39 pm
2021-08-30T15:56:49.772Z - info: Building assets...
2021-08-30T15:56:54.703Z - info: Assets built
2021-08-30T15:56:54.704Z - info: Generating pages...
2021-08-30T15:57:03.877Z - debug:  
2021-08-30T15:57:03.878Z - debug:  
2021-08-30T15:57:03.879Z - debug:  
2021-08-30T15:57:03.879Z - debug:  
2021-08-30T15:57:03.879Z - debug:  
2021-08-30T15:57:03.879Z - debug:  
2021-08-30T15:58:50.711Z - debug:  
2021-08-30T15:59:01.719Z - debug:  
2021-08-30T15:59:01.719Z - debug:  
2021-08-30T15:59:09.352Z - info: Pages built
2021-08-30T15:59:10.156Z - info: Site data built
2021-08-30T15:59:10.157Z - info: Website generation complete! Total build time: 151.045s
2021-08-30T15:59:11.015Z - info: Serving "C:\repos\nus-cs2103\cs2103-website-base\_site" at http://127.0.0.1:8080
2021-08-30T15:59:11.015Z - info: Press CTRL+C to stop ...
