2021-11-01T04:46:39.464Z - info: Website generation (lazy) started at 12:46:33 pm
2021-11-01T04:46:46.218Z - info: Building assets...
2021-11-01T04:46:51.446Z - info: Assets built
2021-11-01T04:46:51.447Z - info: Generating landing page...
2021-11-01T04:46:52.730Z - info: Landing page built, other pages will be built as you navigate to them!
2021-11-01T04:46:53.755Z - info: Site data built
2021-11-01T04:46:53.755Z - info: Website generation (lazy) complete! Total build time: 20.211s
2021-11-01T04:46:54.670Z - info: Serving "C:\repos\nus-cs2103\cs2103-website-base\_site" at http://127.0.0.1:8080
2021-11-01T04:46:54.670Z - info: Press CTRL+C to stop ...
2021-11-01T04:47:06.777Z - info: Building C:\repos\nus-cs2103\cs2103-website-base\schedule\week12\project as some of its dependencies were changed since the last visit
2021-11-01T04:47:11.274Z - info: Site data built
2021-11-01T04:47:11.275Z - info: Lazy website regeneration complete! Total build time: 4.498s
2021-11-01T04:56:01.855Z - info: [12:56:01 pm] Reload for file change: C:\repos\nus-cs2103\cs2103-website-base\admin\tp-tasks.mbdf
2021-11-01T04:56:01.856Z - info: Synchronizing opened pages list before reload
2021-11-01T04:56:01.856Z - info: Current opened pages, from most-to-least recent:
2021-11-01T04:56:01.857Z - info: 1. schedule/week12/project
2021-11-01T04:56:02.866Z - info: Rebuilding 1 pages
2021-11-01T04:56:05.519Z - info: Site data built
2021-11-01T04:56:05.520Z - info: Pages rebuilt
2021-11-01T04:56:05.520Z - info: Website regeneration complete! Total build time: 2.656s
2021-11-01T04:58:32.661Z - info: [12:58:32 pm] Reload for file change: C:\repos\nus-cs2103\cs2103-website-base\admin\tp-tasks.mbdf
2021-11-01T04:58:32.661Z - info: Synchronizing opened pages list before reload
2021-11-01T04:58:32.662Z - info: Current opened pages, from most-to-least recent:
2021-11-01T04:58:32.662Z - info: 1. schedule/week12/project
2021-11-01T04:58:33.678Z - info: Rebuilding 1 pages
2021-11-01T04:58:36.083Z - info: Site data built
2021-11-01T04:58:36.083Z - info: Pages rebuilt
2021-11-01T04:58:36.084Z - info: Website regeneration complete! Total build time: 2.408s
2021-11-01T05:00:28.524Z - info: [1:00:28 pm] Reload for file change: C:\repos\nus-cs2103\cs2103-website-base\admin\tp-tasks.mbdf
2021-11-01T05:00:28.525Z - info: Synchronizing opened pages list before reload
2021-11-01T05:00:28.525Z - info: Current opened pages, from most-to-least recent:
2021-11-01T05:00:28.525Z - info: 1. schedule/week12/project
2021-11-01T05:00:29.535Z - info: Rebuilding 1 pages
2021-11-01T05:00:32.060Z - info: Site data built
2021-11-01T05:00:32.061Z - info: Pages rebuilt
2021-11-01T05:00:32.061Z - info: Website regeneration complete! Total build time: 2.528s
2021-11-01T05:02:42.472Z - info: [1:02:42 pm] Reload for file change: C:\repos\nus-cs2103\cs2103-website-base\admin\tp-tasks.mbdf
2021-11-01T05:02:42.473Z - info: Synchronizing opened pages list before reload
2021-11-01T05:02:42.473Z - info: Current opened pages, from most-to-least recent:
2021-11-01T05:02:42.473Z - info: 1. schedule/week12/project
2021-11-01T05:02:43.481Z - info: Rebuilding 1 pages
2021-11-01T05:02:45.920Z - info: Site data built
2021-11-01T05:02:45.921Z - info: Pages rebuilt
2021-11-01T05:02:45.921Z - info: Website regeneration complete! Total build time: 2.441s
2021-11-01T05:02:57.622Z - info: [1:02:57 pm] Reload for file change: C:\repos\nus-cs2103\cs2103-website-base\admin\tp-tasks.mbdf
2021-11-01T05:02:57.622Z - info: Synchronizing opened pages list before reload
2021-11-01T05:02:57.622Z - info: Current opened pages, from most-to-least recent:
2021-11-01T05:02:57.622Z - info: 1. schedule/week12/project
2021-11-01T05:02:58.628Z - info: Rebuilding 1 pages
2021-11-01T05:03:00.414Z - info: Site data built
2021-11-01T05:03:00.414Z - info: Pages rebuilt
2021-11-01T05:03:00.414Z - info: Website regeneration complete! Total build time: 1.786s
2021-11-01T05:04:13.801Z - info: [1:04:13 pm] Reload for file change: C:\repos\nus-cs2103\cs2103-website-base\admin\tp-tasks.mbdf
2021-11-01T05:04:13.802Z - info: Synchronizing opened pages list before reload
2021-11-01T05:04:13.802Z - info: Current opened pages, from most-to-least recent:
2021-11-01T05:04:13.803Z - info: 1. schedule/week12/project
2021-11-01T05:04:14.814Z - info: Rebuilding 1 pages
2021-11-01T05:04:17.176Z - info: Site data built
2021-11-01T05:04:17.177Z - info: Pages rebuilt
2021-11-01T05:04:17.177Z - info: Website regeneration complete! Total build time: 2.364s
2021-11-01T05:04:37.628Z - info: [1:04:37 pm] Reload for file change: C:\repos\nus-cs2103\cs2103-website-base\admin\tp-tasks.mbdf
2021-11-01T05:04:37.629Z - info: Synchronizing opened pages list before reload
2021-11-01T05:04:37.629Z - info: Current opened pages, from most-to-least recent:
2021-11-01T05:04:37.629Z - info: 1. schedule/week12/project
2021-11-01T05:04:38.640Z - info: Rebuilding 1 pages
2021-11-01T05:04:40.978Z - info: Site data built
2021-11-01T05:04:40.978Z - info: Pages rebuilt
2021-11-01T05:04:40.979Z - info: Website regeneration complete! Total build time: 2.338s
2021-11-01T05:06:17.260Z - info: [1:06:17 pm] Reload for file change: C:\repos\nus-cs2103\cs2103-website-base\admin\tp-tasks.mbdf
2021-11-01T05:06:17.261Z - info: Synchronizing opened pages list before reload
2021-11-01T05:06:17.261Z - info: Current opened pages, from most-to-least recent:
2021-11-01T05:06:17.261Z - info: 1. schedule/week12/project
2021-11-01T05:06:18.275Z - info: Rebuilding 1 pages
2021-11-01T05:06:20.706Z - info: Site data built
2021-11-01T05:06:20.707Z - info: Pages rebuilt
2021-11-01T05:06:20.707Z - info: Website regeneration complete! Total build time: 2.433s
2021-11-01T05:07:29.487Z - info: [1:07:29 pm] Reload for file change: C:\repos\nus-cs2103\cs2103-website-base\admin\tp-tasks.mbdf
2021-11-01T05:07:29.487Z - info: Synchronizing opened pages list before reload
2021-11-01T05:07:29.487Z - info: Current opened pages, from most-to-least recent:
2021-11-01T05:07:29.488Z - info: 1. schedule/week12/project
2021-11-01T05:07:30.496Z - info: Rebuilding 1 pages
2021-11-01T05:07:32.649Z - info: Site data built
2021-11-01T05:07:32.650Z - info: Pages rebuilt
2021-11-01T05:07:32.650Z - info: Website regeneration complete! Total build time: 2.155s
2021-11-01T05:07:44.000Z - info: [1:07:43 pm] Reload for file change: C:\repos\nus-cs2103\cs2103-website-base\admin\tp-tasks.mbdf
2021-11-01T05:07:44.000Z - info: Synchronizing opened pages list before reload
2021-11-01T05:07:44.000Z - info: Current opened pages, from most-to-least recent:
2021-11-01T05:07:44.000Z - info: 1. schedule/week12/project
2021-11-01T05:07:45.008Z - info: Rebuilding 1 pages
2021-11-01T05:07:46.624Z - info: Site data built
2021-11-01T05:07:46.625Z - info: Pages rebuilt
2021-11-01T05:07:46.625Z - info: Website regeneration complete! Total build time: 1.619s
2021-11-01T05:09:52.009Z - info: [1:09:52 pm] Reload for file change: C:\repos\nus-cs2103\cs2103-website-base\admin\tp-tasks.mbdf
2021-11-01T05:09:52.009Z - info: Synchronizing opened pages list before reload
2021-11-01T05:09:52.010Z - info: Current opened pages, from most-to-least recent:
2021-11-01T05:09:52.010Z - info: 1. schedule/week12/project
2021-11-01T05:09:53.026Z - info: Rebuilding 1 pages
2021-11-01T05:09:54.984Z - info: Site data built
2021-11-01T05:09:54.985Z - info: Pages rebuilt
2021-11-01T05:09:54.985Z - info: Website regeneration complete! Total build time: 1.96s
2021-11-01T05:10:33.540Z - info: Website generation started at 1:10:32 pm
2021-11-01T05:10:37.616Z - info: Building assets...
2021-11-01T05:10:42.105Z - info: Assets built
2021-11-01T05:10:42.107Z - info: Generating pages...
2021-11-01T05:10:50.596Z - debug:  
2021-11-01T05:10:50.597Z - debug:  
2021-11-01T05:10:50.597Z - debug:  
2021-11-01T05:10:50.598Z - debug:  
2021-11-01T05:10:50.598Z - debug:  
2021-11-01T05:10:50.598Z - debug:  
2021-11-01T05:12:24.556Z - debug:  
2021-11-01T05:12:35.602Z - debug:  
2021-11-01T05:12:35.602Z - debug:  
2021-11-01T05:12:43.091Z - info: Pages built
2021-11-01T05:12:43.967Z - info: Site data built
2021-11-01T05:12:43.967Z - info: Website generation complete! Total build time: 131.954s
2021-11-01T05:12:43.967Z - info: Build success!
2021-11-01T05:12:57.509Z - info: Deployed at https://nus-cs2103-ay2122s1.github.io/website!
2021-11-01T08:54:01.009Z - info: Website generation (lazy) started at 4:53:56 pm
2021-11-01T08:54:07.217Z - info: Building assets...
2021-11-01T08:54:11.954Z - info: Assets built
2021-11-01T08:54:11.954Z - info: Generating landing page...
2021-11-01T08:54:12.938Z - info: Landing page built, other pages will be built as you navigate to them!
2021-11-01T08:54:13.794Z - info: Site data built
2021-11-01T08:54:13.794Z - info: Website generation (lazy) complete! Total build time: 17.279s
2021-11-01T08:54:14.640Z - info: Serving "C:\repos\nus-cs2103\cs2103-website-base\_site" at http://127.0.0.1:8080
2021-11-01T08:54:14.640Z - info: Press CTRL+C to stop ...
2021-11-01T08:54:16.133Z - info: [4:54:16 pm] Reload for file change: C:\repos\nus-cs2103\cs2103-website-base\admin\tp-constraints.md
2021-11-01T08:54:16.133Z - info: Synchronizing opened pages list before reload
2021-11-01T08:54:16.134Z - info: No pages are currently opened
2021-11-01T08:54:17.674Z - info: Assets built
2021-11-01T08:55:15.950Z - info: [4:55:15 pm] Reload for file change: C:\repos\nus-cs2103\cs2103-website-base\admin\tp-constraints.md
2021-11-01T08:55:15.951Z - info: Synchronizing opened pages list before reload
2021-11-01T08:55:15.952Z - info: Current opened pages, from most-to-least recent:
2021-11-01T08:55:15.952Z - info: 1. index
2021-11-01T08:55:16.974Z - info: Assets built
2021-11-01T08:56:37.074Z - info: [4:56:37 pm] Reload for file change: C:\repos\nus-cs2103\cs2103-website-base\admin\tp-constraints.md
2021-11-01T08:56:37.074Z - info: Synchronizing opened pages list before reload
2021-11-01T08:56:37.074Z - info: Current opened pages, from most-to-least recent:
2021-11-01T08:56:37.074Z - info: 1. index
2021-11-01T08:56:38.081Z - info: Assets built
2021-11-01T08:56:46.963Z - info: Building C:\repos\nus-cs2103\cs2103-website-base\admin\index as some of its dependencies were changed since the last visit
2021-11-01T08:56:47.714Z - info: Site data built
2021-11-01T08:56:47.714Z - info: Lazy website regeneration complete! Total build time: 0.752s
2021-11-01T08:57:16.744Z - info: Building C:\repos\nus-cs2103\cs2103-website-base\admin\tp-constraints as some of its dependencies were changed since the last visit
2021-11-01T08:57:16.971Z - info: Site data built
2021-11-01T08:57:16.971Z - info: Lazy website regeneration complete! Total build time: 0.227s
2021-11-01T09:00:06.206Z - info: [5:00:06 pm] Reload for file change: C:\repos\nus-cs2103\cs2103-website-base\admin\tp-constraints.md
2021-11-01T09:00:06.206Z - info: Synchronizing opened pages list before reload
2021-11-01T09:00:06.206Z - info: Current opened pages, from most-to-least recent:
2021-11-01T09:00:06.207Z - info: 1. admin/tp-constraints
2021-11-01T09:00:07.215Z - info: Rebuilding 1 pages
2021-11-01T09:00:07.495Z - info: Site data built
2021-11-01T09:00:07.495Z - info: Pages rebuilt
2021-11-01T09:00:07.495Z - info: Website regeneration complete! Total build time: 0.283s
2021-11-01T09:00:39.183Z - info: [5:00:39 pm] Reload for file change: C:\repos\nus-cs2103\cs2103-website-base\admin\tp-constraints.md
2021-11-01T09:00:39.184Z - info: Synchronizing opened pages list before reload
2021-11-01T09:00:39.184Z - info: Current opened pages, from most-to-least recent:
2021-11-01T09:00:39.184Z - info: 1. admin/tp-constraints
2021-11-01T09:00:40.199Z - info: Rebuilding 1 pages
2021-11-01T09:00:40.526Z - info: Site data built
2021-11-01T09:00:40.526Z - info: Pages rebuilt
2021-11-01T09:00:40.526Z - info: Website regeneration complete! Total build time: 0.328s
2021-11-01T09:00:51.319Z - info: [5:00:51 pm] Reload for file change: C:\repos\nus-cs2103\cs2103-website-base\admin\tp-constraints.md
2021-11-01T09:00:51.319Z - info: Synchronizing opened pages list before reload
2021-11-01T09:00:51.319Z - info: Current opened pages, from most-to-least recent:
2021-11-01T09:00:51.319Z - info: 1. admin/tp-constraints
2021-11-01T09:00:52.326Z - info: Rebuilding 1 pages
2021-11-01T09:00:52.555Z - info: Site data built
2021-11-01T09:00:52.555Z - info: Pages rebuilt
2021-11-01T09:00:52.555Z - info: Website regeneration complete! Total build time: 0.23s
2021-11-01T09:02:50.567Z - info: [5:02:50 pm] Reload for file change: C:\repos\nus-cs2103\cs2103-website-base\admin\tp-constraints.md
2021-11-01T09:02:50.567Z - info: Synchronizing opened pages list before reload
2021-11-01T09:02:50.567Z - info: Current opened pages, from most-to-least recent:
2021-11-01T09:02:50.567Z - info: 1. admin/tp-constraints
2021-11-01T09:02:51.573Z - info: Rebuilding 1 pages
2021-11-01T09:02:51.805Z - info: Site data built
2021-11-01T09:02:51.806Z - info: Pages rebuilt
2021-11-01T09:02:51.806Z - info: Website regeneration complete! Total build time: 0.235s
2021-11-01T09:03:21.624Z - info: [5:03:21 pm] Reload for file change: C:\repos\nus-cs2103\cs2103-website-base\admin\tp-constraints.md
2021-11-01T09:03:21.624Z - info: Synchronizing opened pages list before reload
2021-11-01T09:03:21.624Z - info: Current opened pages, from most-to-least recent:
2021-11-01T09:03:21.624Z - info: 1. admin/tp-constraints
2021-11-01T09:03:22.642Z - info: Rebuilding 1 pages
2021-11-01T09:03:22.843Z - info: Site data built
2021-11-01T09:03:22.844Z - info: Pages rebuilt
2021-11-01T09:03:22.844Z - info: Website regeneration complete! Total build time: 0.203s
2021-11-01T09:06:08.630Z - info: Website generation started at 5:06:06 pm
2021-11-01T09:06:14.408Z - info: Building assets...
2021-11-01T09:06:19.696Z - info: Assets built
2021-11-01T09:06:19.696Z - info: Generating pages...
2021-11-01T09:06:28.463Z - debug:  
2021-11-01T09:06:28.463Z - debug:  
2021-11-01T09:06:28.463Z - debug:  
2021-11-01T09:06:28.463Z - debug:  
2021-11-01T09:06:28.463Z - debug:  
2021-11-01T09:06:28.464Z - debug:  
2021-11-01T09:08:18.570Z - debug:  
2021-11-01T09:08:29.456Z - debug:  
2021-11-01T09:08:30.543Z - debug:  
2021-11-01T09:08:37.273Z - info: Pages built
2021-11-01T09:08:38.105Z - info: Site data built
2021-11-01T09:08:38.106Z - info: Website generation complete! Total build time: 151.48s
2021-11-01T09:08:38.106Z - info: Build success!
2021-11-01T09:08:50.155Z - info: Deployed at https://nus-cs2103-ay2122s1.github.io/website!
