2021-09-08T08:01:03.521Z - info: Website generation (lazy) started at 4:00:56 pm
2021-09-08T08:01:10.327Z - info: Building assets...
2021-09-08T08:01:16.923Z - info: Assets built
2021-09-08T08:01:16.924Z - info: Generating landing page...
2021-09-08T08:01:19.277Z - info: Landing page built, other pages will be built as you navigate to them!
2021-09-08T08:01:20.377Z - info: Site data built
2021-09-08T08:01:20.377Z - info: Website generation (lazy) complete! Total build time: 24.095s
2021-09-08T08:01:21.602Z - info: Serving "C:\repos\nus-cs2103\cs2103-website-base\_site" at http://127.0.0.1:8080
2021-09-08T08:01:21.602Z - info: Press CTRL+C to stop ...
2021-09-08T08:04:32.733Z - info: Building C:\repos\nus-cs2103\cs2103-website-base\schedule\week5\project as some of its dependencies were changed since the last visit
2021-09-08T08:04:35.820Z - info: Site data built
2021-09-08T08:04:35.820Z - info: Lazy website regeneration complete! Total build time: 3.088s
2021-09-08T08:06:27.490Z - info: Building C:\repos\nus-cs2103\cs2103-website-base\schedule\week6\project as some of its dependencies were changed since the last visit
2021-09-08T08:06:31.187Z - info: Site data built
2021-09-08T08:06:31.188Z - info: Lazy website regeneration complete! Total build time: 3.698s
2021-09-08T08:07:24.760Z - info: Building C:\repos\nus-cs2103\cs2103-website-base\schedule\week5\tutorial as some of its dependencies were changed since the last visit
2021-09-08T08:07:27.191Z - info: Site data built
2021-09-08T08:07:27.192Z - info: Lazy website regeneration complete! Total build time: 2.433s
2021-09-08T08:12:26.424Z - info: [4:12:26 pm] Reload for file change: C:\repos\nus-cs2103\cs2103-website-base\admin\tp-tasks.mbdf
2021-09-08T08:12:26.424Z - info: Synchronizing opened pages list before reload
2021-09-08T08:12:26.425Z - info: Current opened pages, from most-to-least recent:
2021-09-08T08:12:26.425Z - info: 1. schedule/week5/project
2021-09-08T08:12:27.437Z - info: Rebuilding 1 pages
2021-09-08T08:12:29.566Z - info: Site data built
2021-09-08T08:12:29.566Z - info: Pages rebuilt
2021-09-08T08:12:29.566Z - info: Website regeneration complete! Total build time: 2.13s
2021-09-08T08:13:31.688Z - info: [4:13:31 pm] Reload for file change: C:\repos\nus-cs2103\cs2103-website-base\admin\tp-tasks.mbdf
2021-09-08T08:13:31.689Z - info: Synchronizing opened pages list before reload
2021-09-08T08:13:31.689Z - info: Current opened pages, from most-to-least recent:
2021-09-08T08:13:31.689Z - info: 1. schedule/week5/project
2021-09-08T08:13:32.713Z - info: Rebuilding 1 pages
2021-09-08T08:13:34.751Z - info: Site data built
2021-09-08T08:13:34.751Z - info: Pages rebuilt
2021-09-08T08:13:34.751Z - info: Website regeneration complete! Total build time: 2.04s
2021-09-08T08:13:54.311Z - info: [4:13:54 pm] Reload for file change: C:\repos\nus-cs2103\cs2103-website-base\admin\tp-tasks.mbdf
2021-09-08T08:13:54.311Z - info: Synchronizing opened pages list before reload
2021-09-08T08:13:54.312Z - info: Current opened pages, from most-to-least recent:
2021-09-08T08:13:54.312Z - info: 1. schedule/week5/project
2021-09-08T08:13:55.333Z - info: Rebuilding 1 pages
2021-09-08T08:13:57.466Z - info: Site data built
2021-09-08T08:13:57.466Z - info: Pages rebuilt
2021-09-08T08:13:57.467Z - info: Website regeneration complete! Total build time: 2.135s
2021-09-08T08:13:59.118Z - info: [4:13:59 pm] Reload for file change: C:\repos\nus-cs2103\cs2103-website-base\admin\tp-tasks.mbdf
2021-09-08T08:13:59.118Z - info: Synchronizing opened pages list before reload
2021-09-08T08:13:59.118Z - info: Current opened pages, from most-to-least recent:
2021-09-08T08:13:59.118Z - info: 1. schedule/week5/project
2021-09-08T08:14:00.119Z - info: Rebuilding 1 pages
2021-09-08T08:14:01.527Z - info: Site data built
2021-09-08T08:14:01.527Z - info: Pages rebuilt
2021-09-08T08:14:01.527Z - info: Website regeneration complete! Total build time: 1.408s
2021-09-08T08:14:43.751Z - info: [4:14:43 pm] Reload for file change: C:\repos\nus-cs2103\cs2103-website-base\admin\tp-tasks.mbdf
2021-09-08T08:14:43.752Z - info: Synchronizing opened pages list before reload
2021-09-08T08:14:43.752Z - info: Current opened pages, from most-to-least recent:
2021-09-08T08:14:43.753Z - info: 1. schedule/week5/project
2021-09-08T08:14:44.766Z - info: Rebuilding 1 pages
2021-09-08T08:14:46.856Z - info: Site data built
2021-09-08T08:14:46.856Z - info: Pages rebuilt
2021-09-08T08:14:46.857Z - info: Website regeneration complete! Total build time: 2.091s
2021-09-08T08:16:29.778Z - info: [4:16:29 pm] Reload for file change: C:\repos\nus-cs2103\cs2103-website-base\admin\tp-tasks.mbdf
2021-09-08T08:16:29.779Z - info: Synchronizing opened pages list before reload
2021-09-08T08:16:29.779Z - info: Current opened pages, from most-to-least recent:
2021-09-08T08:16:29.779Z - info: 1. schedule/week5/project
2021-09-08T08:16:30.790Z - info: Rebuilding 1 pages
2021-09-08T08:16:32.567Z - info: Site data built
2021-09-08T08:16:32.567Z - info: Pages rebuilt
2021-09-08T08:16:32.567Z - info: Website regeneration complete! Total build time: 1.779s
2021-09-08T08:16:53.721Z - info: [4:16:53 pm] Reload for file change: C:\repos\nus-cs2103\cs2103-website-base\admin\tp-tasks.mbdf
2021-09-08T08:16:53.722Z - info: Synchronizing opened pages list before reload
2021-09-08T08:16:53.723Z - info: Current opened pages, from most-to-least recent:
2021-09-08T08:16:53.724Z - info: 1. schedule/week5/project
2021-09-08T08:16:54.742Z - info: Rebuilding 1 pages
2021-09-08T08:16:56.695Z - info: Site data built
2021-09-08T08:16:56.696Z - info: Pages rebuilt
2021-09-08T08:16:56.696Z - info: Website regeneration complete! Total build time: 1.955s
2021-09-08T08:35:11.559Z - info: Building C:\repos\nus-cs2103\cs2103-website-base\schedule\week6\index as some of its dependencies were changed since the last visit
2021-09-08T08:35:12.775Z - info: Site data built
2021-09-08T08:35:12.775Z - info: Lazy website regeneration complete! Total build time: 1.216s
2021-09-08T08:40:00.855Z - info: Building C:\repos\nus-cs2103\cs2103-website-base\schedule\week6\admin as some of its dependencies were changed since the last visit
2021-09-08T08:40:01.442Z - info: Site data built
2021-09-08T08:40:01.443Z - info: Lazy website regeneration complete! Total build time: 0.588s
2021-09-08T08:40:08.288Z - info: Building C:\repos\nus-cs2103\cs2103-website-base\schedule\week6\topics as some of its dependencies were changed since the last visit
2021-09-08T08:40:10.259Z - info: Site data built
2021-09-08T08:40:10.260Z - info: Lazy website regeneration complete! Total build time: 1.971s
2021-09-08T08:40:13.020Z - debug:  
2021-09-08T08:40:13.056Z - debug:  
2021-09-08T08:41:54.681Z - info: Building C:\repos\nus-cs2103\cs2103-website-base\schedule\week6\project as some of its dependencies were changed since the last visit
2021-09-08T08:41:56.874Z - info: Site data built
2021-09-08T08:41:56.875Z - info: Lazy website regeneration complete! Total build time: 2.195s
2021-09-08T08:59:44.397Z - info: [4:59:44 pm] Reload for file change: C:\repos\nus-cs2103\cs2103-website-base\book\projectDuke\extensions.mbdf
2021-09-08T08:59:44.398Z - info: Synchronizing opened pages list before reload
2021-09-08T08:59:44.398Z - info: Current opened pages, from most-to-least recent:
2021-09-08T08:59:44.398Z - info: 1. schedule/week6/project
2021-09-08T08:59:45.408Z - info: Rebuilding 1 pages
2021-09-08T08:59:47.200Z - info: Site data built
2021-09-08T08:59:47.200Z - info: Pages rebuilt
2021-09-08T08:59:47.200Z - info: Website regeneration complete! Total build time: 1.793s
2021-09-08T09:00:29.686Z - info: [5:00:29 pm] Reload for file change: C:\repos\nus-cs2103\cs2103-website-base\book\projectDuke\extensions.mbdf
2021-09-08T09:00:29.686Z - info: Synchronizing opened pages list before reload
2021-09-08T09:00:29.686Z - info: Current opened pages, from most-to-least recent:
2021-09-08T09:00:29.687Z - info: 1. schedule/week6/project
2021-09-08T09:00:30.692Z - info: Rebuilding 1 pages
2021-09-08T09:00:32.653Z - info: Site data built
2021-09-08T09:00:32.653Z - info: Pages rebuilt
2021-09-08T09:00:32.653Z - info: Website regeneration complete! Total build time: 1.962s
2021-09-08T09:02:18.135Z - info: [5:02:18 pm] Reload for file change: C:\repos\nus-cs2103\cs2103-website-base\book\projectDuke\extensions.mbdf
2021-09-08T09:02:18.135Z - info: Synchronizing opened pages list before reload
2021-09-08T09:02:18.136Z - info: Current opened pages, from most-to-least recent:
2021-09-08T09:02:18.136Z - info: 1. schedule/week6/project
2021-09-08T09:02:19.139Z - info: Rebuilding 1 pages
2021-09-08T09:02:21.050Z - info: Site data built
2021-09-08T09:02:21.050Z - info: Pages rebuilt
2021-09-08T09:02:21.051Z - info: Website regeneration complete! Total build time: 1.913s
2021-09-08T09:02:32.299Z - info: [5:02:32 pm] Reload for file change: C:\repos\nus-cs2103\cs2103-website-base\book\projectDuke\extensions.mbdf
2021-09-08T09:02:32.299Z - info: Synchronizing opened pages list before reload
2021-09-08T09:02:32.299Z - info: Current opened pages, from most-to-least recent:
2021-09-08T09:02:32.299Z - info: 1. schedule/week6/project
2021-09-08T09:02:33.308Z - info: Rebuilding 1 pages
2021-09-08T09:02:34.553Z - info: Site data built
2021-09-08T09:02:34.553Z - info: Pages rebuilt
2021-09-08T09:02:34.553Z - info: Website regeneration complete! Total build time: 1.246s
2021-09-08T09:14:24.447Z - info: [5:14:24 pm] Reload for file change: C:\repos\nus-cs2103\cs2103-website-base\admin\tp-tasks.mbdf
2021-09-08T09:14:24.448Z - info: Synchronizing opened pages list before reload
2021-09-08T09:14:24.449Z - info: Current opened pages, from most-to-least recent:
2021-09-08T09:14:24.450Z - info: 1. schedule/week6/project
2021-09-08T09:14:25.465Z - info: Rebuilding 1 pages
2021-09-08T09:14:27.077Z - info: Site data built
2021-09-08T09:14:27.078Z - info: Pages rebuilt
2021-09-08T09:14:27.078Z - info: Website regeneration complete! Total build time: 1.618s
2021-09-08T09:15:50.509Z - info: Building C:\repos\nus-cs2103\cs2103-website-base\schedule\week6\tutorial as some of its dependencies were changed since the last visit
2021-09-08T09:15:50.826Z - info: Site data built
2021-09-08T09:15:50.827Z - info: Lazy website regeneration complete! Total build time: 0.319s
2021-09-08T09:37:07.181Z - info: Website generation started at 5:37:05 pm
2021-09-08T09:37:12.327Z - info: Building assets...
2021-09-08T09:37:15.994Z - info: Assets built
2021-09-08T09:37:15.995Z - info: Generating pages...
2021-09-08T09:37:25.548Z - debug:  
2021-09-08T09:37:25.549Z - debug:  
2021-09-08T09:37:25.549Z - debug:  
2021-09-08T09:37:25.549Z - debug:  
2021-09-08T09:37:25.550Z - debug:  
2021-09-08T09:37:25.550Z - debug:  
2021-09-08T09:38:57.401Z - debug:  
2021-09-08T09:39:07.803Z - debug:  
2021-09-08T09:39:07.803Z - debug:  
2021-09-08T09:39:13.206Z - info: Pages built
2021-09-08T09:39:13.963Z - info: Site data built
2021-09-08T09:39:13.963Z - info: Website generation complete! Total build time: 128.609s
2021-09-08T09:39:13.963Z - info: Build success!
2021-09-08T09:39:25.818Z - info: Deployed at https://nus-cs2103-ay2122s1.github.io/website!
2021-09-08T11:56:03.484Z - info: Website generation (lazy) started at 7:55:58 pm
2021-09-08T11:56:09.206Z - info: Building assets...
2021-09-08T11:56:13.941Z - info: Assets built
2021-09-08T11:56:13.941Z - info: Generating landing page...
2021-09-08T11:56:15.489Z - info: Landing page built, other pages will be built as you navigate to them!
2021-09-08T11:56:16.744Z - info: Site data built
2021-09-08T11:56:16.745Z - info: Website generation (lazy) complete! Total build time: 18.233s
2021-09-08T11:56:17.633Z - info: Serving "C:\repos\nus-cs2103\cs2103-website-base\_site" at http://127.0.0.1:8080
2021-09-08T11:56:17.633Z - info: Press CTRL+C to stop ...
2021-09-08T12:17:56.053Z - info: Building C:\repos\nus-cs2103\cs2103-website-base\schedule\week6\index as some of its dependencies were changed since the last visit
2021-09-08T12:17:57.332Z - info: Site data built
2021-09-08T12:17:57.332Z - info: Lazy website regeneration complete! Total build time: 1.279s
2021-09-08T12:37:25.200Z - info: Building C:\repos\nus-cs2103\cs2103-website-base\schedule\week6\tutorial as some of its dependencies were changed since the last visit
2021-09-08T12:37:25.406Z - info: Site data built
2021-09-08T12:37:25.406Z - info: Lazy website regeneration complete! Total build time: 0.207s
2021-09-08T12:37:28.918Z - info: Building C:\repos\nus-cs2103\cs2103-website-base\schedule\week6\topics as some of its dependencies were changed since the last visit
2021-09-08T12:37:30.237Z - info: Site data built
2021-09-08T12:37:30.237Z - info: Lazy website regeneration complete! Total build time: 1.32s
2021-09-08T12:38:01.545Z - info: Building C:\repos\nus-cs2103\cs2103-website-base\schedule\week6\admin as some of its dependencies were changed since the last visit
2021-09-08T12:38:02.056Z - info: Site data built
2021-09-08T12:38:02.056Z - info: Lazy website regeneration complete! Total build time: 0.512s
2021-09-08T12:38:05.217Z - info: Building C:\repos\nus-cs2103\cs2103-website-base\schedule\week6\project as some of its dependencies were changed since the last visit
2021-09-08T12:38:06.833Z - info: Site data built
2021-09-08T12:38:06.834Z - info: Lazy website regeneration complete! Total build time: 1.617s
2021-09-08T12:39:36.629Z - info: Building C:\repos\nus-cs2103\cs2103-website-base\schedule\week5\project as some of its dependencies were changed since the last visit
2021-09-08T12:39:38.159Z - info: Site data built
2021-09-08T12:39:38.159Z - info: Lazy website regeneration complete! Total build time: 1.531s
2021-09-08T12:47:38.240Z - info: Building C:\repos\nus-cs2103\cs2103-website-base\schedule\week5\admin as some of its dependencies were changed since the last visit
2021-09-08T12:47:39.332Z - info: Site data built
2021-09-08T12:47:39.332Z - info: Lazy website regeneration complete! Total build time: 1.092s
2021-09-08T12:53:19.080Z - info: Building C:\repos\nus-cs2103\cs2103-website-base\schedule\week5\topics as some of its dependencies were changed since the last visit
2021-09-08T12:53:21.514Z - info: Site data built
2021-09-08T12:53:21.514Z - info: Lazy website regeneration complete! Total build time: 2.434s
2021-09-08T12:54:23.107Z - info: Website generation started at 8:54:21 pm
2021-09-08T12:54:28.906Z - info: Building assets...
2021-09-08T12:54:33.351Z - info: Assets built
2021-09-08T12:54:33.352Z - info: Generating pages...
2021-09-08T12:54:41.981Z - debug:  
2021-09-08T12:54:41.983Z - debug:  
2021-09-08T12:54:41.984Z - debug:  
2021-09-08T12:54:41.985Z - debug:  
2021-09-08T12:54:41.985Z - debug:  
2021-09-08T12:54:41.985Z - debug:  
2021-09-08T12:56:17.367Z - debug:  
2021-09-08T12:56:26.491Z - debug:  
2021-09-08T12:56:26.492Z - debug:  
2021-09-08T12:56:30.371Z - info: Pages built
2021-09-08T12:56:31.281Z - info: Site data built
2021-09-08T12:56:31.281Z - info: Website generation complete! Total build time: 130.262s
2021-09-08T12:56:31.282Z - info: Build success!
2021-09-08T12:56:43.904Z - info: Deployed at https://nus-tic4001-ay2122s1.github.io/website!
2021-09-08T13:01:53.106Z - info: Website generation (lazy) started at 9:01:48 pm
2021-09-08T13:01:58.144Z - info: Building assets...
2021-09-08T13:02:02.046Z - info: Assets built
2021-09-08T13:02:02.047Z - info: Generating landing page...
2021-09-08T13:02:03.432Z - info: Landing page built, other pages will be built as you navigate to them!
2021-09-08T13:02:04.191Z - info: Site data built
2021-09-08T13:02:04.191Z - info: Website generation (lazy) complete! Total build time: 15.302s
2021-09-08T13:02:05.014Z - info: Serving "C:\repos\nus-cs2103\cs2103-website-base\_site" at http://127.0.0.1:8080
2021-09-08T13:02:05.015Z - info: Press CTRL+C to stop ...
2021-09-08T13:10:20.381Z - info: Building C:\repos\nus-cs2103\cs2103-website-base\schedule\week13\index as some of its dependencies were changed since the last visit
2021-09-08T13:10:21.112Z - info: Site data built
2021-09-08T13:10:21.112Z - info: Lazy website regeneration complete! Total build time: 0.731s
2021-09-08T13:16:32.546Z - info: [9:16:32 pm] Reload for file change: C:\repos\nus-cs2103\cs2103-website-base\admin\tp-tasks.mbdf
2021-09-08T13:16:32.546Z - info: Synchronizing opened pages list before reload
2021-09-08T13:16:32.547Z - info: Current opened pages, from most-to-least recent:
2021-09-08T13:16:32.547Z - info: 1. schedule/week13/index
2021-09-08T13:16:32.574Z - info: [9:16:32 pm] Reload for file change: C:\repos\nus-cs2103\cs2103-website-base\_module-CS2103\weeklyTpTasks.mbdf
2021-09-08T13:16:32.574Z - info: Synchronizing opened pages list before reload
2021-09-08T13:16:32.574Z - info: Current opened pages, from most-to-least recent:
2021-09-08T13:16:32.574Z - info: 1. schedule/week13/index
2021-09-08T13:16:33.555Z - info: Rebuilding 1 pages
2021-09-08T13:16:34.163Z - info: Site data built
2021-09-08T13:16:34.163Z - info: Pages rebuilt
2021-09-08T13:16:34.163Z - info: Website regeneration complete! Total build time: 0.609s
2021-09-08T13:16:57.409Z - info: [9:16:57 pm] Reload for file change: C:\repos\nus-cs2103\cs2103-website-base\admin\tp-tasks.mbdf
2021-09-08T13:16:57.410Z - info: Synchronizing opened pages list before reload
2021-09-08T13:16:57.410Z - info: Current opened pages, from most-to-least recent:
2021-09-08T13:16:57.411Z - info: 1. schedule/week13/index
2021-09-08T13:16:58.423Z - info: Rebuilding 1 pages
2021-09-08T13:16:59.101Z - info: Site data built
2021-09-08T13:16:59.101Z - info: Pages rebuilt
2021-09-08T13:16:59.102Z - info: Website regeneration complete! Total build time: 0.68s
2021-09-08T13:18:19.832Z - info: [9:18:19 pm] Reload for file change: C:\repos\nus-cs2103\cs2103-website-base\_module-CS2103\weeklyTpTasks.mbdf
2021-09-08T13:18:19.832Z - info: Synchronizing opened pages list before reload
2021-09-08T13:18:19.833Z - info: Current opened pages, from most-to-least recent:
2021-09-08T13:18:19.833Z - info: 1. schedule/week13/index
2021-09-08T13:18:20.836Z - info: Rebuilding 1 pages
2021-09-08T13:18:21.279Z - info: Site data built
2021-09-08T13:18:21.279Z - info: Pages rebuilt
2021-09-08T13:18:21.279Z - info: Website regeneration complete! Total build time: 0.444s
2021-09-08T13:19:28.340Z - info: Building C:\repos\nus-cs2103\cs2103-website-base\schedule\timeline as some of its dependencies were changed since the last visit
2021-09-08T13:19:33.472Z - info: Site data built
2021-09-08T13:19:33.473Z - info: Lazy website regeneration complete! Total build time: 5.135s
2021-09-08T13:20:10.172Z - info: [9:20:10 pm] Reload for file change: C:\repos\nus-cs2103\cs2103-website-base\_module-CS2103\weeklyTpTasks.mbdf
2021-09-08T13:20:10.172Z - info: Synchronizing opened pages list before reload
2021-09-08T13:20:10.172Z - info: Current opened pages, from most-to-least recent:
2021-09-08T13:20:10.173Z - info: 1. schedule/timeline
2021-09-08T13:20:11.181Z - info: Rebuilding 1 pages
2021-09-08T13:20:15.177Z - info: Site data built
2021-09-08T13:20:15.178Z - info: Pages rebuilt
2021-09-08T13:20:15.178Z - info: Website regeneration complete! Total build time: 4s
2021-09-08T13:20:36.187Z - info: Building C:\repos\nus-cs2103\cs2103-website-base\schedule\week13\project as some of its dependencies were changed since the last visit
2021-09-08T13:20:38.255Z - info: Site data built
2021-09-08T13:20:38.255Z - info: Lazy website regeneration complete! Total build time: 2.068s
2021-09-08T13:21:27.503Z - info: [9:21:27 pm] Reload for file change: C:\repos\nus-cs2103\cs2103-website-base\admin\tp-tasks.mbdf
2021-09-08T13:21:27.503Z - info: Synchronizing opened pages list before reload
2021-09-08T13:21:27.504Z - info: Current opened pages, from most-to-least recent:
2021-09-08T13:21:27.504Z - info: 1. schedule/week13/project
2021-09-08T13:21:28.517Z - info: Rebuilding 1 pages
2021-09-08T13:21:30.075Z - info: Site data built
2021-09-08T13:21:30.076Z - info: Pages rebuilt
2021-09-08T13:21:30.076Z - info: Website regeneration complete! Total build time: 1.561s
2021-09-08T13:22:06.115Z - info: [9:22:06 pm] Reload for file change: C:\repos\nus-cs2103\cs2103-website-base\admin\tp-tasks.mbdf
2021-09-08T13:22:06.116Z - info: Synchronizing opened pages list before reload
2021-09-08T13:22:06.116Z - info: Current opened pages, from most-to-least recent:
2021-09-08T13:22:06.116Z - info: 1. schedule/week13/project
2021-09-08T13:22:07.125Z - info: Rebuilding 1 pages
2021-09-08T13:22:08.802Z - info: Site data built
2021-09-08T13:22:08.803Z - info: Pages rebuilt
2021-09-08T13:22:08.803Z - info: Website regeneration complete! Total build time: 1.681s
2021-09-08T15:08:24.118Z - info: Building C:\repos\nus-cs2103\cs2103-website-base\schedule\timeline as some of its dependencies were changed since the last visit
2021-09-08T15:08:30.955Z - info: Site data built
2021-09-08T15:08:30.956Z - info: Lazy website regeneration complete! Total build time: 6.839s
2021-09-08T15:08:57.865Z - info: Website generation started at 11:08:56 pm
2021-09-08T15:09:03.176Z - info: Building assets...
2021-09-08T15:09:07.205Z - info: Assets built
2021-09-08T15:09:07.205Z - info: Generating pages...
2021-09-08T15:09:16.027Z - debug:  
2021-09-08T15:09:16.027Z - debug:  
2021-09-08T15:09:16.028Z - debug:  
2021-09-08T15:09:16.028Z - debug:  
2021-09-08T15:09:16.029Z - debug:  
2021-09-08T15:09:16.029Z - debug:  
2021-09-08T15:11:07.959Z - debug:  
2021-09-08T15:11:21.465Z - debug:  
2021-09-08T15:11:21.466Z - debug:  
2021-09-08T15:11:28.082Z - info: Pages built
2021-09-08T15:11:28.861Z - info: Site data built
2021-09-08T15:11:28.861Z - info: Website generation complete! Total build time: 152.8s
2021-09-08T15:11:28.862Z - info: Build success!
2021-09-08T15:11:43.231Z - info: Deployed at https://nus-cs2103-ay2122s1.github.io/website!
