2021-08-09T16:02:01.448Z - info: [12:02:01 am] Reload for file change: C:\repos\nus-cs2103\cs2103-website-base\book\cppToJava\gettingStarted\running\q-runHelloWorld.md
2021-08-09T16:02:01.456Z - info: Synchronizing opened pages list before reload
2021-08-09T16:02:01.456Z - info: Current opened pages, from most-to-least recent:
2021-08-09T16:02:01.456Z - info: 1. se-book-adapted/chapters/cppToJava
2021-08-09T16:02:02.477Z - info: Rebuilding 1 pages
2021-08-09T16:02:05.088Z - info: Site data built
2021-08-09T16:02:05.088Z - info: Pages rebuilt
2021-08-09T16:02:05.089Z - info: Website regeneration complete! Total build time: 2.615s
2021-08-09T16:04:30.078Z - info: [12:04:30 am] Reload for file change: C:\repos\nus-cs2103\cs2103-website-base\book\cppToJava\gettingStarted\running\q-runHelloWorld.md
2021-08-09T16:04:30.078Z - info: Synchronizing opened pages list before reload
2021-08-09T16:04:30.078Z - info: Current opened pages, from most-to-least recent:
2021-08-09T16:04:30.078Z - info: 1. se-book-adapted/chapters/cppToJava
2021-08-09T16:04:31.089Z - info: Rebuilding 1 pages
2021-08-09T16:04:33.685Z - info: Site data built
2021-08-09T16:04:33.685Z - info: Pages rebuilt
2021-08-09T16:04:33.686Z - info: Website regeneration complete! Total build time: 2.597s
2021-08-09T16:04:45.939Z - info: [12:04:45 am] Reload for file change: C:\repos\nus-cs2103\cs2103-website-base\book\cppToJava\gettingStarted\running\q-runHelloWorld.md
2021-08-09T16:04:45.939Z - info: Synchronizing opened pages list before reload
2021-08-09T16:04:45.939Z - info: Current opened pages, from most-to-least recent:
2021-08-09T16:04:45.939Z - info: 1. se-book-adapted/chapters/cppToJava
2021-08-09T16:04:46.954Z - info: Rebuilding 1 pages
2021-08-09T16:04:49.134Z - info: Site data built
2021-08-09T16:04:49.134Z - info: Pages rebuilt
2021-08-09T16:04:49.134Z - info: Website regeneration complete! Total build time: 2.181s
2021-08-09T16:04:56.927Z - info: [12:04:56 am] Reload for file change: C:\repos\nus-cs2103\cs2103-website-base\book\cppToJava\gettingStarted\running\q-runHelloWorld.md
2021-08-09T16:04:56.927Z - info: Synchronizing opened pages list before reload
2021-08-09T16:04:56.928Z - info: Current opened pages, from most-to-least recent:
2021-08-09T16:04:56.928Z - info: 1. se-book-adapted/chapters/cppToJava
2021-08-09T16:04:57.933Z - info: Rebuilding 1 pages
2021-08-09T16:05:00.038Z - info: Site data built
2021-08-09T16:05:00.038Z - info: Pages rebuilt
2021-08-09T16:05:00.038Z - info: Website regeneration complete! Total build time: 2.106s
2021-08-09T16:05:17.608Z - info: [12:05:17 am] Reload for file change: C:\repos\nus-cs2103\cs2103-website-base\book\cppToJava\gettingStarted\running\q-runHelloWorld.md
2021-08-09T16:05:17.608Z - info: Synchronizing opened pages list before reload
2021-08-09T16:05:17.608Z - info: Current opened pages, from most-to-least recent:
2021-08-09T16:05:17.608Z - info: 1. se-book-adapted/chapters/cppToJava
2021-08-09T16:05:18.627Z - info: Rebuilding 1 pages
2021-08-09T16:05:21.217Z - info: Site data built
2021-08-09T16:05:21.217Z - info: Pages rebuilt
2021-08-09T16:05:21.218Z - info: Website regeneration complete! Total build time: 2.592s
2021-08-09T16:05:46.250Z - info: [12:05:46 am] Reload for file change: C:\repos\nus-cs2103\cs2103-website-base\book\cppToJava\gettingStarted\running\q-runHelloWorld.md
2021-08-09T16:05:46.251Z - info: Synchronizing opened pages list before reload
2021-08-09T16:05:46.252Z - info: Current opened pages, from most-to-least recent:
2021-08-09T16:05:46.252Z - info: 1. se-book-adapted/chapters/cppToJava
2021-08-09T16:05:47.264Z - info: Rebuilding 1 pages
2021-08-09T16:05:49.781Z - info: Site data built
2021-08-09T16:05:49.782Z - info: Pages rebuilt
2021-08-09T16:05:49.782Z - info: Website regeneration complete! Total build time: 2.519s
2021-08-09T16:06:41.797Z - info: [12:06:41 am] Reload for file change: C:\repos\nus-cs2103\cs2103-website-base\book\cppToJava\gettingStarted\running\q-runHelloWorld.md
2021-08-09T16:06:41.797Z - info: Synchronizing opened pages list before reload
2021-08-09T16:06:41.798Z - info: Current opened pages, from most-to-least recent:
2021-08-09T16:06:41.798Z - info: 1. se-book-adapted/chapters/cppToJava
2021-08-09T16:06:42.808Z - info: Rebuilding 1 pages
2021-08-09T16:06:45.327Z - info: Site data built
2021-08-09T16:06:45.327Z - info: Pages rebuilt
2021-08-09T16:06:45.327Z - info: Website regeneration complete! Total build time: 2.52s
2021-08-09T16:07:43.103Z - info: [12:07:43 am] Reload for file change: C:\repos\nus-cs2103\cs2103-website-base\book\cppToJava\gettingStarted\running\q-runHelloWorld.md
2021-08-09T16:07:43.103Z - info: Synchronizing opened pages list before reload
2021-08-09T16:07:43.103Z - info: Current opened pages, from most-to-least recent:
2021-08-09T16:07:43.103Z - info: 1. se-book-adapted/chapters/cppToJava
2021-08-09T16:07:44.115Z - info: Rebuilding 1 pages
2021-08-09T16:07:46.588Z - info: Site data built
2021-08-09T16:07:46.588Z - info: Pages rebuilt
2021-08-09T16:07:46.589Z - info: Website regeneration complete! Total build time: 2.474s
2021-08-09T16:07:59.041Z - info: [12:07:59 am] Reload for file change: C:\repos\nus-cs2103\cs2103-website-base\book\cppToJava\gettingStarted\running\q-runHelloWorld.md
2021-08-09T16:07:59.041Z - info: Synchronizing opened pages list before reload
2021-08-09T16:07:59.041Z - info: Current opened pages, from most-to-least recent:
2021-08-09T16:07:59.041Z - info: 1. se-book-adapted/chapters/cppToJava
2021-08-09T16:08:00.051Z - info: Rebuilding 1 pages
2021-08-09T16:08:02.222Z - info: Site data built
2021-08-09T16:08:02.222Z - info: Pages rebuilt
2021-08-09T16:08:02.223Z - info: Website regeneration complete! Total build time: 2.173s
2021-08-09T16:08:10.033Z - info: [12:08:10 am] Reload for file change: C:\repos\nus-cs2103\cs2103-website-base\book\cppToJava\gettingStarted\running\q-runHelloWorld.md
2021-08-09T16:08:10.033Z - info: Synchronizing opened pages list before reload
2021-08-09T16:08:10.033Z - info: Current opened pages, from most-to-least recent:
2021-08-09T16:08:10.033Z - info: 1. se-book-adapted/chapters/cppToJava
2021-08-09T16:08:11.037Z - info: Rebuilding 1 pages
2021-08-09T16:08:13.099Z - info: Site data built
2021-08-09T16:08:13.100Z - info: Pages rebuilt
2021-08-09T16:08:13.100Z - info: Website regeneration complete! Total build time: 2.063s
2021-08-09T16:08:44.494Z - info: [12:08:44 am] Reload for file change: C:\repos\nus-cs2103\cs2103-website-base\book\cppToJava\gettingStarted\running\q-runHelloWorld.md
2021-08-09T16:08:44.494Z - info: Synchronizing opened pages list before reload
2021-08-09T16:08:44.495Z - info: Current opened pages, from most-to-least recent:
2021-08-09T16:08:44.495Z - info: 1. se-book-adapted/chapters/cppToJava
2021-08-09T16:08:45.517Z - info: Rebuilding 1 pages
2021-08-09T16:08:47.962Z - info: Site data built
2021-08-09T16:08:47.963Z - info: Pages rebuilt
2021-08-09T16:08:47.963Z - info: Website regeneration complete! Total build time: 2.447s
2021-08-09T16:09:14.360Z - info: [12:09:14 am] Reload for file change: C:\repos\nus-cs2103\cs2103-website-base\book\cppToJava\gettingStarted\running\q-runHelloWorld.md
2021-08-09T16:09:14.360Z - info: Synchronizing opened pages list before reload
2021-08-09T16:09:14.360Z - info: Current opened pages, from most-to-least recent:
2021-08-09T16:09:14.361Z - info: 1. se-book-adapted/chapters/cppToJava
2021-08-09T16:09:15.377Z - info: Rebuilding 1 pages
2021-08-09T16:09:17.905Z - info: Site data built
2021-08-09T16:09:17.905Z - info: Pages rebuilt
2021-08-09T16:09:17.906Z - info: Website regeneration complete! Total build time: 2.529s
2021-08-09T16:09:40.246Z - info: [12:09:40 am] Reload for file change: C:\repos\nus-cs2103\cs2103-website-base\book\cppToJava\gettingStarted\running\q-runHelloWorld.md
2021-08-09T16:09:40.247Z - info: Synchronizing opened pages list before reload
2021-08-09T16:09:40.247Z - info: Current opened pages, from most-to-least recent:
2021-08-09T16:09:40.247Z - info: 1. se-book-adapted/chapters/cppToJava
2021-08-09T16:09:41.263Z - info: Rebuilding 1 pages
2021-08-09T16:09:43.758Z - info: Site data built
2021-08-09T16:09:43.758Z - info: Pages rebuilt
2021-08-09T16:09:43.758Z - info: Website regeneration complete! Total build time: 2.496s
2021-08-09T16:09:49.678Z - info: [12:09:49 am] Reload for file change: C:\repos\nus-cs2103\cs2103-website-base\book\cppToJava\gettingStarted\running\q-runHelloWorld.md
2021-08-09T16:09:49.679Z - info: Synchronizing opened pages list before reload
2021-08-09T16:09:49.679Z - info: Current opened pages, from most-to-least recent:
2021-08-09T16:09:49.680Z - info: 1. se-book-adapted/chapters/cppToJava
2021-08-09T16:09:50.692Z - info: Rebuilding 1 pages
2021-08-09T16:09:52.883Z - info: Site data built
2021-08-09T16:09:52.883Z - info: Pages rebuilt
2021-08-09T16:09:52.883Z - info: Website regeneration complete! Total build time: 2.191s
2021-08-09T16:10:03.929Z - info: [12:10:03 am] Reload for file change: C:\repos\nus-cs2103\cs2103-website-base\book\cppToJava\gettingStarted\running\q-runHelloWorld.md
2021-08-09T16:10:03.929Z - info: Synchronizing opened pages list before reload
2021-08-09T16:10:03.930Z - info: Current opened pages, from most-to-least recent:
2021-08-09T16:10:03.930Z - info: 1. se-book-adapted/chapters/cppToJava
2021-08-09T16:10:04.950Z - info: Rebuilding 1 pages
2021-08-09T16:10:06.995Z - info: Site data built
2021-08-09T16:10:06.995Z - info: Pages rebuilt
2021-08-09T16:10:06.996Z - info: Website regeneration complete! Total build time: 2.049s
2021-08-09T16:11:10.459Z - info: [12:11:10 am] Reload for file change: C:\repos\nus-cs2103\cs2103-website-base\book\cppToJava\gettingStarted\running\q-runHelloWorld.md
2021-08-09T16:11:10.459Z - info: Synchronizing opened pages list before reload
2021-08-09T16:11:10.459Z - info: Current opened pages, from most-to-least recent:
2021-08-09T16:11:10.459Z - info: 1. se-book-adapted/chapters/cppToJava
2021-08-09T16:11:11.471Z - info: Rebuilding 1 pages
2021-08-09T16:11:13.884Z - info: Site data built
2021-08-09T16:11:13.884Z - info: Pages rebuilt
2021-08-09T16:11:13.884Z - info: Website regeneration complete! Total build time: 2.414s
2021-08-09T16:15:00.943Z - info: Building C:\repos\nus-cs2103\cs2103-website-base\schedule\week1\index as some of its dependencies were changed since the last visit
2021-08-09T16:15:01.640Z - info: Site data built
2021-08-09T16:15:01.640Z - info: Lazy website regeneration complete! Total build time: 0.697s
2021-08-09T16:15:05.066Z - info: Building C:\repos\nus-cs2103\cs2103-website-base\schedule\week1\topics as some of its dependencies were changed since the last visit
2021-08-09T16:15:06.561Z - info: Site data built
2021-08-09T16:15:06.562Z - info: Lazy website regeneration complete! Total build time: 1.495s
2021-08-09T16:40:07.587Z - info: Website generation started at 12:40:05 am
2021-08-09T16:40:13.693Z - info: Building assets...
2021-08-09T16:40:19.129Z - info: Assets built
2021-08-09T16:40:19.130Z - info: Generating pages...
2021-08-09T16:40:29.329Z - debug:  
2021-08-09T16:40:29.329Z - debug:  
2021-08-09T16:40:29.329Z - debug:  
2021-08-09T16:40:29.329Z - debug:  
2021-08-09T16:40:29.329Z - debug:  
2021-08-09T16:41:00.519Z - debug:  
2021-08-09T16:41:45.205Z - info: Pages built
2021-08-09T16:41:45.984Z - info: Site data built
2021-08-09T16:41:45.985Z - info: Website generation complete! Total build time: 100.127s
2021-08-09T16:41:45.985Z - info: Build success!
2021-08-09T16:41:57.974Z - info: Deployed at https://nus-tic2002-2021.github.io/website!
2021-08-09T17:59:48.793Z - info: Website generation started at 1:59:44 am
2021-08-09T17:59:53.370Z - info: Building assets...
2021-08-09T17:59:57.449Z - info: Assets built
2021-08-09T17:59:57.449Z - info: Generating pages...
2021-08-09T18:00:06.776Z - debug:  
2021-08-09T18:00:06.801Z - debug:  
2021-08-09T18:00:06.801Z - debug:  
2021-08-09T18:00:06.801Z - debug:  
2021-08-09T18:00:06.801Z - debug:  
2021-08-09T18:00:06.801Z - debug:  
2021-08-09T18:01:47.661Z - debug:  
2021-08-09T18:01:58.211Z - debug:  
2021-08-09T18:01:58.211Z - debug:  
2021-08-09T18:02:03.999Z - info: Pages built
2021-08-09T18:02:04.781Z - info: Site data built
2021-08-09T18:02:04.781Z - info: Website generation complete! Total build time: 140.417s
2021-08-09T18:02:04.781Z - info: Build success!
2021-08-09T18:02:15.605Z - info: Deployed at https://nus-cs2103-ay2122s1.github.io/website!
2021-08-10T05:08:56.458Z - info: Website generation (lazy) started at 1:08:51 pm
2021-08-10T05:09:02.287Z - info: Building assets...
2021-08-10T05:09:07.867Z - info: Assets built
2021-08-10T05:09:07.867Z - info: Generating landing page...
2021-08-10T05:09:08.815Z - info: Landing page built, other pages will be built as you navigate to them!
2021-08-10T05:09:09.708Z - info: Site data built
2021-08-10T05:09:09.709Z - info: Website generation (lazy) complete! Total build time: 18.373s
2021-08-10T05:09:10.558Z - info: Serving "C:\repos\nus-cs2103\cs2103-website-base\_site" at http://127.0.0.1:8080
2021-08-10T05:09:10.558Z - info: Press CTRL+C to stop ...
2021-08-10T05:10:27.263Z - info: Building C:\repos\nus-cs2103\cs2103-website-base\admin\lectures as some of its dependencies were changed since the last visit
2021-08-10T05:10:27.654Z - info: Site data built
2021-08-10T05:10:27.654Z - info: Lazy website regeneration complete! Total build time: 0.393s
2021-08-10T05:10:57.495Z - info: [1:10:57 pm] Reload for file change: C:\repos\nus-cs2103\cs2103-website-base\_module-CS2103\timetables.mbdf
2021-08-10T05:10:57.495Z - info: Synchronizing opened pages list before reload
2021-08-10T05:10:57.495Z - info: Current opened pages, from most-to-least recent:
2021-08-10T05:10:57.496Z - info: 1. admin/lectures
2021-08-10T05:10:58.503Z - info: Rebuilding 1 pages
2021-08-10T05:10:58.753Z - info: Site data built
2021-08-10T05:10:58.753Z - info: Pages rebuilt
2021-08-10T05:10:58.753Z - info: Website regeneration complete! Total build time: 0.253s
2021-08-10T05:13:26.723Z - info: Website generation started at 1:13:24 pm
2021-08-10T05:13:32.095Z - info: Building assets...
2021-08-10T05:13:35.899Z - info: Assets built
2021-08-10T05:13:35.899Z - info: Generating pages...
2021-08-10T05:13:44.341Z - debug:  
2021-08-10T05:13:44.342Z - debug:  
2021-08-10T05:13:44.344Z - debug:  
2021-08-10T05:13:44.345Z - debug:  
2021-08-10T05:13:44.345Z - debug:  
2021-08-10T05:13:44.345Z - debug:  
2021-08-10T05:15:29.783Z - debug:  
2021-08-10T05:15:40.625Z - debug:  
2021-08-10T05:15:40.625Z - debug:  
2021-08-10T05:15:46.785Z - info: Pages built
2021-08-10T05:15:47.535Z - info: Site data built
2021-08-10T05:15:47.536Z - info: Website generation complete! Total build time: 142.836s
2021-08-10T05:15:47.536Z - info: Build success!
2021-08-10T05:15:58.737Z - info: Deployed at https://nus-cs2103-ay2122s1.github.io/website!
2021-08-10T12:38:44.897Z - info: Website generation (lazy) started at 8:38:40 pm
2021-08-10T12:38:49.792Z - info: Building assets...
2021-08-10T12:38:54.355Z - info: Assets built
2021-08-10T12:38:54.356Z - info: Generating landing page...
2021-08-10T12:38:56.184Z - info: Landing page built, other pages will be built as you navigate to them!
2021-08-10T12:38:56.965Z - info: Site data built
2021-08-10T12:38:56.965Z - info: Website generation (lazy) complete! Total build time: 16.464s
2021-08-10T12:38:57.771Z - info: Serving "C:\repos\nus-cs2103\cs2103-website-base\_site" at http://127.0.0.1:8080
2021-08-10T12:38:57.771Z - info: Press CTRL+C to stop ...
2021-08-10T12:43:44.750Z - info: [8:43:44 pm] Reload for file change: C:\repos\nus-cs2103\cs2103-website-base\common\macros.njk
2021-08-10T12:43:44.751Z - info: Synchronizing opened pages list before reload
2021-08-10T12:43:44.751Z - info: Current opened pages, from most-to-least recent:
2021-08-10T12:43:44.751Z - info: 1. index
2021-08-10T12:43:45.941Z - info: Rebuilding 1 pages
2021-08-10T12:43:47.296Z - info: Site data built
2021-08-10T12:43:47.297Z - info: Pages rebuilt
2021-08-10T12:43:47.297Z - info: Website regeneration complete! Total build time: 1.357s
2021-08-10T12:45:26.028Z - info: [8:45:26 pm] Reload for file change: C:\repos\nus-cs2103\cs2103-website-base\schedule\week2\admin-tic2002.mbdf
2021-08-10T12:45:26.029Z - info: Synchronizing opened pages list before reload
2021-08-10T12:45:26.029Z - info: Current opened pages, from most-to-least recent:
2021-08-10T12:45:26.029Z - info: 1. index
2021-08-10T12:45:27.061Z - info: Assets built
2021-08-10T12:45:30.074Z - info: Building C:\repos\nus-cs2103\cs2103-website-base\schedule\week2\index as some of its dependencies were changed since the last visit
2021-08-10T12:45:30.798Z - info: Site data built
2021-08-10T12:45:30.799Z - info: Lazy website regeneration complete! Total build time: 0.726s
2021-08-10T12:45:37.347Z - info: Building C:\repos\nus-cs2103\cs2103-website-base\schedule\week2\admin as some of its dependencies were changed since the last visit
2021-08-10T12:45:37.557Z - info: Site data built
2021-08-10T12:45:37.557Z - info: Lazy website regeneration complete! Total build time: 0.21s
2021-08-10T12:45:50.143Z - info: [8:45:50 pm] Reload for file change: C:\repos\nus-cs2103\cs2103-website-base\schedule\week2\admin-tic2002.mbdf
2021-08-10T12:45:50.143Z - info: Synchronizing opened pages list before reload
2021-08-10T12:45:50.143Z - info: Current opened pages, from most-to-least recent:
2021-08-10T12:45:50.144Z - info: 1. schedule/week2/admin
2021-08-10T12:45:51.149Z - info: Rebuilding 1 pages
2021-08-10T12:45:51.315Z - info: Site data built
2021-08-10T12:45:51.315Z - info: Pages rebuilt
2021-08-10T12:45:51.316Z - info: Website regeneration complete! Total build time: 0.168s
2021-08-10T12:46:13.101Z - info: Website generation started at 8:46:11 pm
2021-08-10T12:46:18.121Z - info: Building assets...
2021-08-10T12:46:23.192Z - info: Assets built
2021-08-10T12:46:23.192Z - info: Generating pages...
2021-08-10T12:46:32.575Z - debug:  
2021-08-10T12:46:32.575Z - debug:  
2021-08-10T12:46:32.575Z - debug:  
2021-08-10T12:46:32.576Z - debug:  
2021-08-10T12:46:32.576Z - debug:  
2021-08-10T12:47:02.718Z - debug:  
2021-08-10T12:47:46.290Z - info: Pages built
2021-08-10T12:47:47.123Z - info: Site data built
2021-08-10T12:47:47.123Z - info: Website generation complete! Total build time: 95.882s
2021-08-10T12:47:47.123Z - info: Build success!
2021-08-10T12:47:57.752Z - info: Deployed at https://nus-tic2002-2021.github.io/website!
2021-08-10T15:30:33.231Z - info: Website generation (lazy) started at 11:30:28 pm
2021-08-10T15:30:38.305Z - info: Building assets...
2021-08-10T15:30:42.297Z - info: Assets built
2021-08-10T15:30:42.298Z - info: Generating landing page...
2021-08-10T15:30:44.133Z - info: Landing page built, other pages will be built as you navigate to them!
2021-08-10T15:30:45.114Z - info: Site data built
2021-08-10T15:30:45.115Z - info: Website generation (lazy) complete! Total build time: 16.619s
2021-08-10T15:30:46.059Z - info: Serving "C:\repos\nus-cs2103\cs2103-website-base\_site" at http://127.0.0.1:8080
2021-08-10T15:30:46.059Z - info: Press CTRL+C to stop ...
