2021-09-09T12:41:24.538Z - info: Website generation (lazy) started at 8:41:18 pm
2021-09-09T12:41:29.698Z - info: Building assets...
2021-09-09T12:41:34.292Z - info: Assets built
2021-09-09T12:41:34.293Z - info: Generating landing page...
2021-09-09T12:41:35.852Z - info: Landing page built, other pages will be built as you navigate to them!
2021-09-09T12:41:36.996Z - info: Site data built
2021-09-09T12:41:36.997Z - info: Website generation (lazy) complete! Total build time: 18.561s
2021-09-09T12:41:37.856Z - info: Serving "C:\repos\nus-cs2103\cs2103-website-base\_site" at http://127.0.0.1:8080
2021-09-09T12:41:37.856Z - info: Press CTRL+C to stop ...
2021-09-09T12:41:55.897Z - info: Building C:\repos\nus-cs2103\cs2103-website-base\schedule\week5\project as some of its dependencies were changed since the last visit
2021-09-09T12:41:57.582Z - info: Site data built
2021-09-09T12:41:57.583Z - info: Lazy website regeneration complete! Total build time: 1.686s
2021-09-09T12:44:21.992Z - info: [8:44:21 pm] Reload for file change: C:\repos\nus-cs2103\cs2103-website-base\admin\tp-tasks.mbdf
2021-09-09T12:44:21.992Z - info: Synchronizing opened pages list before reload
2021-09-09T12:44:21.993Z - info: Current opened pages, from most-to-least recent:
2021-09-09T12:44:21.993Z - info: 1. schedule/week5/project
2021-09-09T12:44:23.005Z - info: Rebuilding 1 pages
2021-09-09T12:44:24.556Z - info: Site data built
2021-09-09T12:44:24.556Z - info: Pages rebuilt
2021-09-09T12:44:24.556Z - info: Website regeneration complete! Total build time: 1.553s
2021-09-09T12:44:54.907Z - info: [8:44:54 pm] Reload for file change: C:\repos\nus-cs2103\cs2103-website-base\admin\tp-tasks.mbdf
2021-09-09T12:44:54.907Z - info: Synchronizing opened pages list before reload
2021-09-09T12:44:54.908Z - info: Current opened pages, from most-to-least recent:
2021-09-09T12:44:54.908Z - info: 1. schedule/week5/project
2021-09-09T12:44:55.932Z - info: Rebuilding 1 pages
2021-09-09T12:44:57.450Z - info: Site data built
2021-09-09T12:44:57.450Z - info: Pages rebuilt
2021-09-09T12:44:57.450Z - info: Website regeneration complete! Total build time: 1.522s
2021-09-09T12:45:14.659Z - info: [8:45:14 pm] Reload for file change: C:\repos\nus-cs2103\cs2103-website-base\admin\tp-tasks.mbdf
2021-09-09T12:45:14.659Z - info: Synchronizing opened pages list before reload
2021-09-09T12:45:14.660Z - info: Current opened pages, from most-to-least recent:
2021-09-09T12:45:14.660Z - info: 1. schedule/week5/project
2021-09-09T12:45:15.672Z - info: Rebuilding 1 pages
2021-09-09T12:45:17.191Z - info: Site data built
2021-09-09T12:45:17.191Z - info: Pages rebuilt
2021-09-09T12:45:17.191Z - info: Website regeneration complete! Total build time: 1.522s
2021-09-09T12:51:45.444Z - info: Website generation started at 8:51:43 pm
2021-09-09T12:51:50.471Z - info: Building assets...
2021-09-09T12:51:54.811Z - info: Assets built
2021-09-09T12:51:54.812Z - info: Generating pages...
2021-09-09T12:52:03.614Z - debug:  
2021-09-09T12:52:03.615Z - debug:  
2021-09-09T12:52:03.616Z - debug:  
2021-09-09T12:52:03.616Z - debug:  
2021-09-09T12:52:03.616Z - debug:  
2021-09-09T12:52:03.616Z - debug:  
2021-09-09T12:53:55.617Z - debug:  
2021-09-09T12:54:07.142Z - debug:  
2021-09-09T12:54:07.217Z - debug:  
2021-09-09T12:54:14.837Z - info: Pages built
2021-09-09T12:54:15.644Z - info: Site data built
2021-09-09T12:54:15.644Z - info: Website generation complete! Total build time: 151.98s
2021-09-09T12:54:15.644Z - info: Build success!
2021-09-09T12:54:28.272Z - info: Deployed at https://nus-cs2103-ay2122s1.github.io/website!
2021-09-09T12:56:37.742Z - info: Website generation (lazy) started at 8:56:32 pm
2021-09-09T12:56:43.545Z - info: Building assets...
2021-09-09T12:56:47.824Z - info: Assets built
2021-09-09T12:56:47.826Z - info: Generating landing page...
2021-09-09T12:56:49.566Z - info: Landing page built, other pages will be built as you navigate to them!
2021-09-09T12:56:50.368Z - info: Site data built
2021-09-09T12:56:50.368Z - info: Website generation (lazy) complete! Total build time: 17.478s
2021-09-09T12:56:51.190Z - info: Serving "C:\repos\nus-cs2103\cs2103-website-base\_site" at http://127.0.0.1:8080
2021-09-09T12:56:51.190Z - info: Press CTRL+C to stop ...
2021-09-09T12:58:35.146Z - info: Website generation started at 8:58:31 pm
2021-09-09T12:58:41.067Z - info: Building assets...
2021-09-09T12:58:45.100Z - info: Assets built
2021-09-09T12:58:45.101Z - info: Generating pages...
2021-09-09T12:58:52.408Z - debug:  
2021-09-09T12:58:52.409Z - debug:  
2021-09-09T12:58:57.801Z - debug:  
2021-09-09T12:58:57.801Z - debug:  
2021-09-09T12:59:13.648Z - debug:  
2021-09-09T12:59:29.434Z - debug:  
2021-09-09T13:00:13.287Z - info: Pages built
2021-09-09T13:00:14.120Z - info: Site data built
2021-09-09T13:00:14.120Z - info: Website generation complete! Total build time: 102.459s
2021-09-09T13:00:14.959Z - info: Serving "C:\repos\nus-cs2103\cs2103-website-base\_site" at http://127.0.0.1:8080
2021-09-09T13:00:14.959Z - info: Press CTRL+C to stop ...
2021-09-09T13:01:34.385Z - info: Website generation (lazy) started at 9:01:30 pm
2021-09-09T13:01:39.465Z - info: Building assets...
2021-09-09T13:01:45.105Z - info: Assets built
2021-09-09T13:01:45.106Z - info: Generating landing page...
2021-09-09T13:01:46.855Z - info: Landing page built, other pages will be built as you navigate to them!
2021-09-09T13:01:47.412Z - info: Site data built
2021-09-09T13:01:47.412Z - info: Website generation (lazy) complete! Total build time: 17.129s
2021-09-09T13:01:48.234Z - info: Serving "C:\repos\nus-cs2103\cs2103-website-base\_site" at http://127.0.0.1:8080
2021-09-09T13:01:48.234Z - info: Press CTRL+C to stop ...
2021-09-09T13:02:35.628Z - info: [9:02:35 pm] Reload for file change: C:\repos\nus-cs2103\cs2103-website-base\_markbind\variables.md
2021-09-09T13:02:35.628Z - info: Synchronizing opened pages list before reload
2021-09-09T13:02:35.629Z - info: Current opened pages, from most-to-least recent:
2021-09-09T13:02:35.630Z - info: 1. index
2021-09-09T13:02:36.757Z - warn: Rebuilding all pages as variables file was changed, or the --force-reload flag was set
2021-09-09T13:02:36.763Z - info: Rebuilding 1 pages
2021-09-09T13:02:37.312Z - info: Site data built
2021-09-09T13:02:37.312Z - info: Pages rebuilt
2021-09-09T13:02:37.312Z - info: Website regeneration complete! Total build time: 0.669s
2021-09-09T13:03:43.284Z - info: Website generation (lazy) started at 9:03:41 pm
2021-09-09T13:03:48.819Z - info: Building assets...
2021-09-09T13:03:53.434Z - info: Assets built
2021-09-09T13:03:53.434Z - info: Generating landing page...
2021-09-09T13:03:54.126Z - info: Landing page built, other pages will be built as you navigate to them!
2021-09-09T13:03:54.799Z - info: Site data built
2021-09-09T13:03:54.799Z - info: Website generation (lazy) complete! Total build time: 13.712s
2021-09-09T13:03:55.705Z - info: Serving "C:\repos\nus-cs2103\cs2103-website-base\_site" at http://127.0.0.1:8080
2021-09-09T13:03:55.705Z - info: Press CTRL+C to stop ...
2021-09-09T13:04:33.141Z - info: [9:04:33 pm] Reload for file change: C:\repos\nus-cs2103\cs2103-website-base\_markbind\variables.md
2021-09-09T13:04:33.144Z - info: Synchronizing opened pages list before reload
2021-09-09T13:04:33.145Z - info: Current opened pages, from most-to-least recent:
2021-09-09T13:04:33.145Z - info: 1. index
2021-09-09T13:04:34.279Z - warn: Rebuilding all pages as variables file was changed, or the --force-reload flag was set
2021-09-09T13:04:34.285Z - info: Rebuilding 1 pages
2021-09-09T13:04:35.328Z - info: Site data built
2021-09-09T13:04:35.329Z - info: Pages rebuilt
2021-09-09T13:04:35.329Z - info: Website regeneration complete! Total build time: 1.178s
