2021-07-05T13:47:43.107Z - info: Website generation (lazy) started at 9:47:43 pm
2021-07-05T13:47:47.766Z - info: Building assets...
2021-07-05T13:47:52.575Z - info: Assets built
2021-07-05T13:47:52.575Z - info: Generating landing page...
2021-07-05T13:47:53.422Z - info: Landing page built, other pages will be built as you navigate to them!
2021-07-05T13:47:54.483Z - info: Site data built
2021-07-05T13:47:54.483Z - info: Website generation (lazy) complete! Total build time: 11.421s
2021-07-05T13:47:55.364Z - info: Serving "C:\repos\nus-cs2103\cs2103-website-base\_site" at http://127.0.0.1:8080
2021-07-05T13:47:55.364Z - info: Press CTRL+C to stop ...
2021-07-05T13:50:47.048Z - info: Building C:\repos\nus-cs2103\cs2103-website-base\admin\appendixD-help as some of its dependencies were changed since the last visit
2021-07-05T13:50:47.454Z - info: Site data built
2021-07-05T13:50:47.455Z - info: Lazy website regeneration complete! Total build time: 0.41s
2021-07-05T13:51:28.220Z - info: Building C:\repos\nus-cs2103\cs2103-website-base\admin\tp-expectations as some of its dependencies were changed since the last visit
2021-07-05T13:51:28.743Z - info: Site data built
2021-07-05T13:51:28.744Z - info: Lazy website regeneration complete! Total build time: 0.523s
2021-07-05T13:51:35.721Z - info: Building C:\repos\nus-cs2103\cs2103-website-base\admin\ip-overview as some of its dependencies were changed since the last visit
2021-07-05T13:51:35.946Z - info: Site data built
2021-07-05T13:51:35.946Z - info: Lazy website regeneration complete! Total build time: 0.225s
2021-07-05T13:51:43.480Z - info: Building C:\repos\nus-cs2103\cs2103-website-base\admin\instructors as some of its dependencies were changed since the last visit
2021-07-05T13:51:43.641Z - info: Site data built
2021-07-05T13:51:43.641Z - info: Lazy website regeneration complete! Total build time: 0.161s
2021-07-05T14:42:28.978Z - info: [10:42:28 pm] Reload for file change: C:\repos\nus-cs2103\cs2103-website-base\common\macros.njk
2021-07-05T14:42:28.979Z - info: Synchronizing opened pages list before reload
2021-07-05T14:42:28.980Z - info: Current opened pages, from most-to-least recent:
2021-07-05T14:42:28.980Z - info: 1. admin/instructors
2021-07-05T14:42:30.279Z - info: Rebuilding 1 pages
2021-07-05T14:42:30.460Z - info: Site data built
2021-07-05T14:42:30.461Z - info: Pages rebuilt
2021-07-05T14:42:30.461Z - info: Website regeneration complete! Total build time: 0.183s
2021-07-05T14:44:38.592Z - info: [10:44:38 pm] Reload for file change: C:\repos\nus-cs2103\cs2103-website-base\common\macros.njk
2021-07-05T14:44:38.592Z - info: Synchronizing opened pages list before reload
2021-07-05T14:44:38.592Z - info: Current opened pages, from most-to-least recent:
2021-07-05T14:44:38.593Z - info: 1. admin/instructors
2021-07-05T14:44:39.770Z - info: Rebuilding 1 pages
2021-07-05T14:44:39.875Z - info: Site data built
2021-07-05T14:44:39.876Z - info: Pages rebuilt
2021-07-05T14:44:39.876Z - info: Website regeneration complete! Total build time: 0.107s
2021-07-05T14:52:24.239Z - info: Website generation started at 10:52:22 pm
2021-07-05T14:52:28.338Z - info: Building assets...
2021-07-05T14:52:32.854Z - info: Assets built
2021-07-05T14:52:32.855Z - info: Generating pages...
2021-07-05T14:52:39.541Z - debug:  
2021-07-05T14:52:39.542Z - debug:  
2021-07-05T14:52:39.547Z - debug:  
2021-07-05T14:52:39.548Z - debug:  
2021-07-05T14:52:41.303Z - debug:  
2021-07-05T14:52:41.307Z - debug:  
2021-07-05T14:54:24.072Z - debug:  
2021-07-05T14:54:33.916Z - debug:  
2021-07-05T14:54:33.916Z - debug:  
2021-07-05T14:54:39.214Z - info: Pages built
2021-07-05T14:54:39.968Z - info: Site data built
2021-07-05T14:54:39.968Z - info: Website generation complete! Total build time: 137.186s
2021-07-05T14:54:39.968Z - info: Build success!
2021-07-05T14:54:51.651Z - info: Deployed at https://nus-cs2103-ay2021s2.github.io/website!
2021-07-05T15:05:56.804Z - info: Website generation (lazy) started at 11:05:52 pm
2021-07-05T15:06:02.689Z - info: Building assets...
2021-07-05T15:06:07.008Z - info: Assets built
2021-07-05T15:06:07.009Z - info: Generating landing page...
2021-07-05T15:06:07.704Z - info: Landing page built, other pages will be built as you navigate to them!
2021-07-05T15:06:08.537Z - info: Site data built
2021-07-05T15:06:08.537Z - info: Website generation (lazy) complete! Total build time: 16.504s
2021-07-05T15:06:09.343Z - info: Serving "C:\repos\nus-cs2103\cs2103-website-base\_site" at http://127.0.0.1:8080
2021-07-05T15:06:09.343Z - info: Press CTRL+C to stop ...
2021-07-05T15:06:48.497Z - info: Building C:\repos\nus-cs2103\cs2103-website-base\schedule\week1\index as some of its dependencies were changed since the last visit
2021-07-05T15:06:49.506Z - info: Site data built
2021-07-05T15:06:49.507Z - info: Lazy website regeneration complete! Total build time: 1.014s
2021-07-05T15:08:37.894Z - info: [11:08:37 pm] Reload for file change: C:\repos\nus-cs2103\cs2103-website-base\_markbind\layouts\schedule.md
2021-07-05T15:08:37.895Z - info: Synchronizing opened pages list before reload
2021-07-05T15:08:37.896Z - info: Current opened pages, from most-to-least recent:
2021-07-05T15:08:37.897Z - info: 1. schedule/week1/index
2021-07-05T15:08:38.983Z - info: Rebuilding 1 pages
2021-07-05T15:08:39.453Z - info: Site data built
2021-07-05T15:08:39.453Z - info: Pages rebuilt
2021-07-05T15:08:39.454Z - info: Website regeneration complete! Total build time: 0.47s
2021-07-05T15:09:42.636Z - info: [11:09:42 pm] Reload for file change: C:\repos\nus-cs2103\cs2103-website-base\_markbind\layouts\schedule.md
2021-07-05T15:09:42.637Z - info: Synchronizing opened pages list before reload
2021-07-05T15:09:42.637Z - info: Current opened pages, from most-to-least recent:
2021-07-05T15:09:42.637Z - info: 1. schedule/week1/index
2021-07-05T15:09:43.781Z - info: Rebuilding 1 pages
2021-07-05T15:09:44.343Z - info: Site data built
2021-07-05T15:09:44.343Z - info: Pages rebuilt
2021-07-05T15:09:44.343Z - info: Website regeneration complete! Total build time: 0.563s
2021-07-05T15:10:08.052Z - info: [11:10:08 pm] Reload for file change: C:\repos\nus-cs2103\cs2103-website-base\_markbind\layouts\schedule.md
2021-07-05T15:10:08.052Z - info: Synchronizing opened pages list before reload
2021-07-05T15:10:08.052Z - info: Current opened pages, from most-to-least recent:
2021-07-05T15:10:08.053Z - info: 1. schedule/week1/index
2021-07-05T15:10:09.194Z - info: Rebuilding 1 pages
2021-07-05T15:10:09.765Z - info: Site data built
2021-07-05T15:10:09.765Z - info: Pages rebuilt
2021-07-05T15:10:09.765Z - info: Website regeneration complete! Total build time: 0.572s
2021-07-05T15:11:33.680Z - info: [11:11:33 pm] Reload for file change: C:\repos\nus-cs2103\cs2103-website-base\_markbind\layouts\schedule.md
2021-07-05T15:11:33.680Z - info: Synchronizing opened pages list before reload
2021-07-05T15:11:33.680Z - info: Current opened pages, from most-to-least recent:
2021-07-05T15:11:33.680Z - info: 1. schedule/week1/index
2021-07-05T15:11:34.819Z - info: Rebuilding 1 pages
2021-07-05T15:11:35.414Z - info: Site data built
2021-07-05T15:11:35.414Z - info: Pages rebuilt
2021-07-05T15:11:35.414Z - info: Website regeneration complete! Total build time: 0.596s
2021-07-05T15:17:33.889Z - info: Building C:\repos\nus-cs2103\cs2103-website-base\schedule\week1\admin as some of its dependencies were changed since the last visit
2021-07-05T15:17:35.971Z - info: Site data built
2021-07-05T15:17:35.971Z - info: Lazy website regeneration complete! Total build time: 2.082s
2021-07-05T15:17:36.978Z - debug:  
2021-07-05T15:19:10.363Z - info: [11:19:10 pm] Reload for file change: C:\repos\nus-cs2103\cs2103-website-base\schedule\index.md
2021-07-05T15:19:10.363Z - info: Synchronizing opened pages list before reload
2021-07-05T15:19:10.364Z - info: Current opened pages, from most-to-least recent:
2021-07-05T15:19:10.364Z - info: 1. schedule/week1/admin
2021-07-05T15:19:11.369Z - info: Rebuilding 1 pages
2021-07-05T15:19:13.126Z - info: Site data built
2021-07-05T15:19:13.127Z - info: Pages rebuilt
2021-07-05T15:19:13.127Z - info: Website regeneration complete! Total build time: 1.76s
2021-07-05T15:19:14.022Z - debug:  
2021-07-05T15:19:21.072Z - info: [11:19:21 pm] Reload for file change: C:\repos\nus-cs2103\cs2103-website-base\schedule\index.md
2021-07-05T15:19:21.072Z - info: Synchronizing opened pages list before reload
2021-07-05T15:19:21.072Z - info: Current opened pages, from most-to-least recent:
2021-07-05T15:19:21.072Z - info: 1. schedule/week1/admin
2021-07-05T15:19:22.075Z - info: Rebuilding 1 pages
2021-07-05T15:19:23.282Z - info: Site data built
2021-07-05T15:19:23.283Z - info: Pages rebuilt
2021-07-05T15:19:23.283Z - info: Website regeneration complete! Total build time: 1.21s
2021-07-05T15:19:24.575Z - debug:  
2021-07-05T15:19:33.914Z - info: [11:19:33 pm] Reload for file change: C:\repos\nus-cs2103\cs2103-website-base\schedule\index.md
2021-07-05T15:19:33.914Z - info: Synchronizing opened pages list before reload
2021-07-05T15:19:33.914Z - info: Current opened pages, from most-to-least recent:
2021-07-05T15:19:33.914Z - info: 1. schedule/week1/admin
2021-07-05T15:19:34.919Z - info: Rebuilding 1 pages
2021-07-05T15:19:36.251Z - info: Site data built
2021-07-05T15:19:36.251Z - info: Pages rebuilt
2021-07-05T15:19:36.251Z - info: Website regeneration complete! Total build time: 1.334s
2021-07-05T15:19:37.283Z - debug:  
2021-07-05T15:19:41.854Z - info: [11:19:41 pm] Reload for file change: C:\repos\nus-cs2103\cs2103-website-base\schedule\index.md
2021-07-05T15:19:41.854Z - info: Synchronizing opened pages list before reload
2021-07-05T15:19:41.854Z - info: Current opened pages, from most-to-least recent:
2021-07-05T15:19:41.854Z - info: 1. schedule/week1/admin
2021-07-05T15:19:42.864Z - info: Rebuilding 1 pages
2021-07-05T15:19:43.930Z - info: Site data built
2021-07-05T15:19:43.930Z - info: Pages rebuilt
2021-07-05T15:19:43.931Z - info: Website regeneration complete! Total build time: 1.068s
2021-07-05T15:19:45.280Z - debug:  
2021-07-05T15:21:02.470Z - info: [11:21:02 pm] Reload for file change: C:\repos\nus-cs2103\cs2103-website-base\schedule\index.md
2021-07-05T15:21:02.471Z - info: Synchronizing opened pages list before reload
2021-07-05T15:21:02.471Z - info: Current opened pages, from most-to-least recent:
2021-07-05T15:21:02.471Z - info: 1. schedule/week1/admin
2021-07-05T15:21:03.477Z - info: Rebuilding 1 pages
2021-07-05T15:21:05.235Z - info: Site data built
2021-07-05T15:21:05.235Z - info: Pages rebuilt
2021-07-05T15:21:05.235Z - info: Website regeneration complete! Total build time: 1.76s
2021-07-05T15:21:06.163Z - debug:  
2021-07-05T15:21:20.562Z - info: [11:21:20 pm] Reload for file change: C:\repos\nus-cs2103\cs2103-website-base\schedule\index.md
2021-07-05T15:21:20.562Z - info: Synchronizing opened pages list before reload
2021-07-05T15:21:20.562Z - info: Current opened pages, from most-to-least recent:
2021-07-05T15:21:20.562Z - info: 1. schedule/week1/admin
2021-07-05T15:21:21.575Z - info: Rebuilding 1 pages
2021-07-05T15:21:23.013Z - info: Site data built
2021-07-05T15:21:23.013Z - info: Pages rebuilt
2021-07-05T15:21:23.013Z - info: Website regeneration complete! Total build time: 1.44s
2021-07-05T15:21:24.270Z - debug:  
2021-07-05T15:21:40.375Z - info: [11:21:40 pm] Reload for file change: C:\repos\nus-cs2103\cs2103-website-base\schedule\index.md
2021-07-05T15:21:40.376Z - info: Synchronizing opened pages list before reload
2021-07-05T15:21:40.376Z - info: Current opened pages, from most-to-least recent:
2021-07-05T15:21:40.376Z - info: 1. schedule/week1/admin
2021-07-05T15:21:41.383Z - info: Rebuilding 1 pages
2021-07-05T15:21:42.990Z - info: Site data built
2021-07-05T15:21:42.990Z - info: Pages rebuilt
2021-07-05T15:21:42.991Z - info: Website regeneration complete! Total build time: 1.61s
2021-07-05T15:21:43.974Z - debug:  
2021-07-05T15:22:32.491Z - info: [11:22:32 pm] Reload for file change: C:\repos\nus-cs2103\cs2103-website-base\schedule\index.md
2021-07-05T15:22:32.491Z - info: Synchronizing opened pages list before reload
2021-07-05T15:22:32.492Z - info: Current opened pages, from most-to-least recent:
2021-07-05T15:22:32.492Z - info: 1. schedule/week1/admin
2021-07-05T15:22:33.504Z - info: Rebuilding 1 pages
2021-07-05T15:22:35.027Z - info: Site data built
2021-07-05T15:22:35.027Z - info: Pages rebuilt
2021-07-05T15:22:35.027Z - info: Website regeneration complete! Total build time: 1.526s
2021-07-05T15:22:36.284Z - debug:  
2021-07-05T15:33:19.602Z - info: Website generation started at 11:33:17 pm
2021-07-05T15:33:25.378Z - info: Building assets...
2021-07-05T15:33:29.840Z - info: Assets built
2021-07-05T15:33:29.840Z - info: Generating pages...
2021-07-05T15:33:36.827Z - debug:  
2021-07-05T15:33:38.432Z - debug:  
2021-07-05T15:33:38.432Z - debug:  
2021-07-05T15:33:38.432Z - debug:  
2021-07-05T15:33:38.432Z - debug:  
2021-07-05T15:33:38.434Z - debug:  
2021-07-05T15:35:44.556Z - debug:  
2021-07-05T15:35:57.019Z - debug:  
2021-07-05T15:35:57.019Z - debug:  
2021-07-05T15:36:02.959Z - info: Pages built
2021-07-05T15:36:03.841Z - info: Site data built
2021-07-05T15:36:03.842Z - info: Website generation complete! Total build time: 166.451s
2021-07-05T15:36:03.842Z - info: Build success!
2021-07-05T15:36:18.873Z - info: Deployed at https://nus-cs2103-ay2021s2.github.io/website!
