2021-09-25T16:05:47.294Z - info: [12:05:47 am] Reload for file change: C:\repos\nus-cs2103\cs2103-website-base\admin\ip-showcase.md
2021-09-25T16:05:47.307Z - info: Synchronizing opened pages list before reload
2021-09-25T16:05:47.308Z - info: Current opened pages, from most-to-least recent:
2021-09-25T16:05:47.308Z - info: 1. admin/ip-showcase
2021-09-25T16:05:48.327Z - info: Rebuilding 1 pages
2021-09-25T16:05:49.921Z - info: Site data built
2021-09-25T16:05:49.922Z - info: Pages rebuilt
2021-09-25T16:05:49.922Z - info: Website regeneration complete! Total build time: 1.595s
2021-09-25T16:06:00.492Z - info: [12:06:00 am] Reload for file change: C:\repos\nus-cs2103\cs2103-website-base\admin\ip-showcase.md
2021-09-25T16:06:00.492Z - info: Synchronizing opened pages list before reload
2021-09-25T16:06:00.492Z - info: Current opened pages, from most-to-least recent:
2021-09-25T16:06:00.492Z - info: 1. admin/ip-showcase
2021-09-25T16:06:01.501Z - info: Rebuilding 1 pages
2021-09-25T16:06:02.854Z - info: Site data built
2021-09-25T16:06:02.854Z - info: Pages rebuilt
2021-09-25T16:06:02.854Z - info: Website regeneration complete! Total build time: 1.354s
2021-09-25T16:06:20.545Z - info: [12:06:20 am] Reload for file change: C:\repos\nus-cs2103\cs2103-website-base\admin\ip-showcase.md
2021-09-25T16:06:20.546Z - info: Synchronizing opened pages list before reload
2021-09-25T16:06:20.547Z - info: Current opened pages, from most-to-least recent:
2021-09-25T16:06:20.547Z - info: 1. admin/ip-showcase
2021-09-25T16:06:21.561Z - info: Rebuilding 1 pages
2021-09-25T16:06:23.188Z - info: Site data built
2021-09-25T16:06:23.189Z - info: Pages rebuilt
2021-09-25T16:06:23.189Z - info: Website regeneration complete! Total build time: 1.631s
2021-09-25T16:10:49.923Z - info: [12:10:49 am] Reload for file change: C:\repos\nus-cs2103\cs2103-website-base\admin\mid-semester-survey-results.md
2021-09-25T16:10:49.923Z - info: Synchronizing opened pages list before reload
2021-09-25T16:10:49.923Z - info: Current opened pages, from most-to-least recent:
2021-09-25T16:10:49.923Z - info: 1. admin/ip-showcase
2021-09-25T16:10:50.934Z - info: Assets built
2021-09-25T16:11:08.254Z - info: Building C:\repos\nus-cs2103\cs2103-website-base\admin\mid-semester-survey-results as some of its dependencies were changed since the last visit
2021-09-25T16:11:08.627Z - info: Site data built
2021-09-25T16:11:08.627Z - info: Lazy website regeneration complete! Total build time: 0.373s
