2021-10-02T05:08:24.935Z - info: Website generation (lazy) started at 1:08:20 pm
2021-10-02T05:08:30.472Z - info: Building assets...
2021-10-02T05:08:35.012Z - info: Assets built
2021-10-02T05:08:35.013Z - info: Generating landing page...
2021-10-02T05:08:36.389Z - info: Landing page built, other pages will be built as you navigate to them!
2021-10-02T05:08:37.262Z - info: Site data built
2021-10-02T05:08:37.262Z - info: Website generation (lazy) complete! Total build time: 16.551s
2021-10-02T05:08:38.147Z - info: Serving "C:\repos\nus-cs2103\cs2103-website-base\_site" at http://127.0.0.1:8080
2021-10-02T05:08:38.147Z - info: Press CTRL+C to stop ...
2021-10-02T05:18:03.378Z - info: Website generation (lazy) started at 1:18:01 pm
2021-10-02T05:18:08.780Z - info: Building assets...
2021-10-02T05:18:13.265Z - info: Assets built
2021-10-02T05:18:13.265Z - info: Generating landing page...
2021-10-02T05:18:14.416Z - info: Landing page built, other pages will be built as you navigate to them!
2021-10-02T05:18:15.242Z - info: Site data built
2021-10-02T05:18:15.243Z - info: Website generation (lazy) complete! Total build time: 13.639s
2021-10-02T05:18:16.078Z - info: Serving "C:\repos\nus-cs2103\cs2103-website-base\_site" at http://127.0.0.1:8080
2021-10-02T05:18:16.078Z - info: Press CTRL+C to stop ...
2021-10-02T05:29:06.212Z - info: Building C:\repos\nus-cs2103\cs2103-website-base\schedule\week8\project as some of its dependencies were changed since the last visit
2021-10-02T05:29:08.335Z - info: Site data built
2021-10-02T05:29:08.335Z - info: Lazy website regeneration complete! Total build time: 2.124s
2021-10-02T05:37:10.257Z - info: [1:37:10 pm] Reload for file change: C:\repos\nus-cs2103\cs2103-website-base\admin\tp-tasks.mbdf
2021-10-02T05:37:10.258Z - info: Synchronizing opened pages list before reload
2021-10-02T05:37:10.258Z - info: Current opened pages, from most-to-least recent:
2021-10-02T05:37:10.258Z - info: 1. schedule/week8/project
2021-10-02T05:37:11.269Z - info: Rebuilding 1 pages
2021-10-02T05:37:12.711Z - info: Site data built
2021-10-02T05:37:12.712Z - info: Pages rebuilt
2021-10-02T05:37:12.712Z - info: Website regeneration complete! Total build time: 1.446s
2021-10-02T05:41:52.057Z - info: [1:41:52 pm] Reload for file change: C:\repos\nus-cs2103\cs2103-website-base\admin\tp-tasks.mbdf
2021-10-02T05:41:52.057Z - info: Synchronizing opened pages list before reload
2021-10-02T05:41:52.057Z - info: Current opened pages, from most-to-least recent:
2021-10-02T05:41:52.058Z - info: 1. schedule/week8/project
2021-10-02T05:41:53.072Z - info: Rebuilding 1 pages
2021-10-02T05:41:54.464Z - info: Site data built
2021-10-02T05:41:54.464Z - info: Pages rebuilt
2021-10-02T05:41:54.464Z - info: Website regeneration complete! Total build time: 1.395s
2021-10-02T05:43:44.939Z - info: [1:43:44 pm] Reload for file change: C:\repos\nus-cs2103\cs2103-website-base\admin\tp-tasks.mbdf
2021-10-02T05:43:44.939Z - info: Synchronizing opened pages list before reload
2021-10-02T05:43:44.940Z - info: Current opened pages, from most-to-least recent:
2021-10-02T05:43:44.940Z - info: 1. schedule/week8/project
2021-10-02T05:43:45.961Z - info: Rebuilding 1 pages
2021-10-02T05:43:47.340Z - info: Site data built
2021-10-02T05:43:47.340Z - info: Pages rebuilt
2021-10-02T05:43:47.340Z - info: Website regeneration complete! Total build time: 1.382s
2021-10-02T05:44:54.098Z - info: [1:44:54 pm] Reload for file change: C:\repos\nus-cs2103\cs2103-website-base\admin\tp-tasks.mbdf
2021-10-02T05:44:54.098Z - info: Synchronizing opened pages list before reload
2021-10-02T05:44:54.099Z - info: Current opened pages, from most-to-least recent:
2021-10-02T05:44:54.099Z - info: 1. schedule/week8/project
2021-10-02T05:44:55.107Z - info: Rebuilding 1 pages
2021-10-02T05:44:56.349Z - info: Site data built
2021-10-02T05:44:56.350Z - info: Pages rebuilt
2021-10-02T05:44:56.350Z - info: Website regeneration complete! Total build time: 1.243s
2021-10-02T05:45:10.254Z - info: Website generation started at 1:45:08 pm
2021-10-02T05:45:16.271Z - info: Building assets...
2021-10-02T05:45:21.430Z - info: Assets built
2021-10-02T05:45:21.431Z - info: Generating pages...
2021-10-02T05:45:29.656Z - debug:  
2021-10-02T05:45:29.656Z - debug:  
2021-10-02T05:45:29.656Z - debug:  
2021-10-02T05:45:29.657Z - debug:  
2021-10-02T05:45:29.657Z - debug:  
2021-10-02T05:45:29.657Z - debug:  
2021-10-02T05:46:59.633Z - debug:  
2021-10-02T05:47:06.790Z - debug:  
2021-10-02T05:47:06.790Z - debug:  
2021-10-02T05:47:10.439Z - info: Pages built
2021-10-02T05:47:11.247Z - info: Site data built
2021-10-02T05:47:11.248Z - info: Website generation complete! Total build time: 122.917s
2021-10-02T05:47:11.248Z - info: Build success!
2021-10-02T05:47:24.019Z - info: Deployed at https://nus-tic4001-ay2122s1.github.io/website!
2021-10-02T05:56:00.540Z - info: Website generation (lazy) started at 1:55:55 pm
2021-10-02T05:56:06.738Z - info: Building assets...
2021-10-02T05:56:12.754Z - info: Assets built
2021-10-02T05:56:12.754Z - info: Generating landing page...
2021-10-02T05:56:14.229Z - info: Landing page built, other pages will be built as you navigate to them!
2021-10-02T05:56:15.293Z - info: Site data built
2021-10-02T05:56:15.294Z - info: Website generation (lazy) complete! Total build time: 19.546s
2021-10-02T05:56:16.191Z - info: Serving "C:\repos\nus-cs2103\cs2103-website-base\_site" at http://127.0.0.1:8080
2021-10-02T05:56:16.191Z - info: Press CTRL+C to stop ...
2021-10-02T05:56:38.212Z - info: Building C:\repos\nus-cs2103\cs2103-website-base\schedule\week8\project as some of its dependencies were changed since the last visit
2021-10-02T05:56:40.724Z - info: Site data built
2021-10-02T05:56:40.725Z - info: Lazy website regeneration complete! Total build time: 2.513s
2021-10-02T05:58:28.619Z - info: Website generation started at 1:58:26 pm
2021-10-02T05:58:34.678Z - info: Building assets...
