2021-10-20T05:58:04.639Z - info: Website generation (lazy) started at 1:57:56 pm
2021-10-20T05:58:20.228Z - info: Building assets...
2021-10-20T05:58:38.666Z - info: Assets built
2021-10-20T05:58:38.668Z - info: Generating landing page...
2021-10-20T05:58:43.901Z - info: Landing page built, other pages will be built as you navigate to them!
2021-10-20T05:58:47.570Z - info: Site data built
2021-10-20T05:58:47.571Z - info: Website generation (lazy) complete! Total build time: 50.857s
2021-10-20T05:58:50.439Z - info: Serving "C:\repos\nus-cs2103\cs2103-website-base\_site" at http://127.0.0.1:8080
2021-10-20T05:58:50.439Z - info: Press CTRL+C to stop ...
2021-10-20T06:00:14.711Z - info: [2:00:14 pm] Reload for file change: C:\repos\nus-cs2103\cs2103-website-base\admin\tp-grading-bugs.mbdf
2021-10-20T06:00:14.713Z - info: Synchronizing opened pages list before reload
2021-10-20T06:00:14.716Z - info: Current opened pages, from most-to-least recent:
2021-10-20T06:00:14.717Z - info: 1. index
2021-10-20T06:00:15.854Z - info: Assets built
2021-10-20T06:02:56.165Z - info: [2:02:56 pm] Reload for file change: C:\repos\nus-cs2103\cs2103-website-base\admin\tp-tasks.mbdf
2021-10-20T06:02:56.166Z - info: Synchronizing opened pages list before reload
2021-10-20T06:02:56.167Z - info: Current opened pages, from most-to-least recent:
2021-10-20T06:02:56.167Z - info: 1. index
2021-10-20T06:02:57.194Z - info: Rebuilding 1 pages
2021-10-20T06:02:59.657Z - info: Site data built
2021-10-20T06:02:59.659Z - info: Pages rebuilt
2021-10-20T06:02:59.660Z - info: Website regeneration complete! Total build time: 2.468s
2021-10-20T06:03:00.455Z - info: Building C:\repos\nus-cs2103\cs2103-website-base\schedule\week10\project as some of its dependencies were changed since the last visit
2021-10-20T06:03:03.610Z - info: Site data built
2021-10-20T06:03:03.611Z - info: Lazy website regeneration complete! Total build time: 3.156s
2021-10-20T06:04:50.539Z - info: [2:04:50 pm] Reload for file change: C:\repos\nus-cs2103\cs2103-website-base\admin\tp-tasks.mbdf
2021-10-20T06:04:50.540Z - info: Synchronizing opened pages list before reload
2021-10-20T06:04:50.541Z - info: Current opened pages, from most-to-least recent:
2021-10-20T06:04:50.542Z - info: 1. schedule/week10/project
2021-10-20T06:04:51.564Z - info: Rebuilding 1 pages
2021-10-20T06:04:54.951Z - info: Site data built
2021-10-20T06:04:54.952Z - info: Pages rebuilt
2021-10-20T06:04:54.953Z - info: Website regeneration complete! Total build time: 3.39s
2021-10-20T06:06:25.944Z - info: [2:06:25 pm] Reload for file change: C:\repos\nus-cs2103\cs2103-website-base\admin\tp-tasks.mbdf
2021-10-20T06:06:25.945Z - info: Synchronizing opened pages list before reload
2021-10-20T06:06:25.946Z - info: Current opened pages, from most-to-least recent:
2021-10-20T06:06:25.947Z - info: 1. schedule/week10/project
2021-10-20T06:06:27.014Z - info: Rebuilding 1 pages
2021-10-20T06:06:31.257Z - info: Site data built
2021-10-20T06:06:31.258Z - info: Pages rebuilt
2021-10-20T06:06:31.259Z - info: Website regeneration complete! Total build time: 4.247s
2021-10-20T06:06:33.907Z - info: [2:06:33 pm] Reload for file change: C:\repos\nus-cs2103\cs2103-website-base\admin\tp-tasks.mbdf
2021-10-20T06:06:33.907Z - info: Synchronizing opened pages list before reload
2021-10-20T06:06:33.907Z - info: Current opened pages, from most-to-least recent:
2021-10-20T06:06:33.908Z - info: 1. schedule/week10/project
2021-10-20T06:06:34.921Z - info: Rebuilding 1 pages
2021-10-20T06:06:37.419Z - info: Site data built
2021-10-20T06:06:37.420Z - info: Pages rebuilt
2021-10-20T06:06:37.420Z - info: Website regeneration complete! Total build time: 2.502s
2021-10-20T06:07:04.595Z - info: [2:07:04 pm] Reload for file change: C:\repos\nus-cs2103\cs2103-website-base\admin\tp-grading-bugs.mbdf
2021-10-20T06:07:04.596Z - info: Synchronizing opened pages list before reload
2021-10-20T06:07:04.596Z - info: Current opened pages, from most-to-least recent:
2021-10-20T06:07:04.596Z - info: 1. schedule/week10/project
2021-10-20T06:07:05.609Z - info: Rebuilding 1 pages
2021-10-20T06:07:08.745Z - info: Site data built
2021-10-20T06:07:08.745Z - info: Pages rebuilt
2021-10-20T06:07:08.746Z - info: Website regeneration complete! Total build time: 3.139s
2021-10-20T06:07:57.376Z - info: [2:07:57 pm] Reload for file change: C:\repos\nus-cs2103\cs2103-website-base\admin\tp-grading-bugs.mbdf
2021-10-20T06:07:57.377Z - info: Synchronizing opened pages list before reload
2021-10-20T06:07:57.378Z - info: Current opened pages, from most-to-least recent:
2021-10-20T06:07:57.378Z - info: 1. schedule/week10/project
2021-10-20T06:07:58.412Z - info: Rebuilding 1 pages
2021-10-20T06:08:01.413Z - info: Site data built
2021-10-20T06:08:01.414Z - info: Pages rebuilt
2021-10-20T06:08:01.414Z - info: Website regeneration complete! Total build time: 3.004s
2021-10-20T06:08:06.362Z - info: Building C:\repos\nus-cs2103\cs2103-website-base\admin\tp-constraints as some of its dependencies were changed since the last visit
2021-10-20T06:08:07.070Z - info: Site data built
2021-10-20T06:08:07.071Z - info: Lazy website regeneration complete! Total build time: 0.708s
2021-10-20T06:09:07.206Z - info: [2:09:07 pm] Reload for file change: C:\repos\nus-cs2103\cs2103-website-base\admin\tp-tasks.mbdf
2021-10-20T06:09:07.207Z - info: Synchronizing opened pages list before reload
2021-10-20T06:09:07.208Z - info: Current opened pages, from most-to-least recent:
2021-10-20T06:09:07.208Z - info: 1. schedule/week10/project
2021-10-20T06:09:08.212Z - info: Rebuilding 1 pages
2021-10-20T06:09:11.002Z - info: Site data built
2021-10-20T06:09:11.002Z - info: Pages rebuilt
2021-10-20T06:09:11.003Z - info: Website regeneration complete! Total build time: 2.792s
2021-10-20T06:09:30.133Z - info: Building C:\repos\nus-cs2103\cs2103-website-base\admin\tp-grading as some of its dependencies were changed since the last visit
2021-10-20T06:09:31.471Z - info: Site data built
2021-10-20T06:09:31.472Z - info: Lazy website regeneration complete! Total build time: 1.338s
2021-10-20T06:12:02.874Z - info: Website generation started at 2:11:57 pm
2021-10-20T06:12:13.456Z - info: Building assets...
2021-10-20T06:12:23.348Z - info: Assets built
2021-10-20T06:12:23.348Z - info: Generating pages...
2021-10-20T06:12:41.686Z - debug:  
2021-10-20T06:12:46.195Z - debug:  
2021-10-20T06:12:46.195Z - debug:  
2021-10-20T06:12:46.196Z - debug:  
2021-10-20T06:12:46.197Z - debug:  
2021-10-20T06:12:46.202Z - debug:  
2021-10-20T06:18:45.368Z - debug:  
2021-10-20T06:19:05.963Z - debug:  
2021-10-20T06:19:05.978Z - debug:  
2021-10-20T06:19:21.162Z - info: Pages built
2021-10-20T06:19:22.702Z - info: Site data built
2021-10-20T06:19:22.703Z - info: Website generation complete! Total build time: 445.258s
2021-10-20T06:19:22.703Z - info: Build success!
2021-10-20T06:19:43.384Z - info: Deployed at https://nus-cs2103-ay2122s1.github.io/website!
2021-10-20T06:28:12.949Z - info: Website generation (lazy) started at 2:28:07 pm
2021-10-20T06:28:18.830Z - info: Building assets...
2021-10-20T06:28:24.169Z - info: Assets built
2021-10-20T06:28:24.170Z - info: Generating landing page...
2021-10-20T06:28:25.626Z - info: Landing page built, other pages will be built as you navigate to them!
2021-10-20T06:28:26.557Z - info: Site data built
2021-10-20T06:28:26.557Z - info: Website generation (lazy) complete! Total build time: 18.593s
2021-10-20T06:28:27.421Z - info: Serving "C:\repos\nus-cs2103\cs2103-website-base\_site" at http://127.0.0.1:8080
2021-10-20T06:28:27.421Z - info: Press CTRL+C to stop ...
2021-10-20T06:29:15.545Z - info: Building C:\repos\nus-cs2103\cs2103-website-base\schedule\week11\index as some of its dependencies were changed since the last visit
2021-10-20T06:29:17.144Z - info: Site data built
2021-10-20T06:29:17.144Z - info: Lazy website regeneration complete! Total build time: 1.6s
2021-10-20T06:30:12.012Z - info: Building C:\repos\nus-cs2103\cs2103-website-base\schedule\week11\admin as some of its dependencies were changed since the last visit
2021-10-20T06:30:12.406Z - info: Site data built
2021-10-20T06:30:12.407Z - info: Lazy website regeneration complete! Total build time: 0.395s
2021-10-20T07:19:44.858Z - info: [3:19:44 pm] Reload for file change: C:\repos\nus-cs2103\cs2103-website-base\_module-CS2103\weeklyAdminTasks.mbdf
2021-10-20T07:19:44.862Z - info: Synchronizing opened pages list before reload
2021-10-20T07:19:44.863Z - info: Current opened pages, from most-to-least recent:
2021-10-20T07:19:44.864Z - info: 1. schedule/week11/admin
2021-10-20T07:19:45.871Z - info: Rebuilding 1 pages
2021-10-20T07:19:46.474Z - info: Site data built
2021-10-20T07:19:46.474Z - info: Pages rebuilt
2021-10-20T07:19:46.474Z - info: Website regeneration complete! Total build time: 0.605s
2021-10-20T07:20:12.822Z - info: [3:20:12 pm] Reload for file change: C:\repos\nus-cs2103\cs2103-website-base\_module-CS2103\weeklyAdminTasks.mbdf
2021-10-20T07:20:12.823Z - info: Synchronizing opened pages list before reload
2021-10-20T07:20:12.823Z - info: Current opened pages, from most-to-least recent:
2021-10-20T07:20:12.823Z - info: 1. schedule/week11/admin
2021-10-20T07:20:13.835Z - info: Rebuilding 1 pages
2021-10-20T07:20:14.271Z - info: Site data built
2021-10-20T07:20:14.271Z - info: Pages rebuilt
2021-10-20T07:20:14.271Z - info: Website regeneration complete! Total build time: 0.437s
2021-10-20T07:20:36.946Z - info: [3:20:36 pm] Reload for file change: C:\repos\nus-cs2103\cs2103-website-base\_module-CS2103\weeklyAdminTasks.mbdf
2021-10-20T07:20:36.946Z - info: Synchronizing opened pages list before reload
2021-10-20T07:20:36.946Z - info: Current opened pages, from most-to-least recent:
2021-10-20T07:20:36.946Z - info: 1. schedule/week11/admin
2021-10-20T07:20:37.952Z - info: Rebuilding 1 pages
2021-10-20T07:20:38.286Z - info: Site data built
2021-10-20T07:20:38.286Z - info: Pages rebuilt
2021-10-20T07:20:38.286Z - info: Website regeneration complete! Total build time: 0.334s
2021-10-20T07:21:17.576Z - info: [3:21:17 pm] Reload for file change: C:\repos\nus-cs2103\cs2103-website-base\_module-CS2103\weeklyAdminTasks.mbdf
2021-10-20T07:21:17.577Z - info: Synchronizing opened pages list before reload
2021-10-20T07:21:17.577Z - info: Current opened pages, from most-to-least recent:
2021-10-20T07:21:17.577Z - info: 1. schedule/week11/admin
2021-10-20T07:21:18.593Z - info: Rebuilding 1 pages
2021-10-20T07:21:18.903Z - info: Site data built
2021-10-20T07:21:18.903Z - info: Pages rebuilt
2021-10-20T07:21:18.903Z - info: Website regeneration complete! Total build time: 0.311s
2021-10-20T07:22:19.844Z - info: [3:22:19 pm] Reload for file change: C:\repos\nus-cs2103\cs2103-website-base\_module-CS2103\weeklyAdminTasks.mbdf
2021-10-20T07:22:19.844Z - info: Synchronizing opened pages list before reload
2021-10-20T07:22:19.845Z - info: Current opened pages, from most-to-least recent:
2021-10-20T07:22:19.845Z - info: 1. schedule/week11/admin
2021-10-20T07:22:20.856Z - info: Rebuilding 1 pages
2021-10-20T07:22:21.167Z - info: Site data built
2021-10-20T07:22:21.167Z - info: Pages rebuilt
2021-10-20T07:22:21.167Z - info: Website regeneration complete! Total build time: 0.311s
2021-10-20T07:23:28.665Z - info: [3:23:28 pm] Reload for file change: C:\repos\nus-cs2103\cs2103-website-base\_module-CS2103\weeklyAdminTasks.mbdf
2021-10-20T07:23:28.665Z - info: Synchronizing opened pages list before reload
2021-10-20T07:23:28.666Z - info: Current opened pages, from most-to-least recent:
2021-10-20T07:23:28.666Z - info: 1. schedule/week11/admin
2021-10-20T07:23:29.679Z - info: Rebuilding 1 pages
2021-10-20T07:23:29.956Z - info: Site data built
2021-10-20T07:23:29.956Z - info: Pages rebuilt
2021-10-20T07:23:29.956Z - info: Website regeneration complete! Total build time: 0.279s
2021-10-20T07:23:42.041Z - info: [3:23:42 pm] Reload for file change: C:\repos\nus-cs2103\cs2103-website-base\_module-CS2103\weeklyAdminTasks.mbdf
2021-10-20T07:23:42.041Z - info: Synchronizing opened pages list before reload
2021-10-20T07:23:42.041Z - info: Current opened pages, from most-to-least recent:
2021-10-20T07:23:42.041Z - info: 1. schedule/week11/admin
2021-10-20T07:23:43.052Z - info: Rebuilding 1 pages
2021-10-20T07:23:43.352Z - info: Site data built
2021-10-20T07:23:43.352Z - info: Pages rebuilt
2021-10-20T07:23:43.352Z - info: Website regeneration complete! Total build time: 0.301s
2021-10-20T07:23:55.575Z - info: [3:23:55 pm] Reload for file change: C:\repos\nus-cs2103\cs2103-website-base\_module-CS2103\weeklyAdminTasks.mbdf
2021-10-20T07:23:55.575Z - info: Synchronizing opened pages list before reload
2021-10-20T07:23:55.576Z - info: Current opened pages, from most-to-least recent:
2021-10-20T07:23:55.576Z - info: 1. schedule/week11/admin
2021-10-20T07:23:56.580Z - info: Rebuilding 1 pages
2021-10-20T07:23:56.764Z - error:  Template render error: (C:\repos\nus-cs2103\cs2103-website-base\schedule\week11\admin.md)
  Template render error: (C:\repos\nus-cs2103\cs2103-website-base\schedule\week11\admin.md)
  Template render error: (C:\repos\nus-cs2103\cs2103-website-base\schedule\week11\admin.md)
  Template render error: (C:\repos\nus-cs2103\cs2103-website-base\schedule\week11\admin.md)
  Template render error: (C:\repos\nus-cs2103\cs2103-website-base\schedule\week11\admin.md)
  Template render error: (C:\repos\nus-cs2103\cs2103-website-base\schedule\week11\admin.md)
  Template render error: (C:\repos\nus-cs2103\cs2103-website-base\schedule\week11\admin.md)
  Template render error: (C:\repos\nus-cs2103\cs2103-website-base\schedule\week11\admin.md)
  Template render error: (C:\repos\nus-cs2103\cs2103-website-base\schedule\week11\admin.md)
  Template render error: (C:\repos\nus-cs2103\cs2103-website-base\schedule\week11\admin.md)
  Template render error: (C:\repos\nus-cs2103\cs2103-website-base\schedule\week11\admin.md)
  Template render error: (C:\repos\nus-cs2103\cs2103-website-base\schedule\week11\admin.md)
  Template render error: (C:\repos\nus-cs2103\cs2103-website-base\schedule\week11\admin.md)
  Template render error: (C:\repos\nus-cs2103\cs2103-website-base\schedule\week11\admin.md)
  Template render error: (C:\repos\nus-cs2103\cs2103-website-base\schedule\week11\admin.md)
  Template render error: (C:\repos\nus-cs2103\cs2103-website-base\schedule\week11\admin.md) [Line 73, Column 49]
  Template render error: (C:\repos\nus-cs2103\cs2103-website-base\schedule\week11\admin.md)
  Template render error: (C:\repos\nus-cs2103\cs2103-website-base\schedule\week11\admin.md)
  Template render error: (C:\repos\nus-cs2103\cs2103-website-base\schedule\week11\admin.md)
  Template render error: (C:\repos\nus-cs2103\cs2103-website-base\schedule\week11\admin.md)
  Template render error: (C:\repos\nus-cs2103\cs2103-website-base\schedule\week11\admin.md)
  Template render error: (C:\repos\nus-cs2103\cs2103-website-base\schedule\week11\admin.md)
  Template render error: (C:\repos\nus-cs2103\cs2103-website-base\schedule\week11\admin.md) [Line 602, Column 14]
  Template render error: (C:\repos\nus-cs2103\cs2103-website-base\schedule\week11\admin.md)
  Template render error: (C:\repos\nus-cs2103\cs2103-website-base\schedule\week11\admin.md)
  Template render error: (C:\repos\nus-cs2103\cs2103-website-base\schedule\week11\admin.md)
  Template render error: (C:\repos\nus-cs2103\cs2103-website-base\schedule\week11\admin.md)
  Template render error: (C:\repos\nus-cs2103\cs2103-website-base\schedule\week11\admin.md)
  Template render error: (C:\repos\nus-cs2103\cs2103-website-base\schedule\week11\admin.md) [Line 73, Column 49]
  Template render error: (C:\repos\nus-cs2103\cs2103-website-base\schedule\week11\admin.md)
  Template render error: (C:\repos\nus-cs2103\cs2103-website-base\schedule\week11\admin.md)
  Template render error: (C:\repos\nus-cs2103\cs2103-website-base\schedule\week11\admin.md)
  Template render error: (C:\repos\nus-cs2103\cs2103-website-base\schedule\week11\admin.md)
  Template render error: (C:\repos\nus-cs2103\cs2103-website-base\schedule\week11\admin.md)
  Template render error: (C:\repos\nus-cs2103\cs2103-website-base\schedule\week11\admin.md)
  Template render error: (C:\repos\nus-cs2103\cs2103-website-base\schedule\week11\admin.md)
  Template render error: (C:\repos\nus-cs2103\cs2103-website-base\schedule\week11\admin.md)
  Template render error: (C:\repos\nus-cs2103\cs2103-website-base\schedule\week11\admin.md)
  Template render error: (C:\repos\nus-cs2103\cs2103-website-base\schedule\week11\admin.md)
  Template render error: (C:\repos\nus-cs2103\cs2103-website-base\schedule\week11\admin.md)
  Template render error: (C:\repos\nus-cs2103\cs2103-website-base\schedule\week11\admin.md)
  Template render error: (C:\repos\nus-cs2103\cs2103-website-base\schedule\week11\admin.md)
  Template render error: (C:\repos\nus-cs2103\cs2103-website-base\schedule\week11\admin.md) [Line 73, Column 46]
  Template render error: (C:\repos\nus-cs2103\cs2103-website-base\schedule\week11\admin.md)
  Template render error: (C:\repos\nus-cs2103\cs2103-website-base\schedule\week11\admin.md)
  Template render error: (C:\repos\nus-cs2103\cs2103-website-base\schedule\week11\admin.md)
  Template render error: (C:\repos\nus-cs2103\cs2103-website-base\schedule\week11\admin.md)
  Template render error: (C:\repos\nus-cs2103\cs2103-website-base\schedule\week11\admin.md) [Line 73, Column 49]
  Template render error: (C:\repos\nus-cs2103\cs2103-website-base\schedule\week11\admin.md)
  Template render error: (C:\repos\nus-cs2103\cs2103-website-base\schedule\week11\admin.md)
  Template render error: (C:\repos\nus-cs2103\cs2103-website-base\schedule\week11\admin.md)
  Template render error: (C:\repos\nus-cs2103\cs2103-website-base\schedule\week11\admin.md) [Line 45, Column 132]
  parseSignature: expected comma after expression
    at Object._prettifyError (C:\Users\dcsdcr\AppData\Roaming\npm\node_modules\markbind-cli\node_modules\nunjucks\src\lib.js:36:11)
    at C:\Users\dcsdcr\AppData\Roaming\npm\node_modules\markbind-cli\node_modules\@markbind\core\src\patches\nunjucks\context-overrides-frame.js:383:17
    at Template.root [as rootRenderFunc] (eval at _compile (C:\Users\dcsdcr\AppData\Roaming\npm\node_modules\markbind-cli\node_modules\nunjucks\src\environment.js:631:18), <anonymous>:29:3)
    at Template.render (C:\Users\dcsdcr\AppData\Roaming\npm\node_modules\markbind-cli\node_modules\@markbind\core\src\patches\nunjucks\context-overrides-frame.js:372:8)
    at C:\Users\dcsdcr\AppData\Roaming\npm\node_modules\markbind-cli\node_modules\@markbind\core\src\patches\nunjucks\context-overrides-frame.js:54:25
    at createTemplate (C:\Users\dcsdcr\AppData\Roaming\npm\node_modules\markbind-cli\node_modules\@markbind\core\src\patches\nunjucks\load-event.js:121:7)
    at handle (C:\Users\dcsdcr\AppData\Roaming\npm\node_modules\markbind-cli\node_modules\@markbind\core\src\patches\nunjucks\load-event.js:133:9)
    at C:\Users\dcsdcr\AppData\Roaming\npm\node_modules\markbind-cli\node_modules\@markbind\core\src\patches\nunjucks\load-event.js:145:7
    at next (C:\Users\dcsdcr\AppData\Roaming\npm\node_modules\markbind-cli\node_modules\nunjucks\src\lib.js:326:7)
    at Object.asyncIter (C:\Users\dcsdcr\AppData\Roaming\npm\node_modules\markbind-cli\node_modules\nunjucks\src\lib.js:332:3)
    at Environment.getTemplate (C:\Users\dcsdcr\AppData\Roaming\npm\node_modules\markbind-cli\node_modules\@markbind\core\src\patches\nunjucks\load-event.js:127:7)
    at Environment.render (C:\Users\dcsdcr\AppData\Roaming\npm\node_modules\markbind-cli\node_modules\@markbind\core\src\patches\nunjucks\context-overrides-frame.js:48:8)
    at VariableRenderer.renderFile (C:\Users\dcsdcr\AppData\Roaming\npm\node_modules\markbind-cli\node_modules\@markbind\core\src\variables\VariableRenderer.js:59:20)
    at VariableProcessor.renderWithSiteVariables (C:\Users\dcsdcr\AppData\Roaming\npm\node_modules\markbind-cli\node_modules\@markbind\core\src\variables\VariableProcessor.js:157:53)
    at Page.generate (C:\Users\dcsdcr\AppData\Roaming\npm\node_modules\markbind-cli\node_modules\@markbind\core\src\Page\index.js:469:37)
    at C:\Users\dcsdcr\AppData\Roaming\npm\node_modules\markbind-cli\node_modules\@markbind\core\src\Site\index.js:1122:20
2021-10-20T07:23:56.764Z - warn:  Error: Error while generating undefined
    at C:\Users\dcsdcr\AppData\Roaming\npm\node_modules\markbind-cli\node_modules\@markbind\core\src\Site\index.js:1130:15
    at async sequentialAsyncForEach (C:\Users\dcsdcr\AppData\Roaming\npm\node_modules\markbind-cli\node_modules\@markbind\core\src\utils\async.js:15:7)
    at async Site.generatePagesSequential (C:\Users\dcsdcr\AppData\Roaming\npm\node_modules\markbind-cli\node_modules\@markbind\core\src\Site\index.js:1113:5)
    at async C:\Users\dcsdcr\AppData\Roaming\npm\node_modules\markbind-cli\node_modules\@markbind\core\src\Site\index.js:1094:23
    at async sequentialAsyncForEach (C:\Users\dcsdcr\AppData\Roaming\npm\node_modules\markbind-cli\node_modules\@markbind\core\src\utils\async.js:15:7)
    at async Site.runPageGenerationTasks (C:\Users\dcsdcr\AppData\Roaming\npm\node_modules\markbind-cli\node_modules\@markbind\core\src\Site\index.js:1085:5)
    at async Site.regenerateAffectedPages (C:\Users\dcsdcr\AppData\Roaming\npm\node_modules\markbind-cli\node_modules\@markbind\core\src\Site\index.js:1316:7)
    at async Site._rebuildAffectedSourceFiles (C:\Users\dcsdcr\AppData\Roaming\npm\node_modules\markbind-cli\node_modules\@markbind\core\src\Site\index.js:742:7)
2021-10-20T07:24:07.472Z - info: [3:24:07 pm] Reload for file change: C:\repos\nus-cs2103\cs2103-website-base\_module-CS2103\weeklyAdminTasks.mbdf
2021-10-20T07:24:07.472Z - info: Synchronizing opened pages list before reload
2021-10-20T07:24:07.472Z - info: Current opened pages, from most-to-least recent:
2021-10-20T07:24:07.472Z - info: 1. schedule/week11/admin
2021-10-20T07:24:08.479Z - info: No pages needed to be rebuilt
2021-10-20T07:24:33.100Z - info: Website generation (lazy) started at 3:24:31 pm
2021-10-20T07:24:38.500Z - info: Building assets...
2021-10-20T07:24:42.991Z - info: Assets built
2021-10-20T07:24:42.992Z - info: Generating landing page...
2021-10-20T07:24:44.258Z - info: Landing page built, other pages will be built as you navigate to them!
2021-10-20T07:24:45.103Z - info: Site data built
2021-10-20T07:24:45.103Z - info: Website generation (lazy) complete! Total build time: 14.079s
2021-10-20T07:24:45.870Z - info: Serving "C:\repos\nus-cs2103\cs2103-website-base\_site" at http://127.0.0.1:8080
2021-10-20T07:24:45.870Z - info: Press CTRL+C to stop ...
2021-10-20T07:24:53.297Z - info: Building C:\repos\nus-cs2103\cs2103-website-base\schedule\week11\index as some of its dependencies were changed since the last visit
2021-10-20T07:24:56.020Z - info: Site data built
2021-10-20T07:24:56.021Z - info: Lazy website regeneration complete! Total build time: 2.723s
2021-10-20T07:25:04.584Z - info: Building C:\repos\nus-cs2103\cs2103-website-base\schedule\week11\project as some of its dependencies were changed since the last visit
2021-10-20T07:25:05.675Z - info: Site data built
2021-10-20T07:25:05.675Z - info: Lazy website regeneration complete! Total build time: 1.091s
2021-10-20T07:25:10.262Z - info: Building C:\repos\nus-cs2103\cs2103-website-base\schedule\week11\admin as some of its dependencies were changed since the last visit
2021-10-20T07:25:10.574Z - info: Site data built
2021-10-20T07:25:10.575Z - info: Lazy website regeneration complete! Total build time: 0.313s
2021-10-20T07:25:42.203Z - info: Building C:\repos\nus-cs2103\cs2103-website-base\schedule\week11\topics as some of its dependencies were changed since the last visit
2021-10-20T07:25:45.360Z - info: Site data built
2021-10-20T07:25:45.360Z - info: Lazy website regeneration complete! Total build time: 3.157s
2021-10-20T07:35:06.122Z - info: Building C:\repos\nus-cs2103\cs2103-website-base\schedule\week11\tutorial as some of its dependencies were changed since the last visit
2021-10-20T07:35:06.825Z - info: Site data built
2021-10-20T07:35:06.826Z - info: Lazy website regeneration complete! Total build time: 0.704s
2021-10-20T07:36:36.406Z - info: Website generation started at 3:36:34 pm
2021-10-20T07:36:41.895Z - info: Building assets...
2021-10-20T07:36:46.870Z - info: Assets built
2021-10-20T07:36:46.871Z - info: Generating pages...
2021-10-20T07:36:59.205Z - debug:  
2021-10-20T07:36:59.206Z - debug:  
2021-10-20T07:36:59.206Z - debug:  
2021-10-20T07:36:59.206Z - debug:  
2021-10-20T07:36:59.207Z - debug:  
2021-10-20T07:36:59.207Z - debug:  
2021-10-20T07:38:47.892Z - debug:  
2021-10-20T07:38:59.223Z - debug:  
2021-10-20T07:38:59.227Z - debug:  
2021-10-20T07:39:06.722Z - info: Pages built
2021-10-20T07:39:07.563Z - info: Site data built
2021-10-20T07:39:07.563Z - info: Website generation complete! Total build time: 153.251s
2021-10-20T07:39:07.563Z - info: Build success!
2021-10-20T07:39:19.662Z - info: Deployed at https://nus-cs2103-ay2122s1.github.io/website!
2021-10-20T07:44:10.032Z - info: Website generation (lazy) started at 3:44:01 pm
2021-10-20T07:44:16.781Z - info: Building assets...
2021-10-20T07:44:22.170Z - info: Assets built
2021-10-20T07:44:22.170Z - info: Generating landing page...
2021-10-20T07:44:23.621Z - info: Landing page built, other pages will be built as you navigate to them!
2021-10-20T07:44:24.668Z - info: Site data built
2021-10-20T07:44:24.668Z - info: Website generation (lazy) complete! Total build time: 23.212s
2021-10-20T07:44:25.642Z - info: Serving "C:\repos\nus-cs2103\cs2103-website-base\_site" at http://127.0.0.1:8080
2021-10-20T07:44:25.643Z - info: Press CTRL+C to stop ...
2021-10-20T07:56:41.275Z - info: Building C:\repos\nus-cs2103\cs2103-website-base\schedule\week11\index as some of its dependencies were changed since the last visit
2021-10-20T07:56:42.133Z - info: Site data built
2021-10-20T07:56:42.133Z - info: Lazy website regeneration complete! Total build time: 0.858s
2021-10-20T07:56:51.293Z - info: Building C:\repos\nus-cs2103\cs2103-website-base\schedule\week11\tutorial as some of its dependencies were changed since the last visit
2021-10-20T07:56:51.500Z - info: Site data built
2021-10-20T07:56:51.500Z - info: Lazy website regeneration complete! Total build time: 0.207s
2021-10-20T08:05:28.054Z - info: [4:05:28 pm] Reload for file change: C:\repos\nus-cs2103\cs2103-website-base\schedule\week11\tutorial-tic4001.mbdf
2021-10-20T08:05:28.058Z - info: Synchronizing opened pages list before reload
2021-10-20T08:05:28.060Z - info: Current opened pages, from most-to-least recent:
2021-10-20T08:05:28.060Z - info: 1. schedule/week11/tutorial
2021-10-20T08:05:29.085Z - info: Rebuilding 1 pages
2021-10-20T08:05:29.378Z - info: Building C:\repos\nus-cs2103\cs2103-website-base\schedule\week11\topics as some of its dependencies were changed since the last visit
2021-10-20T08:05:32.891Z - info: Site data built
2021-10-20T08:05:32.892Z - info: Pages rebuilt
2021-10-20T08:05:32.892Z - info: Website regeneration complete! Total build time: 3.808s
2021-10-20T08:05:33.334Z - info: Site data built
2021-10-20T08:05:33.335Z - info: Lazy website regeneration complete! Total build time: 3.957s
2021-10-20T08:05:34.248Z - debug:  
2021-10-20T08:05:34.335Z - debug:  
2021-10-20T08:06:02.102Z - info: Building C:\repos\nus-cs2103\cs2103-website-base\schedule\week11\admin as some of its dependencies were changed since the last visit
2021-10-20T08:06:02.416Z - info: Site data built
2021-10-20T08:06:02.417Z - info: Lazy website regeneration complete! Total build time: 0.316s
2021-10-20T08:06:05.973Z - info: Building C:\repos\nus-cs2103\cs2103-website-base\schedule\week11\project as some of its dependencies were changed since the last visit
2021-10-20T08:06:06.669Z - info: Site data built
2021-10-20T08:06:06.669Z - info: Lazy website regeneration complete! Total build time: 0.696s
2021-10-20T08:06:39.327Z - info: Building C:\repos\nus-cs2103\cs2103-website-base\schedule\week12\index as some of its dependencies were changed since the last visit
2021-10-20T08:06:40.169Z - info: Site data built
2021-10-20T08:06:40.170Z - info: Lazy website regeneration complete! Total build time: 0.844s
2021-10-20T08:06:56.364Z - info: Building C:\repos\nus-cs2103\cs2103-website-base\schedule\week12\tutorial as some of its dependencies were changed since the last visit
2021-10-20T08:06:56.643Z - info: Site data built
2021-10-20T08:06:56.643Z - info: Lazy website regeneration complete! Total build time: 0.279s
2021-10-20T08:43:26.664Z - info: Website generation started at 4:43:23 pm
2021-10-20T08:43:33.564Z - info: Building assets...
