2021-11-09T16:55:54.533Z - info: Website generation (lazy) started at 12:55:48 am
2021-11-09T16:56:01.043Z - info: Building assets...
2021-11-09T16:56:06.363Z - info: Assets built
2021-11-09T16:56:06.364Z - info: Generating landing page...
2021-11-09T16:56:07.417Z - info: Landing page built, other pages will be built as you navigate to them!
2021-11-09T16:56:08.355Z - info: Site data built
2021-11-09T16:56:08.356Z - info: Website generation (lazy) complete! Total build time: 20.121s
2021-11-09T16:56:09.217Z - info: Serving "C:\repos\nus-cs2103\cs2103-website-base\_site" at http://127.0.0.1:8080
2021-11-09T16:56:09.217Z - info: Press CTRL+C to stop ...
2021-11-09T17:16:08.378Z - info: Building C:\repos\nus-cs2103\cs2103-website-base\admin\teamList as some of its dependencies were changed since the last visit
2021-11-09T17:16:10.767Z - info: Site data built
2021-11-09T17:16:10.768Z - info: Lazy website regeneration complete! Total build time: 2.39s
2021-11-09T17:27:38.345Z - info: [1:27:38 am] Reload for file change: C:\repos\nus-cs2103\cs2103-website-base\admin\teamList.md
2021-11-09T17:27:38.345Z - info: Synchronizing opened pages list before reload
2021-11-09T17:27:38.346Z - info: Current opened pages, from most-to-least recent:
2021-11-09T17:27:38.346Z - info: 1. admin/teamList
2021-11-09T17:27:39.370Z - info: Rebuilding 1 pages
2021-11-09T17:27:41.395Z - info: Site data built
2021-11-09T17:27:41.395Z - info: Pages rebuilt
2021-11-09T17:27:41.395Z - info: Website regeneration complete! Total build time: 2.026s
2021-11-09T17:30:05.230Z - info: [1:30:05 am] Reload for file change: C:\repos\nus-cs2103\cs2103-website-base\admin\teamList.md
2021-11-09T17:30:05.230Z - info: Synchronizing opened pages list before reload
2021-11-09T17:30:05.230Z - info: Current opened pages, from most-to-least recent:
2021-11-09T17:30:05.231Z - info: 1. admin/teamList
2021-11-09T17:30:06.245Z - info: Rebuilding 1 pages
2021-11-09T17:30:07.742Z - info: Site data built
2021-11-09T17:30:07.743Z - info: Pages rebuilt
2021-11-09T17:30:07.743Z - info: Website regeneration complete! Total build time: 1.499s
2021-11-09T17:31:24.313Z - info: [1:31:24 am] Reload for file change: C:\repos\nus-cs2103\cs2103-website-base\admin\teamList.md
2021-11-09T17:31:24.313Z - info: Synchronizing opened pages list before reload
2021-11-09T17:31:24.314Z - info: Current opened pages, from most-to-least recent:
2021-11-09T17:31:24.314Z - info: 1. admin/teamList
2021-11-09T17:31:25.334Z - info: Rebuilding 1 pages
2021-11-09T17:31:26.850Z - info: Site data built
2021-11-09T17:31:26.850Z - info: Pages rebuilt
2021-11-09T17:31:26.850Z - info: Website regeneration complete! Total build time: 1.519s
2021-11-09T17:32:42.961Z - info: [1:32:42 am] Reload for file change: C:\repos\nus-cs2103\cs2103-website-base\admin\teamList.md
2021-11-09T17:32:42.961Z - info: Synchronizing opened pages list before reload
2021-11-09T17:32:42.962Z - info: Current opened pages, from most-to-least recent:
2021-11-09T17:32:42.963Z - info: 1. admin/teamList
2021-11-09T17:32:43.980Z - info: Rebuilding 1 pages
2021-11-09T17:32:45.528Z - info: Site data built
2021-11-09T17:32:45.528Z - info: Pages rebuilt
2021-11-09T17:32:45.528Z - info: Website regeneration complete! Total build time: 1.55s
2021-11-09T17:34:07.277Z - info: Website generation started at 1:34:05 am
2021-11-09T17:34:12.833Z - info: Building assets...
2021-11-09T17:34:18.371Z - info: Assets built
2021-11-09T17:34:18.371Z - info: Generating pages...
2021-11-09T17:34:27.063Z - debug:  
2021-11-09T17:34:27.064Z - debug:  
2021-11-09T17:34:27.064Z - debug:  
2021-11-09T17:34:27.065Z - debug:  
2021-11-09T17:34:27.065Z - debug:  
2021-11-09T17:34:27.065Z - debug:  
2021-11-09T17:36:16.905Z - debug:  
2021-11-09T17:36:29.547Z - debug:  
2021-11-09T17:36:29.547Z - debug:  
2021-11-09T17:36:36.460Z - info: Pages built
2021-11-09T17:36:37.327Z - info: Site data built
2021-11-09T17:36:37.327Z - info: Website generation complete! Total build time: 152.025s
2021-11-09T17:36:37.328Z - info: Build success!
2021-11-09T17:36:50.364Z - info: Deployed at https://nus-cs2103-ay2122s1.github.io/website!
2021-11-09T17:47:31.701Z - info: Website generation (lazy) started at 1:47:27 am
2021-11-09T17:47:37.457Z - info: Building assets...
2021-11-09T17:47:42.326Z - info: Assets built
2021-11-09T17:47:42.326Z - info: Generating landing page...
2021-11-09T17:47:43.315Z - info: Landing page built, other pages will be built as you navigate to them!
2021-11-09T17:47:44.156Z - info: Site data built
2021-11-09T17:47:44.156Z - info: Website generation (lazy) complete! Total build time: 17.016s
2021-11-09T17:47:45.023Z - info: Serving "C:\repos\nus-cs2103\cs2103-website-base\_site" at http://127.0.0.1:8080
2021-11-09T17:47:45.023Z - info: Press CTRL+C to stop ...
2021-11-09T17:47:57.401Z - info: [1:47:57 am] Reload for file change: C:\repos\nus-cs2103\cs2103-website-base\admin\teamList.md
2021-11-09T17:47:57.402Z - info: Synchronizing opened pages list before reload
2021-11-09T17:47:57.402Z - info: Current opened pages, from most-to-least recent:
2021-11-09T17:47:57.402Z - info: 1. index
2021-11-09T17:47:58.410Z - info: Assets built
2021-11-09T17:48:02.683Z - info: Building C:\repos\nus-cs2103\cs2103-website-base\admin\teamList as some of its dependencies were changed since the last visit
2021-11-09T17:48:04.204Z - info: Site data built
2021-11-09T17:48:04.205Z - info: Lazy website regeneration complete! Total build time: 1.522s
2021-11-09T17:49:09.493Z - info: Website generation started at 1:49:07 am
2021-11-09T17:49:15.238Z - info: Building assets...
2021-11-09T17:49:20.470Z - info: Assets built
2021-11-09T17:49:20.471Z - info: Generating pages...
2021-11-09T17:49:31.273Z - debug:  
2021-11-09T17:49:31.273Z - debug:  
2021-11-09T17:49:31.274Z - debug:  
2021-11-09T17:49:31.275Z - debug:  
2021-11-09T17:49:31.275Z - debug:  
2021-11-09T17:49:31.276Z - debug:  
2021-11-09T17:51:26.382Z - debug:  
2021-11-09T17:51:38.702Z - debug:  
2021-11-09T17:51:38.712Z - debug:  
2021-11-09T17:51:46.586Z - info: Pages built
2021-11-09T17:51:47.423Z - info: Site data built
2021-11-09T17:51:47.423Z - info: Website generation complete! Total build time: 160.025s
2021-11-09T17:51:47.423Z - info: Build success!
2021-11-09T17:52:00.135Z - info: Deployed at https://nus-cs2103-ay2122s1.github.io/website!
2021-11-09T18:05:33.161Z - info: Website generation (lazy) started at 2:05:28 am
2021-11-09T18:05:38.754Z - info: Building assets...
2021-11-09T18:05:43.682Z - info: Assets built
2021-11-09T18:05:43.682Z - info: Generating landing page...
2021-11-09T18:05:44.654Z - info: Landing page built, other pages will be built as you navigate to them!
2021-11-09T18:05:45.485Z - info: Site data built
2021-11-09T18:05:45.485Z - info: Website generation (lazy) complete! Total build time: 17.015s
2021-11-09T18:05:46.355Z - info: Serving "C:\repos\nus-cs2103\cs2103-website-base\_site" at http://127.0.0.1:8080
2021-11-09T18:05:46.355Z - info: Press CTRL+C to stop ...
2021-11-09T18:07:17.534Z - info: Building C:\repos\nus-cs2103\cs2103-website-base\schedule\week12\index as some of its dependencies were changed since the last visit
2021-11-09T18:07:18.440Z - info: Site data built
2021-11-09T18:07:18.440Z - info: Lazy website regeneration complete! Total build time: 0.906s
2021-11-09T18:08:47.178Z - info: [2:08:47 am] Reload for file change: C:\repos\nus-cs2103\cs2103-website-base\_module-CS2103\weeklyAdminTasks.mbdf
2021-11-09T18:08:47.179Z - info: Synchronizing opened pages list before reload
2021-11-09T18:08:47.180Z - info: Current opened pages, from most-to-least recent:
2021-11-09T18:08:47.180Z - info: 1. schedule/week12/index
2021-11-09T18:08:48.189Z - info: Rebuilding 1 pages
2021-11-09T18:08:48.736Z - info: Site data built
2021-11-09T18:08:48.737Z - info: Pages rebuilt
2021-11-09T18:08:48.737Z - info: Website regeneration complete! Total build time: 0.549s
2021-11-09T18:09:24.230Z - info: [2:09:24 am] Reload for file change: C:\repos\nus-cs2103\cs2103-website-base\_module-CS2103\weeklyAdminTasks.mbdf
2021-11-09T18:09:24.230Z - info: Synchronizing opened pages list before reload
2021-11-09T18:09:24.231Z - info: Current opened pages, from most-to-least recent:
2021-11-09T18:09:24.231Z - info: 1. schedule/week12/index
2021-11-09T18:09:25.243Z - info: Rebuilding 1 pages
2021-11-09T18:09:25.985Z - info: Site data built
2021-11-09T18:09:25.985Z - info: Pages rebuilt
2021-11-09T18:09:25.985Z - info: Website regeneration complete! Total build time: 0.744s
2021-11-09T18:13:27.673Z - info: Building C:\repos\nus-cs2103\cs2103-website-base\schedule\week13\index as some of its dependencies were changed since the last visit
2021-11-09T18:13:28.342Z - info: Site data built
2021-11-09T18:13:28.343Z - info: Lazy website regeneration complete! Total build time: 0.671s
2021-11-10T14:13:50.785Z - info: Website generation started at 10:13:48 pm
2021-11-10T14:13:58.586Z - info: Building assets...
