2021-09-10T07:59:23.564Z - info: Website generation started at 3:59:22 pm
2021-09-10T07:59:27.578Z - info: Building assets...
2021-09-10T07:59:32.101Z - info: Assets built
2021-09-10T07:59:32.101Z - info: Generating pages...
2021-09-10T07:59:39.445Z - debug:  
2021-09-10T07:59:39.446Z - debug:  
2021-09-10T07:59:39.446Z - debug:  
2021-09-10T07:59:39.447Z - debug:  
2021-09-10T07:59:39.447Z - debug:  
2021-09-10T07:59:39.447Z - debug:  
2021-09-10T08:01:06.805Z - debug:  
2021-09-10T08:01:15.489Z - debug:  
2021-09-10T08:01:15.490Z - debug:  
2021-09-10T08:01:21.640Z - info: Pages built
2021-09-10T08:01:22.321Z - info: Site data built
2021-09-10T08:01:22.322Z - info: Website generation complete! Total build time: 120.183s
2021-09-10T08:01:22.322Z - info: Build success!
2021-09-10T08:01:31.266Z - info: Deployed at https://nus-cs2103-ay2122s1.github.io/website!
2021-09-10T10:58:53.184Z - info: Website generation started at 6:58:48 pm
2021-09-10T10:58:59.100Z - info: Building assets...
