2021-11-22T04:20:57.594Z - info: Website generation (lazy) started at 12:20:52 pm
2021-11-22T04:21:03.274Z - info: Building assets...
2021-11-22T04:21:08.258Z - info: Assets built
2021-11-22T04:21:08.259Z - info: Generating landing page...
2021-11-22T04:21:09.232Z - info: Landing page built, other pages will be built as you navigate to them!
2021-11-22T04:21:10.050Z - info: Site data built
2021-11-22T04:21:10.050Z - info: Website generation (lazy) complete! Total build time: 17.588s
2021-11-22T04:21:10.872Z - info: Serving "C:\repos\nus-cs2103\cs2103-website-base\_site" at http://127.0.0.1:8080
2021-11-22T04:21:10.872Z - info: Press CTRL+C to stop ...
2021-11-22T04:21:39.989Z - info: Building C:\repos\nus-cs2103\cs2103-website-base\admin\exams as some of its dependencies were changed since the last visit
2021-11-22T04:21:40.571Z - info: Site data built
2021-11-22T04:21:40.572Z - info: Lazy website regeneration complete! Total build time: 0.584s
2021-11-22T04:22:24.714Z - info: [12:22:24 pm] Reload for file change: C:\repos\nus-cs2103\cs2103-website-base\admin\index-te3201.mbdf
2021-11-22T04:22:24.714Z - info: Synchronizing opened pages list before reload
2021-11-22T04:22:24.715Z - info: Current opened pages, from most-to-least recent:
2021-11-22T04:22:24.715Z - info: 1. admin/exams
2021-11-22T04:22:24.736Z - info: [12:22:24 pm] Reload for file change: C:\repos\nus-cs2103\cs2103-website-base\admin\exams.md
2021-11-22T04:22:24.736Z - info: Synchronizing opened pages list before reload
2021-11-22T04:22:24.737Z - info: Current opened pages, from most-to-least recent:
2021-11-22T04:22:24.737Z - info: 1. admin/exams
2021-11-22T04:22:25.738Z - info: Rebuilding 1 pages
2021-11-22T04:22:25.927Z - info: Assets built
2021-11-22T04:22:25.983Z - info: Site data built
2021-11-22T04:22:25.983Z - info: Pages rebuilt
2021-11-22T04:22:25.983Z - info: Website regeneration complete! Total build time: 0.245s
2021-11-22T04:23:02.067Z - info: Website generation started at 12:23:00 pm
2021-11-22T04:23:07.190Z - info: Building assets...
2021-11-22T04:23:11.016Z - info: Assets built
2021-11-22T04:23:11.017Z - info: Generating pages...
2021-11-22T04:23:19.978Z - debug:  
2021-11-22T04:23:19.978Z - debug:  
2021-11-22T04:23:19.979Z - debug:  
2021-11-22T04:23:19.979Z - debug:  
2021-11-22T04:23:19.979Z - debug:  
2021-11-22T04:23:19.979Z - debug:  
2021-11-22T04:25:09.064Z - debug:  
2021-11-22T04:25:20.053Z - debug:  
2021-11-22T04:25:20.053Z - debug:  
2021-11-22T04:25:27.748Z - info: Pages built
2021-11-22T04:25:28.495Z - info: Site data built
2021-11-22T04:25:28.495Z - info: Website generation complete! Total build time: 148.346s
2021-11-22T04:25:28.495Z - info: Build success!
2021-11-22T04:25:40.386Z - info: Deployed at https://nus-cs2103-ay2122s1.github.io/website!
