2021-07-31T04:52:48.440Z - info: Website generation (lazy) started at 12:52:46 pm
2021-07-31T04:52:53.472Z - info: Building assets...
2021-07-31T04:52:59.370Z - info: Assets built
2021-07-31T04:52:59.371Z - info: Generating landing page...
2021-07-31T04:53:00.564Z - info: Landing page built, other pages will be built as you navigate to them!
2021-07-31T04:53:01.958Z - info: Site data built
2021-07-31T04:53:01.959Z - info: Website generation (lazy) complete! Total build time: 15.344s
2021-07-31T04:53:02.746Z - info: Serving "C:\repos\nus-cs2103\cs2103-website-base\_site" at http://127.0.0.1:8080
2021-07-31T04:53:02.746Z - info: Press CTRL+C to stop ...
2021-07-31T04:54:12.534Z - info: Building C:\repos\nus-cs2103\cs2103-website-base\admin\appendixE-gitHub as some of its dependencies were changed since the last visit
2021-07-31T04:54:13.830Z - info: Site data built
2021-07-31T04:54:13.830Z - info: Lazy website regeneration complete! Total build time: 1.299s
2021-07-31T15:34:16.355Z - info: Website generation (lazy) started at 11:34:14 pm
2021-07-31T15:34:20.159Z - info: Building assets...
2021-07-31T15:34:25.133Z - info: Assets built
2021-07-31T15:34:25.133Z - info: Generating landing page...
2021-07-31T15:34:25.759Z - info: Landing page built, other pages will be built as you navigate to them!
2021-07-31T15:34:26.502Z - info: Site data built
2021-07-31T15:34:26.502Z - info: Website generation (lazy) complete! Total build time: 11.581s
2021-07-31T15:34:27.271Z - info: Serving "C:\repos\nus-cs2103\cs2103-website-base\_site" at http://127.0.0.1:8080
2021-07-31T15:34:27.271Z - info: Press CTRL+C to stop ...
2021-07-31T15:37:31.365Z - info: [11:37:31 pm] Reload for file change: C:\repos\nus-cs2103\cs2103-website-base\admin\tp-tasks.mbdf
2021-07-31T15:37:31.369Z - info: Synchronizing opened pages list before reload
2021-07-31T15:37:31.370Z - info: Current opened pages, from most-to-least recent:
2021-07-31T15:37:31.370Z - info: 1. index
2021-07-31T15:37:32.409Z - info: Assets built
2021-07-31T15:39:05.773Z - info: [11:39:05 pm] Reload for file change: C:\repos\nus-cs2103\cs2103-website-base\admin\tp-tasks.mbdf
2021-07-31T15:39:05.774Z - info: Synchronizing opened pages list before reload
2021-07-31T15:39:05.774Z - info: Current opened pages, from most-to-least recent:
2021-07-31T15:39:05.774Z - info: 1. index
2021-07-31T15:39:06.810Z - info: Assets built
2021-07-31T15:39:11.425Z - info: Building C:\repos\nus-cs2103\cs2103-website-base\schedule\week6\index as some of its dependencies were changed since the last visit
2021-07-31T15:39:12.607Z - info: Site data built
2021-07-31T15:39:12.608Z - info: Lazy website regeneration complete! Total build time: 1.182s
2021-07-31T15:39:15.126Z - info: Building C:\repos\nus-cs2103\cs2103-website-base\schedule\week6\project as some of its dependencies were changed since the last visit
2021-07-31T15:39:17.253Z - info: Site data built
2021-07-31T15:39:17.253Z - info: Lazy website regeneration complete! Total build time: 2.127s
2021-07-31T15:41:03.879Z - info: [11:41:03 pm] Reload for file change: C:\repos\nus-cs2103\cs2103-website-base\admin\tp-tasks.mbdf
2021-07-31T15:41:03.879Z - info: Synchronizing opened pages list before reload
2021-07-31T15:41:03.880Z - info: Current opened pages, from most-to-least recent:
2021-07-31T15:41:03.881Z - info: 1. schedule/week6/project
2021-07-31T15:41:04.898Z - info: Rebuilding 1 pages
2021-07-31T15:41:07.140Z - info: Site data built
2021-07-31T15:41:07.140Z - info: Pages rebuilt
2021-07-31T15:41:07.141Z - info: Website regeneration complete! Total build time: 2.245s
