2021-09-01T09:35:56.698Z - info: Website generation (lazy) started at 5:35:52 pm
2021-09-01T09:36:02.055Z - info: Building assets...
2021-09-01T09:36:06.382Z - info: Assets built
2021-09-01T09:36:06.383Z - info: Generating landing page...
2021-09-01T09:36:07.725Z - info: Landing page built, other pages will be built as you navigate to them!
2021-09-01T09:36:08.567Z - info: Site data built
2021-09-01T09:36:08.567Z - info: Website generation (lazy) complete! Total build time: 15.959s
2021-09-01T09:36:09.374Z - info: Serving "C:\repos\nus-cs2103\cs2103-website-base\_site" at http://127.0.0.1:8080
2021-09-01T09:36:09.374Z - info: Press CTRL+C to stop ...
2021-09-01T09:36:44.722Z - info: Building C:\repos\nus-cs2103\cs2103-website-base\admin\index as some of its dependencies were changed since the last visit
2021-09-01T09:36:45.383Z - info: Site data built
2021-09-01T09:36:45.384Z - info: Lazy website regeneration complete! Total build time: 0.661s
2021-09-01T09:36:48.635Z - info: Building C:\repos\nus-cs2103\cs2103-website-base\admin\appendixE-gitHub as some of its dependencies were changed since the last visit
2021-09-01T09:36:49.559Z - info: Site data built
2021-09-01T09:36:49.560Z - info: Lazy website regeneration complete! Total build time: 0.925s
2021-09-01T10:08:33.696Z - info: Website generation (lazy) started at 6:08:31 pm
2021-09-01T10:08:39.515Z - info: Building assets...
2021-09-01T10:08:44.538Z - info: Assets built
2021-09-01T10:08:44.539Z - info: Generating landing page...
2021-09-01T10:08:45.895Z - info: Landing page built, other pages will be built as you navigate to them!
2021-09-01T10:08:46.744Z - info: Site data built
2021-09-01T10:08:46.744Z - info: Website generation (lazy) complete! Total build time: 15.736s
2021-09-01T10:08:47.581Z - info: Serving "C:\repos\nus-cs2103\cs2103-website-base\_site" at http://127.0.0.1:8080
2021-09-01T10:08:47.581Z - info: Press CTRL+C to stop ...
2021-09-01T10:09:04.802Z - info: Building C:\repos\nus-cs2103\cs2103-website-base\admin\index as some of its dependencies were changed since the last visit
2021-09-01T10:09:05.121Z - info: Site data built
2021-09-01T10:09:05.122Z - info: Lazy website regeneration complete! Total build time: 0.319s
2021-09-01T10:09:08.863Z - info: Building C:\repos\nus-cs2103\cs2103-website-base\admin\appendixE-gitHub as some of its dependencies were changed since the last visit
2021-09-01T10:09:09.656Z - info: Site data built
2021-09-01T10:09:09.657Z - info: Lazy website regeneration complete! Total build time: 0.795s
2021-09-01T10:21:22.891Z - info: Building C:\repos\nus-cs2103\cs2103-website-base\schedule\week5\index as some of its dependencies were changed since the last visit
2021-09-01T10:21:23.985Z - info: Site data built
2021-09-01T10:21:23.986Z - info: Lazy website regeneration complete! Total build time: 1.094s
2021-09-01T10:24:17.722Z - info: Building C:\repos\nus-cs2103\cs2103-website-base\schedule\week5\admin as some of its dependencies were changed since the last visit
2021-09-01T10:24:18.443Z - info: Site data built
2021-09-01T10:24:18.443Z - info: Lazy website regeneration complete! Total build time: 0.721s
2021-09-01T10:25:39.095Z - info: Building C:\repos\nus-cs2103\cs2103-website-base\schedule\week5\tutorial as some of its dependencies were changed since the last visit
2021-09-01T10:25:39.339Z - info: Site data built
2021-09-01T10:25:39.339Z - info: Lazy website regeneration complete! Total build time: 0.244s
2021-09-01T10:33:29.322Z - info: Building C:\repos\nus-cs2103\cs2103-website-base\schedule\week5\topics as some of its dependencies were changed since the last visit
2021-09-01T10:33:31.984Z - info: Site data built
2021-09-01T10:33:31.984Z - info: Lazy website regeneration complete! Total build time: 2.662s
2021-09-01T10:34:56.859Z - info: Building C:\repos\nus-cs2103\cs2103-website-base\schedule\week5\project as some of its dependencies were changed since the last visit
2021-09-01T10:34:58.666Z - info: Site data built
2021-09-01T10:34:58.666Z - info: Lazy website regeneration complete! Total build time: 1.808s
