2021-09-13T13:08:14.567Z - info: Website generation (lazy) started at 9:08:09 pm
2021-09-13T13:08:19.689Z - info: Building assets...
2021-09-13T13:08:23.892Z - info: Assets built
2021-09-13T13:08:23.892Z - info: Generating landing page...
2021-09-13T13:08:25.091Z - info: Landing page built, other pages will be built as you navigate to them!
2021-09-13T13:08:25.912Z - info: Site data built
2021-09-13T13:08:25.912Z - info: Website generation (lazy) complete! Total build time: 16.031s
2021-09-13T13:08:28.107Z - info: Serving "C:\repos\nus-cs2103\cs2103-website-base\_site" at http://127.0.0.1:60620
2021-09-13T13:08:28.107Z - info: Press CTRL+C to stop ...
2021-09-13T13:08:45.100Z - info: Building C:\repos\nus-cs2103\cs2103-website-base\admin\index as some of its dependencies were changed since the last visit
2021-09-13T13:08:45.642Z - info: Site data built
2021-09-13T13:08:45.643Z - info: Lazy website regeneration complete! Total build time: 0.543s
2021-09-13T13:08:52.349Z - info: Building C:\repos\nus-cs2103\cs2103-website-base\admin\participation as some of its dependencies were changed since the last visit
2021-09-13T13:08:52.620Z - info: Site data built
2021-09-13T13:08:52.620Z - info: Lazy website regeneration complete! Total build time: 0.271s
2021-09-13T13:09:06.982Z - info: Building C:\repos\nus-cs2103\cs2103-website-base\admin\tp-w6 as some of its dependencies were changed since the last visit
2021-09-13T13:09:09.177Z - info: Site data built
2021-09-13T13:09:09.177Z - info: Lazy website regeneration complete! Total build time: 2.195s
2021-09-13T13:10:14.230Z - info: [9:10:14 pm] Reload for file change: C:\repos\nus-cs2103\cs2103-website-base\admin\tp-tasks.mbdf
2021-09-13T13:10:14.230Z - info: Synchronizing opened pages list before reload
2021-09-13T13:10:14.231Z - info: Current opened pages, from most-to-least recent:
2021-09-13T13:10:14.231Z - info: 1. admin/tp-w6
2021-09-13T13:10:15.234Z - info: Rebuilding 1 pages
2021-09-13T13:10:16.826Z - info: Site data built
2021-09-13T13:10:16.826Z - info: Pages rebuilt
2021-09-13T13:10:16.826Z - info: Website regeneration complete! Total build time: 1.593s
2021-09-13T13:10:32.797Z - info: [9:10:32 pm] Reload for file change: C:\repos\nus-cs2103\cs2103-website-base\admin\tp-tasks.mbdf
2021-09-13T13:10:32.798Z - info: Synchronizing opened pages list before reload
2021-09-13T13:10:32.798Z - info: Current opened pages, from most-to-least recent:
2021-09-13T13:10:32.798Z - info: 1. admin/tp-w6
2021-09-13T13:10:33.816Z - info: Rebuilding 1 pages
2021-09-13T13:10:35.371Z - info: Site data built
2021-09-13T13:10:35.371Z - info: Pages rebuilt
2021-09-13T13:10:35.371Z - info: Website regeneration complete! Total build time: 1.558s
