2021-11-04T09:13:51.211Z - info: Website generation (lazy) started at 5:13:46 pm
2021-11-04T09:13:57.259Z - info: Building assets...
2021-11-04T09:14:01.658Z - info: Assets built
2021-11-04T09:14:01.658Z - info: Generating landing page...
2021-11-04T09:14:02.864Z - info: Landing page built, other pages will be built as you navigate to them!
2021-11-04T09:14:03.679Z - info: Site data built
2021-11-04T09:14:03.679Z - info: Website generation (lazy) complete! Total build time: 17.336s
2021-11-04T09:14:04.538Z - info: Serving "C:\repos\nus-cs2103\cs2103-website-base\_site" at http://127.0.0.1:8080
2021-11-04T09:14:04.539Z - info: Press CTRL+C to stop ...
2021-11-04T09:16:09.896Z - info: Building C:\repos\nus-cs2103\cs2103-website-base\admin\index as some of its dependencies were changed since the last visit
2021-11-04T09:16:10.738Z - info: Site data built
2021-11-04T09:16:10.739Z - info: Lazy website regeneration complete! Total build time: 0.844s
2021-11-04T09:16:21.952Z - info: Building C:\repos\nus-cs2103\cs2103-website-base\admin\tp-deliverables as some of its dependencies were changed since the last visit
2021-11-04T09:16:22.620Z - info: Site data built
2021-11-04T09:16:22.620Z - info: Lazy website regeneration complete! Total build time: 0.668s
2021-11-04T09:18:01.608Z - info: [5:18:01 pm] Reload for file change: C:\repos\nus-cs2103\cs2103-website-base\admin\tp-deliverables-ug.mbdf
2021-11-04T09:18:01.608Z - info: Synchronizing opened pages list before reload
2021-11-04T09:18:01.609Z - info: Current opened pages, from most-to-least recent:
2021-11-04T09:18:01.609Z - info: 1. admin/tp-deliverables
2021-11-04T09:18:02.621Z - info: Rebuilding 1 pages
2021-11-04T09:18:03.414Z - info: Site data built
2021-11-04T09:18:03.414Z - info: Pages rebuilt
2021-11-04T09:18:03.414Z - info: Website regeneration complete! Total build time: 0.794s
2021-11-04T09:18:18.161Z - info: [5:18:18 pm] Reload for file change: C:\repos\nus-cs2103\cs2103-website-base\admin\tp-deliverables-ug.mbdf
2021-11-04T09:18:18.162Z - info: Synchronizing opened pages list before reload
2021-11-04T09:18:18.162Z - info: Current opened pages, from most-to-least recent:
2021-11-04T09:18:18.162Z - info: 1. admin/tp-deliverables
2021-11-04T09:18:19.175Z - info: Rebuilding 1 pages
2021-11-04T09:18:19.547Z - info: Site data built
2021-11-04T09:18:19.547Z - info: Pages rebuilt
2021-11-04T09:18:19.547Z - info: Website regeneration complete! Total build time: 0.373s
2021-11-04T09:18:50.208Z - info: [5:18:50 pm] Reload for file change: C:\repos\nus-cs2103\cs2103-website-base\admin\tp-deliverables-dg.mbdf
2021-11-04T09:18:50.208Z - info: Synchronizing opened pages list before reload
2021-11-04T09:18:50.208Z - info: Current opened pages, from most-to-least recent:
2021-11-04T09:18:50.208Z - info: 1. admin/tp-deliverables
2021-11-04T09:18:51.218Z - info: Rebuilding 1 pages
2021-11-04T09:18:51.656Z - info: Site data built
2021-11-04T09:18:51.656Z - info: Pages rebuilt
2021-11-04T09:18:51.656Z - info: Website regeneration complete! Total build time: 0.439s
2021-11-04T09:19:43.993Z - info: [5:19:43 pm] Reload for file change: C:\repos\nus-cs2103\cs2103-website-base\admin\tp-deliverables-dg.mbdf
2021-11-04T09:19:43.994Z - info: Synchronizing opened pages list before reload
2021-11-04T09:19:43.994Z - info: Current opened pages, from most-to-least recent:
2021-11-04T09:19:43.994Z - info: 1. admin/tp-deliverables
2021-11-04T09:19:45.006Z - info: Rebuilding 1 pages
2021-11-04T09:19:45.744Z - info: Site data built
2021-11-04T09:19:45.744Z - info: Pages rebuilt
2021-11-04T09:19:45.744Z - info: Website regeneration complete! Total build time: 0.74s
2021-11-04T09:25:19.033Z - info: [5:25:19 pm] Reload for file change: C:\repos\nus-cs2103\cs2103-website-base\admin\tp-deliverables-dg.mbdf
2021-11-04T09:25:19.033Z - info: Synchronizing opened pages list before reload
2021-11-04T09:25:19.033Z - info: Current opened pages, from most-to-least recent:
2021-11-04T09:25:19.033Z - info: 1. admin/tp-deliverables
2021-11-04T09:25:20.052Z - info: Rebuilding 1 pages
2021-11-04T09:25:20.616Z - info: Site data built
2021-11-04T09:25:20.617Z - info: Pages rebuilt
2021-11-04T09:25:20.617Z - info: Website regeneration complete! Total build time: 0.566s
2021-11-04T09:25:44.176Z - info: [5:25:44 pm] Reload for file change: C:\repos\nus-cs2103\cs2103-website-base\admin\tp-deliverables-dg.mbdf
2021-11-04T09:25:44.176Z - info: Synchronizing opened pages list before reload
2021-11-04T09:25:44.176Z - info: Current opened pages, from most-to-least recent:
2021-11-04T09:25:44.176Z - info: 1. admin/tp-deliverables
2021-11-04T09:25:45.195Z - info: Rebuilding 1 pages
2021-11-04T09:25:45.889Z - info: Site data built
2021-11-04T09:25:45.889Z - info: Pages rebuilt
2021-11-04T09:25:45.890Z - info: Website regeneration complete! Total build time: 0.696s
2021-11-04T09:25:59.528Z - info: [5:25:59 pm] Reload for file change: C:\repos\nus-cs2103\cs2103-website-base\admin\tp-deliverables-dg.mbdf
2021-11-04T09:25:59.528Z - info: Synchronizing opened pages list before reload
2021-11-04T09:25:59.528Z - info: Current opened pages, from most-to-least recent:
2021-11-04T09:25:59.528Z - info: 1. admin/tp-deliverables
2021-11-04T09:26:00.533Z - info: Rebuilding 1 pages
2021-11-04T09:26:00.995Z - info: Site data built
2021-11-04T09:26:00.995Z - info: Pages rebuilt
2021-11-04T09:26:00.995Z - info: Website regeneration complete! Total build time: 0.463s
2021-11-04T09:26:52.898Z - info: Website generation started at 5:26:51 pm
2021-11-04T09:26:58.342Z - info: Building assets...
2021-11-04T09:27:02.597Z - info: Assets built
2021-11-04T09:27:02.597Z - info: Generating pages...
2021-11-04T09:27:11.737Z - debug:  
2021-11-04T09:27:11.738Z - debug:  
2021-11-04T09:27:11.738Z - debug:  
2021-11-04T09:27:11.739Z - debug:  
2021-11-04T09:27:11.739Z - debug:  
2021-11-04T09:27:11.739Z - debug:  
2021-11-04T09:29:03.764Z - debug:  
2021-11-04T09:29:17.034Z - debug:  
2021-11-04T09:29:17.034Z - debug:  
2021-11-04T09:29:24.712Z - info: Pages built
2021-11-04T09:29:25.674Z - info: Site data built
2021-11-04T09:29:25.674Z - info: Website generation complete! Total build time: 154.615s
2021-11-04T09:29:25.675Z - info: Build success!
2021-11-04T09:29:37.987Z - info: Deployed at https://nus-cs2103-ay2122s1.github.io/website!
