2021-09-18T06:08:17.072Z - info: Website generation (lazy) started at 2:08:12 pm
2021-09-18T06:08:22.904Z - info: Building assets...
2021-09-18T06:08:27.710Z - info: Assets built
2021-09-18T06:08:27.710Z - info: Generating landing page...
2021-09-18T06:08:28.745Z - info: Landing page built, other pages will be built as you navigate to them!
2021-09-18T06:08:29.727Z - info: Site data built
2021-09-18T06:08:29.727Z - info: Website generation (lazy) complete! Total build time: 17.065s
2021-09-18T06:08:30.651Z - info: Serving "C:\repos\nus-cs2103\cs2103-website-base\_site" at http://127.0.0.1:8080
2021-09-18T06:08:30.652Z - info: Press CTRL+C to stop ...
2021-09-18T06:08:57.617Z - info: [2:08:57 pm] Reload for file change: C:\repos\nus-cs2103\cs2103-website-base\admin\appendixE-gitHub.md
2021-09-18T06:08:57.618Z - info: Synchronizing opened pages list before reload
2021-09-18T06:08:57.618Z - info: Current opened pages, from most-to-least recent:
2021-09-18T06:08:57.619Z - info: 1. index
2021-09-18T06:08:58.627Z - info: Assets built
2021-09-18T06:09:00.310Z - info: Building C:\repos\nus-cs2103\cs2103-website-base\schedule\week7\project as some of its dependencies were changed since the last visit
2021-09-18T06:09:01.676Z - info: Site data built
2021-09-18T06:09:01.677Z - info: Lazy website regeneration complete! Total build time: 1.366s
2021-09-18T06:10:16.672Z - info: Building C:\repos\nus-cs2103\cs2103-website-base\admin\teamList as some of its dependencies were changed since the last visit
2021-09-18T06:10:17.112Z - info: Site data built
2021-09-18T06:10:17.113Z - info: Lazy website regeneration complete! Total build time: 0.442s
2021-09-18T06:11:04.117Z - info: Website generation started at 2:11:02 pm
2021-09-18T06:11:09.316Z - info: Building assets...
