2021-09-25T06:53:31.325Z - info: Website generation (lazy) started at 2:53:29 pm
2021-09-25T06:53:37.079Z - info: Building assets...
2021-09-25T06:53:41.458Z - info: Assets built
2021-09-25T06:53:41.458Z - info: Generating landing page...
2021-09-25T06:53:42.959Z - info: Landing page built, other pages will be built as you navigate to them!
2021-09-25T06:53:43.750Z - info: Site data built
2021-09-25T06:53:43.750Z - info: Website generation (lazy) complete! Total build time: 14.298s
2021-09-25T06:53:45.743Z - info: Serving "C:\repos\nus-cs2103\cs2103-website-base\_site" at http://127.0.0.1:55255
2021-09-25T06:53:45.744Z - info: Press CTRL+C to stop ...
2021-09-25T06:55:15.558Z - info: [2:55:15 pm] Reload for file add: C:\repos\nus-cs2103\cs2103-website-base\admin\mid-semester-survey-results.md
2021-09-25T06:55:15.558Z - info: Synchronizing opened pages list before reload
2021-09-25T06:55:15.559Z - info: Current opened pages, from most-to-least recent:
2021-09-25T06:55:15.559Z - info: 1. index
2021-09-25T06:55:18.822Z - info: Pages or site config modified, updating pages...
2021-09-25T06:55:22.323Z - info: Building C:\repos\nus-cs2103\cs2103-website-base\index as some of its dependencies were changed since the last visit
2021-09-25T06:55:23.302Z - info: Site data built
2021-09-25T06:55:23.303Z - info: Lazy website regeneration complete! Total build time: 0.98s
2021-09-25T06:55:40.727Z - info: Building C:\repos\nus-cs2103\cs2103-website-base\admin\mid-semester-survey-results as some of its dependencies were changed since the last visit
2021-09-25T06:55:41.070Z - info: Site data built
2021-09-25T06:55:41.070Z - info: Lazy website regeneration complete! Total build time: 0.343s
2021-09-25T07:00:24.953Z - info: [3:00:24 pm] Reload for file change: C:\repos\nus-cs2103\cs2103-website-base\admin\mid-semester-survey-results.md
2021-09-25T07:00:24.953Z - info: Synchronizing opened pages list before reload
2021-09-25T07:00:24.954Z - info: Current opened pages, from most-to-least recent:
2021-09-25T07:00:24.954Z - info: 1. admin/mid-semester-survey-results
2021-09-25T07:00:25.962Z - info: Rebuilding 1 pages
2021-09-25T07:00:26.227Z - info: Site data built
2021-09-25T07:00:26.228Z - info: Pages rebuilt
2021-09-25T07:00:26.228Z - info: Website regeneration complete! Total build time: 0.269s
2021-09-25T07:00:36.964Z - info: [3:00:36 pm] Reload for file change: C:\repos\nus-cs2103\cs2103-website-base\admin\mid-semester-survey-results.md
2021-09-25T07:00:36.964Z - info: Synchronizing opened pages list before reload
2021-09-25T07:00:36.964Z - info: Current opened pages, from most-to-least recent:
2021-09-25T07:00:36.964Z - info: 1. admin/mid-semester-survey-results
2021-09-25T07:00:37.969Z - info: Rebuilding 1 pages
2021-09-25T07:00:38.048Z - info: Site data built
2021-09-25T07:00:38.048Z - info: Pages rebuilt
2021-09-25T07:00:38.048Z - info: Website regeneration complete! Total build time: 0.081s
2021-09-25T07:00:51.349Z - info: [3:00:51 pm] Reload for file change: C:\repos\nus-cs2103\cs2103-website-base\admin\mid-semester-survey-results.md
2021-09-25T07:00:51.349Z - info: Synchronizing opened pages list before reload
2021-09-25T07:00:51.349Z - info: Current opened pages, from most-to-least recent:
2021-09-25T07:00:51.350Z - info: 1. admin/mid-semester-survey-results
2021-09-25T07:00:52.352Z - info: Rebuilding 1 pages
2021-09-25T07:00:52.407Z - info: Site data built
2021-09-25T07:00:52.407Z - info: Pages rebuilt
2021-09-25T07:00:52.407Z - info: Website regeneration complete! Total build time: 0.056s
2021-09-25T07:01:07.856Z - info: [3:01:07 pm] Reload for file change: C:\repos\nus-cs2103\cs2103-website-base\admin\mid-semester-survey-results.md
2021-09-25T07:01:07.857Z - info: Synchronizing opened pages list before reload
2021-09-25T07:01:07.857Z - info: Current opened pages, from most-to-least recent:
2021-09-25T07:01:07.857Z - info: 1. admin/mid-semester-survey-results
2021-09-25T07:01:08.859Z - info: Rebuilding 1 pages
2021-09-25T07:01:08.920Z - info: Site data built
2021-09-25T07:01:08.920Z - info: Pages rebuilt
2021-09-25T07:01:08.920Z - info: Website regeneration complete! Total build time: 0.062s
2021-09-25T07:01:28.485Z - info: [3:01:28 pm] Reload for file change: C:\repos\nus-cs2103\cs2103-website-base\admin\mid-semester-survey-results.md
2021-09-25T07:01:28.485Z - info: Synchronizing opened pages list before reload
2021-09-25T07:01:28.485Z - info: Current opened pages, from most-to-least recent:
2021-09-25T07:01:28.485Z - info: 1. admin/mid-semester-survey-results
2021-09-25T07:01:29.506Z - info: Rebuilding 1 pages
2021-09-25T07:01:29.686Z - info: Site data built
2021-09-25T07:01:29.686Z - info: Pages rebuilt
2021-09-25T07:01:29.686Z - info: Website regeneration complete! Total build time: 0.182s
2021-09-25T07:02:08.382Z - info: [3:02:08 pm] Reload for file change: C:\repos\nus-cs2103\cs2103-website-base\admin\mid-semester-survey-results.md
2021-09-25T07:02:08.382Z - info: Synchronizing opened pages list before reload
2021-09-25T07:02:08.382Z - info: Current opened pages, from most-to-least recent:
2021-09-25T07:02:08.382Z - info: 1. admin/mid-semester-survey-results
2021-09-25T07:02:09.389Z - info: Rebuilding 1 pages
2021-09-25T07:02:09.632Z - info: Site data built
2021-09-25T07:02:09.632Z - info: Pages rebuilt
2021-09-25T07:02:09.632Z - info: Website regeneration complete! Total build time: 0.245s
2021-09-25T07:25:22.520Z - info: Building C:\repos\nus-cs2103\cs2103-website-base\admin\index as some of its dependencies were changed since the last visit
2021-09-25T07:25:23.172Z - info: Site data built
2021-09-25T07:25:23.173Z - info: Lazy website regeneration complete! Total build time: 0.652s
2021-09-25T07:25:28.674Z - info: Building C:\repos\nus-cs2103\cs2103-website-base\admin\appendixG-CS2103R as some of its dependencies were changed since the last visit
2021-09-25T07:25:28.909Z - info: Site data built
2021-09-25T07:25:28.909Z - info: Lazy website regeneration complete! Total build time: 0.235s
2021-09-25T07:28:48.288Z - info: [3:28:48 pm] Reload for file change: C:\repos\nus-cs2103\cs2103-website-base\admin\appendixG-CS2103R.md
2021-09-25T07:28:48.288Z - info: Synchronizing opened pages list before reload
2021-09-25T07:28:48.288Z - info: Current opened pages, from most-to-least recent:
2021-09-25T07:28:48.288Z - info: 1. admin/appendixG-CS2103R
2021-09-25T07:28:49.311Z - info: Rebuilding 1 pages
2021-09-25T07:28:49.461Z - info: Site data built
2021-09-25T07:28:49.461Z - info: Pages rebuilt
2021-09-25T07:28:49.462Z - info: Website regeneration complete! Total build time: 0.152s
2021-09-25T07:29:04.492Z - info: [3:29:04 pm] Reload for file change: C:\repos\nus-cs2103\cs2103-website-base\admin\appendixG-CS2103R.md
2021-09-25T07:29:04.492Z - info: Synchronizing opened pages list before reload
2021-09-25T07:29:04.492Z - info: Current opened pages, from most-to-least recent:
2021-09-25T07:29:04.493Z - info: 1. admin/appendixG-CS2103R
2021-09-25T07:29:05.511Z - info: Rebuilding 1 pages
2021-09-25T07:29:05.616Z - info: Site data built
2021-09-25T07:29:05.616Z - info: Pages rebuilt
2021-09-25T07:29:05.616Z - info: Website regeneration complete! Total build time: 0.106s
2021-09-25T07:29:59.828Z - info: [3:29:59 pm] Reload for file change: C:\repos\nus-cs2103\cs2103-website-base\admin\mid-semester-survey-results.md
2021-09-25T07:29:59.828Z - info: Synchronizing opened pages list before reload
2021-09-25T07:29:59.828Z - info: Current opened pages, from most-to-least recent:
2021-09-25T07:29:59.828Z - info: 1. admin/appendixG-CS2103R
2021-09-25T07:30:00.836Z - info: No pages needed to be rebuilt
2021-09-25T07:30:31.385Z - info: [3:30:31 pm] Reload for file change: C:\repos\nus-cs2103\cs2103-website-base\admin\mid-semester-survey-results.md
2021-09-25T07:30:31.385Z - info: Synchronizing opened pages list before reload
2021-09-25T07:30:31.385Z - info: Current opened pages, from most-to-least recent:
2021-09-25T07:30:31.385Z - info: 1. admin/appendixG-CS2103R
2021-09-25T07:30:32.400Z - info: No pages needed to be rebuilt
2021-09-25T07:30:49.091Z - info: Building C:\repos\nus-cs2103\cs2103-website-base\admin\mid-semester-survey-results as some of its dependencies were changed since the last visit
2021-09-25T07:30:49.379Z - info: Site data built
2021-09-25T07:30:49.379Z - info: Lazy website regeneration complete! Total build time: 0.288s
2021-09-25T07:33:53.002Z - info: [3:33:53 pm] Reload for file change: C:\repos\nus-cs2103\cs2103-website-base\admin\mid-semester-survey-results.md
2021-09-25T07:33:53.003Z - info: Synchronizing opened pages list before reload
2021-09-25T07:33:53.003Z - info: Current opened pages, from most-to-least recent:
2021-09-25T07:33:53.003Z - info: 1. admin/mid-semester-survey-results
2021-09-25T07:33:54.009Z - info: Rebuilding 1 pages
2021-09-25T07:33:54.215Z - info: Site data built
2021-09-25T07:33:54.215Z - info: Pages rebuilt
2021-09-25T07:33:54.215Z - info: Website regeneration complete! Total build time: 0.209s
2021-09-25T07:34:16.539Z - info: [3:34:16 pm] Reload for file change: C:\repos\nus-cs2103\cs2103-website-base\admin\mid-semester-survey-results.md
2021-09-25T07:34:16.539Z - info: Synchronizing opened pages list before reload
2021-09-25T07:34:16.539Z - info: Current opened pages, from most-to-least recent:
2021-09-25T07:34:16.539Z - info: 1. admin/mid-semester-survey-results
2021-09-25T07:34:17.552Z - info: Rebuilding 1 pages
2021-09-25T07:34:17.700Z - info: Site data built
2021-09-25T07:34:17.700Z - info: Pages rebuilt
2021-09-25T07:34:17.700Z - info: Website regeneration complete! Total build time: 0.148s
2021-09-25T07:39:07.754Z - info: [3:39:07 pm] Reload for file change: C:\repos\nus-cs2103\cs2103-website-base\admin\appendixG-CS2103R.md
2021-09-25T07:39:07.754Z - info: Synchronizing opened pages list before reload
2021-09-25T07:39:07.754Z - info: Current opened pages, from most-to-least recent:
2021-09-25T07:39:07.754Z - info: 1. admin/appendixG-CS2103R
2021-09-25T07:39:08.766Z - info: Rebuilding 1 pages
2021-09-25T07:39:08.937Z - info: Site data built
2021-09-25T07:39:08.938Z - info: Pages rebuilt
2021-09-25T07:39:08.938Z - info: Website regeneration complete! Total build time: 0.173s
2021-09-25T15:35:56.110Z - info: Website generation (lazy) started at 11:35:51 pm
2021-09-25T15:36:04.104Z - info: Building assets...
2021-09-25T15:36:08.346Z - info: Assets built
2021-09-25T15:36:08.346Z - info: Generating landing page...
2021-09-25T15:36:09.850Z - info: Landing page built, other pages will be built as you navigate to them!
2021-09-25T15:36:10.646Z - info: Site data built
2021-09-25T15:36:10.647Z - info: Website generation (lazy) complete! Total build time: 19.111s
2021-09-25T15:36:11.470Z - info: Serving "C:\repos\nus-cs2103\cs2103-website-base\_site" at http://127.0.0.1:8080
2021-09-25T15:36:11.471Z - info: Press CTRL+C to stop ...
2021-09-25T15:40:05.481Z - info: [11:40:05 pm] Reload for file change: C:\repos\nus-cs2103\cs2103-website-base\admin\ip-showcase.md
2021-09-25T15:40:05.482Z - info: Synchronizing opened pages list before reload
2021-09-25T15:40:05.482Z - info: Current opened pages, from most-to-least recent:
2021-09-25T15:40:05.483Z - info: 1. index
2021-09-25T15:40:06.502Z - info: Assets built
2021-09-25T15:40:08.099Z - info: Building C:\repos\nus-cs2103\cs2103-website-base\admin\ip-showcase as some of its dependencies were changed since the last visit
2021-09-25T15:40:10.111Z - info: Site data built
2021-09-25T15:40:10.111Z - info: Lazy website regeneration complete! Total build time: 2.012s
2021-09-25T15:44:03.792Z - info: [11:44:03 pm] Reload for file change: C:\repos\nus-cs2103\cs2103-website-base\admin\ip-showcase.md
2021-09-25T15:44:03.792Z - info: Synchronizing opened pages list before reload
2021-09-25T15:44:03.792Z - info: Current opened pages, from most-to-least recent:
2021-09-25T15:44:03.792Z - info: 1. admin/ip-showcase
2021-09-25T15:44:04.801Z - info: Rebuilding 1 pages
2021-09-25T15:44:06.792Z - info: Site data built
2021-09-25T15:44:06.792Z - info: Pages rebuilt
2021-09-25T15:44:06.793Z - info: Website regeneration complete! Total build time: 1.993s
2021-09-25T15:46:15.711Z - info: [11:46:15 pm] Reload for file change: C:\repos\nus-cs2103\cs2103-website-base\admin\ip-showcase.md
2021-09-25T15:46:15.712Z - info: Synchronizing opened pages list before reload
2021-09-25T15:46:15.712Z - info: Current opened pages, from most-to-least recent:
2021-09-25T15:46:15.712Z - info: 1. admin/ip-showcase
2021-09-25T15:46:16.720Z - info: Rebuilding 1 pages
2021-09-25T15:46:18.578Z - info: Site data built
2021-09-25T15:46:18.578Z - info: Pages rebuilt
2021-09-25T15:46:18.579Z - info: Website regeneration complete! Total build time: 1.86s
2021-09-25T15:47:16.470Z - info: [11:47:16 pm] Reload for file change: C:\repos\nus-cs2103\cs2103-website-base\admin\ip-showcase.md
2021-09-25T15:47:16.470Z - info: Synchronizing opened pages list before reload
2021-09-25T15:47:16.471Z - info: Current opened pages, from most-to-least recent:
2021-09-25T15:47:16.471Z - info: 1. admin/ip-showcase
2021-09-25T15:47:17.489Z - info: Rebuilding 1 pages
2021-09-25T15:47:19.317Z - info: Site data built
2021-09-25T15:47:19.317Z - info: Pages rebuilt
2021-09-25T15:47:19.317Z - info: Website regeneration complete! Total build time: 1.831s
2021-09-25T15:47:22.698Z - info: [11:47:22 pm] Reload for file change: C:\repos\nus-cs2103\cs2103-website-base\admin\ip-showcase.md
2021-09-25T15:47:22.698Z - info: Synchronizing opened pages list before reload
2021-09-25T15:47:22.698Z - info: Current opened pages, from most-to-least recent:
2021-09-25T15:47:22.698Z - info: 1. admin/ip-showcase
2021-09-25T15:47:23.703Z - info: Rebuilding 1 pages
2021-09-25T15:47:24.704Z - info: Site data built
2021-09-25T15:47:24.704Z - info: Pages rebuilt
2021-09-25T15:47:24.705Z - info: Website regeneration complete! Total build time: 1.003s
2021-09-25T15:48:10.680Z - info: [11:48:10 pm] Reload for file change: C:\repos\nus-cs2103\cs2103-website-base\admin\ip-showcase.md
2021-09-25T15:48:10.680Z - info: Synchronizing opened pages list before reload
2021-09-25T15:48:10.680Z - info: Current opened pages, from most-to-least recent:
2021-09-25T15:48:10.680Z - info: 1. admin/ip-showcase
2021-09-25T15:48:11.694Z - info: Rebuilding 1 pages
2021-09-25T15:48:13.281Z - info: Site data built
2021-09-25T15:48:13.282Z - info: Pages rebuilt
2021-09-25T15:48:13.282Z - info: Website regeneration complete! Total build time: 1.589s
2021-09-25T15:50:46.571Z - info: [11:50:46 pm] Reload for file change: C:\repos\nus-cs2103\cs2103-website-base\admin\ip-showcase.md
2021-09-25T15:50:46.571Z - info: Synchronizing opened pages list before reload
2021-09-25T15:50:46.572Z - info: Current opened pages, from most-to-least recent:
2021-09-25T15:50:46.572Z - info: 1. admin/ip-showcase
2021-09-25T15:50:47.594Z - info: Rebuilding 1 pages
2021-09-25T15:50:49.208Z - info: Site data built
2021-09-25T15:50:49.208Z - info: Pages rebuilt
2021-09-25T15:50:49.209Z - info: Website regeneration complete! Total build time: 1.617s
