2021-08-16T16:05:11.267Z - info: Website generation (lazy) started at 12:05:06 am
2021-08-16T16:05:16.430Z - info: Building assets...
2021-08-16T16:05:21.646Z - info: Assets built
2021-08-16T16:05:21.647Z - info: Generating landing page...
2021-08-16T16:05:22.863Z - info: Landing page built, other pages will be built as you navigate to them!
2021-08-16T16:05:23.775Z - info: Site data built
2021-08-16T16:05:23.776Z - info: Website generation (lazy) complete! Total build time: 17.173s
2021-08-16T16:05:24.628Z - info: Serving "C:\repos\nus-cs2103\cs2103-website-base\_site" at http://127.0.0.1:8080
2021-08-16T16:05:24.628Z - info: Press CTRL+C to stop ...
2021-08-16T16:06:54.708Z - info: Website generation started at 12:06:52 am
2021-08-16T16:06:59.610Z - info: Building assets...
2021-08-16T16:07:03.393Z - info: Assets built
2021-08-16T16:07:03.394Z - info: Generating pages...
2021-08-16T16:07:12.293Z - debug:  
2021-08-16T16:07:12.293Z - debug:  
2021-08-16T16:07:12.293Z - debug:  
2021-08-16T16:07:12.293Z - debug:  
2021-08-16T16:07:12.294Z - debug:  
2021-08-16T16:07:12.294Z - debug:  
2021-08-16T16:08:56.493Z - debug:  
2021-08-16T16:09:06.749Z - debug:  
2021-08-16T16:09:06.750Z - debug:  
2021-08-16T16:09:12.718Z - info: Pages built
2021-08-16T16:09:13.544Z - info: Site data built
2021-08-16T16:09:13.545Z - info: Website generation complete! Total build time: 140.56s
2021-08-16T16:09:13.545Z - info: Build success!
2021-08-16T16:09:25.637Z - info: Deployed at https://nus-cs2103-ay2122s1.github.io/website!
2021-08-17T08:59:29.758Z - info: Website generation started at 4:59:24 pm
2021-08-17T08:59:35.472Z - info: Building assets...
2021-08-17T08:59:40.642Z - info: Assets built
2021-08-17T08:59:40.643Z - info: Generating pages...
2021-08-17T08:59:50.557Z - debug:  
2021-08-17T08:59:50.558Z - debug:  
2021-08-17T08:59:50.559Z - debug:  
2021-08-17T08:59:50.559Z - debug:  
2021-08-17T08:59:50.559Z - debug:  
2021-08-17T09:00:26.204Z - debug:  
2021-08-17T09:01:19.849Z - info: Pages built
2021-08-17T09:01:20.639Z - info: Site data built
2021-08-17T09:01:20.639Z - info: Website generation complete! Total build time: 115.795s
2021-08-17T09:01:20.639Z - info: Build success!
2021-08-17T09:01:31.382Z - info: Deployed at https://nus-tic2002-2021.github.io/website!
2021-08-17T09:05:13.197Z - info: Website generation (lazy) started at 5:05:09 pm
2021-08-17T09:05:18.439Z - info: Building assets...
2021-08-17T09:05:23.407Z - info: Assets built
2021-08-17T09:05:23.407Z - info: Generating landing page...
2021-08-17T09:05:24.154Z - info: Landing page built, other pages will be built as you navigate to them!
2021-08-17T09:05:24.885Z - info: Site data built
2021-08-17T09:05:24.886Z - info: Website generation (lazy) complete! Total build time: 15.63s
2021-08-17T09:05:25.584Z - info: Serving "C:\repos\nus-cs2103\cs2103-website-base\_site" at http://127.0.0.1:8080
2021-08-17T09:05:25.584Z - info: Press CTRL+C to stop ...
2021-08-17T09:05:48.330Z - info: Website generation started at 5:05:46 pm
2021-08-17T09:05:53.293Z - info: Building assets...
2021-08-17T09:05:58.522Z - info: Assets built
2021-08-17T09:05:58.523Z - info: Generating pages...
2021-08-17T09:06:07.366Z - debug:  
2021-08-17T09:06:07.367Z - debug:  
2021-08-17T09:06:07.367Z - debug:  
2021-08-17T09:06:07.367Z - debug:  
2021-08-17T09:06:07.367Z - debug:  
2021-08-17T09:06:36.347Z - debug:  
2021-08-17T09:07:18.700Z - info: Pages built
2021-08-17T09:07:19.484Z - info: Site data built
2021-08-17T09:07:19.485Z - info: Website generation complete! Total build time: 92.887s
2021-08-17T09:07:19.485Z - info: Build success!
2021-08-17T09:07:30.551Z - info: Deployed at https://nus-tic2002-2021.github.io/website!
2021-08-17T11:44:05.543Z - info: Website generation started at 7:43:57 pm
2021-08-17T11:44:14.495Z - info: Building assets...
2021-08-17T11:44:19.497Z - info: Assets built
2021-08-17T11:44:19.498Z - info: Generating pages...
2021-08-17T11:44:28.349Z - debug:  
2021-08-17T11:44:28.350Z - debug:  
2021-08-17T11:44:28.350Z - debug:  
2021-08-17T11:44:28.350Z - debug:  
2021-08-17T11:44:28.351Z - debug:  
2021-08-17T11:44:57.620Z - debug:  
2021-08-17T11:45:40.765Z - info: Pages built
2021-08-17T11:45:41.541Z - info: Site data built
2021-08-17T11:45:41.542Z - info: Website generation complete! Total build time: 103.607s
2021-08-17T11:45:41.542Z - info: Build success!
2021-08-17T11:45:52.055Z - info: Deployed at https://nus-tic2002-2021.github.io/website!
