2021-09-26T16:16:57.331Z - info: Website generation (lazy) started at 12:16:55 am
2021-09-26T16:17:02.372Z - info: Building assets...
2021-09-26T16:17:07.506Z - info: Assets built
2021-09-26T16:17:07.507Z - info: Generating landing page...
2021-09-26T16:17:08.961Z - info: Landing page built, other pages will be built as you navigate to them!
2021-09-26T16:17:09.758Z - info: Site data built
2021-09-26T16:17:09.758Z - info: Website generation (lazy) complete! Total build time: 14.254s
2021-09-26T16:17:10.484Z - info: Serving "C:\repos\nus-cs2103\cs2103-website-base\_site" at http://127.0.0.1:8080
2021-09-26T16:17:10.485Z - info: Press CTRL+C to stop ...
2021-09-26T16:17:40.229Z - info: Building C:\repos\nus-cs2103\cs2103-website-base\admin\tp-expectations as some of its dependencies were changed since the last visit
2021-09-26T16:17:41.087Z - info: Site data built
2021-09-26T16:17:41.088Z - info: Lazy website regeneration complete! Total build time: 0.859s
2021-09-26T16:24:03.843Z - info: Building C:\repos\nus-cs2103\cs2103-website-base\admin\tp-w7 as some of its dependencies were changed since the last visit
2021-09-26T16:24:05.914Z - info: Site data built
2021-09-26T16:24:05.914Z - info: Lazy website regeneration complete! Total build time: 2.071s
2021-09-26T16:24:14.912Z - info: Building C:\repos\nus-cs2103\cs2103-website-base\admin\tp-deliverables as some of its dependencies were changed since the last visit
2021-09-26T16:24:15.407Z - info: Site data built
2021-09-26T16:24:15.408Z - info: Lazy website regeneration complete! Total build time: 0.495s
2021-09-26T16:28:12.570Z - info: [12:28:12 am] Reload for file change: C:\repos\nus-cs2103\cs2103-website-base\admin\tp-deliverables-website.mbdf
2021-09-26T16:28:12.570Z - info: Synchronizing opened pages list before reload
2021-09-26T16:28:12.571Z - info: Current opened pages, from most-to-least recent:
2021-09-26T16:28:12.571Z - info: 1. admin/tp-deliverables
2021-09-26T16:28:13.576Z - info: Rebuilding 1 pages
2021-09-26T16:28:14.450Z - info: Site data built
2021-09-26T16:28:14.450Z - info: Pages rebuilt
2021-09-26T16:28:14.450Z - info: Website regeneration complete! Total build time: 0.875s
2021-09-26T16:29:43.577Z - info: [12:29:43 am] Reload for file change: C:\repos\nus-cs2103\cs2103-website-base\admin\tp-deliverables-website.mbdf
2021-09-26T16:29:43.578Z - info: Synchronizing opened pages list before reload
2021-09-26T16:29:43.578Z - info: Current opened pages, from most-to-least recent:
2021-09-26T16:29:43.578Z - info: 1. admin/tp-deliverables
2021-09-26T16:29:44.593Z - info: Rebuilding 1 pages
2021-09-26T16:29:45.131Z - info: Site data built
2021-09-26T16:29:45.131Z - info: Pages rebuilt
2021-09-26T16:29:45.131Z - info: Website regeneration complete! Total build time: 0.539s
2021-09-26T16:34:01.867Z - info: [12:34:01 am] Reload for file change: C:\repos\nus-cs2103\cs2103-website-base\admin\tp-deliverables-website.mbdf
2021-09-26T16:34:01.867Z - info: Synchronizing opened pages list before reload
2021-09-26T16:34:01.868Z - info: Current opened pages, from most-to-least recent:
2021-09-26T16:34:01.868Z - info: 1. admin/tp-deliverables
2021-09-26T16:34:02.874Z - info: Rebuilding 1 pages
2021-09-26T16:34:03.516Z - info: Site data built
2021-09-26T16:34:03.516Z - info: Pages rebuilt
2021-09-26T16:34:03.516Z - info: Website regeneration complete! Total build time: 0.643s
2021-09-26T16:34:25.877Z - info: [12:34:25 am] Reload for file change: C:\repos\nus-cs2103\cs2103-website-base\admin\tp-deliverables-website.mbdf
2021-09-26T16:34:25.877Z - info: Synchronizing opened pages list before reload
2021-09-26T16:34:25.877Z - info: Current opened pages, from most-to-least recent:
2021-09-26T16:34:25.877Z - info: 1. admin/tp-deliverables
2021-09-26T16:34:26.893Z - info: Rebuilding 1 pages
2021-09-26T16:34:27.275Z - info: Site data built
2021-09-26T16:34:27.275Z - info: Pages rebuilt
2021-09-26T16:34:27.275Z - info: Website regeneration complete! Total build time: 0.382s
2021-09-26T16:34:38.605Z - info: [12:34:38 am] Reload for file change: C:\repos\nus-cs2103\cs2103-website-base\admin\tp-deliverables-website.mbdf
2021-09-26T16:34:38.605Z - info: Synchronizing opened pages list before reload
2021-09-26T16:34:38.605Z - info: Current opened pages, from most-to-least recent:
2021-09-26T16:34:38.605Z - info: 1. admin/tp-deliverables
2021-09-26T16:34:39.615Z - info: Rebuilding 1 pages
2021-09-26T16:34:39.925Z - info: Site data built
2021-09-26T16:34:39.925Z - info: Pages rebuilt
2021-09-26T16:34:39.926Z - info: Website regeneration complete! Total build time: 0.31s
2021-09-26T16:35:01.060Z - info: [12:35:01 am] Reload for file change: C:\repos\nus-cs2103\cs2103-website-base\admin\tp-deliverables-website.mbdf
2021-09-26T16:35:01.060Z - info: Synchronizing opened pages list before reload
2021-09-26T16:35:01.060Z - info: Current opened pages, from most-to-least recent:
2021-09-26T16:35:01.060Z - info: 1. admin/tp-deliverables
2021-09-26T16:35:02.072Z - info: Rebuilding 1 pages
2021-09-26T16:35:02.653Z - info: Site data built
2021-09-26T16:35:02.653Z - info: Pages rebuilt
2021-09-26T16:35:02.653Z - info: Website regeneration complete! Total build time: 0.583s
2021-09-26T16:35:23.354Z - info: [12:35:23 am] Reload for file change: C:\repos\nus-cs2103\cs2103-website-base\admin\tp-deliverables-website.mbdf
2021-09-26T16:35:23.354Z - info: Synchronizing opened pages list before reload
2021-09-26T16:35:23.354Z - info: Current opened pages, from most-to-least recent:
2021-09-26T16:35:23.354Z - info: 1. admin/tp-deliverables
2021-09-26T16:35:24.369Z - info: Rebuilding 1 pages
2021-09-26T16:35:24.748Z - info: Site data built
2021-09-26T16:35:24.748Z - info: Pages rebuilt
2021-09-26T16:35:24.748Z - info: Website regeneration complete! Total build time: 0.38s
2021-09-26T16:35:39.893Z - info: [12:35:39 am] Reload for file change: C:\repos\nus-cs2103\cs2103-website-base\admin\tp-deliverables-website.mbdf
2021-09-26T16:35:39.893Z - info: Synchronizing opened pages list before reload
2021-09-26T16:35:39.893Z - info: Current opened pages, from most-to-least recent:
2021-09-26T16:35:39.893Z - info: 1. admin/tp-deliverables
2021-09-26T16:35:40.902Z - info: Rebuilding 1 pages
2021-09-26T16:35:41.219Z - info: Site data built
2021-09-26T16:35:41.219Z - info: Pages rebuilt
2021-09-26T16:35:41.219Z - info: Website regeneration complete! Total build time: 0.318s
2021-09-26T16:36:33.456Z - info: [12:36:33 am] Reload for file change: C:\repos\nus-cs2103\cs2103-website-base\admin\tp-deliverables-website.mbdf
2021-09-26T16:36:33.456Z - info: Synchronizing opened pages list before reload
2021-09-26T16:36:33.456Z - info: Current opened pages, from most-to-least recent:
2021-09-26T16:36:33.457Z - info: 1. admin/tp-deliverables
2021-09-26T16:36:34.463Z - info: Rebuilding 1 pages
2021-09-26T16:36:34.999Z - info: Site data built
2021-09-26T16:36:34.999Z - info: Pages rebuilt
2021-09-26T16:36:34.999Z - info: Website regeneration complete! Total build time: 0.536s
2021-09-26T16:36:47.731Z - info: [12:36:47 am] Reload for file change: C:\repos\nus-cs2103\cs2103-website-base\admin\tp-deliverables-website.mbdf
2021-09-26T16:36:47.731Z - info: Synchronizing opened pages list before reload
2021-09-26T16:36:47.731Z - info: Current opened pages, from most-to-least recent:
2021-09-26T16:36:47.731Z - info: 1. admin/tp-deliverables
2021-09-26T16:36:48.737Z - info: Rebuilding 1 pages
2021-09-26T16:36:49.137Z - info: Site data built
2021-09-26T16:36:49.138Z - info: Pages rebuilt
2021-09-26T16:36:49.138Z - info: Website regeneration complete! Total build time: 0.404s
2021-09-26T16:38:12.301Z - info: Building C:\repos\nus-cs2103\cs2103-website-base\admin\mid-semester-survey-results as some of its dependencies were changed since the last visit
2021-09-26T16:38:12.899Z - info: Site data built
2021-09-26T16:38:12.900Z - info: Lazy website regeneration complete! Total build time: 0.6s
2021-09-26T16:40:57.420Z - info: Website generation started at 12:40:54 am
2021-09-26T16:41:03.531Z - info: Building assets...
2021-09-26T16:41:08.691Z - info: Assets built
2021-09-26T16:41:08.692Z - info: Generating pages...
2021-09-26T16:41:20.442Z - debug:  
2021-09-26T16:41:20.443Z - debug:  
2021-09-26T16:41:20.443Z - debug:  
2021-09-26T16:41:20.444Z - debug:  
2021-09-26T16:41:20.444Z - debug:  
2021-09-26T16:41:20.446Z - debug:  
2021-09-26T16:44:41.928Z - debug:  
2021-09-26T16:44:56.101Z - debug:  
2021-09-26T16:44:56.102Z - debug:  
2021-09-26T16:45:06.027Z - info: Pages built
2021-09-26T16:45:07.080Z - info: Site data built
2021-09-26T16:45:07.081Z - info: Website generation complete! Total build time: 252.244s
2021-09-26T16:45:07.081Z - info: Build success!
2021-09-26T16:45:21.692Z - info: Deployed at https://nus-cs2103-ay2122s1.github.io/website!
2021-09-26T17:01:09.914Z - info: Website generation (lazy) started at 1:01:06 am
2021-09-26T17:01:14.301Z - info: Building assets...
2021-09-26T17:01:18.490Z - info: Assets built
2021-09-26T17:01:18.491Z - info: Generating landing page...
2021-09-26T17:01:19.573Z - info: Landing page built, other pages will be built as you navigate to them!
2021-09-26T17:01:20.229Z - info: Site data built
2021-09-26T17:01:20.229Z - info: Website generation (lazy) complete! Total build time: 14.122s
2021-09-26T17:01:20.893Z - info: Serving "C:\repos\nus-cs2103\cs2103-website-base\_site" at http://127.0.0.1:8080
2021-09-26T17:01:20.893Z - info: Press CTRL+C to stop ...
2021-09-26T17:01:42.048Z - info: Building C:\repos\nus-cs2103\cs2103-website-base\admin\mid-semester-survey-results as some of its dependencies were changed since the last visit
2021-09-26T17:01:42.543Z - info: Site data built
2021-09-26T17:01:42.543Z - info: Lazy website regeneration complete! Total build time: 0.496s
2021-09-26T17:02:15.390Z - info: [1:02:15 am] Reload for file change: C:\repos\nus-cs2103\cs2103-website-base\admin\mid-semester-survey-results.md
2021-09-26T17:02:15.391Z - info: Synchronizing opened pages list before reload
2021-09-26T17:02:15.391Z - info: Current opened pages, from most-to-least recent:
2021-09-26T17:02:15.391Z - info: 1. admin/mid-semester-survey-results
2021-09-26T17:02:15.391Z - info: 2. index
2021-09-26T17:02:16.399Z - info: Rebuilding 1 pages
2021-09-26T17:02:16.698Z - info: Site data built
2021-09-26T17:02:16.698Z - info: Pages rebuilt
2021-09-26T17:02:16.698Z - info: Website regeneration complete! Total build time: 0.301s
2021-09-26T17:03:31.659Z - info: Website generation started at 1:03:29 am
2021-09-26T17:03:36.500Z - info: Building assets...
2021-09-26T17:03:40.606Z - info: Assets built
2021-09-26T17:03:40.606Z - info: Generating pages...
2021-09-26T17:03:51.018Z - debug:  
2021-09-26T17:03:51.019Z - debug:  
2021-09-26T17:03:51.019Z - debug:  
2021-09-26T17:03:51.019Z - debug:  
2021-09-26T17:03:51.019Z - debug:  
2021-09-26T17:03:51.020Z - debug:  
2021-09-26T17:05:51.433Z - debug:  
2021-09-26T17:06:04.557Z - debug:  
2021-09-26T17:06:04.557Z - debug:  
2021-09-26T17:06:13.574Z - info: Pages built
2021-09-26T17:06:14.481Z - info: Site data built
2021-09-26T17:06:14.481Z - info: Website generation complete! Total build time: 165.294s
2021-09-26T17:06:14.481Z - info: Build success!
2021-09-26T17:06:25.747Z - info: Deployed at https://nus-cs2103-ay2122s1.github.io/website!
2021-09-27T06:17:19.073Z - info: Website generation (lazy) started at 2:17:14 pm
2021-09-27T06:17:23.613Z - info: Building assets...
2021-09-27T06:17:27.444Z - info: Assets built
2021-09-27T06:17:27.444Z - info: Generating landing page...
2021-09-27T06:17:28.030Z - info: Landing page built, other pages will be built as you navigate to them!
2021-09-27T06:17:28.786Z - info: Site data built
2021-09-27T06:17:28.786Z - info: Website generation (lazy) complete! Total build time: 13.803s
2021-09-27T06:17:29.523Z - info: Serving "C:\repos\nus-cs2103\cs2103-website-base\_site" at http://127.0.0.1:8080
2021-09-27T06:17:29.523Z - info: Press CTRL+C to stop ...
2021-09-27T06:17:46.619Z - info: Building C:\repos\nus-cs2103\cs2103-website-base\schedule\week6\topics as some of its dependencies were changed since the last visit
2021-09-27T06:17:49.032Z - info: Site data built
2021-09-27T06:17:49.033Z - info: Lazy website regeneration complete! Total build time: 2.413s
2021-09-27T06:17:50.865Z - debug:  
2021-09-27T06:17:50.911Z - debug:  
2021-09-27T06:18:31.003Z - info: [2:18:31 pm] Reload for file change: C:\repos\nus-cs2103\cs2103-website-base\_module-TIC2002\weeklyTextbookTopics.mbdf
2021-09-27T06:18:31.004Z - info: Synchronizing opened pages list before reload
2021-09-27T06:18:31.004Z - info: Current opened pages, from most-to-least recent:
2021-09-27T06:18:31.004Z - info: 1. schedule/week6/topics
2021-09-27T06:18:32.013Z - info: Rebuilding 1 pages
2021-09-27T06:18:34.108Z - info: Site data built
2021-09-27T06:18:34.108Z - info: Pages rebuilt
2021-09-27T06:18:34.108Z - info: Website regeneration complete! Total build time: 2.096s
2021-09-27T06:18:35.833Z - debug:  
2021-09-27T06:18:35.857Z - debug:  
2021-09-27T06:18:46.321Z - info: [2:18:46 pm] Reload for file change: C:\repos\nus-cs2103\cs2103-website-base\_module-TIC2002\weeklyTextbookTopics.mbdf
2021-09-27T06:18:46.321Z - info: Synchronizing opened pages list before reload
2021-09-27T06:18:46.322Z - info: Current opened pages, from most-to-least recent:
2021-09-27T06:18:46.322Z - info: 1. schedule/week6/topics
2021-09-27T06:18:47.330Z - info: Rebuilding 1 pages
2021-09-27T06:18:48.670Z - info: Site data built
2021-09-27T06:18:48.670Z - info: Pages rebuilt
2021-09-27T06:18:48.671Z - info: Website regeneration complete! Total build time: 1.341s
2021-09-27T06:18:50.596Z - debug:  
2021-09-27T06:18:50.675Z - debug:  
2021-09-27T06:18:53.989Z - info: Building C:\repos\nus-cs2103\cs2103-website-base\schedule\week7\topics as some of its dependencies were changed since the last visit
2021-09-27T06:18:56.452Z - info: Site data built
2021-09-27T06:18:56.453Z - info: Lazy website regeneration complete! Total build time: 2.465s
2021-09-27T06:18:58.099Z - debug:  
2021-09-27T06:18:58.107Z - debug:  
2021-09-27T06:25:47.085Z - info: [2:25:47 pm] Reload for file change: C:\repos\nus-cs2103\cs2103-website-base\_module-TIC2002\weeklyTextbookTopics.mbdf
2021-09-27T06:25:47.085Z - info: Synchronizing opened pages list before reload
2021-09-27T06:25:47.086Z - info: Current opened pages, from most-to-least recent:
2021-09-27T06:25:47.086Z - info: 1. schedule/week7/topics
2021-09-27T06:25:48.099Z - info: Rebuilding 1 pages
2021-09-27T06:25:50.297Z - info: Site data built
2021-09-27T06:25:50.297Z - info: Pages rebuilt
2021-09-27T06:25:50.298Z - info: Website regeneration complete! Total build time: 2.2s
2021-09-27T06:25:51.901Z - debug:  
2021-09-27T06:25:51.950Z - debug:  
2021-09-27T06:26:32.133Z - info: [2:26:32 pm] Reload for file change: C:\repos\nus-cs2103\cs2103-website-base\_module-TIC2002\textbookTopics.mbdf
2021-09-27T06:26:32.133Z - info: Synchronizing opened pages list before reload
2021-09-27T06:26:32.134Z - info: Current opened pages, from most-to-least recent:
2021-09-27T06:26:32.134Z - info: 1. schedule/week7/topics
2021-09-27T06:26:33.283Z - info: Rebuilding 1 pages
2021-09-27T06:26:35.192Z - info: Site data built
2021-09-27T06:26:35.192Z - info: Pages rebuilt
2021-09-27T06:26:35.193Z - info: Website regeneration complete! Total build time: 1.911s
2021-09-27T06:26:36.804Z - debug:  
2021-09-27T06:26:36.826Z - debug:  
2021-09-27T06:30:18.462Z - info: [2:30:18 pm] Reload for file change: C:\repos\nus-cs2103\cs2103-website-base\_module-TIC2002\weeklyTextbookTopics.mbdf
2021-09-27T06:30:18.463Z - info: Synchronizing opened pages list before reload
2021-09-27T06:30:18.463Z - info: Current opened pages, from most-to-least recent:
2021-09-27T06:30:18.463Z - info: 1. schedule/week7/topics
2021-09-27T06:30:19.473Z - info: Rebuilding 1 pages
2021-09-27T06:30:21.697Z - info: Site data built
2021-09-27T06:30:21.697Z - info: Pages rebuilt
2021-09-27T06:30:21.698Z - info: Website regeneration complete! Total build time: 2.226s
2021-09-27T06:30:23.722Z - debug:  
2021-09-27T06:30:23.801Z - debug:  
2021-09-27T06:30:27.738Z - info: Building C:\repos\nus-cs2103\cs2103-website-base\schedule\week8\topics as some of its dependencies were changed since the last visit
2021-09-27T06:30:29.755Z - info: Site data built
2021-09-27T06:30:29.756Z - info: Lazy website regeneration complete! Total build time: 2.018s
2021-09-27T06:30:31.753Z - debug:  
2021-09-27T06:30:45.553Z - info: Building C:\repos\nus-cs2103\cs2103-website-base\schedule\week9\topics as some of its dependencies were changed since the last visit
2021-09-27T06:30:48.023Z - info: Site data built
2021-09-27T06:30:48.023Z - info: Lazy website regeneration complete! Total build time: 2.47s
2021-09-27T06:34:57.663Z - info: [2:34:57 pm] Reload for file change: C:\repos\nus-cs2103\cs2103-website-base\_module-TIC2002\textbookTopics.mbdf
2021-09-27T06:34:57.663Z - info: Synchronizing opened pages list before reload
2021-09-27T06:34:57.663Z - info: Current opened pages, from most-to-least recent:
2021-09-27T06:34:57.664Z - info: 1. schedule/week9/topics
2021-09-27T06:34:58.848Z - info: Rebuilding 1 pages
2021-09-27T06:35:00.745Z - info: Site data built
2021-09-27T06:35:00.745Z - info: Pages rebuilt
2021-09-27T06:35:00.745Z - info: Website regeneration complete! Total build time: 1.898s
2021-09-27T06:43:59.975Z - info: [2:43:59 pm] Reload for file change: C:\repos\nus-cs2103\cs2103-website-base\_module-TIC2002\weeklyTextbookTopics.mbdf
2021-09-27T06:43:59.975Z - info: Synchronizing opened pages list before reload
2021-09-27T06:43:59.976Z - info: Current opened pages, from most-to-least recent:
2021-09-27T06:43:59.976Z - info: 1. schedule/week9/topics
2021-09-27T06:44:00.983Z - info: Rebuilding 1 pages
2021-09-27T06:44:02.693Z - info: Site data built
2021-09-27T06:44:02.693Z - info: Pages rebuilt
2021-09-27T06:44:02.693Z - info: Website regeneration complete! Total build time: 1.712s
2021-09-27T06:44:07.780Z - info: Building C:\repos\nus-cs2103\cs2103-website-base\schedule\week10\topics as some of its dependencies were changed since the last visit
2021-09-27T06:44:09.884Z - info: Site data built
2021-09-27T06:44:09.884Z - info: Lazy website regeneration complete! Total build time: 2.104s
2021-09-27T06:45:24.426Z - info: [2:45:24 pm] Reload for file change: C:\repos\nus-cs2103\cs2103-website-base\_module-TIC2002\textbookTopics.mbdf
2021-09-27T06:45:24.426Z - info: Synchronizing opened pages list before reload
2021-09-27T06:45:24.427Z - info: Current opened pages, from most-to-least recent:
2021-09-27T06:45:24.427Z - info: 1. schedule/week10/topics
2021-09-27T06:45:25.594Z - info: Rebuilding 1 pages
2021-09-27T06:45:27.396Z - info: Site data built
2021-09-27T06:45:27.396Z - info: Pages rebuilt
2021-09-27T06:45:27.396Z - info: Website regeneration complete! Total build time: 1.802s
2021-09-27T06:50:15.868Z - info: [2:50:15 pm] Reload for file change: C:\repos\nus-cs2103\cs2103-website-base\_module-TIC2002\weeklyTextbookTopics.mbdf
2021-09-27T06:50:15.869Z - info: Synchronizing opened pages list before reload
2021-09-27T06:50:15.869Z - info: Current opened pages, from most-to-least recent:
2021-09-27T06:50:15.869Z - info: 1. schedule/week10/topics
2021-09-27T06:50:16.873Z - info: Rebuilding 1 pages
2021-09-27T06:50:18.850Z - info: Site data built
2021-09-27T06:50:18.850Z - info: Pages rebuilt
2021-09-27T06:50:18.850Z - info: Website regeneration complete! Total build time: 1.979s
2021-09-27T06:50:22.847Z - info: Building C:\repos\nus-cs2103\cs2103-website-base\schedule\week8\topics as some of its dependencies were changed since the last visit
2021-09-27T06:50:24.928Z - info: Site data built
2021-09-27T06:50:24.929Z - info: Lazy website regeneration complete! Total build time: 2.083s
2021-09-27T06:50:27.224Z - debug:  
2021-09-27T06:51:14.189Z - info: [2:51:14 pm] Reload for file change: C:\repos\nus-cs2103\cs2103-website-base\_module-TIC2002\textbookTopics.mbdf
2021-09-27T06:51:14.189Z - info: Synchronizing opened pages list before reload
2021-09-27T06:51:14.190Z - info: Current opened pages, from most-to-least recent:
2021-09-27T06:51:14.190Z - info: 1. schedule/week8/topics
2021-09-27T06:51:14.213Z - info: [2:51:14 pm] Reload for file change: C:\repos\nus-cs2103\cs2103-website-base\_module-TIC2002\weeklyTextbookTopics.mbdf
2021-09-27T06:51:14.213Z - info: Synchronizing opened pages list before reload
2021-09-27T06:51:14.213Z - info: Current opened pages, from most-to-least recent:
2021-09-27T06:51:14.214Z - info: 1. schedule/week8/topics
2021-09-27T06:51:15.373Z - info: Rebuilding 1 pages
2021-09-27T06:51:17.203Z - info: Site data built
2021-09-27T06:51:17.203Z - info: Pages rebuilt
2021-09-27T06:51:17.203Z - info: Website regeneration complete! Total build time: 1.83s
2021-09-27T06:51:18.281Z - debug:  
2021-09-27T06:52:01.106Z - info: [2:52:01 pm] Reload for file change: C:\repos\nus-cs2103\cs2103-website-base\_module-TIC2002\textbookTopics.mbdf
2021-09-27T06:52:01.106Z - info: Synchronizing opened pages list before reload
2021-09-27T06:52:01.107Z - info: Current opened pages, from most-to-least recent:
2021-09-27T06:52:01.107Z - info: 1. schedule/week8/topics
2021-09-27T06:52:02.262Z - info: Rebuilding 1 pages
2021-09-27T06:52:04.087Z - info: Site data built
2021-09-27T06:52:04.088Z - info: Pages rebuilt
2021-09-27T06:52:04.088Z - info: Website regeneration complete! Total build time: 1.826s
2021-09-27T06:52:05.255Z - debug:  
2021-09-27T06:54:32.249Z - info: [2:54:32 pm] Reload for file change: C:\repos\nus-cs2103\cs2103-website-base\_module-TIC2002\weeklyTextbookTopics.mbdf
2021-09-27T06:54:32.250Z - info: Synchronizing opened pages list before reload
2021-09-27T06:54:32.250Z - info: Current opened pages, from most-to-least recent:
2021-09-27T06:54:32.250Z - info: 1. schedule/week8/topics
2021-09-27T06:54:33.255Z - info: Rebuilding 1 pages
2021-09-27T06:54:35.409Z - info: Site data built
2021-09-27T06:54:35.410Z - info: Pages rebuilt
2021-09-27T06:54:35.410Z - info: Website regeneration complete! Total build time: 2.157s
2021-09-27T06:54:36.381Z - debug:  
2021-09-27T06:56:50.116Z - info: [2:56:50 pm] Reload for file change: C:\repos\nus-cs2103\cs2103-website-base\_module-TIC2002\weeklyTextbookTopics.mbdf
2021-09-27T06:56:50.116Z - info: Synchronizing opened pages list before reload
2021-09-27T06:56:50.116Z - info: Current opened pages, from most-to-least recent:
2021-09-27T06:56:50.116Z - info: 1. schedule/week8/topics
2021-09-27T06:56:51.121Z - info: Rebuilding 1 pages
2021-09-27T06:56:53.474Z - info: Site data built
2021-09-27T06:56:53.474Z - info: Pages rebuilt
2021-09-27T06:56:53.475Z - info: Website regeneration complete! Total build time: 2.355s
2021-09-27T06:56:54.400Z - debug:  
2021-09-27T06:57:29.481Z - info: [2:57:29 pm] Reload for file change: C:\repos\nus-cs2103\cs2103-website-base\_module-TIC2002\textbookTopics.mbdf
2021-09-27T06:57:29.481Z - info: Synchronizing opened pages list before reload
2021-09-27T06:57:29.481Z - info: Current opened pages, from most-to-least recent:
2021-09-27T06:57:29.482Z - info: 1. schedule/week8/topics
2021-09-27T06:57:30.629Z - info: Rebuilding 1 pages
2021-09-27T06:57:33.058Z - info: Site data built
2021-09-27T06:57:33.058Z - info: Pages rebuilt
2021-09-27T06:57:33.059Z - info: Website regeneration complete! Total build time: 2.431s
2021-09-27T06:57:33.796Z - debug:  
2021-09-27T06:57:40.646Z - info: Building C:\repos\nus-cs2103\cs2103-website-base\schedule\week9\topics as some of its dependencies were changed since the last visit
2021-09-27T06:57:42.937Z - info: Site data built
2021-09-27T06:57:42.937Z - info: Lazy website regeneration complete! Total build time: 2.292s
2021-09-27T06:58:31.045Z - info: [2:58:31 pm] Reload for file change: C:\repos\nus-cs2103\cs2103-website-base\_module-TIC2002\weeklyTextbookTopics.mbdf
2021-09-27T06:58:31.045Z - info: Synchronizing opened pages list before reload
2021-09-27T06:58:31.046Z - info: Current opened pages, from most-to-least recent:
2021-09-27T06:58:31.047Z - info: 1. schedule/week9/topics
2021-09-27T06:58:32.060Z - info: Rebuilding 1 pages
2021-09-27T06:58:34.270Z - info: Site data built
2021-09-27T06:58:34.270Z - info: Pages rebuilt
2021-09-27T06:58:34.271Z - info: Website regeneration complete! Total build time: 2.212s
2021-09-27T07:04:25.711Z - info: [3:04:25 pm] Reload for file change: C:\repos\nus-cs2103\cs2103-website-base\_module-TIC2002\weeklyTextbookTopics.mbdf
2021-09-27T07:04:25.711Z - info: Synchronizing opened pages list before reload
2021-09-27T07:04:25.712Z - info: Current opened pages, from most-to-least recent:
2021-09-27T07:04:25.712Z - info: 1. schedule/week8/topics
2021-09-27T07:04:26.732Z - info: Rebuilding 1 pages
2021-09-27T07:04:28.509Z - info: Site data built
2021-09-27T07:04:28.509Z - info: Pages rebuilt
2021-09-27T07:04:28.510Z - info: Website regeneration complete! Total build time: 1.781s
2021-09-27T07:04:29.455Z - debug:  
2021-09-27T07:04:32.518Z - info: Building C:\repos\nus-cs2103\cs2103-website-base\schedule\week11\topics as some of its dependencies were changed since the last visit
2021-09-27T07:04:33.902Z - info: Site data built
2021-09-27T07:04:33.902Z - info: Lazy website regeneration complete! Total build time: 1.384s
2021-09-27T07:04:35.143Z - debug:  
2021-09-27T07:04:35.151Z - debug:  
2021-09-27T07:09:58.657Z - info: [3:09:58 pm] Reload for file change: C:\repos\nus-cs2103\cs2103-website-base\_module-TIC2002\weeklyTextbookTopics.mbdf
2021-09-27T07:09:58.658Z - info: Synchronizing opened pages list before reload
2021-09-27T07:09:58.658Z - info: Current opened pages, from most-to-least recent:
2021-09-27T07:09:58.658Z - info: 1. schedule/week11/topics
2021-09-27T07:09:59.660Z - info: Rebuilding 1 pages
2021-09-27T07:10:02.022Z - info: Site data built
2021-09-27T07:10:02.022Z - info: Pages rebuilt
2021-09-27T07:10:02.022Z - info: Website regeneration complete! Total build time: 2.363s
2021-09-27T07:10:02.646Z - debug:  
2021-09-27T07:10:02.722Z - debug:  
2021-09-27T07:10:48.372Z - info: [3:10:48 pm] Reload for file change: C:\repos\nus-cs2103\cs2103-website-base\_module-TIC2002\textbookTopics.mbdf
2021-09-27T07:10:48.372Z - info: Synchronizing opened pages list before reload
2021-09-27T07:10:48.373Z - info: Current opened pages, from most-to-least recent:
2021-09-27T07:10:48.373Z - info: 1. schedule/week11/topics
2021-09-27T07:10:49.542Z - info: Rebuilding 1 pages
2021-09-27T07:10:52.125Z - info: Site data built
2021-09-27T07:10:52.125Z - info: Pages rebuilt
2021-09-27T07:10:52.126Z - info: Website regeneration complete! Total build time: 2.584s
2021-09-27T07:10:52.902Z - debug:  
2021-09-27T07:10:52.922Z - debug:  
2021-09-27T07:13:50.452Z - info: [3:13:50 pm] Reload for file change: C:\repos\nus-cs2103\cs2103-website-base\_module-TIC2002\weeklyTextbookTopics.mbdf
2021-09-27T07:13:50.452Z - info: Synchronizing opened pages list before reload
2021-09-27T07:13:50.452Z - info: Current opened pages, from most-to-least recent:
2021-09-27T07:13:50.453Z - info: 1. schedule/week11/topics
2021-09-27T07:13:51.461Z - info: Rebuilding 1 pages
2021-09-27T07:13:53.798Z - info: Site data built
2021-09-27T07:13:53.798Z - info: Pages rebuilt
2021-09-27T07:13:53.799Z - info: Website regeneration complete! Total build time: 2.34s
2021-09-27T07:13:54.903Z - debug:  
2021-09-27T07:13:54.921Z - debug:  
2021-09-27T07:13:57.416Z - info: Building C:\repos\nus-cs2103\cs2103-website-base\schedule\week8\topics as some of its dependencies were changed since the last visit
2021-09-27T07:13:59.540Z - info: Site data built
2021-09-27T07:13:59.540Z - info: Lazy website regeneration complete! Total build time: 2.125s
2021-09-27T07:14:00.777Z - debug:  
2021-09-27T07:15:12.019Z - info: [3:15:12 pm] Reload for file change: C:\repos\nus-cs2103\cs2103-website-base\_module-TIC2002\weeklyTextbookTopics.mbdf
2021-09-27T07:15:12.019Z - info: Synchronizing opened pages list before reload
2021-09-27T07:15:12.019Z - info: Current opened pages, from most-to-least recent:
2021-09-27T07:15:12.020Z - info: 1. schedule/week8/topics
2021-09-27T07:15:13.036Z - info: Rebuilding 1 pages
2021-09-27T07:15:15.603Z - info: Site data built
2021-09-27T07:15:15.603Z - info: Pages rebuilt
2021-09-27T07:15:15.603Z - info: Website regeneration complete! Total build time: 2.569s
2021-09-27T07:15:16.159Z - debug:  
2021-09-27T07:16:37.742Z - info: Building C:\repos\nus-cs2103\cs2103-website-base\schedule\timeline as some of its dependencies were changed since the last visit
2021-09-27T07:16:41.482Z - info: Site data built
2021-09-27T07:16:41.483Z - info: Lazy website regeneration complete! Total build time: 3.741s
2021-09-27T07:17:59.371Z - info: [3:17:59 pm] Reload for file change: C:\repos\nus-cs2103\cs2103-website-base\_module-TIC2002\weeklyTextbookTopics.mbdf
2021-09-27T07:17:59.371Z - info: Synchronizing opened pages list before reload
2021-09-27T07:17:59.372Z - info: Current opened pages, from most-to-least recent:
2021-09-27T07:17:59.372Z - info: 1. schedule/timeline
2021-09-27T07:18:00.384Z - info: Rebuilding 1 pages
2021-09-27T07:18:02.903Z - info: Site data built
2021-09-27T07:18:02.903Z - info: Pages rebuilt
2021-09-27T07:18:02.903Z - info: Website regeneration complete! Total build time: 2.522s
2021-09-27T07:18:31.199Z - info: [3:18:31 pm] Reload for file change: C:\repos\nus-cs2103\cs2103-website-base\_module-TIC2002\textbookTopics.mbdf
2021-09-27T07:18:31.199Z - info: Synchronizing opened pages list before reload
2021-09-27T07:18:31.200Z - info: Current opened pages, from most-to-least recent:
2021-09-27T07:18:31.200Z - info: 1. schedule/timeline
2021-09-27T07:18:32.324Z - info: Rebuilding 1 pages
2021-09-27T07:18:34.093Z - info: Site data built
2021-09-27T07:18:34.093Z - info: Pages rebuilt
2021-09-27T07:18:34.094Z - info: Website regeneration complete! Total build time: 1.77s
2021-09-27T07:18:45.783Z - info: [3:18:45 pm] Reload for file change: C:\repos\nus-cs2103\cs2103-website-base\_module-TIC2002\textbookTopics.mbdf
2021-09-27T07:18:45.783Z - info: Synchronizing opened pages list before reload
2021-09-27T07:18:45.783Z - info: Current opened pages, from most-to-least recent:
2021-09-27T07:18:45.784Z - info: 1. schedule/timeline
2021-09-27T07:18:46.852Z - info: Rebuilding 1 pages
2021-09-27T07:18:48.323Z - info: Site data built
2021-09-27T07:18:48.323Z - info: Pages rebuilt
2021-09-27T07:18:48.323Z - info: Website regeneration complete! Total build time: 1.472s
2021-09-27T07:19:07.963Z - info: Building C:\repos\nus-cs2103\cs2103-website-base\schedule\week12\topics as some of its dependencies were changed since the last visit
2021-09-27T07:19:09.466Z - info: Site data built
2021-09-27T07:19:09.467Z - info: Lazy website regeneration complete! Total build time: 1.504s
2021-09-27T07:20:05.657Z - info: [3:20:05 pm] Reload for file change: C:\repos\nus-cs2103\cs2103-website-base\_module-TIC2002\weeklyTextbookTopics.mbdf
2021-09-27T07:20:05.658Z - info: Synchronizing opened pages list before reload
2021-09-27T07:20:05.658Z - info: Current opened pages, from most-to-least recent:
2021-09-27T07:20:05.658Z - info: 1. schedule/week12/topics
2021-09-27T07:20:06.663Z - info: Rebuilding 1 pages
2021-09-27T07:20:07.740Z - info: Site data built
2021-09-27T07:20:07.740Z - info: Pages rebuilt
2021-09-27T07:20:07.741Z - info: Website regeneration complete! Total build time: 1.08s
2021-09-27T07:20:22.642Z - info: [3:20:22 pm] Reload for file change: C:\repos\nus-cs2103\cs2103-website-base\_module-TIC2002\textbookTopics.mbdf
2021-09-27T07:20:22.642Z - info: Synchronizing opened pages list before reload
2021-09-27T07:20:22.643Z - info: Current opened pages, from most-to-least recent:
2021-09-27T07:20:22.643Z - info: 1. schedule/week12/topics
2021-09-27T07:20:23.710Z - info: Rebuilding 1 pages
2021-09-27T07:20:24.546Z - info: Site data built
2021-09-27T07:20:24.546Z - info: Pages rebuilt
2021-09-27T07:20:24.546Z - info: Website regeneration complete! Total build time: 0.836s
2021-09-27T07:20:30.413Z - info: Building C:\repos\nus-cs2103\cs2103-website-base\schedule\timeline as some of its dependencies were changed since the last visit
2021-09-27T07:20:32.189Z - info: Site data built
2021-09-27T07:20:32.189Z - info: Lazy website regeneration complete! Total build time: 1.777s
2021-09-27T07:21:54.738Z - info: [3:21:54 pm] Reload for file change: C:\repos\nus-cs2103\cs2103-website-base\_module-TIC2002\weeklyTextbookTopics.mbdf
2021-09-27T07:21:54.739Z - info: Synchronizing opened pages list before reload
2021-09-27T07:21:54.739Z - info: Current opened pages, from most-to-least recent:
2021-09-27T07:21:54.739Z - info: 1. schedule/timeline
2021-09-27T07:21:55.748Z - info: Rebuilding 1 pages
2021-09-27T07:21:55.844Z - error:  Template render error: (C:\repos\nus-cs2103\cs2103-website-base\schedule\timeline.md)
  Template render error: (C:\repos\nus-cs2103\cs2103-website-base\schedule\timeline.md)
  Template render error: (C:\repos\nus-cs2103\cs2103-website-base\schedule\timeline.md)
  Template render error: (C:\repos\nus-cs2103\cs2103-website-base\schedule\timeline.md)
  Template render error: (C:\repos\nus-cs2103\cs2103-website-base\schedule\timeline.md)
  Template render error: (C:\repos\nus-cs2103\cs2103-website-base\schedule\timeline.md)
  Template render error: (C:\repos\nus-cs2103\cs2103-website-base\schedule\timeline.md)
  Template render error: (C:\repos\nus-cs2103\cs2103-website-base\schedule\timeline.md) [Line 1, Column 33]
  parseAggregate: expected comma after expression
    at Object._prettifyError (C:\Users\dcsdcr\AppData\Roaming\npm\node_modules\markbind-cli\node_modules\nunjucks\src\lib.js:36:11)
    at C:\Users\dcsdcr\AppData\Roaming\npm\node_modules\markbind-cli\node_modules\@markbind\core\src\patches\nunjucks\context-overrides-frame.js:383:17
    at Template.root [as rootRenderFunc] (eval at _compile (C:\Users\dcsdcr\AppData\Roaming\npm\node_modules\markbind-cli\node_modules\nunjucks\src\environment.js:631:18), <anonymous>:132:3)
    at Template.render (C:\Users\dcsdcr\AppData\Roaming\npm\node_modules\markbind-cli\node_modules\@markbind\core\src\patches\nunjucks\context-overrides-frame.js:372:8)
    at C:\Users\dcsdcr\AppData\Roaming\npm\node_modules\markbind-cli\node_modules\@markbind\core\src\patches\nunjucks\context-overrides-frame.js:54:25
    at createTemplate (C:\Users\dcsdcr\AppData\Roaming\npm\node_modules\markbind-cli\node_modules\@markbind\core\src\patches\nunjucks\load-event.js:121:7)
    at handle (C:\Users\dcsdcr\AppData\Roaming\npm\node_modules\markbind-cli\node_modules\@markbind\core\src\patches\nunjucks\load-event.js:133:9)
    at C:\Users\dcsdcr\AppData\Roaming\npm\node_modules\markbind-cli\node_modules\@markbind\core\src\patches\nunjucks\load-event.js:145:7
    at next (C:\Users\dcsdcr\AppData\Roaming\npm\node_modules\markbind-cli\node_modules\nunjucks\src\lib.js:326:7)
    at Object.asyncIter (C:\Users\dcsdcr\AppData\Roaming\npm\node_modules\markbind-cli\node_modules\nunjucks\src\lib.js:332:3)
    at Environment.getTemplate (C:\Users\dcsdcr\AppData\Roaming\npm\node_modules\markbind-cli\node_modules\@markbind\core\src\patches\nunjucks\load-event.js:127:7)
    at Environment.render (C:\Users\dcsdcr\AppData\Roaming\npm\node_modules\markbind-cli\node_modules\@markbind\core\src\patches\nunjucks\context-overrides-frame.js:48:8)
    at VariableRenderer.renderFile (C:\Users\dcsdcr\AppData\Roaming\npm\node_modules\markbind-cli\node_modules\@markbind\core\src\variables\VariableRenderer.js:59:20)
    at VariableProcessor.renderWithSiteVariables (C:\Users\dcsdcr\AppData\Roaming\npm\node_modules\markbind-cli\node_modules\@markbind\core\src\variables\VariableProcessor.js:157:53)
    at Page.generate (C:\Users\dcsdcr\AppData\Roaming\npm\node_modules\markbind-cli\node_modules\@markbind\core\src\Page\index.js:469:37)
    at C:\Users\dcsdcr\AppData\Roaming\npm\node_modules\markbind-cli\node_modules\@markbind\core\src\Site\index.js:1122:20
2021-09-27T07:21:55.845Z - warn:  Error: Error while generating undefined
    at C:\Users\dcsdcr\AppData\Roaming\npm\node_modules\markbind-cli\node_modules\@markbind\core\src\Site\index.js:1130:15
    at async sequentialAsyncForEach (C:\Users\dcsdcr\AppData\Roaming\npm\node_modules\markbind-cli\node_modules\@markbind\core\src\utils\async.js:15:7)
    at async Site.generatePagesSequential (C:\Users\dcsdcr\AppData\Roaming\npm\node_modules\markbind-cli\node_modules\@markbind\core\src\Site\index.js:1113:5)
    at async C:\Users\dcsdcr\AppData\Roaming\npm\node_modules\markbind-cli\node_modules\@markbind\core\src\Site\index.js:1094:23
    at async sequentialAsyncForEach (C:\Users\dcsdcr\AppData\Roaming\npm\node_modules\markbind-cli\node_modules\@markbind\core\src\utils\async.js:15:7)
    at async Site.runPageGenerationTasks (C:\Users\dcsdcr\AppData\Roaming\npm\node_modules\markbind-cli\node_modules\@markbind\core\src\Site\index.js:1085:5)
    at async Site.regenerateAffectedPages (C:\Users\dcsdcr\AppData\Roaming\npm\node_modules\markbind-cli\node_modules\@markbind\core\src\Site\index.js:1316:7)
    at async Site._rebuildAffectedSourceFiles (C:\Users\dcsdcr\AppData\Roaming\npm\node_modules\markbind-cli\node_modules\@markbind\core\src\Site\index.js:742:7)
2021-09-27T07:22:16.383Z - info: [3:22:16 pm] Reload for file change: C:\repos\nus-cs2103\cs2103-website-base\_module-TIC2002\weeklyTextbookTopics.mbdf
2021-09-27T07:22:16.383Z - info: Synchronizing opened pages list before reload
2021-09-27T07:22:16.383Z - info: Current opened pages, from most-to-least recent:
2021-09-27T07:22:16.383Z - info: 1. schedule/timeline
2021-09-27T07:22:17.390Z - info: No pages needed to be rebuilt
2021-09-27T07:22:42.980Z - info: Website generation (lazy) started at 3:22:41 pm
2021-09-27T07:22:47.378Z - info: Building assets...
2021-09-27T07:22:50.954Z - info: Assets built
2021-09-27T07:22:50.954Z - info: Generating landing page...
2021-09-27T07:22:51.592Z - info: Landing page built, other pages will be built as you navigate to them!
2021-09-27T07:22:52.296Z - info: Site data built
2021-09-27T07:22:52.296Z - info: Website generation (lazy) complete! Total build time: 11.14s
2021-09-27T07:22:52.982Z - info: Serving "C:\repos\nus-cs2103\cs2103-website-base\_site" at http://127.0.0.1:8080
2021-09-27T07:22:52.982Z - info: Press CTRL+C to stop ...
2021-09-27T07:23:00.793Z - info: Building C:\repos\nus-cs2103\cs2103-website-base\schedule\timeline as some of its dependencies were changed since the last visit
2021-09-27T07:23:03.864Z - info: Site data built
2021-09-27T07:23:03.864Z - info: Lazy website regeneration complete! Total build time: 3.072s
2021-09-27T07:23:33.677Z - info: [3:23:33 pm] Reload for file change: C:\repos\nus-cs2103\cs2103-website-base\_module-TIC2002\weeklyTextbookTopics.mbdf
2021-09-27T07:23:33.678Z - info: Synchronizing opened pages list before reload
2021-09-27T07:23:33.678Z - info: Current opened pages, from most-to-least recent:
2021-09-27T07:23:33.678Z - info: 1. schedule/timeline
2021-09-27T07:23:34.692Z - info: Rebuilding 1 pages
2021-09-27T07:23:36.693Z - info: Site data built
2021-09-27T07:23:36.693Z - info: Pages rebuilt
2021-09-27T07:23:36.693Z - info: Website regeneration complete! Total build time: 2.002s
2021-09-27T07:24:16.143Z - info: [3:24:16 pm] Reload for file change: C:\repos\nus-cs2103\cs2103-website-base\_module-TIC2002\textbookTopics.mbdf
2021-09-27T07:24:16.143Z - info: Synchronizing opened pages list before reload
2021-09-27T07:24:16.143Z - info: Current opened pages, from most-to-least recent:
2021-09-27T07:24:16.143Z - info: 1. schedule/timeline
2021-09-27T07:24:17.291Z - info: Rebuilding 1 pages
2021-09-27T07:24:19.269Z - info: Site data built
2021-09-27T07:24:19.269Z - info: Pages rebuilt
2021-09-27T07:24:19.269Z - info: Website regeneration complete! Total build time: 1.979s
2021-09-27T07:24:39.120Z - info: [3:24:39 pm] Reload for file change: C:\repos\nus-cs2103\cs2103-website-base\_module-TIC2002\textbookTopics.mbdf
2021-09-27T07:24:39.121Z - info: Synchronizing opened pages list before reload
2021-09-27T07:24:39.121Z - info: Current opened pages, from most-to-least recent:
2021-09-27T07:24:39.121Z - info: 1. schedule/timeline
2021-09-27T07:24:40.252Z - info: Rebuilding 1 pages
2021-09-27T07:24:42.257Z - info: Site data built
2021-09-27T07:24:42.258Z - info: Pages rebuilt
2021-09-27T07:24:42.258Z - info: Website regeneration complete! Total build time: 2.007s
2021-09-27T07:25:13.373Z - info: [3:25:13 pm] Reload for file change: C:\repos\nus-cs2103\cs2103-website-base\_module-TIC2002\weeklyTextbookTopics.mbdf
2021-09-27T07:25:13.373Z - info: Synchronizing opened pages list before reload
2021-09-27T07:25:13.374Z - info: Current opened pages, from most-to-least recent:
2021-09-27T07:25:13.374Z - info: 1. schedule/timeline
2021-09-27T07:25:14.393Z - info: Rebuilding 1 pages
2021-09-27T07:25:16.440Z - info: Site data built
2021-09-27T07:25:16.440Z - info: Pages rebuilt
2021-09-27T07:25:16.440Z - info: Website regeneration complete! Total build time: 2.05s
2021-09-27T07:26:20.541Z - info: [3:26:20 pm] Reload for file change: C:\repos\nus-cs2103\cs2103-website-base\_module-TIC2002\weeklyTextbookTopics.mbdf
2021-09-27T07:26:20.541Z - info: Synchronizing opened pages list before reload
2021-09-27T07:26:20.541Z - info: Current opened pages, from most-to-least recent:
2021-09-27T07:26:20.542Z - info: 1. schedule/timeline
2021-09-27T07:26:21.549Z - info: Rebuilding 1 pages
2021-09-27T07:26:23.858Z - info: Site data built
2021-09-27T07:26:23.858Z - info: Pages rebuilt
2021-09-27T07:26:23.858Z - info: Website regeneration complete! Total build time: 2.312s
2021-09-27T07:27:25.197Z - info: [3:27:25 pm] Reload for file change: C:\repos\nus-cs2103\cs2103-website-base\_module-TIC2002\weeklyTextbookTopics.mbdf
2021-09-27T07:27:25.198Z - info: Synchronizing opened pages list before reload
2021-09-27T07:27:25.198Z - info: Current opened pages, from most-to-least recent:
2021-09-27T07:27:25.198Z - info: 1. schedule/timeline
2021-09-27T07:27:26.219Z - info: Rebuilding 1 pages
2021-09-27T07:27:28.454Z - info: Site data built
2021-09-27T07:27:28.455Z - info: Pages rebuilt
2021-09-27T07:27:28.455Z - info: Website regeneration complete! Total build time: 2.239s
2021-09-27T07:27:37.806Z - info: [3:27:37 pm] Reload for file change: C:\repos\nus-cs2103\cs2103-website-base\_module-TIC2002\weeklyTextbookTopics.mbdf
2021-09-27T07:27:37.806Z - info: Synchronizing opened pages list before reload
2021-09-27T07:27:37.806Z - info: Current opened pages, from most-to-least recent:
2021-09-27T07:27:37.806Z - info: 1. schedule/timeline
2021-09-27T07:27:38.815Z - info: Rebuilding 1 pages
2021-09-27T07:27:40.779Z - info: Site data built
2021-09-27T07:27:40.779Z - info: Pages rebuilt
2021-09-27T07:27:40.779Z - info: Website regeneration complete! Total build time: 1.965s
2021-09-27T07:28:24.575Z - info: [3:28:24 pm] Reload for file change: C:\repos\nus-cs2103\cs2103-website-base\_module-TIC2002\weeklyTextbookTopics.mbdf
2021-09-27T07:28:24.576Z - info: Synchronizing opened pages list before reload
2021-09-27T07:28:24.576Z - info: Current opened pages, from most-to-least recent:
2021-09-27T07:28:24.576Z - info: 1. schedule/timeline
2021-09-27T07:28:25.590Z - info: Rebuilding 1 pages
2021-09-27T07:28:27.968Z - info: Site data built
2021-09-27T07:28:27.969Z - info: Pages rebuilt
2021-09-27T07:28:27.969Z - info: Website regeneration complete! Total build time: 2.381s
2021-09-27T07:29:04.744Z - info: [3:29:04 pm] Reload for file change: C:\repos\nus-cs2103\cs2103-website-base\_module-TIC2002\textbookTopics.mbdf
2021-09-27T07:29:04.745Z - info: Synchronizing opened pages list before reload
2021-09-27T07:29:04.745Z - info: Current opened pages, from most-to-least recent:
2021-09-27T07:29:04.745Z - info: 1. schedule/timeline
2021-09-27T07:29:05.949Z - info: Rebuilding 1 pages
2021-09-27T07:29:08.225Z - info: Site data built
2021-09-27T07:29:08.225Z - info: Pages rebuilt
2021-09-27T07:29:08.225Z - info: Website regeneration complete! Total build time: 2.277s
2021-09-27T07:31:26.206Z - info: [3:31:26 pm] Reload for file change: C:\repos\nus-cs2103\cs2103-website-base\_module-TIC2002\weeklyTextbookTopics.mbdf
2021-09-27T07:31:26.206Z - info: Synchronizing opened pages list before reload
2021-09-27T07:31:26.207Z - info: Current opened pages, from most-to-least recent:
2021-09-27T07:31:26.207Z - info: 1. schedule/timeline
2021-09-27T07:31:27.221Z - info: Rebuilding 1 pages
2021-09-27T07:31:29.794Z - info: Site data built
2021-09-27T07:31:29.795Z - info: Pages rebuilt
2021-09-27T07:31:29.795Z - info: Website regeneration complete! Total build time: 2.577s
2021-09-27T07:34:17.360Z - info: [3:34:17 pm] Reload for file change: C:\repos\nus-cs2103\cs2103-website-base\_module-TIC2002\weeklyTextbookTopics.mbdf
2021-09-27T07:34:17.361Z - info: Synchronizing opened pages list before reload
2021-09-27T07:34:17.361Z - info: Current opened pages, from most-to-least recent:
2021-09-27T07:34:17.361Z - info: 1. schedule/timeline
2021-09-27T07:34:18.374Z - info: Rebuilding 1 pages
2021-09-27T07:34:20.782Z - info: Site data built
2021-09-27T07:34:20.782Z - info: Pages rebuilt
2021-09-27T07:34:20.782Z - info: Website regeneration complete! Total build time: 2.409s
2021-09-27T07:34:28.464Z - info: Building C:\repos\nus-cs2103\cs2103-website-base\schedule\week8\topics as some of its dependencies were changed since the last visit
2021-09-27T07:34:31.238Z - info: Site data built
2021-09-27T07:34:31.239Z - info: Lazy website regeneration complete! Total build time: 2.775s
2021-09-27T07:34:31.625Z - debug:  
2021-09-27T07:37:29.352Z - info: [3:37:29 pm] Reload for file change: C:\repos\nus-cs2103\cs2103-website-base\_module-TIC2002\weeklyTextbookTopics.mbdf
2021-09-27T07:37:29.353Z - info: Synchronizing opened pages list before reload
2021-09-27T07:37:29.353Z - info: Current opened pages, from most-to-least recent:
2021-09-27T07:37:29.353Z - info: 1. schedule/week8/topics
2021-09-27T07:37:30.371Z - info: Rebuilding 1 pages
2021-09-27T07:37:32.830Z - info: Site data built
2021-09-27T07:37:32.830Z - info: Pages rebuilt
2021-09-27T07:37:32.830Z - info: Website regeneration complete! Total build time: 2.461s
2021-09-27T07:37:33.359Z - debug:  
2021-09-27T07:37:37.566Z - info: Building C:\repos\nus-cs2103\cs2103-website-base\schedule\timeline as some of its dependencies were changed since the last visit
2021-09-27T07:37:40.229Z - info: Site data built
2021-09-27T07:37:40.229Z - info: Lazy website regeneration complete! Total build time: 2.664s
2021-09-27T07:37:47.038Z - info: Building C:\repos\nus-cs2103\cs2103-website-base\schedule\week12\topics as some of its dependencies were changed since the last visit
2021-09-27T07:37:48.131Z - info: Site data built
2021-09-27T07:37:48.131Z - info: Lazy website regeneration complete! Total build time: 1.094s
2021-09-27T07:42:43.219Z - info: [3:42:43 pm] Reload for file change: C:\repos\nus-cs2103\cs2103-website-base\_module-TIC2002\weeklyTextbookTopics.mbdf
2021-09-27T07:42:43.219Z - info: Synchronizing opened pages list before reload
2021-09-27T07:42:43.220Z - info: Current opened pages, from most-to-least recent:
2021-09-27T07:42:43.220Z - info: 1. schedule/timeline
2021-09-27T07:42:44.224Z - info: Rebuilding 1 pages
2021-09-27T07:42:47.025Z - info: Site data built
2021-09-27T07:42:47.025Z - info: Pages rebuilt
2021-09-27T07:42:47.026Z - info: Website regeneration complete! Total build time: 2.802s
2021-09-27T07:43:26.017Z - info: [3:43:26 pm] Reload for file change: C:\repos\nus-cs2103\cs2103-website-base\_module-TIC2002\textbookTopics.mbdf
2021-09-27T07:43:26.017Z - info: Synchronizing opened pages list before reload
2021-09-27T07:43:26.017Z - info: Current opened pages, from most-to-least recent:
2021-09-27T07:43:26.017Z - info: 1. schedule/timeline
2021-09-27T07:43:27.216Z - info: Rebuilding 1 pages
2021-09-27T07:43:29.600Z - info: Site data built
2021-09-27T07:43:29.600Z - info: Pages rebuilt
2021-09-27T07:43:29.600Z - info: Website regeneration complete! Total build time: 2.385s
2021-09-27T07:46:52.809Z - info: [3:46:52 pm] Reload for file change: C:\repos\nus-cs2103\cs2103-website-base\common\topics.njk
2021-09-27T07:46:52.809Z - info: Synchronizing opened pages list before reload
2021-09-27T07:46:52.809Z - info: Current opened pages, from most-to-least recent:
2021-09-27T07:46:52.809Z - info: 1. schedule/timeline
2021-09-27T07:46:53.816Z - info: Rebuilding 1 pages
2021-09-27T07:46:56.949Z - info: Site data built
2021-09-27T07:46:56.949Z - info: Pages rebuilt
2021-09-27T07:46:56.949Z - info: Website regeneration complete! Total build time: 3.134s
2021-09-27T07:47:03.521Z - info: Building C:\repos\nus-cs2103\cs2103-website-base\schedule\week10\topics as some of its dependencies were changed since the last visit
2021-09-27T07:47:06.511Z - info: Site data built
2021-09-27T07:47:06.512Z - info: Lazy website regeneration complete! Total build time: 2.991s
2021-09-27T07:47:08.228Z - debug:  
2021-09-27T07:49:02.539Z - info: [3:49:02 pm] Reload for file change: C:\repos\nus-cs2103\cs2103-website-base\_module-TIC2002\weeklyTextbookTopics.mbdf
2021-09-27T07:49:02.540Z - info: Synchronizing opened pages list before reload
2021-09-27T07:49:02.540Z - info: Current opened pages, from most-to-least recent:
2021-09-27T07:49:02.540Z - info: 1. schedule/week10/topics
2021-09-27T07:49:03.548Z - info: Rebuilding 1 pages
2021-09-27T07:49:06.376Z - info: Site data built
2021-09-27T07:49:06.376Z - info: Pages rebuilt
2021-09-27T07:49:06.377Z - info: Website regeneration complete! Total build time: 2.829s
2021-09-27T07:49:07.667Z - debug:  
2021-09-27T07:49:54.105Z - info: [3:49:54 pm] Reload for file change: C:\repos\nus-cs2103\cs2103-website-base\common\topics.njk
2021-09-27T07:49:54.105Z - info: Synchronizing opened pages list before reload
2021-09-27T07:49:54.106Z - info: Current opened pages, from most-to-least recent:
2021-09-27T07:49:54.106Z - info: 1. schedule/week10/topics
2021-09-27T07:49:55.119Z - info: Rebuilding 1 pages
2021-09-27T07:49:58.028Z - info: Site data built
2021-09-27T07:49:58.029Z - info: Pages rebuilt
2021-09-27T07:49:58.029Z - info: Website regeneration complete! Total build time: 2.911s
2021-09-27T07:49:59.474Z - debug:  
2021-09-27T07:50:36.520Z - info: Building C:\repos\nus-cs2103\cs2103-website-base\schedule\week7\topics as some of its dependencies were changed since the last visit
2021-09-27T07:50:40.035Z - info: Site data built
2021-09-27T07:50:40.037Z - info: Lazy website regeneration complete! Total build time: 3.517s
2021-09-27T07:50:41.393Z - debug:  
2021-09-27T07:50:41.405Z - debug:  
2021-09-27T07:51:44.444Z - info: Building C:\repos\nus-cs2103\cs2103-website-base\schedule\timeline as some of its dependencies were changed since the last visit
2021-09-27T07:51:47.095Z - info: Site data built
2021-09-27T07:51:47.096Z - info: Lazy website regeneration complete! Total build time: 2.653s
2021-09-27T07:54:03.281Z - info: Website generation started at 3:54:00 pm
2021-09-27T07:54:08.298Z - info: Building assets...
2021-09-27T07:54:12.857Z - info: Assets built
2021-09-27T07:54:12.857Z - info: Generating pages...
2021-09-27T07:54:23.618Z - debug:  
2021-09-27T07:54:23.619Z - debug:  
2021-09-27T07:54:23.619Z - debug:  
2021-09-27T07:54:23.619Z - debug:  
2021-09-27T07:54:23.619Z - debug:  
2021-09-27T07:54:55.167Z - debug:  
2021-09-27T07:55:45.402Z - info: Pages built
2021-09-27T07:55:46.306Z - info: Site data built
2021-09-27T07:55:46.307Z - info: Website generation complete! Total build time: 105.308s
2021-09-27T07:55:46.307Z - info: Build success!
2021-09-27T07:55:58.535Z - info: Deployed at https://nus-tic2002-2021.github.io/website!
2021-09-27T08:23:17.412Z - info: Website generation (lazy) started at 4:23:13 pm
2021-09-27T08:23:22.546Z - info: Building assets...
2021-09-27T08:23:26.520Z - info: Assets built
2021-09-27T08:23:26.521Z - info: Generating landing page...
2021-09-27T08:23:27.154Z - info: Landing page built, other pages will be built as you navigate to them!
2021-09-27T08:23:27.925Z - info: Site data built
2021-09-27T08:23:27.926Z - info: Website generation (lazy) complete! Total build time: 14.496s
2021-09-27T08:23:28.754Z - info: Serving "C:\repos\nus-cs2103\cs2103-website-base\_site" at http://127.0.0.1:8080
2021-09-27T08:23:28.754Z - info: Press CTRL+C to stop ...
2021-09-27T08:23:37.225Z - info: Building C:\repos\nus-cs2103\cs2103-website-base\schedule\timeline as some of its dependencies were changed since the last visit
2021-09-27T08:23:42.539Z - info: Site data built
2021-09-27T08:23:42.539Z - info: Lazy website regeneration complete! Total build time: 5.315s
2021-09-27T08:27:39.320Z - info: [4:27:39 pm] Reload for file change: C:\repos\nus-cs2103\cs2103-website-base\_module-TIC2002\weeklyTextbookTopics.mbdf
2021-09-27T08:27:39.321Z - info: Synchronizing opened pages list before reload
2021-09-27T08:27:39.321Z - info: Current opened pages, from most-to-least recent:
2021-09-27T08:27:39.322Z - info: 1. schedule/timeline
2021-09-27T08:27:40.343Z - info: Rebuilding 1 pages
2021-09-27T08:27:42.993Z - info: Site data built
2021-09-27T08:27:42.993Z - info: Pages rebuilt
2021-09-27T08:27:42.993Z - info: Website regeneration complete! Total build time: 2.653s
2021-09-27T08:28:57.263Z - info: [4:28:57 pm] Reload for file change: C:\repos\nus-cs2103\cs2103-website-base\_module-TIC2002\weeklyTextbookTopics.mbdf
2021-09-27T08:28:57.263Z - info: Synchronizing opened pages list before reload
2021-09-27T08:28:57.264Z - info: Current opened pages, from most-to-least recent:
2021-09-27T08:28:57.264Z - info: 1. schedule/timeline
2021-09-27T08:28:58.286Z - info: Rebuilding 1 pages
2021-09-27T08:29:00.918Z - info: Site data built
2021-09-27T08:29:00.918Z - info: Pages rebuilt
2021-09-27T08:29:00.918Z - info: Website regeneration complete! Total build time: 2.633s
2021-09-27T08:30:47.196Z - info: Website generation started at 4:30:45 pm
2021-09-27T08:30:53.171Z - info: Building assets...
2021-09-27T08:30:58.688Z - info: Assets built
2021-09-27T08:30:58.689Z - info: Generating pages...
2021-09-27T08:31:08.540Z - debug:  
2021-09-27T08:31:08.540Z - debug:  
2021-09-27T08:31:08.541Z - debug:  
2021-09-27T08:31:08.541Z - debug:  
2021-09-27T08:31:08.542Z - debug:  
2021-09-27T08:31:39.850Z - debug:  
2021-09-27T08:32:29.067Z - info: Pages built
2021-09-27T08:32:29.796Z - info: Site data built
2021-09-27T08:32:29.796Z - info: Website generation complete! Total build time: 104.46s
2021-09-27T08:32:29.796Z - info: Build success!
2021-09-27T08:32:41.087Z - info: Deployed at https://nus-tic2002-2021.github.io/website!
