2021-08-18T16:00:01.079Z - info: Site data built
2021-08-18T16:00:01.088Z - info: Lazy website regeneration complete! Total build time: 2.728s
2021-08-18T16:02:27.736Z - info: [12:02:27 am] Reload for file change: C:\repos\nus-cs2103\cs2103-website-base\admin\index-tic2002.mbdf
2021-08-18T16:02:27.736Z - info: Synchronizing opened pages list before reload
2021-08-18T16:02:27.737Z - info: Current opened pages, from most-to-least recent:
2021-08-18T16:02:27.738Z - info: 1. admin/index
2021-08-18T16:02:28.762Z - info: Rebuilding 1 pages
2021-08-18T16:02:30.705Z - info: Site data built
2021-08-18T16:02:30.706Z - info: Pages rebuilt
2021-08-18T16:02:30.706Z - info: Website regeneration complete! Total build time: 1.948s
2021-08-18T16:05:25.782Z - info: [12:05:25 am] Reload for file change: C:\repos\nus-cs2103\cs2103-website-base\admin\index-tic2002.mbdf
2021-08-18T16:05:25.783Z - info: Synchronizing opened pages list before reload
2021-08-18T16:05:25.783Z - info: Current opened pages, from most-to-least recent:
2021-08-18T16:05:25.783Z - info: 1. admin/index
2021-08-18T16:05:26.801Z - info: Rebuilding 1 pages
2021-08-18T16:05:29.162Z - info: Site data built
2021-08-18T16:05:29.162Z - info: Pages rebuilt
2021-08-18T16:05:29.163Z - info: Website regeneration complete! Total build time: 2.365s
2021-08-18T16:10:30.635Z - info: [12:10:30 am] Reload for file change: C:\repos\nus-cs2103\cs2103-website-base\admin\index-tic2002.mbdf
2021-08-18T16:10:30.636Z - info: Synchronizing opened pages list before reload
2021-08-18T16:10:30.636Z - info: Current opened pages, from most-to-least recent:
2021-08-18T16:10:30.636Z - info: 1. admin/index
2021-08-18T16:10:31.644Z - info: Rebuilding 1 pages
2021-08-18T16:10:33.058Z - info: Site data built
2021-08-18T16:10:33.058Z - info: Pages rebuilt
2021-08-18T16:10:33.059Z - info: Website regeneration complete! Total build time: 1.415s
2021-08-18T16:11:54.403Z - info: [12:11:54 am] Reload for file change: C:\repos\nus-cs2103\cs2103-website-base\admin\index-tic2002.mbdf
2021-08-18T16:11:54.403Z - info: Synchronizing opened pages list before reload
2021-08-18T16:11:54.404Z - info: Current opened pages, from most-to-least recent:
2021-08-18T16:11:54.404Z - info: 1. admin/index
2021-08-18T16:11:55.423Z - info: Rebuilding 1 pages
2021-08-18T16:11:56.703Z - info: Site data built
2021-08-18T16:11:56.704Z - info: Pages rebuilt
2021-08-18T16:11:56.704Z - info: Website regeneration complete! Total build time: 1.284s
2021-08-18T16:12:07.271Z - info: [12:12:07 am] Reload for file change: C:\repos\nus-cs2103\cs2103-website-base\admin\index-tic2002.mbdf
2021-08-18T16:12:07.271Z - info: Synchronizing opened pages list before reload
2021-08-18T16:12:07.271Z - info: Current opened pages, from most-to-least recent:
2021-08-18T16:12:07.271Z - info: 1. admin/index
2021-08-18T16:12:08.285Z - info: Rebuilding 1 pages
2021-08-18T16:12:09.333Z - info: Site data built
2021-08-18T16:12:09.333Z - info: Pages rebuilt
2021-08-18T16:12:09.333Z - info: Website regeneration complete! Total build time: 1.05s
2021-08-18T16:13:07.142Z - info: [12:13:07 am] Reload for file change: C:\repos\nus-cs2103\cs2103-website-base\admin\index-tic2002.mbdf
2021-08-18T16:13:07.143Z - info: Synchronizing opened pages list before reload
2021-08-18T16:13:07.143Z - info: Current opened pages, from most-to-least recent:
2021-08-18T16:13:07.143Z - info: 1. admin/index
2021-08-18T16:13:08.164Z - info: Rebuilding 1 pages
2021-08-18T16:13:09.493Z - info: Site data built
2021-08-18T16:13:09.493Z - info: Pages rebuilt
2021-08-18T16:13:09.493Z - info: Website regeneration complete! Total build time: 1.332s
2021-08-18T16:13:33.884Z - info: [12:13:33 am] Reload for file change: C:\repos\nus-cs2103\cs2103-website-base\admin\index-tic2002.mbdf
2021-08-18T16:13:33.884Z - info: Synchronizing opened pages list before reload
2021-08-18T16:13:33.885Z - info: Current opened pages, from most-to-least recent:
2021-08-18T16:13:33.885Z - info: 1. admin/index
2021-08-18T16:13:34.891Z - info: Rebuilding 1 pages
2021-08-18T16:13:36.254Z - info: Site data built
2021-08-18T16:13:36.254Z - info: Pages rebuilt
2021-08-18T16:13:36.254Z - info: Website regeneration complete! Total build time: 1.366s
2021-08-18T16:13:57.682Z - info: [12:13:57 am] Reload for file change: C:\repos\nus-cs2103\cs2103-website-base\admin\index-tic2002.mbdf
2021-08-18T16:13:57.682Z - info: Synchronizing opened pages list before reload
2021-08-18T16:13:57.682Z - info: Current opened pages, from most-to-least recent:
2021-08-18T16:13:57.682Z - info: 1. admin/index
2021-08-18T16:13:58.706Z - info: Rebuilding 1 pages
2021-08-18T16:13:59.958Z - info: Site data built
2021-08-18T16:13:59.958Z - info: Pages rebuilt
2021-08-18T16:13:59.958Z - info: Website regeneration complete! Total build time: 1.253s
2021-08-18T16:14:07.426Z - info: [12:14:07 am] Reload for file change: C:\repos\nus-cs2103\cs2103-website-base\admin\index-tic2002.mbdf
2021-08-18T16:14:07.426Z - info: Synchronizing opened pages list before reload
2021-08-18T16:14:07.426Z - info: Current opened pages, from most-to-least recent:
2021-08-18T16:14:07.427Z - info: 1. admin/index
2021-08-18T16:14:08.438Z - info: Rebuilding 1 pages
2021-08-18T16:14:09.387Z - info: Site data built
2021-08-18T16:14:09.387Z - info: Pages rebuilt
2021-08-18T16:14:09.387Z - info: Website regeneration complete! Total build time: 0.949s
2021-08-18T16:15:04.219Z - info: [12:15:04 am] Reload for file change: C:\repos\nus-cs2103\cs2103-website-base\admin\index-tic2002.mbdf
2021-08-18T16:15:04.219Z - info: Synchronizing opened pages list before reload
2021-08-18T16:15:04.220Z - info: Current opened pages, from most-to-least recent:
2021-08-18T16:15:04.220Z - info: 1. admin/index
2021-08-18T16:15:05.230Z - info: Rebuilding 1 pages
2021-08-18T16:15:06.570Z - info: Site data built
2021-08-18T16:15:06.570Z - info: Pages rebuilt
2021-08-18T16:15:06.570Z - info: Website regeneration complete! Total build time: 1.344s
2021-08-18T16:15:22.473Z - info: [12:15:22 am] Reload for file change: C:\repos\nus-cs2103\cs2103-website-base\admin\index-tic2002.mbdf
2021-08-18T16:15:22.474Z - info: Synchronizing opened pages list before reload
2021-08-18T16:15:22.474Z - info: Current opened pages, from most-to-least recent:
2021-08-18T16:15:22.474Z - info: 1. admin/index
2021-08-18T16:15:23.489Z - info: Rebuilding 1 pages
2021-08-18T16:15:24.760Z - info: Site data built
2021-08-18T16:15:24.760Z - info: Pages rebuilt
2021-08-18T16:15:24.760Z - info: Website regeneration complete! Total build time: 1.273s
2021-08-18T16:25:16.600Z - info: [12:25:16 am] Reload for file change: C:\repos\nus-cs2103\cs2103-website-base\admin\index-tic2002.mbdf
2021-08-18T16:25:16.601Z - info: Synchronizing opened pages list before reload
2021-08-18T16:25:16.601Z - info: Current opened pages, from most-to-least recent:
2021-08-18T16:25:16.601Z - info: 1. admin/index
2021-08-18T16:25:17.614Z - info: Rebuilding 1 pages
2021-08-18T16:25:18.931Z - info: Site data built
2021-08-18T16:25:18.931Z - info: Pages rebuilt
2021-08-18T16:25:18.931Z - info: Website regeneration complete! Total build time: 1.32s
2021-08-18T16:26:41.508Z - info: Website generation started at 12:26:39 am
2021-08-18T16:26:47.149Z - info: Building assets...
2021-08-18T16:26:52.507Z - info: Assets built
2021-08-18T16:26:52.508Z - info: Generating pages...
2021-08-18T16:27:01.414Z - debug:  
2021-08-18T16:27:01.415Z - debug:  
2021-08-18T16:27:01.415Z - debug:  
2021-08-18T16:27:01.415Z - debug:  
2021-08-18T16:27:01.415Z - debug:  
2021-08-18T16:27:32.841Z - debug:  
2021-08-18T16:28:14.725Z - info: Pages built
2021-08-18T16:28:15.533Z - info: Site data built
2021-08-18T16:28:15.533Z - info: Website generation complete! Total build time: 95.912s
2021-08-18T16:28:15.533Z - info: Build success!
2021-08-18T16:28:26.228Z - info: Deployed at https://nus-tic2002-2021.github.io/website!
2021-08-19T14:41:38.470Z - info: Website generation (lazy) started at 10:41:34 pm
2021-08-19T14:41:43.636Z - info: Building assets...
2021-08-19T14:41:49.087Z - info: Assets built
2021-08-19T14:41:49.088Z - info: Generating landing page...
2021-08-19T14:41:50.136Z - info: Landing page built, other pages will be built as you navigate to them!
2021-08-19T14:41:50.706Z - info: Site data built
2021-08-19T14:41:50.706Z - info: Website generation (lazy) complete! Total build time: 16.62s
2021-08-19T14:41:51.529Z - info: Serving "C:\repos\nus-cs2103\cs2103-website-base\_site" at http://127.0.0.1:8080
2021-08-19T14:41:51.529Z - info: Press CTRL+C to stop ...
2021-08-19T14:43:03.395Z - info: [10:43:03 pm] Reload for file change: C:\repos\nus-cs2103\cs2103-website-base\_markbind\layouts\header.md
2021-08-19T14:43:03.397Z - info: Synchronizing opened pages list before reload
2021-08-19T14:43:03.398Z - info: Current opened pages, from most-to-least recent:
2021-08-19T14:43:03.398Z - info: 1. index
2021-08-19T14:43:04.619Z - info: Rebuilding 1 pages
2021-08-19T14:43:05.259Z - info: Site data built
2021-08-19T14:43:05.259Z - info: Pages rebuilt
2021-08-19T14:43:05.260Z - info: Website regeneration complete! Total build time: 0.642s
2021-08-19T14:43:15.717Z - info: Website generation (lazy) started at 10:43:13 pm
2021-08-19T14:43:20.818Z - info: Building assets...
2021-08-19T14:43:24.907Z - info: Assets built
2021-08-19T14:43:24.908Z - info: Generating landing page...
2021-08-19T14:43:25.857Z - info: Landing page built, other pages will be built as you navigate to them!
2021-08-19T14:43:26.417Z - info: Site data built
2021-08-19T14:43:26.418Z - info: Website generation (lazy) complete! Total build time: 12.554s
2021-08-19T14:43:27.242Z - info: Serving "C:\repos\nus-cs2103\cs2103-website-base\_site" at http://127.0.0.1:8080
2021-08-19T14:43:27.243Z - info: Press CTRL+C to stop ...
2021-08-19T14:43:35.554Z - info: [10:43:35 pm] Reload for file change: C:\repos\nus-cs2103\cs2103-website-base\_markbind\layouts\header.md
2021-08-19T14:43:35.554Z - info: Synchronizing opened pages list before reload
2021-08-19T14:43:35.554Z - info: Current opened pages, from most-to-least recent:
2021-08-19T14:43:35.555Z - info: 1. index
2021-08-19T14:43:36.656Z - info: Rebuilding 1 pages
2021-08-19T14:43:37.152Z - info: Site data built
2021-08-19T14:43:37.152Z - info: Pages rebuilt
2021-08-19T14:43:37.152Z - info: Website regeneration complete! Total build time: 0.497s
