2021-10-21T16:46:18.645Z - info: Website generation (lazy) started at 12:46:13 am
2021-10-21T16:46:24.105Z - info: Building assets...
2021-10-21T16:46:29.531Z - info: Assets built
2021-10-21T16:46:29.532Z - info: Generating landing page...
2021-10-21T16:46:31.053Z - info: Landing page built, other pages will be built as you navigate to them!
2021-10-21T16:46:32.012Z - info: Site data built
2021-10-21T16:46:32.012Z - info: Website generation (lazy) complete! Total build time: 18.738s
2021-10-21T16:46:32.859Z - info: Serving "C:\repos\nus-cs2103\cs2103-website-base\_site" at http://127.0.0.1:8080
2021-10-21T16:46:32.859Z - info: Press CTRL+C to stop ...
2021-10-21T16:47:03.282Z - info: Building C:\repos\nus-cs2103\cs2103-website-base\schedule\week11\index as some of its dependencies were changed since the last visit
2021-10-21T16:47:04.580Z - info: Site data built
2021-10-21T16:47:04.581Z - info: Lazy website regeneration complete! Total build time: 1.299s
2021-10-21T16:48:17.652Z - info: Building C:\repos\nus-cs2103\cs2103-website-base\schedule\week12\index as some of its dependencies were changed since the last visit
2021-10-21T16:48:18.487Z - info: Site data built
2021-10-21T16:48:18.488Z - info: Lazy website regeneration complete! Total build time: 0.836s
2021-10-21T16:51:32.542Z - info: Website generation started at 12:51:30 am
2021-10-21T16:51:37.732Z - info: Building assets...
2021-10-21T16:51:42.193Z - info: Assets built
2021-10-21T16:51:42.193Z - info: Generating pages...
2021-10-21T16:51:53.595Z - debug:  
2021-10-21T16:51:53.598Z - debug:  
2021-10-21T16:51:53.598Z - debug:  
2021-10-21T16:51:53.599Z - debug:  
2021-10-21T16:51:53.599Z - debug:  
2021-10-21T16:51:53.599Z - debug:  
2021-10-21T16:53:49.444Z - debug:  
2021-10-21T16:54:03.200Z - debug:  
2021-10-21T16:54:03.201Z - debug:  
2021-10-21T16:54:10.307Z - info: Pages built
2021-10-21T16:54:11.227Z - info: Site data built
2021-10-21T16:54:11.227Z - info: Website generation complete! Total build time: 160.662s
2021-10-21T16:54:11.227Z - info: Build success!
2021-10-21T16:54:24.060Z - info: Deployed at https://nus-cs2103-ay2122s1.github.io/website!
2021-10-22T06:58:42.068Z - info: Website generation (lazy) started at 2:58:37 pm
2021-10-22T06:58:46.661Z - info: Building assets...
2021-10-22T06:58:50.960Z - info: Assets built
2021-10-22T06:58:50.961Z - info: Generating landing page...
2021-10-22T06:58:51.998Z - info: Landing page built, other pages will be built as you navigate to them!
2021-10-22T06:58:52.731Z - info: Site data built
2021-10-22T06:58:52.731Z - info: Website generation (lazy) complete! Total build time: 14.899s
2021-10-22T06:58:53.444Z - info: Serving "C:\repos\nus-cs2103\cs2103-website-base\_site" at http://127.0.0.1:8080
2021-10-22T06:58:53.444Z - info: Press CTRL+C to stop ...
2021-10-22T06:59:52.332Z - info: Building C:\repos\nus-cs2103\cs2103-website-base\schedule\week11\index as some of its dependencies were changed since the last visit
2021-10-22T06:59:53.620Z - info: Site data built
2021-10-22T06:59:53.620Z - info: Lazy website regeneration complete! Total build time: 1.288s
2021-10-22T07:00:05.337Z - info: Building C:\repos\nus-cs2103\cs2103-website-base\schedule\week11\project as some of its dependencies were changed since the last visit
2021-10-22T07:00:06.216Z - info: Site data built
2021-10-22T07:00:06.217Z - info: Lazy website regeneration complete! Total build time: 0.881s
2021-10-22T07:00:46.067Z - info: Building C:\repos\nus-cs2103\cs2103-website-base\schedule\week12\project as some of its dependencies were changed since the last visit
2021-10-22T07:00:49.086Z - info: Site data built
2021-10-22T07:00:49.086Z - info: Lazy website regeneration complete! Total build time: 3.019s
2021-10-22T07:01:58.318Z - info: [3:01:58 pm] Reload for file change: C:\repos\nus-cs2103\cs2103-website-base\admin\tp-tasks.mbdf
2021-10-22T07:01:58.318Z - info: Synchronizing opened pages list before reload
2021-10-22T07:01:58.319Z - info: Current opened pages, from most-to-least recent:
2021-10-22T07:01:58.319Z - info: 1. schedule/week12/project
2021-10-22T07:01:59.336Z - info: Rebuilding 1 pages
2021-10-22T07:02:01.587Z - info: Site data built
2021-10-22T07:02:01.587Z - info: Pages rebuilt
2021-10-22T07:02:01.588Z - info: Website regeneration complete! Total build time: 2.254s
2021-10-22T07:02:07.425Z - info: Building C:\repos\nus-cs2103\cs2103-website-base\schedule\week11\project as some of its dependencies were changed since the last visit
2021-10-22T07:02:08.187Z - info: Site data built
2021-10-22T07:02:08.187Z - info: Lazy website regeneration complete! Total build time: 0.763s
2021-10-22T07:02:56.251Z - info: [3:02:56 pm] Reload for file change: C:\repos\nus-cs2103\cs2103-website-base\admin\tp-tasks.mbdf
2021-10-22T07:02:56.251Z - info: Synchronizing opened pages list before reload
2021-10-22T07:02:56.252Z - info: Current opened pages, from most-to-least recent:
2021-10-22T07:02:56.252Z - info: 1. schedule/week11/project
2021-10-22T07:02:57.268Z - info: Rebuilding 1 pages
2021-10-22T07:02:58.494Z - info: Site data built
2021-10-22T07:02:58.495Z - info: Pages rebuilt
2021-10-22T07:02:58.495Z - info: Website regeneration complete! Total build time: 1.228s
2021-10-22T07:03:25.253Z - info: Building C:\repos\nus-cs2103\cs2103-website-base\admin\index as some of its dependencies were changed since the last visit
2021-10-22T07:03:25.857Z - info: Site data built
2021-10-22T07:03:25.857Z - info: Lazy website regeneration complete! Total build time: 0.604s
2021-10-22T07:03:30.953Z - info: Building C:\repos\nus-cs2103\cs2103-website-base\admin\tp-w11 as some of its dependencies were changed since the last visit
2021-10-22T07:03:31.955Z - info: Site data built
2021-10-22T07:03:31.956Z - info: Lazy website regeneration complete! Total build time: 1.003s
2021-10-22T07:14:02.445Z - info: [3:14:02 pm] Reload for file change: C:\repos\nus-cs2103\cs2103-website-base\admin\tp-tasks.mbdf
2021-10-22T07:14:02.446Z - info: Synchronizing opened pages list before reload
2021-10-22T07:14:02.446Z - info: Current opened pages, from most-to-least recent:
2021-10-22T07:14:02.446Z - info: 1. admin/tp-w11
2021-10-22T07:14:03.454Z - info: Rebuilding 1 pages
2021-10-22T07:14:04.480Z - info: Site data built
2021-10-22T07:14:04.481Z - info: Pages rebuilt
2021-10-22T07:14:04.481Z - info: Website regeneration complete! Total build time: 1.029s
2021-10-22T07:16:02.884Z - info: [3:16:02 pm] Reload for file change: C:\repos\nus-cs2103\cs2103-website-base\admin\tp-tasks.mbdf
2021-10-22T07:16:02.884Z - info: Synchronizing opened pages list before reload
2021-10-22T07:16:02.884Z - info: Current opened pages, from most-to-least recent:
2021-10-22T07:16:02.885Z - info: 1. admin/tp-w11
2021-10-22T07:16:03.894Z - info: Rebuilding 1 pages
2021-10-22T07:16:04.951Z - info: Site data built
2021-10-22T07:16:04.952Z - info: Pages rebuilt
2021-10-22T07:16:04.952Z - info: Website regeneration complete! Total build time: 1.059s
2021-10-22T07:16:14.137Z - info: Building C:\repos\nus-cs2103\cs2103-website-base\admin\tp-grading as some of its dependencies were changed since the last visit
2021-10-22T07:16:14.629Z - info: Site data built
2021-10-22T07:16:14.630Z - info: Lazy website regeneration complete! Total build time: 0.493s
2021-10-22T07:16:41.331Z - info: [3:16:41 pm] Reload for file change: C:\repos\nus-cs2103\cs2103-website-base\admin\tp-tasks.mbdf
2021-10-22T07:16:41.332Z - info: Synchronizing opened pages list before reload
2021-10-22T07:16:41.332Z - info: Current opened pages, from most-to-least recent:
2021-10-22T07:16:41.332Z - info: 1. admin/tp-grading
2021-10-22T07:16:41.332Z - info: 2. admin/tp-w11
2021-10-22T07:16:42.343Z - info: Rebuilding 1 pages
2021-10-22T07:16:43.402Z - info: Site data built
2021-10-22T07:16:43.403Z - info: Pages rebuilt
2021-10-22T07:16:43.403Z - info: Website regeneration complete! Total build time: 1.062s
2021-10-22T07:17:24.484Z - info: [3:17:24 pm] Reload for file change: C:\repos\nus-cs2103\cs2103-website-base\admin\tp-tasks.mbdf
2021-10-22T07:17:24.484Z - info: Synchronizing opened pages list before reload
2021-10-22T07:17:24.485Z - info: Current opened pages, from most-to-least recent:
2021-10-22T07:17:24.485Z - info: 1. admin/tp-w11
2021-10-22T07:17:25.499Z - info: Rebuilding 1 pages
2021-10-22T07:17:26.495Z - info: Site data built
2021-10-22T07:17:26.496Z - info: Pages rebuilt
2021-10-22T07:17:26.496Z - info: Website regeneration complete! Total build time: 0.998s
2021-10-22T07:18:24.505Z - info: [3:18:24 pm] Reload for file change: C:\repos\nus-cs2103\cs2103-website-base\admin\tp-tasks.mbdf
2021-10-22T07:18:24.505Z - info: Synchronizing opened pages list before reload
2021-10-22T07:18:24.506Z - info: Current opened pages, from most-to-least recent:
2021-10-22T07:18:24.506Z - info: 1. admin/tp-w11
2021-10-22T07:18:25.516Z - info: Rebuilding 1 pages
2021-10-22T07:18:26.531Z - info: Site data built
2021-10-22T07:18:26.532Z - info: Pages rebuilt
2021-10-22T07:18:26.532Z - info: Website regeneration complete! Total build time: 1.018s
2021-10-22T07:20:11.004Z - info: [3:20:11 pm] Reload for file change: C:\repos\nus-cs2103\cs2103-website-base\admin\tp-tasks.mbdf
2021-10-22T07:20:11.004Z - info: Synchronizing opened pages list before reload
2021-10-22T07:20:11.004Z - info: Current opened pages, from most-to-least recent:
2021-10-22T07:20:11.004Z - info: 1. admin/tp-w11
2021-10-22T07:20:12.014Z - info: Rebuilding 1 pages
2021-10-22T07:20:13.062Z - info: Site data built
2021-10-22T07:20:13.063Z - info: Pages rebuilt
2021-10-22T07:20:13.063Z - info: Website regeneration complete! Total build time: 1.051s
2021-10-22T07:21:05.202Z - info: [3:21:05 pm] Reload for file change: C:\repos\nus-cs2103\cs2103-website-base\admin\tp-tasks.mbdf
2021-10-22T07:21:05.202Z - info: Synchronizing opened pages list before reload
2021-10-22T07:21:05.203Z - info: Current opened pages, from most-to-least recent:
2021-10-22T07:21:05.203Z - info: 1. admin/tp-w11
2021-10-22T07:21:06.213Z - info: Rebuilding 1 pages
2021-10-22T07:21:07.257Z - info: Site data built
2021-10-22T07:21:07.258Z - info: Pages rebuilt
2021-10-22T07:21:07.258Z - info: Website regeneration complete! Total build time: 1.048s
2021-10-22T07:21:49.002Z - info: [3:21:49 pm] Reload for file change: C:\repos\nus-cs2103\cs2103-website-base\admin\tp-tasks.mbdf
2021-10-22T07:21:49.003Z - info: Synchronizing opened pages list before reload
2021-10-22T07:21:49.003Z - info: Current opened pages, from most-to-least recent:
2021-10-22T07:21:49.004Z - info: 1. admin/tp-w11
2021-10-22T07:21:50.009Z - info: Rebuilding 1 pages
2021-10-22T07:21:51.038Z - info: Site data built
2021-10-22T07:21:51.039Z - info: Pages rebuilt
2021-10-22T07:21:51.039Z - info: Website regeneration complete! Total build time: 1.031s
2021-10-22T07:22:10.526Z - info: [3:22:10 pm] Reload for file change: C:\repos\nus-cs2103\cs2103-website-base\admin\tp-tasks.mbdf
2021-10-22T07:22:10.527Z - info: Synchronizing opened pages list before reload
2021-10-22T07:22:10.527Z - info: Current opened pages, from most-to-least recent:
2021-10-22T07:22:10.527Z - info: 1. admin/tp-w11
2021-10-22T07:22:11.548Z - info: Rebuilding 1 pages
2021-10-22T07:22:12.599Z - info: Site data built
2021-10-22T07:22:12.599Z - info: Pages rebuilt
2021-10-22T07:22:12.599Z - info: Website regeneration complete! Total build time: 1.054s
2021-10-22T07:23:45.654Z - info: [3:23:45 pm] Reload for file change: C:\repos\nus-cs2103\cs2103-website-base\admin\tp-tasks.mbdf
2021-10-22T07:23:45.655Z - info: Synchronizing opened pages list before reload
2021-10-22T07:23:45.655Z - info: Current opened pages, from most-to-least recent:
2021-10-22T07:23:45.655Z - info: 1. admin/tp-w11
2021-10-22T07:23:46.664Z - info: Rebuilding 1 pages
2021-10-22T07:23:47.696Z - info: Site data built
2021-10-22T07:23:47.697Z - info: Pages rebuilt
2021-10-22T07:23:47.697Z - info: Website regeneration complete! Total build time: 1.034s
2021-10-22T07:24:28.749Z - info: [3:24:28 pm] Reload for file change: C:\repos\nus-cs2103\cs2103-website-base\admin\tp-tasks.mbdf
2021-10-22T07:24:28.750Z - info: Synchronizing opened pages list before reload
2021-10-22T07:24:28.750Z - info: Current opened pages, from most-to-least recent:
2021-10-22T07:24:28.751Z - info: 1. admin/tp-w11
2021-10-22T07:24:29.762Z - info: Rebuilding 1 pages
2021-10-22T07:24:30.869Z - info: Site data built
2021-10-22T07:24:30.869Z - info: Pages rebuilt
2021-10-22T07:24:30.869Z - info: Website regeneration complete! Total build time: 1.11s
2021-10-22T07:24:58.503Z - info: [3:24:58 pm] Reload for file change: C:\repos\nus-cs2103\cs2103-website-base\admin\tp-tasks.mbdf
2021-10-22T07:24:58.503Z - info: Synchronizing opened pages list before reload
2021-10-22T07:24:58.504Z - info: Current opened pages, from most-to-least recent:
2021-10-22T07:24:58.504Z - info: 1. admin/tp-w11
2021-10-22T07:24:59.515Z - info: Rebuilding 1 pages
2021-10-22T07:25:00.533Z - info: Site data built
2021-10-22T07:25:00.533Z - info: Pages rebuilt
2021-10-22T07:25:00.533Z - info: Website regeneration complete! Total build time: 1.021s
2021-10-22T07:25:42.202Z - info: Website generation started at 3:25:40 pm
2021-10-22T07:25:47.272Z - info: Building assets...
2021-10-22T07:25:52.035Z - info: Assets built
2021-10-22T07:25:52.037Z - info: Generating pages...
2021-10-22T07:26:00.748Z - debug:  
2021-10-22T07:26:00.748Z - debug:  
2021-10-22T07:26:00.749Z - debug:  
2021-10-22T07:26:00.749Z - debug:  
2021-10-22T07:26:00.749Z - debug:  
2021-10-22T07:26:00.749Z - debug:  
2021-10-22T07:27:46.094Z - debug:  
2021-10-22T07:27:57.953Z - debug:  
2021-10-22T07:27:57.953Z - debug:  
2021-10-22T07:28:04.630Z - info: Pages built
2021-10-22T07:28:05.455Z - info: Site data built
2021-10-22T07:28:05.456Z - info: Website generation complete! Total build time: 145.056s
2021-10-22T07:28:05.456Z - info: Build success!
2021-10-22T07:28:18.876Z - info: Deployed at https://nus-cs2103-ay2122s1.github.io/website!
2021-10-22T09:30:41.112Z - info: Website generation started at 5:30:37 pm
2021-10-22T09:30:45.354Z - info: Building assets...
2021-10-22T09:30:49.404Z - info: Assets built
2021-10-22T09:30:49.405Z - info: Generating pages...
2021-10-22T09:30:57.337Z - debug:  
2021-10-22T09:30:57.337Z - debug:  
2021-10-22T09:30:57.337Z - debug:  
2021-10-22T09:30:57.337Z - debug:  
2021-10-22T09:30:57.338Z - debug:  
2021-10-22T09:30:57.338Z - debug:  
2021-10-22T09:32:24.542Z - debug:  
2021-10-22T09:32:34.818Z - debug:  
2021-10-22T09:32:34.819Z - debug:  
2021-10-22T09:32:40.526Z - info: Pages built
2021-10-22T09:32:41.227Z - info: Site data built
2021-10-22T09:32:41.228Z - info: Website generation complete! Total build time: 123.943s
2021-10-22T09:32:41.228Z - info: Build success!
2021-10-22T09:32:51.019Z - info: Deployed at https://nus-cs2103-ay2122s1.github.io/website!
2021-10-22T11:01:39.248Z - info: Website generation started at 7:01:34 pm
2021-10-22T11:01:43.620Z - info: Building assets...
