2021-07-07T18:06:50.087Z - warn: Command 'server' doesn't exist, run "markbind --help" to list commands.
2021-07-07T18:07:03.632Z - info: Website generation (lazy) started at 2:06:58 am
2021-07-07T18:07:09.313Z - info: Building assets...
2021-07-07T18:07:14.769Z - info: Assets built
2021-07-07T18:07:14.770Z - info: Generating landing page...
2021-07-07T18:07:15.590Z - info: Landing page built, other pages will be built as you navigate to them!
2021-07-07T18:07:16.634Z - info: Site data built
2021-07-07T18:07:16.634Z - info: Website generation (lazy) complete! Total build time: 18.529s
2021-07-07T18:07:17.534Z - info: Serving "C:\repos\nus-cs2103\cs2103-website-base\_site" at http://127.0.0.1:8080
2021-07-07T18:07:17.534Z - info: Press CTRL+C to stop ...
2021-07-07T18:07:17.648Z - info: Building files that are not viewed in the background...
2021-07-07T18:07:35.323Z - debug:  
2021-07-07T18:07:35.323Z - debug:  
2021-07-07T18:07:35.327Z - debug:  
2021-07-07T18:07:35.327Z - debug:  
2021-07-07T18:07:35.327Z - debug:  
2021-07-07T18:07:36.299Z - debug:  
2021-07-07T18:08:42.115Z - warn:  Error: UNKNOWN: unknown error, open 'C:\repos\nus-cs2103\cs2103-website-base\_site\siteData.json'
2021-07-07T18:08:42.971Z - error: Failed to copy asset markbind-plugin-anchors.css for plugin markbind-plugin-anchors
Error: ENOENT: no such file or directory, mkdir 'C:\repos\nus-cs2103\cs2103-website-base\_site\plugins\markbind-plugin-anchors'
2021-07-07T18:08:52.425Z - error:  Error: ENOENT: no such file or directory, open 'C:\repos\nus-cs2103\cs2103-website-base\_site\book\cppToJava\misc\constants\index.html'
2021-07-07T18:08:54.548Z - error:  Error: ENOENT: no such file or directory, open 'C:\repos\nus-cs2103\cs2103-website-base\_site\book\cppToJava\inheritance\basic\index.html'
2021-07-07T18:08:54.558Z - error:  Error: ENOENT: no such file or directory, open 'C:\repos\nus-cs2103\cs2103-website-base\_site\book\cppToJava\inheritance\index.html'
2021-07-07T18:09:14.072Z - error:  Error: ENOENT: no such file or directory, open 'C:\repos\nus-cs2103\cs2103-website-base\_site\book\uml\objectDiagrams\introduction\unit-inElsewhere-asFlat._include_.html'
    at Object.openSync (fs.js:498:3)
    at Object.readFileSync (fs.js:394:35)
    at Object.<anonymous> (C:\repos\markbind\markbind\packages\cli\node_modules\@markbind\core\src\Page\index.js:277:37)
    at initialize.exports.each (C:\repos\markbind\markbind\packages\cli\node_modules\cheerio\lib\api\traversing.js:300:24)
    at Page.collectHeadingsAndKeywordsInContent (C:\repos\markbind\markbind\packages\cli\node_modules\@markbind\core\src\Page\index.js:254:8)
    at Object.<anonymous> (C:\repos\markbind\markbind\packages\cli\node_modules\@markbind\core\src\Page\index.js:288:18)
    at initialize.exports.each (C:\repos\markbind\markbind\packages\cli\node_modules\cheerio\lib\api\traversing.js:300:24)
    at Page.collectHeadingsAndKeywordsInContent (C:\repos\markbind\markbind\packages\cli\node_modules\@markbind\core\src\Page\index.js:254:8)
    at Object.<anonymous> (C:\repos\markbind\markbind\packages\cli\node_modules\@markbind\core\src\Page\index.js:292:16)
    at initialize.exports.each (C:\repos\markbind\markbind\packages\cli\node_modules\cheerio\lib\api\traversing.js:300:24)
    at Page.collectHeadingsAndKeywordsInContent (C:\repos\markbind\markbind\packages\cli\node_modules\@markbind\core\src\Page\index.js:254:8)
    at Object.<anonymous> (C:\repos\markbind\markbind\packages\cli\node_modules\@markbind\core\src\Page\index.js:292:16)
    at initialize.exports.each (C:\repos\markbind\markbind\packages\cli\node_modules\cheerio\lib\api\traversing.js:300:24)
    at Page.collectHeadingsAndKeywordsInContent (C:\repos\markbind\markbind\packages\cli\node_modules\@markbind\core\src\Page\index.js:254:8)
    at Page.collectHeadingsAndKeywords (C:\repos\markbind\markbind\packages\cli\node_modules\@markbind\core\src\Page\index.js:232:10)
    at Page.generate (C:\repos\markbind\markbind\packages\cli\node_modules\@markbind\core\src\Page\index.js:489:10)
2021-07-08T05:12:49.496Z - info: Website generation (lazy) started at 1:12:49 pm
2021-07-08T05:12:54.856Z - info: Building assets...
2021-07-08T05:12:59.335Z - info: Assets built
2021-07-08T05:12:59.335Z - info: Generating landing page...
2021-07-08T05:13:00.019Z - info: Landing page built, other pages will be built as you navigate to them!
2021-07-08T05:13:00.773Z - info: Site data built
2021-07-08T05:13:00.774Z - info: Website generation (lazy) complete! Total build time: 11.762s
2021-07-08T05:13:01.538Z - info: Serving "C:\repos\nus-cs2103\cs2103-website-base\_site" at http://127.0.0.1:8080
2021-07-08T05:13:01.539Z - info: Press CTRL+C to stop ...
2021-07-08T09:57:47.465Z - info: Website generation (lazy) started at 5:57:45 pm
2021-07-08T09:57:52.182Z - info: Building assets...
2021-07-08T09:57:56.097Z - info: Assets built
2021-07-08T09:57:56.097Z - info: Generating landing page...
2021-07-08T09:57:56.675Z - info: Landing page built, other pages will be built as you navigate to them!
2021-07-08T09:57:57.360Z - info: Site data built
2021-07-08T09:57:57.360Z - info: Website generation (lazy) complete! Total build time: 11.482s
2021-07-08T09:57:58.015Z - info: Serving "C:\repos\nus-cs2103\cs2103-website-base\_site" at http://127.0.0.1:8080
2021-07-08T09:57:58.015Z - info: Press CTRL+C to stop ...
2021-07-08T09:57:58.389Z - info: Building files that are not viewed in the background...
2021-07-08T09:58:07.453Z - debug:  
2021-07-08T09:58:07.453Z - debug:  
2021-07-08T09:58:07.454Z - debug:  
2021-07-08T09:58:07.454Z - debug:  
2021-07-08T09:58:07.454Z - debug:  
2021-07-08T09:58:07.493Z - debug:  
2021-07-08T09:58:26.336Z - info: Building C:\repos\nus-cs2103\cs2103-website-base\admin\tutorials as some of its dependencies were changed since the last visit
2021-07-08T09:58:27.019Z - info: Site data built
2021-07-08T09:58:27.019Z - info: Lazy website regeneration complete! Total build time: 0.684s
2021-07-08T09:58:30.136Z - info: Building C:\repos\nus-cs2103\cs2103-website-base\admin\exams as some of its dependencies were changed since the last visit
2021-07-08T09:58:30.894Z - info: Site data built
2021-07-08T09:58:30.895Z - info: Lazy website regeneration complete! Total build time: 0.758s
2021-07-08T09:58:34.163Z - info: Building C:\repos\nus-cs2103\cs2103-website-base\admin\appendixE-gitHub as some of its dependencies were changed since the last visit
2021-07-08T09:58:35.109Z - info: Site data built
2021-07-08T09:58:35.110Z - info: Lazy website regeneration complete! Total build time: 0.946s
2021-07-08T09:58:37.914Z - debug:  
2021-07-08T09:58:40.746Z - info: Building C:\repos\nus-cs2103\cs2103-website-base\admin\appendixF-teamworkIssues as some of its dependencies were changed since the last visit
2021-07-08T09:58:41.563Z - debug:  
2021-07-08T09:58:41.619Z - info: Site data built
2021-07-08T09:58:41.619Z - info: Lazy website regeneration complete! Total build time: 0.873s
2021-07-08T09:58:44.785Z - debug:  
2021-07-08T09:58:44.785Z - debug:  
2021-07-08T09:58:46.835Z - debug:  
2021-07-08T09:58:46.910Z - debug:  
2021-07-08T09:58:49.913Z - info: Building C:\repos\nus-cs2103\cs2103-website-base\admin\programmingLanguages as some of its dependencies were changed since the last visit
2021-07-08T09:58:50.406Z - info: Site data built
2021-07-08T09:58:50.407Z - info: Lazy website regeneration complete! Total build time: 0.494s
2021-07-08T10:04:04.896Z - info: Website generation (lazy) started at 6:04:02 pm
2021-07-08T10:04:09.417Z - info: Building assets...
2021-07-08T10:04:13.359Z - info: Assets built
2021-07-08T10:04:13.360Z - info: Generating landing page...
2021-07-08T10:04:13.880Z - info: Landing page built, other pages will be built as you navigate to them!
2021-07-08T10:04:14.589Z - info: Site data built
2021-07-08T10:04:14.589Z - info: Website generation (lazy) complete! Total build time: 12.484s
2021-07-08T10:04:15.230Z - info: Serving "C:\repos\nus-cs2103\cs2103-website-base\_site" at http://127.0.0.1:8080
2021-07-08T10:04:15.230Z - info: Press CTRL+C to stop ...
2021-07-08T10:04:15.593Z - info: Building files that are not viewed in the background...
2021-07-08T10:04:27.104Z - debug:  
2021-07-08T10:04:27.104Z - debug:  
2021-07-08T10:04:27.105Z - debug:  
2021-07-08T10:04:27.105Z - debug:  
2021-07-08T10:04:27.105Z - debug:  
2021-07-08T10:04:28.034Z - debug:  
2021-07-08T10:05:09.548Z - warn:  Error: UNKNOWN: unknown error, open 'C:\repos\nus-cs2103\cs2103-website-base\_site\siteData.json'
2021-07-08T10:05:10.173Z - error: Failed to copy asset markbind-plugin-anchors.css for plugin markbind-plugin-anchors
Error: ENOENT: no such file or directory, mkdir 'C:\repos\nus-cs2103\cs2103-website-base\_site\plugins\markbind-plugin-anchors'
2021-07-08T10:05:13.029Z - error:  Error: ENOENT: no such file or directory, open 'C:\repos\nus-cs2103\cs2103-website-base\_site\book\gitAndGithub\clone\unit-inElsewhere-asFlat._include_.html'
    at Object.openSync (fs.js:498:3)
    at Object.readFileSync (fs.js:394:35)
    at Object.<anonymous> (C:\Users\dcsdcr\AppData\Roaming\npm\node_modules\markbind-cli\node_modules\@markbind\core\src\Page\index.js:277:37)
    at initialize.exports.each (C:\Users\dcsdcr\AppData\Roaming\npm\node_modules\markbind-cli\node_modules\cheerio\lib\api\traversing.js:300:24)
    at Page.collectHeadingsAndKeywordsInContent (C:\Users\dcsdcr\AppData\Roaming\npm\node_modules\markbind-cli\node_modules\@markbind\core\src\Page\index.js:254:8)
    at Page.collectHeadingsAndKeywords (C:\Users\dcsdcr\AppData\Roaming\npm\node_modules\markbind-cli\node_modules\@markbind\core\src\Page\index.js:232:10)
    at Page.generate (C:\Users\dcsdcr\AppData\Roaming\npm\node_modules\markbind-cli\node_modules\@markbind\core\src\Page\index.js:489:10)
    at async C:\Users\dcsdcr\AppData\Roaming\npm\node_modules\markbind-cli\node_modules\@markbind\core\src\Site\index.js:1167:11
2021-07-08T10:05:13.033Z - error:  Error: ENOENT: no such file or directory, open 'C:\repos\nus-cs2103\cs2103-website-base\_site\book\gitAndGithub\pull\unit-inElsewhere-asFlat._include_.html'
    at Object.openSync (fs.js:498:3)
    at Object.readFileSync (fs.js:394:35)
    at Object.<anonymous> (C:\Users\dcsdcr\AppData\Roaming\npm\node_modules\markbind-cli\node_modules\@markbind\core\src\Page\index.js:277:37)
    at initialize.exports.each (C:\Users\dcsdcr\AppData\Roaming\npm\node_modules\markbind-cli\node_modules\cheerio\lib\api\traversing.js:300:24)
    at Page.collectHeadingsAndKeywordsInContent (C:\Users\dcsdcr\AppData\Roaming\npm\node_modules\markbind-cli\node_modules\@markbind\core\src\Page\index.js:254:8)
    at Page.collectHeadingsAndKeywords (C:\Users\dcsdcr\AppData\Roaming\npm\node_modules\markbind-cli\node_modules\@markbind\core\src\Page\index.js:232:10)
    at Page.generate (C:\Users\dcsdcr\AppData\Roaming\npm\node_modules\markbind-cli\node_modules\@markbind\core\src\Page\index.js:489:10)
    at async C:\Users\dcsdcr\AppData\Roaming\npm\node_modules\markbind-cli\node_modules\@markbind\core\src\Site\index.js:1167:11
2021-07-08T10:05:13.276Z - error:  Error: EPERM: operation not permitted, open 'C:\repos\nus-cs2103\cs2103-website-base\_site\book\gitAndGithub\init\index.html'
2021-07-08T10:05:14.150Z - error:  Error: ENOENT: no such file or directory, open 'C:\repos\nus-cs2103\cs2103-website-base\_site\book\revisionControl\savingHistory\unit-inElsewhere-asFlat._include_.html'
    at Object.openSync (fs.js:498:3)
    at Object.readFileSync (fs.js:394:35)
    at Object.<anonymous> (C:\Users\dcsdcr\AppData\Roaming\npm\node_modules\markbind-cli\node_modules\@markbind\core\src\Page\index.js:277:37)
    at initialize.exports.each (C:\Users\dcsdcr\AppData\Roaming\npm\node_modules\markbind-cli\node_modules\cheerio\lib\api\traversing.js:300:24)
    at Page.collectHeadingsAndKeywordsInContent (C:\Users\dcsdcr\AppData\Roaming\npm\node_modules\markbind-cli\node_modules\@markbind\core\src\Page\index.js:254:8)
    at Page.collectHeadingsAndKeywords (C:\Users\dcsdcr\AppData\Roaming\npm\node_modules\markbind-cli\node_modules\@markbind\core\src\Page\index.js:232:10)
    at Page.generate (C:\Users\dcsdcr\AppData\Roaming\npm\node_modules\markbind-cli\node_modules\@markbind\core\src\Page\index.js:489:10)
    at async C:\Users\dcsdcr\AppData\Roaming\npm\node_modules\markbind-cli\node_modules\@markbind\core\src\Site\index.js:1167:11
2021-07-08T10:17:18.787Z - info: Website generation (lazy) started at 6:17:18 pm
2021-07-08T10:17:23.702Z - info: Building assets...
2021-07-08T10:17:28.569Z - info: Assets built
2021-07-08T10:17:28.569Z - info: Generating landing page...
2021-07-08T10:17:29.138Z - info: Landing page built, other pages will be built as you navigate to them!
2021-07-08T10:17:29.903Z - info: Site data built
2021-07-08T10:17:29.903Z - info: Website generation (lazy) complete! Total build time: 11.147s
2021-07-08T10:17:30.541Z - info: Serving "C:\repos\nus-cs2103\cs2103-website-base\_site" at http://127.0.0.1:8080
2021-07-08T10:17:30.541Z - info: Press CTRL+C to stop ...
2021-07-08T10:17:30.946Z - info: Building files that are not viewed in the background...
2021-07-08T10:17:43.690Z - debug:  
2021-07-08T10:17:43.690Z - debug:  
2021-07-08T10:17:43.691Z - debug:  
2021-07-08T10:17:43.691Z - debug:  
2021-07-08T10:17:43.691Z - debug:  
2021-07-08T10:17:43.720Z - debug:  
2021-07-08T10:18:18.126Z - warn:  Error: UNKNOWN: unknown error, open 'C:\repos\nus-cs2103\cs2103-website-base\_site\siteData.json'
2021-07-08T10:18:21.542Z - error:  Error: ENOENT: no such file or directory, open 'C:\repos\nus-cs2103\cs2103-website-base\_site\book\uml\classDiagrams\associationClasses\what\unit-inElsewhere-asFlat._include_.html'
    at Object.openSync (fs.js:498:3)
    at Object.readFileSync (fs.js:394:35)
    at Object.<anonymous> (C:\Users\dcsdcr\AppData\Roaming\npm\node_modules\markbind-cli\node_modules\@markbind\core\src\Page\index.js:277:37)
    at initialize.exports.each (C:\Users\dcsdcr\AppData\Roaming\npm\node_modules\markbind-cli\node_modules\cheerio\lib\api\traversing.js:300:24)
    at Page.collectHeadingsAndKeywordsInContent (C:\Users\dcsdcr\AppData\Roaming\npm\node_modules\markbind-cli\node_modules\@markbind\core\src\Page\index.js:254:8)
    at Object.<anonymous> (C:\Users\dcsdcr\AppData\Roaming\npm\node_modules\markbind-cli\node_modules\@markbind\core\src\Page\index.js:292:16)
    at initialize.exports.each (C:\Users\dcsdcr\AppData\Roaming\npm\node_modules\markbind-cli\node_modules\cheerio\lib\api\traversing.js:300:24)
    at Page.collectHeadingsAndKeywordsInContent (C:\Users\dcsdcr\AppData\Roaming\npm\node_modules\markbind-cli\node_modules\@markbind\core\src\Page\index.js:254:8)
    at Object.<anonymous> (C:\Users\dcsdcr\AppData\Roaming\npm\node_modules\markbind-cli\node_modules\@markbind\core\src\Page\index.js:292:16)
    at initialize.exports.each (C:\Users\dcsdcr\AppData\Roaming\npm\node_modules\markbind-cli\node_modules\cheerio\lib\api\traversing.js:300:24)
    at Page.collectHeadingsAndKeywordsInContent (C:\Users\dcsdcr\AppData\Roaming\npm\node_modules\markbind-cli\node_modules\@markbind\core\src\Page\index.js:254:8)
    at Page.collectHeadingsAndKeywords (C:\Users\dcsdcr\AppData\Roaming\npm\node_modules\markbind-cli\node_modules\@markbind\core\src\Page\index.js:232:10)
    at Page.generate (C:\Users\dcsdcr\AppData\Roaming\npm\node_modules\markbind-cli\node_modules\@markbind\core\src\Page\index.js:489:10)
    at async C:\Users\dcsdcr\AppData\Roaming\npm\node_modules\markbind-cli\node_modules\@markbind\core\src\Site\index.js:1167:11
2021-07-08T10:18:22.244Z - error:  Error: ENOENT: no such file or directory, open 'C:\repos\nus-cs2103\cs2103-website-base\_site\book\oop\associations\what\index.html'
2021-07-08T10:18:22.245Z - error:  Error: ENOENT: no such file or directory, open 'C:\repos\nus-cs2103\cs2103-website-base\_site\book\oop\associations\navigability\index.html'
2021-07-08T10:18:22.571Z - error:  Error: ENOENT: no such file or directory, open 'C:\repos\nus-cs2103\cs2103-website-base\_site\book\uml\classDiagrams\associationClasses\what\unit-inElsewhere-asFlat._include_.html'
    at Object.openSync (fs.js:498:3)
    at Object.readFileSync (fs.js:394:35)
    at Object.<anonymous> (C:\Users\dcsdcr\AppData\Roaming\npm\node_modules\markbind-cli\node_modules\@markbind\core\src\Page\index.js:277:37)
    at initialize.exports.each (C:\Users\dcsdcr\AppData\Roaming\npm\node_modules\markbind-cli\node_modules\cheerio\lib\api\traversing.js:300:24)
    at Page.collectHeadingsAndKeywordsInContent (C:\Users\dcsdcr\AppData\Roaming\npm\node_modules\markbind-cli\node_modules\@markbind\core\src\Page\index.js:254:8)
    at Object.<anonymous> (C:\Users\dcsdcr\AppData\Roaming\npm\node_modules\markbind-cli\node_modules\@markbind\core\src\Page\index.js:292:16)
    at initialize.exports.each (C:\Users\dcsdcr\AppData\Roaming\npm\node_modules\markbind-cli\node_modules\cheerio\lib\api\traversing.js:300:24)
    at Page.collectHeadingsAndKeywordsInContent (C:\Users\dcsdcr\AppData\Roaming\npm\node_modules\markbind-cli\node_modules\@markbind\core\src\Page\index.js:254:8)
    at Page.collectHeadingsAndKeywords (C:\Users\dcsdcr\AppData\Roaming\npm\node_modules\markbind-cli\node_modules\@markbind\core\src\Page\index.js:232:10)
    at Page.generate (C:\Users\dcsdcr\AppData\Roaming\npm\node_modules\markbind-cli\node_modules\@markbind\core\src\Page\index.js:489:10)
    at async C:\Users\dcsdcr\AppData\Roaming\npm\node_modules\markbind-cli\node_modules\@markbind\core\src\Site\index.js:1167:11
2021-07-08T10:23:30.338Z - info: Website generation (lazy) started at 6:23:30 pm
2021-07-08T10:23:34.964Z - info: Building assets...
2021-07-08T10:23:39.056Z - info: Assets built
2021-07-08T10:23:39.057Z - info: Generating landing page...
2021-07-08T10:23:39.723Z - info: Landing page built, other pages will be built as you navigate to them!
2021-07-08T10:23:40.549Z - info: Site data built
2021-07-08T10:23:40.549Z - info: Website generation (lazy) complete! Total build time: 10.242s
2021-07-08T10:23:41.301Z - info: Serving "C:\repos\nus-cs2103\cs2103-website-base\_site" at http://127.0.0.1:8080
2021-07-08T10:23:41.301Z - info: Press CTRL+C to stop ...
2021-07-08T10:23:41.779Z - info: Building files that are not viewed in the background...
2021-07-08T10:23:55.283Z - debug:  
2021-07-08T10:23:55.284Z - debug:  
2021-07-08T10:23:55.284Z - debug:  
2021-07-08T10:23:55.284Z - debug:  
2021-07-08T10:23:55.284Z - debug:  
2021-07-08T10:23:55.958Z - debug:  
2021-07-08T10:24:31.110Z - warn:  Error: UNKNOWN: unknown error, open 'C:\repos\nus-cs2103\cs2103-website-base\_site\siteData.json'
2021-07-08T10:24:32.091Z - error: Failed to copy asset markbind-plugin-anchors.css for plugin markbind-plugin-anchors
Error: ENOENT: no such file or directory, mkdir 'C:\repos\nus-cs2103\cs2103-website-base\_site\plugins\markbind-plugin-anchors'
2021-07-08T10:24:36.080Z - error:  Error: ENOENT: no such file or directory, open 'C:\repos\nus-cs2103\cs2103-website-base\_site\book\principles\separationOfConcernsPrinciple\unit-inElsewhere-asFlat._include_.html'
    at Object.openSync (fs.js:498:3)
    at Object.readFileSync (fs.js:394:35)
    at Object.<anonymous> (C:\repos\markbind\markbind\packages\cli\node_modules\@markbind\core\src\Page\index.js:277:37)
    at initialize.exports.each (C:\repos\markbind\markbind\packages\cli\node_modules\cheerio\lib\api\traversing.js:300:24)
    at Page.collectHeadingsAndKeywordsInContent (C:\repos\markbind\markbind\packages\cli\node_modules\@markbind\core\src\Page\index.js:254:8)
    at Object.<anonymous> (C:\repos\markbind\markbind\packages\cli\node_modules\@markbind\core\src\Page\index.js:292:16)
    at initialize.exports.each (C:\repos\markbind\markbind\packages\cli\node_modules\cheerio\lib\api\traversing.js:300:24)
    at Page.collectHeadingsAndKeywordsInContent (C:\repos\markbind\markbind\packages\cli\node_modules\@markbind\core\src\Page\index.js:254:8)
    at Object.<anonymous> (C:\repos\markbind\markbind\packages\cli\node_modules\@markbind\core\src\Page\index.js:292:16)
    at initialize.exports.each (C:\repos\markbind\markbind\packages\cli\node_modules\cheerio\lib\api\traversing.js:300:24)
    at Page.collectHeadingsAndKeywordsInContent (C:\repos\markbind\markbind\packages\cli\node_modules\@markbind\core\src\Page\index.js:254:8)
    at Object.<anonymous> (C:\repos\markbind\markbind\packages\cli\node_modules\@markbind\core\src\Page\index.js:292:16)
    at initialize.exports.each (C:\repos\markbind\markbind\packages\cli\node_modules\cheerio\lib\api\traversing.js:300:24)
    at Page.collectHeadingsAndKeywordsInContent (C:\repos\markbind\markbind\packages\cli\node_modules\@markbind\core\src\Page\index.js:254:8)
    at Object.<anonymous> (C:\repos\markbind\markbind\packages\cli\node_modules\@markbind\core\src\Page\index.js:292:16)
    at initialize.exports.each (C:\repos\markbind\markbind\packages\cli\node_modules\cheerio\lib\api\traversing.js:300:24)
2021-07-08T10:24:36.382Z - error:  Error: ENOENT: no such file or directory, open 'C:\repos\nus-cs2103\cs2103-website-base\_site\book\principles\brooksLaw\index.html'
2021-07-08T10:24:36.563Z - error:  Error: ENOENT: no such file or directory, open 'C:\repos\nus-cs2103\cs2103-website-base\_site\book\oop\inheritance\what\unit-inElsewhere-asFlat._include_.html'
    at Object.openSync (fs.js:498:3)
    at Object.readFileSync (fs.js:394:35)
    at Object.<anonymous> (C:\repos\markbind\markbind\packages\cli\node_modules\@markbind\core\src\Page\index.js:277:37)
    at initialize.exports.each (C:\repos\markbind\markbind\packages\cli\node_modules\cheerio\lib\api\traversing.js:300:24)
    at Page.collectHeadingsAndKeywordsInContent (C:\repos\markbind\markbind\packages\cli\node_modules\@markbind\core\src\Page\index.js:254:8)
    at Object.<anonymous> (C:\repos\markbind\markbind\packages\cli\node_modules\@markbind\core\src\Page\index.js:288:18)
    at initialize.exports.each (C:\repos\markbind\markbind\packages\cli\node_modules\cheerio\lib\api\traversing.js:300:24)
    at Page.collectHeadingsAndKeywordsInContent (C:\repos\markbind\markbind\packages\cli\node_modules\@markbind\core\src\Page\index.js:254:8)
    at Page.collectHeadingsAndKeywords (C:\repos\markbind\markbind\packages\cli\node_modules\@markbind\core\src\Page\index.js:232:10)
    at Page.generate (C:\repos\markbind\markbind\packages\cli\node_modules\@markbind\core\src\Page\index.js:489:10)
    at async C:\repos\markbind\markbind\packages\cli\node_modules\@markbind\core\src\Site\index.js:1167:11
2021-07-08T10:24:37.263Z - error:  Error: ENOENT: no such file or directory, open 'C:\repos\nus-cs2103\cs2103-website-base\_site\book\oop\inheritance\what\unit-inElsewhere-asFlat._include_.html'
    at Object.openSync (fs.js:498:3)
    at Object.readFileSync (fs.js:394:35)
    at Object.<anonymous> (C:\repos\markbind\markbind\packages\cli\node_modules\@markbind\core\src\Page\index.js:277:37)
    at initialize.exports.each (C:\repos\markbind\markbind\packages\cli\node_modules\cheerio\lib\api\traversing.js:300:24)
    at Page.collectHeadingsAndKeywordsInContent (C:\repos\markbind\markbind\packages\cli\node_modules\@markbind\core\src\Page\index.js:254:8)
    at Object.<anonymous> (C:\repos\markbind\markbind\packages\cli\node_modules\@markbind\core\src\Page\index.js:292:16)
    at initialize.exports.each (C:\repos\markbind\markbind\packages\cli\node_modules\cheerio\lib\api\traversing.js:300:24)
    at Page.collectHeadingsAndKeywordsInContent (C:\repos\markbind\markbind\packages\cli\node_modules\@markbind\core\src\Page\index.js:254:8)
    at Object.<anonymous> (C:\repos\markbind\markbind\packages\cli\node_modules\@markbind\core\src\Page\index.js:292:16)
    at initialize.exports.each (C:\repos\markbind\markbind\packages\cli\node_modules\cheerio\lib\api\traversing.js:300:24)
    at Page.collectHeadingsAndKeywordsInContent (C:\repos\markbind\markbind\packages\cli\node_modules\@markbind\core\src\Page\index.js:254:8)
    at Object.<anonymous> (C:\repos\markbind\markbind\packages\cli\node_modules\@markbind\core\src\Page\index.js:292:16)
    at initialize.exports.each (C:\repos\markbind\markbind\packages\cli\node_modules\cheerio\lib\api\traversing.js:300:24)
    at Page.collectHeadingsAndKeywordsInContent (C:\repos\markbind\markbind\packages\cli\node_modules\@markbind\core\src\Page\index.js:254:8)
    at Page.collectHeadingsAndKeywords (C:\repos\markbind\markbind\packages\cli\node_modules\@markbind\core\src\Page\index.js:232:10)
    at Page.generate (C:\repos\markbind\markbind\packages\cli\node_modules\@markbind\core\src\Page\index.js:489:10)
