2021-08-30T16:17:19.642Z - info: [12:17:19 am] Reload for file change: C:\repos\nus-cs2103\cs2103-website-base\_module-CS2103\weeklyAdminTasks.mbdf
2021-08-30T16:17:20.660Z - info: Rebuilding 68 pages
2021-08-30T16:17:31.190Z - debug:  
2021-08-30T16:17:37.226Z - debug:  
2021-08-30T16:17:39.076Z - debug:  
2021-08-30T16:17:40.273Z - debug:  
2021-08-30T16:17:40.273Z - debug:  
2021-08-30T16:17:40.274Z - debug:  
2021-08-30T16:17:52.811Z - debug:  
2021-08-30T16:18:09.043Z - info: Site data built
2021-08-30T16:18:09.044Z - info: Pages rebuilt
2021-08-30T16:18:09.044Z - info: Website regeneration complete! Total build time: 48.387s
2021-08-30T16:23:56.665Z - info: [12:23:56 am] Reload for file change: C:\repos\nus-cs2103\cs2103-website-base\_module-CS2103\weeklyTextbookTopics.mbdf
2021-08-30T16:23:57.672Z - info: Rebuilding 91 pages
2021-08-30T16:24:06.849Z - debug:  
2021-08-30T16:24:06.851Z - debug:  
2021-08-30T16:24:06.851Z - debug:  
2021-08-30T16:24:06.851Z - debug:  
2021-08-30T16:24:06.851Z - debug:  
2021-08-30T16:24:16.333Z - debug:  
2021-08-30T16:24:36.664Z - debug:  
2021-08-30T16:24:45.006Z - info: Site data built
2021-08-30T16:24:45.007Z - info: Pages rebuilt
2021-08-30T16:24:45.007Z - info: Website regeneration complete! Total build time: 47.337s
2021-08-30T16:28:24.328Z - info: [12:28:24 am] Reload for file change: C:\repos\nus-cs2103\cs2103-website-base\admin\ip-tasks.mbdf
2021-08-30T16:28:25.347Z - info: Rebuilding 91 pages
2021-08-30T16:28:35.373Z - debug:  
2021-08-30T16:28:35.376Z - debug:  
2021-08-30T16:28:35.376Z - debug:  
2021-08-30T16:28:35.376Z - debug:  
2021-08-30T16:28:35.376Z - debug:  
2021-08-30T16:28:44.736Z - debug:  
2021-08-30T16:29:03.429Z - debug:  
2021-08-30T16:29:12.053Z - info: Site data built
2021-08-30T16:29:12.053Z - info: Pages rebuilt
2021-08-30T16:29:12.053Z - info: Website regeneration complete! Total build time: 46.707s
2021-08-30T16:33:29.748Z - info: [12:33:29 am] Reload for file change: C:\repos\nus-cs2103\cs2103-website-base\admin\tp-tasks.mbdf
2021-08-30T16:33:30.761Z - info: Rebuilding 49 pages
2021-08-30T16:33:59.289Z - info: Site data built
2021-08-30T16:33:59.290Z - info: Pages rebuilt
2021-08-30T16:33:59.290Z - info: Website regeneration complete! Total build time: 28.531s
2021-08-30T16:34:41.043Z - info: [12:34:41 am] Reload for file change: C:\repos\nus-cs2103\cs2103-website-base\admin\tp-tasks.mbdf
2021-08-30T16:34:42.067Z - info: Rebuilding 49 pages
2021-08-30T16:35:12.067Z - info: Site data built
2021-08-30T16:35:12.068Z - info: Pages rebuilt
2021-08-30T16:35:12.068Z - info: Website regeneration complete! Total build time: 30.003s
2021-08-30T16:35:55.906Z - info: [12:35:55 am] Reload for file change: C:\repos\nus-cs2103\cs2103-website-base\admin\tp-tasks.mbdf
2021-08-30T16:35:56.929Z - info: Rebuilding 49 pages
2021-08-30T16:36:27.757Z - info: Site data built
2021-08-30T16:36:27.780Z - info: Pages rebuilt
2021-08-30T16:36:27.780Z - info: Website regeneration complete! Total build time: 30.855s
2021-08-30T16:36:45.176Z - info: [12:36:45 am] Reload for file change: C:\repos\nus-cs2103\cs2103-website-base\admin\tp-tasks.mbdf
2021-08-30T16:36:46.184Z - info: Rebuilding 49 pages
2021-08-30T16:36:53.954Z - info: [12:36:53 am] Reload for file change: C:\repos\nus-cs2103\cs2103-website-base\admin\tp-tasks.mbdf
2021-08-30T16:37:11.910Z - info: [12:37:11 am] Reload for file change: C:\repos\nus-cs2103\cs2103-website-base\admin\tp-tasks.mbdf
2021-08-30T16:37:16.904Z - info: Site data built
2021-08-30T16:37:16.904Z - info: Pages rebuilt
2021-08-30T16:37:16.905Z - info: Website regeneration complete! Total build time: 30.721s
2021-08-30T16:37:16.908Z - info: Rebuilding 49 pages
2021-08-30T16:37:40.303Z - info: [12:37:40 am] Reload for file change: C:\repos\nus-cs2103\cs2103-website-base\admin\tp-tasks.mbdf
2021-08-30T16:37:47.306Z - info: Site data built
2021-08-30T16:37:47.307Z - info: Pages rebuilt
2021-08-30T16:37:47.307Z - info: Website regeneration complete! Total build time: 30.4s
2021-08-30T16:37:47.311Z - info: Rebuilding 49 pages
2021-08-30T16:38:16.115Z - info: Site data built
2021-08-30T16:38:16.116Z - info: Pages rebuilt
2021-08-30T16:38:16.116Z - info: Website regeneration complete! Total build time: 28.806s
2021-08-30T16:42:08.517Z - info: [12:42:08 am] Reload for file change: C:\repos\nus-cs2103\cs2103-website-base\schedule\week5\tutorial-cs2103.mbdf
2021-08-30T16:42:09.539Z - info: Rebuilding 1 pages
2021-08-30T16:42:10.028Z - info: Site data built
2021-08-30T16:42:10.029Z - info: Pages rebuilt
2021-08-30T16:42:10.029Z - info: Website regeneration complete! Total build time: 0.494s
2021-08-30T16:44:42.867Z - info: [12:44:42 am] Reload for file change: C:\repos\nus-cs2103\cs2103-website-base\schedule\week5\tutorial-cs2103.mbdf
2021-08-30T16:44:43.879Z - info: Rebuilding 1 pages
2021-08-30T16:44:44.353Z - info: Site data built
2021-08-30T16:44:44.353Z - info: Pages rebuilt
2021-08-30T16:44:44.353Z - info: Website regeneration complete! Total build time: 0.476s
2021-08-30T16:48:31.016Z - info: Website generation started at 12:48:27 am
2021-08-30T16:48:36.117Z - info: Building assets...
2021-08-30T16:48:40.859Z - info: Assets built
2021-08-30T16:48:40.860Z - info: Generating pages...
2021-08-30T16:48:48.258Z - debug:  
2021-08-30T16:48:48.258Z - debug:  
2021-08-30T16:48:48.258Z - debug:  
2021-08-30T16:48:48.259Z - debug:  
2021-08-30T16:48:48.259Z - debug:  
2021-08-30T16:48:48.259Z - debug:  
2021-08-30T16:50:14.557Z - debug:  
2021-08-30T16:50:23.603Z - debug:  
2021-08-30T16:50:24.128Z - debug:  
2021-08-30T16:50:29.050Z - info: Pages built
2021-08-30T16:50:29.753Z - info: Site data built
2021-08-30T16:50:29.753Z - info: Website generation complete! Total build time: 122.36s
2021-08-30T16:50:29.753Z - info: Build success!
2021-08-30T16:50:41.193Z - info: Deployed at https://nus-cs2103-ay2122s1.github.io/website!
2021-08-31T13:21:54.216Z - info: Website generation started at 9:21:46 pm
2021-08-31T13:22:02.405Z - info: Building assets...
2021-08-31T13:22:10.450Z - info: Assets built
2021-08-31T13:22:10.451Z - info: Generating pages...
2021-08-31T13:22:24.965Z - debug:  
2021-08-31T13:22:24.966Z - debug:  
2021-08-31T13:22:24.977Z - debug:  
2021-08-31T13:22:24.978Z - debug:  
2021-08-31T13:22:24.978Z - debug:  
2021-08-31T13:23:09.727Z - debug:  
2021-08-31T13:24:08.560Z - info: Pages built
2021-08-31T13:24:09.571Z - info: Site data built
2021-08-31T13:24:09.572Z - info: Website generation complete! Total build time: 143.375s
2021-08-31T13:24:09.572Z - info: Build success!
2021-08-31T13:24:24.686Z - info: Deployed at https://nus-tic2002-2021.github.io/website!
2021-08-31T13:56:15.718Z - info: Website generation (lazy) started at 9:56:07 pm
2021-08-31T13:56:24.329Z - info: Building assets...
2021-08-31T13:56:30.475Z - info: Assets built
2021-08-31T13:56:30.476Z - info: Generating landing page...
2021-08-31T13:56:31.656Z - info: Landing page built, other pages will be built as you navigate to them!
2021-08-31T13:56:32.850Z - info: Site data built
2021-08-31T13:56:32.851Z - info: Website generation (lazy) complete! Total build time: 25.806s
2021-08-31T13:56:33.954Z - info: Serving "C:\repos\nus-cs2103\cs2103-website-base\_site" at http://127.0.0.1:8080
2021-08-31T13:56:33.954Z - info: Press CTRL+C to stop ...
2021-08-31T13:56:33.955Z - info: Building files that are not viewed in the background...
2021-08-31T13:56:47.575Z - debug:  
2021-08-31T13:56:47.609Z - debug:  
2021-08-31T13:56:47.719Z - debug:  
2021-08-31T13:56:49.904Z - debug:  
2021-08-31T13:56:49.906Z - debug:  
2021-08-31T13:56:53.116Z - info: Building C:\repos\nus-cs2103\cs2103-website-base\schedule\week4\admin as some of its dependencies were changed since the last visit
2021-08-31T13:56:58.769Z - info: Site data built
2021-08-31T13:56:58.769Z - info: Lazy website regeneration complete! Total build time: 5.654s
2021-08-31T13:57:01.687Z - debug:  
2021-08-31T13:57:01.687Z - debug:  
2021-08-31T13:57:06.273Z - debug:  
2021-08-31T13:57:06.274Z - debug:  
2021-08-31T13:57:29.753Z - debug:  
2021-08-31T13:57:53.689Z - debug:  
2021-08-31T13:58:55.759Z - info: Background building completed!
2021-08-31T13:58:55.759Z - info: All opened pages will be reloaded.
2021-08-31T14:01:40.486Z - info: [10:01:40 pm] Reload for file change: C:\repos\nus-cs2103\cs2103-website-base\schedule\week4\admin-tic2002.mbdf
2021-08-31T14:01:40.487Z - info: Synchronizing opened pages list before reload
2021-08-31T14:01:40.487Z - info: Current opened pages, from most-to-least recent:
2021-08-31T14:01:40.487Z - info: 1. schedule/week4/admin
2021-08-31T14:01:41.493Z - info: Rebuilding 1 pages
2021-08-31T14:01:42.023Z - info: Site data built
2021-08-31T14:01:42.023Z - info: Pages rebuilt
2021-08-31T14:01:42.023Z - info: Website regeneration complete! Total build time: 0.532s
2021-08-31T14:01:43.029Z - info: Building files that are not viewed in the background...
2021-08-31T14:01:46.621Z - info: Background building completed!
2021-08-31T14:01:46.621Z - info: All opened pages will be reloaded.
2021-08-31T14:02:45.908Z - info: Website generation started at 10:02:40 pm
2021-08-31T14:02:52.010Z - info: Building assets...
2021-08-31T14:02:57.772Z - info: Assets built
2021-08-31T14:02:57.772Z - info: Generating pages...
2021-08-31T14:03:10.918Z - debug:  
2021-08-31T14:03:10.918Z - debug:  
2021-08-31T14:03:10.919Z - debug:  
2021-08-31T14:03:10.920Z - debug:  
2021-08-31T14:03:10.920Z - debug:  
2021-08-31T14:03:54.100Z - debug:  
2021-08-31T14:04:51.028Z - info: Pages built
2021-08-31T14:04:52.108Z - info: Site data built
2021-08-31T14:04:52.109Z - info: Website generation complete! Total build time: 132.023s
2021-08-31T14:04:52.109Z - info: Build success!
2021-08-31T14:05:07.632Z - info: Deployed at https://nus-tic2002-2021.github.io/website!
