2021-11-03T04:17:04.510Z - info: Website generation (lazy) started at 12:16:58 pm
2021-11-03T04:17:11.085Z - info: Building assets...
2021-11-03T04:17:16.560Z - info: Assets built
2021-11-03T04:17:16.561Z - info: Generating landing page...
2021-11-03T04:17:17.999Z - info: Landing page built, other pages will be built as you navigate to them!
2021-11-03T04:17:18.975Z - info: Site data built
2021-11-03T04:17:18.975Z - info: Website generation (lazy) complete! Total build time: 20.29s
2021-11-03T04:17:19.890Z - info: Serving "C:\repos\nus-cs2103\cs2103-website-base\_site" at http://127.0.0.1:8080
2021-11-03T04:17:19.890Z - info: Press CTRL+C to stop ...
2021-11-03T04:17:41.064Z - info: Building C:\repos\nus-cs2103\cs2103-website-base\admin\index as some of its dependencies were changed since the last visit
2021-11-03T04:17:41.800Z - info: Site data built
2021-11-03T04:17:41.801Z - info: Lazy website regeneration complete! Total build time: 0.737s
2021-11-03T04:17:48.160Z - info: Building C:\repos\nus-cs2103\cs2103-website-base\admin\tp-pe as some of its dependencies were changed since the last visit
2021-11-03T04:17:50.527Z - info: Site data built
2021-11-03T04:17:50.527Z - info: Lazy website regeneration complete! Total build time: 2.367s
2021-11-03T04:22:50.491Z - info: [12:22:50 pm] Reload for file change: C:\repos\nus-cs2103\cs2103-website-base\admin\tp-ped.mbdf
2021-11-03T04:22:50.492Z - info: Synchronizing opened pages list before reload
2021-11-03T04:22:50.492Z - info: Current opened pages, from most-to-least recent:
2021-11-03T04:22:50.493Z - info: 1. admin/tp-pe
2021-11-03T04:22:51.513Z - info: Rebuilding 1 pages
2021-11-03T04:22:53.776Z - info: Site data built
2021-11-03T04:22:53.776Z - info: Pages rebuilt
2021-11-03T04:22:53.777Z - info: Website regeneration complete! Total build time: 2.265s
2021-11-03T04:23:09.170Z - info: [12:23:09 pm] Reload for file change: C:\repos\nus-cs2103\cs2103-website-base\admin\tp-ped.mbdf
2021-11-03T04:23:09.171Z - info: Synchronizing opened pages list before reload
2021-11-03T04:23:09.171Z - info: Current opened pages, from most-to-least recent:
2021-11-03T04:23:09.171Z - info: 1. admin/tp-pe
2021-11-03T04:23:10.181Z - info: Rebuilding 1 pages
2021-11-03T04:23:12.444Z - info: Site data built
2021-11-03T04:23:12.444Z - info: Pages rebuilt
2021-11-03T04:23:12.445Z - info: Website regeneration complete! Total build time: 2.264s
2021-11-03T04:28:57.710Z - info: [12:28:57 pm] Reload for file change: C:\repos\nus-cs2103\cs2103-website-base\admin\tp-ped.mbdf
2021-11-03T04:28:57.711Z - info: Synchronizing opened pages list before reload
2021-11-03T04:28:57.712Z - info: Current opened pages, from most-to-least recent:
2021-11-03T04:28:57.712Z - info: 1. admin/tp-pe
2021-11-03T04:28:58.724Z - info: Rebuilding 1 pages
2021-11-03T04:29:01.132Z - info: Site data built
2021-11-03T04:29:01.133Z - info: Pages rebuilt
2021-11-03T04:29:01.133Z - info: Website regeneration complete! Total build time: 2.41s
2021-11-03T04:29:23.668Z - info: [12:29:23 pm] Reload for file change: C:\repos\nus-cs2103\cs2103-website-base\admin\tp-pe-bug-triaging-guidelines.mbdf
2021-11-03T04:29:23.668Z - info: Synchronizing opened pages list before reload
2021-11-03T04:29:23.669Z - info: Current opened pages, from most-to-least recent:
2021-11-03T04:29:23.669Z - info: 1. admin/tp-pe
2021-11-03T04:29:24.686Z - info: Rebuilding 1 pages
2021-11-03T04:29:26.257Z - info: Site data built
2021-11-03T04:29:26.258Z - info: Pages rebuilt
2021-11-03T04:29:26.258Z - info: Website regeneration complete! Total build time: 1.573s
2021-11-03T04:31:55.778Z - info: [12:31:55 pm] Reload for file change: C:\repos\nus-cs2103\cs2103-website-base\admin\tp-pe.mbdf
2021-11-03T04:31:55.779Z - info: Synchronizing opened pages list before reload
2021-11-03T04:31:55.779Z - info: Current opened pages, from most-to-least recent:
2021-11-03T04:31:55.780Z - info: 1. admin/tp-pe
2021-11-03T04:31:56.789Z - info: Rebuilding 1 pages
2021-11-03T04:31:58.619Z - info: Site data built
2021-11-03T04:31:58.620Z - info: Pages rebuilt
2021-11-03T04:31:58.620Z - info: Website regeneration complete! Total build time: 1.834s
2021-11-03T04:32:54.382Z - info: [12:32:54 pm] Reload for file change: C:\repos\nus-cs2103\cs2103-website-base\admin\tp-pe.mbdf
2021-11-03T04:32:54.383Z - info: Synchronizing opened pages list before reload
2021-11-03T04:32:54.383Z - info: Current opened pages, from most-to-least recent:
2021-11-03T04:32:54.384Z - info: 1. admin/tp-pe
2021-11-03T04:32:55.391Z - info: Rebuilding 1 pages
2021-11-03T04:32:56.997Z - info: Site data built
2021-11-03T04:32:56.997Z - info: Pages rebuilt
2021-11-03T04:32:56.998Z - info: Website regeneration complete! Total build time: 1.609s
2021-11-03T04:33:18.719Z - info: [12:33:18 pm] Reload for file change: C:\repos\nus-cs2103\cs2103-website-base\admin\tp-pe.mbdf
2021-11-03T04:33:18.720Z - info: Synchronizing opened pages list before reload
2021-11-03T04:33:18.720Z - info: Current opened pages, from most-to-least recent:
2021-11-03T04:33:18.720Z - info: 1. admin/tp-pe
2021-11-03T04:33:19.730Z - info: Rebuilding 1 pages
2021-11-03T04:33:21.417Z - info: Site data built
2021-11-03T04:33:21.417Z - info: Pages rebuilt
2021-11-03T04:33:21.417Z - info: Website regeneration complete! Total build time: 1.69s
2021-11-03T04:33:31.234Z - info: [12:33:31 pm] Reload for file change: C:\repos\nus-cs2103\cs2103-website-base\admin\tp-pe.mbdf
2021-11-03T04:33:31.234Z - info: Synchronizing opened pages list before reload
2021-11-03T04:33:31.234Z - info: Current opened pages, from most-to-least recent:
2021-11-03T04:33:31.234Z - info: 1. admin/tp-pe
2021-11-03T04:33:32.244Z - info: Rebuilding 1 pages
2021-11-03T04:33:33.481Z - info: Site data built
2021-11-03T04:33:33.481Z - info: Pages rebuilt
2021-11-03T04:33:33.481Z - info: Website regeneration complete! Total build time: 1.24s
2021-11-03T04:33:43.879Z - info: [12:33:43 pm] Reload for file change: C:\repos\nus-cs2103\cs2103-website-base\admin\tp-pe.mbdf
2021-11-03T04:33:43.879Z - info: Synchronizing opened pages list before reload
2021-11-03T04:33:43.879Z - info: Current opened pages, from most-to-least recent:
2021-11-03T04:33:43.879Z - info: 1. admin/tp-pe
2021-11-03T04:33:44.889Z - info: Rebuilding 1 pages
2021-11-03T04:33:46.020Z - info: Site data built
2021-11-03T04:33:46.021Z - info: Pages rebuilt
2021-11-03T04:33:46.021Z - info: Website regeneration complete! Total build time: 1.134s
2021-11-03T04:35:16.286Z - info: [12:35:16 pm] Reload for file change: C:\repos\nus-cs2103\cs2103-website-base\admin\tp-pe.mbdf
2021-11-03T04:35:16.287Z - info: Synchronizing opened pages list before reload
2021-11-03T04:35:16.287Z - info: Current opened pages, from most-to-least recent:
2021-11-03T04:35:16.287Z - info: 1. admin/tp-pe
2021-11-03T04:35:17.300Z - info: Rebuilding 1 pages
2021-11-03T04:35:18.982Z - info: Site data built
2021-11-03T04:35:18.983Z - info: Pages rebuilt
2021-11-03T04:35:18.983Z - info: Website regeneration complete! Total build time: 1.685s
2021-11-03T04:40:01.497Z - info: Website generation started at 12:39:59 pm
2021-11-03T04:40:07.049Z - info: Building assets...
2021-11-03T04:40:11.784Z - info: Assets built
2021-11-03T04:40:11.785Z - info: Generating pages...
2021-11-03T04:40:22.482Z - debug:  
2021-11-03T04:40:22.482Z - debug:  
2021-11-03T04:40:22.485Z - debug:  
2021-11-03T04:40:22.485Z - debug:  
2021-11-03T04:40:22.485Z - debug:  
2021-11-03T04:40:22.485Z - debug:  
2021-11-03T04:42:25.622Z - debug:  
2021-11-03T04:42:37.769Z - debug:  
2021-11-03T04:42:37.770Z - debug:  
2021-11-03T04:42:45.732Z - info: Pages built
2021-11-03T04:42:46.598Z - info: Site data built
2021-11-03T04:42:46.598Z - info: Website generation complete! Total build time: 167.094s
2021-11-03T04:42:46.598Z - info: Build success!
2021-11-03T04:42:59.515Z - info: Deployed at https://nus-cs2103-ay2122s1.github.io/website!
2021-11-03T09:50:37.250Z - info: Website generation started at 5:50:31 pm
2021-11-03T09:50:42.949Z - info: Building assets...
2021-11-03T09:50:47.717Z - info: Assets built
2021-11-03T09:50:47.718Z - info: Generating pages...
2021-11-03T09:50:58.847Z - debug:  
2021-11-03T09:50:58.849Z - debug:  
2021-11-03T09:50:58.849Z - debug:  
2021-11-03T09:50:58.849Z - debug:  
2021-11-03T09:50:58.849Z - debug:  
2021-11-03T09:50:58.849Z - debug:  
2021-11-03T09:53:03.831Z - debug:  
2021-11-03T09:53:20.469Z - debug:  
2021-11-03T09:53:20.469Z - debug:  
2021-11-03T09:53:29.939Z - info: Pages built
2021-11-03T09:53:30.916Z - info: Site data built
2021-11-03T09:53:30.916Z - info: Website generation complete! Total build time: 179.096s
2021-11-03T09:53:30.916Z - info: Build success!
2021-11-03T09:53:44.270Z - info: Deployed at https://nus-cs2103-ay2122s1.github.io/website!
