2021-11-27T17:15:45.973Z - info: Website generation (lazy) started at 1:15:39 am
2021-11-27T17:15:52.160Z - info: Building assets...
2021-11-27T17:15:57.018Z - info: Assets built
2021-11-27T17:15:57.018Z - info: Generating landing page...
2021-11-27T17:15:58.237Z - info: Landing page built, other pages will be built as you navigate to them!
2021-11-27T17:15:59.277Z - info: Site data built
2021-11-27T17:15:59.278Z - info: Website generation (lazy) complete! Total build time: 19.312s
2021-11-27T17:16:00.057Z - info: Serving "C:\repos\nus-cs2103\cs2103-website-base\_site" at http://127.0.0.1:8080
2021-11-27T17:16:00.058Z - info: Press CTRL+C to stop ...
2021-11-27T17:16:40.164Z - info: Building C:\repos\nus-cs2103\cs2103-website-base\admin\tp-pe as some of its dependencies were changed since the last visit
2021-11-27T17:16:42.815Z - info: Site data built
2021-11-27T17:16:42.816Z - info: Lazy website regeneration complete! Total build time: 2.653s
2021-11-27T17:22:07.805Z - info: [1:22:07 am] Reload for file change: C:\repos\nus-cs2103\cs2103-website-base\admin\appendixE-gitHub.md
2021-11-27T17:22:07.806Z - info: Synchronizing opened pages list before reload
2021-11-27T17:22:07.807Z - info: Current opened pages, from most-to-least recent:
2021-11-27T17:22:07.807Z - info: 1. admin/tp-pe
2021-11-27T17:22:08.828Z - info: Rebuilding 1 pages
2021-11-27T17:22:11.172Z - info: Site data built
2021-11-27T17:22:11.172Z - info: Pages rebuilt
2021-11-27T17:22:11.172Z - info: Website regeneration complete! Total build time: 2.346s
2021-11-27T17:27:15.316Z - info: [1:27:15 am] Reload for file change: C:\repos\nus-cs2103\cs2103-website-base\admin\tp-pe-bug-triaging-guidelines.mbdf
2021-11-27T17:27:15.316Z - info: Synchronizing opened pages list before reload
2021-11-27T17:27:15.317Z - info: Current opened pages, from most-to-least recent:
2021-11-27T17:27:15.318Z - info: 1. admin/tp-pe
2021-11-27T17:27:16.367Z - info: Rebuilding 1 pages
2021-11-27T17:27:19.031Z - info: Site data built
2021-11-27T17:27:19.031Z - info: Pages rebuilt
2021-11-27T17:27:19.031Z - info: Website regeneration complete! Total build time: 2.668s
2021-11-27T17:29:50.332Z - info: [1:29:50 am] Reload for file change: C:\repos\nus-cs2103\cs2103-website-base\admin\tp-pe-bug-triaging-guidelines.mbdf
2021-11-27T17:29:50.332Z - info: Synchronizing opened pages list before reload
2021-11-27T17:29:50.333Z - info: Current opened pages, from most-to-least recent:
2021-11-27T17:29:50.333Z - info: 1. admin/tp-pe
2021-11-27T17:29:51.353Z - info: Rebuilding 1 pages
2021-11-27T17:29:54.093Z - info: Site data built
2021-11-27T17:29:54.093Z - info: Pages rebuilt
2021-11-27T17:29:54.094Z - info: Website regeneration complete! Total build time: 2.742s
2021-11-27T17:31:54.937Z - info: [1:31:54 am] Reload for file change: C:\repos\nus-cs2103\cs2103-website-base\admin\tp-pe-bug-triaging-guidelines.mbdf
2021-11-27T17:31:54.938Z - info: Synchronizing opened pages list before reload
2021-11-27T17:31:54.939Z - info: Current opened pages, from most-to-least recent:
2021-11-27T17:31:54.940Z - info: 1. admin/tp-pe
2021-11-27T17:31:55.962Z - info: Rebuilding 1 pages
2021-11-27T17:31:58.442Z - info: Site data built
2021-11-27T17:31:58.442Z - info: Pages rebuilt
2021-11-27T17:31:58.442Z - info: Website regeneration complete! Total build time: 2.481s
2021-11-27T17:32:48.008Z - info: [1:32:48 am] Reload for file change: C:\repos\nus-cs2103\cs2103-website-base\admin\tp-pe-bug-triaging-guidelines.mbdf
2021-11-27T17:32:48.008Z - info: Synchronizing opened pages list before reload
2021-11-27T17:32:48.009Z - info: Current opened pages, from most-to-least recent:
2021-11-27T17:32:48.010Z - info: 1. admin/tp-pe
2021-11-27T17:32:49.017Z - info: Rebuilding 1 pages
2021-11-27T17:32:51.762Z - info: Site data built
2021-11-27T17:32:51.763Z - info: Pages rebuilt
2021-11-27T17:32:51.763Z - info: Website regeneration complete! Total build time: 2.748s
2021-11-27T17:42:34.287Z - info: [1:42:34 am] Reload for file change: C:\repos\nus-cs2103\cs2103-website-base\admin\tp-pe-bug-triaging-guidelines.mbdf
2021-11-27T17:42:34.287Z - info: Synchronizing opened pages list before reload
2021-11-27T17:42:34.288Z - info: Current opened pages, from most-to-least recent:
2021-11-27T17:42:34.288Z - info: 1. admin/tp-pe
2021-11-27T17:42:35.299Z - info: Rebuilding 1 pages
2021-11-27T17:42:37.128Z - info: Site data built
2021-11-27T17:42:37.129Z - info: Pages rebuilt
2021-11-27T17:42:37.129Z - info: Website regeneration complete! Total build time: 1.831s
2021-11-27T17:45:23.823Z - info: [1:45:23 am] Reload for file change: C:\repos\nus-cs2103\cs2103-website-base\admin\tp-pe-bug-triaging-guidelines.mbdf
2021-11-27T17:45:23.823Z - info: Synchronizing opened pages list before reload
2021-11-27T17:45:23.823Z - info: Current opened pages, from most-to-least recent:
2021-11-27T17:45:23.824Z - info: 1. admin/tp-pe
2021-11-27T17:45:24.842Z - info: Rebuilding 1 pages
2021-11-27T17:45:26.577Z - info: Site data built
2021-11-27T17:45:26.577Z - info: Pages rebuilt
2021-11-27T17:45:26.577Z - info: Website regeneration complete! Total build time: 1.736s
2021-11-27T17:45:39.757Z - info: [1:45:39 am] Reload for file change: C:\repos\nus-cs2103\cs2103-website-base\admin\tp-pe-bug-triaging-guidelines.mbdf
2021-11-27T17:45:39.757Z - info: Synchronizing opened pages list before reload
2021-11-27T17:45:39.758Z - info: Current opened pages, from most-to-least recent:
2021-11-27T17:45:39.758Z - info: 1. admin/tp-pe
2021-11-27T17:45:40.764Z - info: Rebuilding 1 pages
2021-11-27T17:45:42.116Z - info: Site data built
2021-11-27T17:45:42.117Z - info: Pages rebuilt
2021-11-27T17:45:42.117Z - info: Website regeneration complete! Total build time: 1.355s
2021-11-27T17:45:54.199Z - info: [1:45:54 am] Reload for file change: C:\repos\nus-cs2103\cs2103-website-base\admin\tp-pe-bug-triaging-guidelines.mbdf
2021-11-27T17:45:54.199Z - info: Synchronizing opened pages list before reload
2021-11-27T17:45:54.199Z - info: Current opened pages, from most-to-least recent:
2021-11-27T17:45:54.199Z - info: 1. admin/tp-pe
2021-11-27T17:45:55.206Z - info: Rebuilding 1 pages
2021-11-27T17:45:56.501Z - info: Site data built
2021-11-27T17:45:56.501Z - info: Pages rebuilt
2021-11-27T17:45:56.501Z - info: Website regeneration complete! Total build time: 1.297s
2021-11-27T17:46:23.217Z - info: [1:46:23 am] Reload for file change: C:\repos\nus-cs2103\cs2103-website-base\admin\tp-pe-bug-triaging-guidelines.mbdf
2021-11-27T17:46:23.217Z - info: Synchronizing opened pages list before reload
2021-11-27T17:46:23.218Z - info: Current opened pages, from most-to-least recent:
2021-11-27T17:46:23.218Z - info: 1. admin/tp-pe
2021-11-27T17:46:24.229Z - info: Rebuilding 1 pages
2021-11-27T17:46:25.911Z - info: Site data built
2021-11-27T17:46:25.911Z - info: Pages rebuilt
2021-11-27T17:46:25.911Z - info: Website regeneration complete! Total build time: 1.683s
2021-11-27T17:47:10.457Z - info: [1:47:10 am] Reload for file change: C:\repos\nus-cs2103\cs2103-website-base\admin\tp-pe-bug-triaging-guidelines.mbdf
2021-11-27T17:47:10.457Z - info: Synchronizing opened pages list before reload
2021-11-27T17:47:10.458Z - info: Current opened pages, from most-to-least recent:
2021-11-27T17:47:10.458Z - info: 1. admin/tp-pe
2021-11-27T17:47:11.469Z - info: Rebuilding 1 pages
2021-11-27T17:47:13.075Z - info: Site data built
2021-11-27T17:47:13.076Z - info: Pages rebuilt
2021-11-27T17:47:13.076Z - info: Website regeneration complete! Total build time: 1.61s
2021-11-27T17:51:02.777Z - info: [1:51:02 am] Reload for file change: C:\repos\nus-cs2103\cs2103-website-base\admin\tp-pe-bug-triaging-guidelines.mbdf
2021-11-27T17:51:02.777Z - info: Synchronizing opened pages list before reload
2021-11-27T17:51:02.778Z - info: Current opened pages, from most-to-least recent:
2021-11-27T17:51:02.778Z - info: 1. admin/tp-pe
2021-11-27T17:51:03.789Z - info: Rebuilding 1 pages
2021-11-27T17:51:05.436Z - info: Site data built
2021-11-27T17:51:05.436Z - info: Pages rebuilt
2021-11-27T17:51:05.436Z - info: Website regeneration complete! Total build time: 1.651s
2021-11-27T17:51:38.339Z - info: [1:51:38 am] Reload for file change: C:\repos\nus-cs2103\cs2103-website-base\admin\tp-pe-bug-triaging-guidelines.mbdf
2021-11-27T17:51:38.339Z - info: Synchronizing opened pages list before reload
2021-11-27T17:51:38.339Z - info: Current opened pages, from most-to-least recent:
2021-11-27T17:51:38.340Z - info: 1. admin/tp-pe
2021-11-27T17:51:39.349Z - info: Rebuilding 1 pages
2021-11-27T17:51:41.003Z - info: Site data built
2021-11-27T17:51:41.003Z - info: Pages rebuilt
2021-11-27T17:51:41.003Z - info: Website regeneration complete! Total build time: 1.657s
2021-11-27T17:51:51.784Z - info: [1:51:51 am] Reload for file change: C:\repos\nus-cs2103\cs2103-website-base\admin\tp-pe-bug-triaging-guidelines.mbdf
2021-11-27T17:51:51.784Z - info: Synchronizing opened pages list before reload
2021-11-27T17:51:51.784Z - info: Current opened pages, from most-to-least recent:
2021-11-27T17:51:51.785Z - info: 1. admin/tp-pe
2021-11-27T17:51:52.796Z - info: Rebuilding 1 pages
2021-11-27T17:51:54.076Z - info: Site data built
2021-11-27T17:51:54.076Z - info: Pages rebuilt
2021-11-27T17:51:54.076Z - info: Website regeneration complete! Total build time: 1.282s
2021-11-27T17:52:40.911Z - info: [1:52:40 am] Reload for file change: C:\repos\nus-cs2103\cs2103-website-base\admin\tp-pe-bug-triaging-guidelines.mbdf
2021-11-27T17:52:40.912Z - info: Synchronizing opened pages list before reload
2021-11-27T17:52:40.912Z - info: Current opened pages, from most-to-least recent:
2021-11-27T17:52:40.912Z - info: 1. admin/tp-pe
2021-11-27T17:52:41.926Z - info: Rebuilding 1 pages
2021-11-27T17:52:43.548Z - info: Site data built
2021-11-27T17:52:43.548Z - info: Pages rebuilt
2021-11-27T17:52:43.548Z - info: Website regeneration complete! Total build time: 1.624s
2021-11-27T17:53:42.257Z - info: [1:53:42 am] Reload for file change: C:\repos\nus-cs2103\cs2103-website-base\admin\tp-pe-bug-triaging-guidelines.mbdf
2021-11-27T17:53:42.257Z - info: Synchronizing opened pages list before reload
2021-11-27T17:53:42.258Z - info: Current opened pages, from most-to-least recent:
2021-11-27T17:53:42.258Z - info: 1. admin/tp-pe
2021-11-27T17:53:43.281Z - info: Rebuilding 1 pages
2021-11-27T17:53:44.904Z - info: Site data built
2021-11-27T17:53:44.904Z - info: Pages rebuilt
2021-11-27T17:53:44.904Z - info: Website regeneration complete! Total build time: 1.628s
2021-11-27T17:59:20.316Z - info: [1:59:20 am] Reload for file change: C:\repos\nus-cs2103\cs2103-website-base\admin\tp-pe-bug-triaging-guidelines.mbdf
2021-11-27T17:59:20.317Z - info: Synchronizing opened pages list before reload
2021-11-27T17:59:20.318Z - info: Current opened pages, from most-to-least recent:
2021-11-27T17:59:20.318Z - info: 1. admin/tp-pe
2021-11-27T17:59:21.327Z - info: Rebuilding 1 pages
2021-11-27T17:59:23.186Z - info: Site data built
2021-11-27T17:59:23.187Z - info: Pages rebuilt
2021-11-27T17:59:23.187Z - info: Website regeneration complete! Total build time: 1.862s
2021-11-27T18:03:03.958Z - info: [2:03:03 am] Reload for file change: C:\repos\nus-cs2103\cs2103-website-base\admin\tp-pe-bug-triaging-guidelines.mbdf
2021-11-27T18:03:03.959Z - info: Synchronizing opened pages list before reload
2021-11-27T18:03:03.959Z - info: Current opened pages, from most-to-least recent:
2021-11-27T18:03:03.960Z - info: 1. admin/tp-pe
2021-11-27T18:03:04.972Z - info: Rebuilding 1 pages
2021-11-27T18:03:06.611Z - info: Site data built
2021-11-27T18:03:06.611Z - info: Pages rebuilt
2021-11-27T18:03:06.612Z - info: Website regeneration complete! Total build time: 1.642s
2021-11-27T18:09:51.916Z - info: [2:09:51 am] Reload for file change: C:\repos\nus-cs2103\cs2103-website-base\admin\tp-pe-bug-triaging-guidelines.mbdf
2021-11-27T18:09:51.917Z - info: Synchronizing opened pages list before reload
2021-11-27T18:09:51.917Z - info: Current opened pages, from most-to-least recent:
2021-11-27T18:09:51.917Z - info: 1. admin/tp-pe
2021-11-27T18:09:52.929Z - info: Rebuilding 1 pages
2021-11-27T18:09:54.660Z - info: Site data built
2021-11-27T18:09:54.660Z - info: Pages rebuilt
2021-11-27T18:09:54.660Z - info: Website regeneration complete! Total build time: 1.733s
2021-11-28T03:29:29.720Z - info: Website generation (lazy) started at 11:29:27 am
2021-11-28T03:29:35.651Z - info: Building assets...
2021-11-28T03:29:40.167Z - info: Assets built
2021-11-28T03:29:40.168Z - info: Generating landing page...
2021-11-28T03:29:41.319Z - info: Landing page built, other pages will be built as you navigate to them!
2021-11-28T03:29:42.276Z - info: Site data built
2021-11-28T03:29:42.276Z - info: Website generation (lazy) complete! Total build time: 14.624s
2021-11-28T03:29:43.147Z - info: Serving "C:\repos\nus-cs2103\cs2103-website-base\_site" at http://127.0.0.1:8080
2021-11-28T03:29:43.147Z - info: Press CTRL+C to stop ...
2021-11-28T03:30:24.090Z - info: Building C:\repos\nus-cs2103\cs2103-website-base\admin\tp-pe as some of its dependencies were changed since the last visit
2021-11-28T03:30:26.713Z - info: Site data built
2021-11-28T03:30:26.713Z - info: Lazy website regeneration complete! Total build time: 2.624s
2021-11-28T03:32:43.320Z - info: [11:32:43 am] Reload for file change: C:\repos\nus-cs2103\cs2103-website-base\admin\tp-pe-bug-triaging-guidelines.mbdf
2021-11-28T03:32:43.320Z - info: Synchronizing opened pages list before reload
2021-11-28T03:32:43.321Z - info: Current opened pages, from most-to-least recent:
2021-11-28T03:32:43.321Z - info: 1. admin/tp-pe
2021-11-28T03:32:44.333Z - info: Rebuilding 1 pages
2021-11-28T03:32:46.202Z - info: Site data built
2021-11-28T03:32:46.202Z - info: Pages rebuilt
2021-11-28T03:32:46.203Z - info: Website regeneration complete! Total build time: 1.87s
2021-11-28T03:34:43.906Z - info: [11:34:43 am] Reload for file change: C:\repos\nus-cs2103\cs2103-website-base\admin\tp-pe-bug-triaging-guidelines.mbdf
2021-11-28T03:34:43.907Z - info: Synchronizing opened pages list before reload
2021-11-28T03:34:43.907Z - info: Current opened pages, from most-to-least recent:
2021-11-28T03:34:43.907Z - info: 1. admin/tp-pe
2021-11-28T03:34:44.925Z - info: Rebuilding 1 pages
2021-11-28T03:34:46.747Z - info: Site data built
2021-11-28T03:34:46.748Z - info: Pages rebuilt
2021-11-28T03:34:46.748Z - info: Website regeneration complete! Total build time: 1.824s
2021-11-28T03:54:31.712Z - info: [11:54:31 am] Reload for file change: C:\repos\nus-cs2103\cs2103-website-base\admin\tp-pe-bug-triaging-guidelines.mbdf
2021-11-28T03:54:31.712Z - info: Synchronizing opened pages list before reload
2021-11-28T03:54:31.713Z - info: Current opened pages, from most-to-least recent:
2021-11-28T03:54:31.713Z - info: 1. admin/tp-pe
2021-11-28T03:54:32.729Z - info: Rebuilding 1 pages
2021-11-28T03:54:34.505Z - info: Site data built
2021-11-28T03:54:34.505Z - info: Pages rebuilt
2021-11-28T03:54:34.506Z - info: Website regeneration complete! Total build time: 1.78s
2021-11-28T03:55:51.463Z - info: [11:55:51 am] Reload for file change: C:\repos\nus-cs2103\cs2103-website-base\admin\tp-pe-bug-triaging-guidelines.mbdf
2021-11-28T03:55:51.463Z - info: Synchronizing opened pages list before reload
2021-11-28T03:55:51.464Z - info: Current opened pages, from most-to-least recent:
2021-11-28T03:55:51.464Z - info: 1. admin/tp-pe
2021-11-28T03:55:52.472Z - info: Rebuilding 1 pages
2021-11-28T03:55:54.212Z - info: Site data built
2021-11-28T03:55:54.212Z - info: Pages rebuilt
2021-11-28T03:55:54.213Z - info: Website regeneration complete! Total build time: 1.743s
2021-11-28T03:57:23.765Z - info: [11:57:23 am] Reload for file change: C:\repos\nus-cs2103\cs2103-website-base\admin\tp-pe-bug-triaging-guidelines.mbdf
2021-11-28T03:57:23.765Z - info: Synchronizing opened pages list before reload
2021-11-28T03:57:23.765Z - info: Current opened pages, from most-to-least recent:
2021-11-28T03:57:23.766Z - info: 1. admin/tp-pe
2021-11-28T03:57:24.772Z - info: Rebuilding 1 pages
2021-11-28T03:57:26.522Z - info: Site data built
2021-11-28T03:57:26.522Z - info: Pages rebuilt
2021-11-28T03:57:26.522Z - info: Website regeneration complete! Total build time: 1.753s
2021-11-28T03:57:54.458Z - info: [11:57:54 am] Reload for file change: C:\repos\nus-cs2103\cs2103-website-base\admin\tp-pe-bug-triaging-guidelines.mbdf
2021-11-28T03:57:54.458Z - info: Synchronizing opened pages list before reload
2021-11-28T03:57:54.459Z - info: Current opened pages, from most-to-least recent:
2021-11-28T03:57:54.459Z - info: 1. admin/tp-pe
2021-11-28T03:57:55.476Z - info: Rebuilding 1 pages
2021-11-28T03:57:57.203Z - info: Site data built
2021-11-28T03:57:57.203Z - info: Pages rebuilt
2021-11-28T03:57:57.203Z - info: Website regeneration complete! Total build time: 1.728s
2021-11-28T03:58:09.274Z - info: [11:58:09 am] Reload for file change: C:\repos\nus-cs2103\cs2103-website-base\admin\tp-pe-bug-triaging-guidelines.mbdf
2021-11-28T03:58:09.274Z - info: Synchronizing opened pages list before reload
2021-11-28T03:58:09.274Z - info: Current opened pages, from most-to-least recent:
2021-11-28T03:58:09.274Z - info: 1. admin/tp-pe
2021-11-28T03:58:10.286Z - info: Rebuilding 1 pages
2021-11-28T03:58:11.598Z - info: Site data built
2021-11-28T03:58:11.598Z - info: Pages rebuilt
2021-11-28T03:58:11.598Z - info: Website regeneration complete! Total build time: 1.314s
2021-11-28T04:01:37.264Z - info: [12:01:37 pm] Reload for file change: C:\repos\nus-cs2103\cs2103-website-base\admin\tp-pe-bug-triaging-guidelines.mbdf
2021-11-28T04:01:37.264Z - info: Synchronizing opened pages list before reload
2021-11-28T04:01:37.265Z - info: Current opened pages, from most-to-least recent:
2021-11-28T04:01:37.265Z - info: 1. admin/tp-pe
2021-11-28T04:01:38.283Z - info: Rebuilding 1 pages
2021-11-28T04:01:39.960Z - info: Site data built
2021-11-28T04:01:39.960Z - info: Pages rebuilt
2021-11-28T04:01:39.960Z - info: Website regeneration complete! Total build time: 1.68s
2021-11-28T04:01:57.216Z - info: [12:01:57 pm] Reload for file change: C:\repos\nus-cs2103\cs2103-website-base\admin\tp-pe-bug-triaging-guidelines.mbdf
2021-11-28T04:01:57.216Z - info: Synchronizing opened pages list before reload
2021-11-28T04:01:57.216Z - info: Current opened pages, from most-to-least recent:
2021-11-28T04:01:57.217Z - info: 1. admin/tp-pe
2021-11-28T04:01:58.227Z - info: Rebuilding 1 pages
2021-11-28T04:01:59.851Z - info: Site data built
2021-11-28T04:01:59.851Z - info: Pages rebuilt
2021-11-28T04:01:59.851Z - info: Website regeneration complete! Total build time: 1.627s
2021-11-28T04:02:05.226Z - info: [12:02:05 pm] Reload for file change: C:\repos\nus-cs2103\cs2103-website-base\admin\tp-pe-bug-triaging-guidelines.mbdf
2021-11-28T04:02:05.227Z - info: Synchronizing opened pages list before reload
2021-11-28T04:02:05.227Z - info: Current opened pages, from most-to-least recent:
2021-11-28T04:02:05.227Z - info: 1. admin/tp-pe
2021-11-28T04:02:06.240Z - info: Rebuilding 1 pages
2021-11-28T04:02:07.474Z - info: Site data built
2021-11-28T04:02:07.474Z - info: Pages rebuilt
2021-11-28T04:02:07.474Z - info: Website regeneration complete! Total build time: 1.235s
2021-11-28T04:02:32.991Z - info: [12:02:32 pm] Reload for file change: C:\repos\nus-cs2103\cs2103-website-base\admin\tp-pe-bug-triaging-guidelines.mbdf
2021-11-28T04:02:32.991Z - info: Synchronizing opened pages list before reload
2021-11-28T04:02:32.991Z - info: Current opened pages, from most-to-least recent:
2021-11-28T04:02:32.992Z - info: 1. admin/tp-pe
2021-11-28T04:02:34.005Z - info: Rebuilding 1 pages
2021-11-28T04:02:35.619Z - info: Site data built
2021-11-28T04:02:35.620Z - info: Pages rebuilt
2021-11-28T04:02:35.620Z - info: Website regeneration complete! Total build time: 1.617s
2021-11-28T04:02:42.763Z - info: [12:02:42 pm] Reload for file change: C:\repos\nus-cs2103\cs2103-website-base\admin\tp-pe-bug-triaging-guidelines.mbdf
2021-11-28T04:02:42.763Z - info: Synchronizing opened pages list before reload
2021-11-28T04:02:42.763Z - info: Current opened pages, from most-to-least recent:
2021-11-28T04:02:42.763Z - info: 1. admin/tp-pe
2021-11-28T04:02:43.772Z - info: Rebuilding 1 pages
2021-11-28T04:02:44.976Z - info: Site data built
2021-11-28T04:02:44.976Z - info: Pages rebuilt
2021-11-28T04:02:44.976Z - info: Website regeneration complete! Total build time: 1.205s
2021-11-28T04:05:55.134Z - info: [12:05:55 pm] Reload for file change: C:\repos\nus-cs2103\cs2103-website-base\admin\tp-pe-bug-triaging-guidelines.mbdf
2021-11-28T04:05:55.134Z - info: Synchronizing opened pages list before reload
2021-11-28T04:05:55.135Z - info: Current opened pages, from most-to-least recent:
2021-11-28T04:05:55.135Z - info: 1. admin/tp-pe
2021-11-28T04:05:56.139Z - info: Rebuilding 1 pages
2021-11-28T04:05:57.751Z - info: Site data built
2021-11-28T04:05:57.751Z - info: Pages rebuilt
2021-11-28T04:05:57.752Z - info: Website regeneration complete! Total build time: 1.613s
2021-11-28T04:06:08.068Z - info: [12:06:08 pm] Reload for file change: C:\repos\nus-cs2103\cs2103-website-base\admin\tp-pe-bug-triaging-guidelines.mbdf
2021-11-28T04:06:08.068Z - info: Synchronizing opened pages list before reload
2021-11-28T04:06:08.068Z - info: Current opened pages, from most-to-least recent:
2021-11-28T04:06:08.068Z - info: 1. admin/tp-pe
2021-11-28T04:06:09.087Z - info: Rebuilding 1 pages
2021-11-28T04:06:10.366Z - info: Site data built
2021-11-28T04:06:10.367Z - info: Pages rebuilt
2021-11-28T04:06:10.367Z - info: Website regeneration complete! Total build time: 1.282s
2021-11-28T04:06:26.596Z - info: [12:06:26 pm] Reload for file change: C:\repos\nus-cs2103\cs2103-website-base\admin\tp-pe-bug-triaging-guidelines.mbdf
2021-11-28T04:06:26.597Z - info: Synchronizing opened pages list before reload
2021-11-28T04:06:26.597Z - info: Current opened pages, from most-to-least recent:
2021-11-28T04:06:26.597Z - info: 1. admin/tp-pe
2021-11-28T04:06:27.613Z - info: Rebuilding 1 pages
2021-11-28T04:06:29.242Z - info: Site data built
2021-11-28T04:06:29.242Z - info: Pages rebuilt
2021-11-28T04:06:29.242Z - info: Website regeneration complete! Total build time: 1.632s
2021-11-28T04:07:09.364Z - info: [12:07:09 pm] Reload for file change: C:\repos\nus-cs2103\cs2103-website-base\admin\tp-pe-bug-triaging-guidelines.mbdf
2021-11-28T04:07:09.364Z - info: Synchronizing opened pages list before reload
2021-11-28T04:07:09.365Z - info: Current opened pages, from most-to-least recent:
2021-11-28T04:07:09.365Z - info: 1. admin/tp-pe
2021-11-28T04:07:10.383Z - info: Rebuilding 1 pages
2021-11-28T04:07:12.023Z - info: Site data built
2021-11-28T04:07:12.023Z - info: Pages rebuilt
2021-11-28T04:07:12.023Z - info: Website regeneration complete! Total build time: 1.641s
2021-11-28T04:07:18.823Z - info: [12:07:18 pm] Reload for file change: C:\repos\nus-cs2103\cs2103-website-base\admin\tp-pe-bug-triaging-guidelines.mbdf
2021-11-28T04:07:18.823Z - info: Synchronizing opened pages list before reload
2021-11-28T04:07:18.824Z - info: Current opened pages, from most-to-least recent:
2021-11-28T04:07:18.824Z - info: 1. admin/tp-pe
2021-11-28T04:07:19.843Z - info: Rebuilding 1 pages
2021-11-28T04:07:21.115Z - info: Site data built
2021-11-28T04:07:21.116Z - info: Pages rebuilt
2021-11-28T04:07:21.116Z - info: Website regeneration complete! Total build time: 1.275s
2021-11-28T04:08:30.554Z - info: [12:08:30 pm] Reload for file change: C:\repos\nus-cs2103\cs2103-website-base\admin\tp-pe-bug-triaging-guidelines.mbdf
2021-11-28T04:08:30.555Z - info: Synchronizing opened pages list before reload
2021-11-28T04:08:30.555Z - info: Current opened pages, from most-to-least recent:
2021-11-28T04:08:30.555Z - info: 1. admin/tp-pe
2021-11-28T04:08:31.568Z - info: Rebuilding 1 pages
2021-11-28T04:08:33.264Z - info: Site data built
2021-11-28T04:08:33.264Z - info: Pages rebuilt
2021-11-28T04:08:33.264Z - info: Website regeneration complete! Total build time: 1.698s
2021-11-28T04:12:18.258Z - info: [12:12:18 pm] Reload for file change: C:\repos\nus-cs2103\cs2103-website-base\admin\tp-pe-bug-triaging-guidelines.mbdf
2021-11-28T04:12:18.258Z - info: Synchronizing opened pages list before reload
2021-11-28T04:12:18.259Z - info: Current opened pages, from most-to-least recent:
2021-11-28T04:12:18.259Z - info: 1. admin/tp-pe
2021-11-28T04:12:19.269Z - info: Rebuilding 1 pages
2021-11-28T04:12:20.829Z - info: Site data built
2021-11-28T04:12:20.829Z - info: Pages rebuilt
2021-11-28T04:12:20.829Z - info: Website regeneration complete! Total build time: 1.562s
2021-11-28T04:13:25.898Z - info: [12:13:25 pm] Reload for file change: C:\repos\nus-cs2103\cs2103-website-base\admin\tp-pe-bug-triaging-guidelines.mbdf
2021-11-28T04:13:25.899Z - info: Synchronizing opened pages list before reload
2021-11-28T04:13:25.900Z - info: Current opened pages, from most-to-least recent:
2021-11-28T04:13:25.900Z - info: 1. admin/tp-pe
2021-11-28T04:13:26.917Z - info: Rebuilding 1 pages
2021-11-28T04:13:28.249Z - info: Site data built
2021-11-28T04:13:28.249Z - info: Pages rebuilt
2021-11-28T04:13:28.249Z - info: Website regeneration complete! Total build time: 1.334s
2021-11-28T04:19:51.245Z - info: [12:19:51 pm] Reload for file change: C:\repos\nus-cs2103\cs2103-website-base\admin\tp-pe-bug-triaging-guidelines.mbdf
2021-11-28T04:19:51.246Z - info: Synchronizing opened pages list before reload
2021-11-28T04:19:51.246Z - info: Current opened pages, from most-to-least recent:
2021-11-28T04:19:51.246Z - info: 1. admin/tp-pe
2021-11-28T04:19:52.259Z - info: Rebuilding 1 pages
2021-11-28T04:19:53.603Z - info: Site data built
2021-11-28T04:19:53.603Z - info: Pages rebuilt
2021-11-28T04:19:53.604Z - info: Website regeneration complete! Total build time: 1.346s
2021-11-28T04:21:25.734Z - info: [12:21:25 pm] Reload for file change: C:\repos\nus-cs2103\cs2103-website-base\admin\tp-pe-bug-triaging-guidelines.mbdf
2021-11-28T04:21:25.734Z - info: Synchronizing opened pages list before reload
2021-11-28T04:21:25.735Z - info: Current opened pages, from most-to-least recent:
2021-11-28T04:21:25.735Z - info: 1. admin/tp-pe
2021-11-28T04:21:26.746Z - info: Rebuilding 1 pages
2021-11-28T04:21:28.131Z - info: Site data built
2021-11-28T04:21:28.131Z - info: Pages rebuilt
2021-11-28T04:21:28.131Z - info: Website regeneration complete! Total build time: 1.386s
2021-11-28T04:26:02.688Z - info: [12:26:02 pm] Reload for file change: C:\repos\nus-cs2103\cs2103-website-base\admin\tp-pe-bug-triaging-guidelines.mbdf
2021-11-28T04:26:02.689Z - info: Synchronizing opened pages list before reload
2021-11-28T04:26:02.689Z - info: Current opened pages, from most-to-least recent:
2021-11-28T04:26:02.689Z - info: 1. admin/tp-pe
2021-11-28T04:26:03.710Z - info: Rebuilding 1 pages
2021-11-28T04:26:05.207Z - info: Site data built
2021-11-28T04:26:05.207Z - info: Pages rebuilt
2021-11-28T04:26:05.207Z - info: Website regeneration complete! Total build time: 1.499s
2021-11-28T04:27:19.067Z - info: [12:27:19 pm] Reload for file change: C:\repos\nus-cs2103\cs2103-website-base\admin\tp-pe-bug-triaging-guidelines.mbdf
2021-11-28T04:27:19.067Z - info: Synchronizing opened pages list before reload
2021-11-28T04:27:19.067Z - info: Current opened pages, from most-to-least recent:
2021-11-28T04:27:19.067Z - info: 1. admin/tp-pe
2021-11-28T04:27:20.078Z - info: Rebuilding 1 pages
2021-11-28T04:27:21.370Z - info: Site data built
2021-11-28T04:27:21.370Z - info: Pages rebuilt
2021-11-28T04:27:21.371Z - info: Website regeneration complete! Total build time: 1.293s
2021-11-28T04:28:13.939Z - info: [12:28:13 pm] Reload for file change: C:\repos\nus-cs2103\cs2103-website-base\admin\tp-pe-bug-triaging-guidelines.mbdf
2021-11-28T04:28:13.940Z - info: Synchronizing opened pages list before reload
2021-11-28T04:28:13.940Z - info: Current opened pages, from most-to-least recent:
2021-11-28T04:28:13.940Z - info: 1. admin/tp-pe
2021-11-28T04:28:14.957Z - info: Rebuilding 1 pages
2021-11-28T04:28:16.359Z - info: Site data built
2021-11-28T04:28:16.359Z - info: Pages rebuilt
2021-11-28T04:28:16.359Z - info: Website regeneration complete! Total build time: 1.403s
2021-11-28T04:32:42.174Z - info: [12:32:42 pm] Reload for file change: C:\repos\nus-cs2103\cs2103-website-base\admin\tp-pe-bug-triaging-guidelines.mbdf
2021-11-28T04:32:42.175Z - info: Synchronizing opened pages list before reload
2021-11-28T04:32:42.175Z - info: Current opened pages, from most-to-least recent:
2021-11-28T04:32:42.175Z - info: 1. admin/tp-pe
2021-11-28T04:32:43.193Z - info: Rebuilding 1 pages
2021-11-28T04:32:45.084Z - info: Site data built
2021-11-28T04:32:45.084Z - info: Pages rebuilt
2021-11-28T04:32:45.084Z - info: Website regeneration complete! Total build time: 1.893s
2021-11-28T04:34:18.596Z - info: [12:34:18 pm] Reload for file change: C:\repos\nus-cs2103\cs2103-website-base\admin\tp-pe-bug-triaging-guidelines.mbdf
2021-11-28T04:34:18.596Z - info: Synchronizing opened pages list before reload
2021-11-28T04:34:18.597Z - info: Current opened pages, from most-to-least recent:
2021-11-28T04:34:18.597Z - info: 1. admin/tp-pe
2021-11-28T04:34:19.620Z - info: Rebuilding 1 pages
2021-11-28T04:34:21.631Z - info: Site data built
2021-11-28T04:34:21.631Z - info: Pages rebuilt
2021-11-28T04:34:21.631Z - info: Website regeneration complete! Total build time: 2.013s
2021-11-28T04:34:34.463Z - info: [12:34:34 pm] Reload for file change: C:\repos\nus-cs2103\cs2103-website-base\admin\tp-pe-bug-triaging-guidelines.mbdf
2021-11-28T04:34:34.463Z - info: Synchronizing opened pages list before reload
2021-11-28T04:34:34.463Z - info: Current opened pages, from most-to-least recent:
2021-11-28T04:34:34.463Z - info: 1. admin/tp-pe
2021-11-28T04:34:35.487Z - info: Rebuilding 1 pages
2021-11-28T04:34:36.950Z - info: Site data built
2021-11-28T04:34:36.950Z - info: Pages rebuilt
2021-11-28T04:34:36.950Z - info: Website regeneration complete! Total build time: 1.464s
2021-11-28T04:34:42.454Z - info: [12:34:42 pm] Reload for file change: C:\repos\nus-cs2103\cs2103-website-base\admin\tp-pe-bug-triaging-guidelines.mbdf
2021-11-28T04:34:42.455Z - info: Synchronizing opened pages list before reload
2021-11-28T04:34:42.455Z - info: Current opened pages, from most-to-least recent:
2021-11-28T04:34:42.455Z - info: 1. admin/tp-pe
2021-11-28T04:34:43.461Z - info: Rebuilding 1 pages
2021-11-28T04:34:44.546Z - info: Site data built
2021-11-28T04:34:44.546Z - info: Pages rebuilt
2021-11-28T04:34:44.546Z - info: Website regeneration complete! Total build time: 1.086s
2021-11-28T04:35:18.916Z - info: [12:35:18 pm] Reload for file change: C:\repos\nus-cs2103\cs2103-website-base\admin\tp-pe-bug-triaging-guidelines.mbdf
2021-11-28T04:35:18.916Z - info: Synchronizing opened pages list before reload
2021-11-28T04:35:18.916Z - info: Current opened pages, from most-to-least recent:
2021-11-28T04:35:18.916Z - info: 1. admin/tp-pe
2021-11-28T04:35:19.931Z - info: Rebuilding 1 pages
2021-11-28T04:35:21.742Z - info: Site data built
2021-11-28T04:35:21.743Z - info: Pages rebuilt
2021-11-28T04:35:21.743Z - info: Website regeneration complete! Total build time: 1.812s
2021-11-28T04:36:04.006Z - info: [12:36:04 pm] Reload for file change: C:\repos\nus-cs2103\cs2103-website-base\admin\tp-pe-bug-triaging-guidelines.mbdf
2021-11-28T04:36:04.007Z - info: Synchronizing opened pages list before reload
2021-11-28T04:36:04.007Z - info: Current opened pages, from most-to-least recent:
2021-11-28T04:36:04.007Z - info: 1. admin/tp-pe
2021-11-28T04:36:05.024Z - info: Rebuilding 1 pages
2021-11-28T04:36:06.851Z - info: Site data built
2021-11-28T04:36:06.851Z - info: Pages rebuilt
2021-11-28T04:36:06.851Z - info: Website regeneration complete! Total build time: 1.828s
2021-11-28T04:37:33.579Z - info: [12:37:33 pm] Reload for file change: C:\repos\nus-cs2103\cs2103-website-base\admin\tp-pe-bug-triaging-guidelines.mbdf
2021-11-28T04:37:33.580Z - info: Synchronizing opened pages list before reload
2021-11-28T04:37:33.580Z - info: Current opened pages, from most-to-least recent:
2021-11-28T04:37:33.580Z - info: 1. admin/tp-pe
2021-11-28T04:37:34.595Z - info: Rebuilding 1 pages
2021-11-28T04:37:36.195Z - info: Site data built
2021-11-28T04:37:36.195Z - info: Pages rebuilt
2021-11-28T04:37:36.196Z - info: Website regeneration complete! Total build time: 1.603s
2021-11-28T04:37:45.594Z - info: [12:37:45 pm] Reload for file change: C:\repos\nus-cs2103\cs2103-website-base\admin\tp-pe-bug-triaging-guidelines.mbdf
2021-11-28T04:37:45.594Z - info: Synchronizing opened pages list before reload
2021-11-28T04:37:45.595Z - info: Current opened pages, from most-to-least recent:
2021-11-28T04:37:45.595Z - info: 1. admin/tp-pe
2021-11-28T04:37:46.598Z - info: Rebuilding 1 pages
2021-11-28T04:37:47.757Z - info: Site data built
2021-11-28T04:37:47.758Z - info: Pages rebuilt
2021-11-28T04:37:47.758Z - info: Website regeneration complete! Total build time: 1.161s
2021-11-28T04:39:05.333Z - info: [12:39:05 pm] Reload for file change: C:\repos\nus-cs2103\cs2103-website-base\admin\tp-pe-bug-triaging-guidelines.mbdf
2021-11-28T04:39:05.334Z - info: Synchronizing opened pages list before reload
2021-11-28T04:39:05.335Z - info: Current opened pages, from most-to-least recent:
2021-11-28T04:39:05.335Z - info: 1. admin/tp-pe
2021-11-28T04:39:06.354Z - info: Rebuilding 1 pages
2021-11-28T04:39:07.765Z - info: Site data built
2021-11-28T04:39:07.765Z - info: Pages rebuilt
2021-11-28T04:39:07.766Z - info: Website regeneration complete! Total build time: 1.413s
2021-11-28T04:40:08.052Z - info: [12:40:08 pm] Reload for file change: C:\repos\nus-cs2103\cs2103-website-base\admin\tp-pe-bug-triaging-guidelines.mbdf
2021-11-28T04:40:08.053Z - info: Synchronizing opened pages list before reload
2021-11-28T04:40:08.054Z - info: Current opened pages, from most-to-least recent:
2021-11-28T04:40:08.054Z - info: 1. admin/tp-pe
2021-11-28T04:40:09.073Z - info: Rebuilding 1 pages
2021-11-28T04:40:10.528Z - info: Site data built
2021-11-28T04:40:10.528Z - info: Pages rebuilt
2021-11-28T04:40:10.528Z - info: Website regeneration complete! Total build time: 1.458s
2021-11-28T04:41:53.676Z - info: [12:41:53 pm] Reload for file change: C:\repos\nus-cs2103\cs2103-website-base\admin\tp-pe-bug-triaging-guidelines.mbdf
2021-11-28T04:41:53.676Z - info: Synchronizing opened pages list before reload
2021-11-28T04:41:53.677Z - info: Current opened pages, from most-to-least recent:
2021-11-28T04:41:53.677Z - info: 1. admin/tp-pe
2021-11-28T04:41:54.700Z - info: Rebuilding 1 pages
2021-11-28T04:41:56.110Z - info: Site data built
2021-11-28T04:41:56.111Z - info: Pages rebuilt
2021-11-28T04:41:56.111Z - info: Website regeneration complete! Total build time: 1.417s
2021-11-28T04:42:15.758Z - info: [12:42:15 pm] Reload for file change: C:\repos\nus-cs2103\cs2103-website-base\admin\tp-pe-bug-triaging-guidelines.mbdf
2021-11-28T04:42:15.758Z - info: Synchronizing opened pages list before reload
2021-11-28T04:42:15.758Z - info: Current opened pages, from most-to-least recent:
2021-11-28T04:42:15.759Z - info: 1. admin/tp-pe
2021-11-28T04:42:16.772Z - info: Rebuilding 1 pages
2021-11-28T04:42:18.092Z - info: Site data built
2021-11-28T04:42:18.092Z - info: Pages rebuilt
2021-11-28T04:42:18.092Z - info: Website regeneration complete! Total build time: 1.321s
2021-11-28T04:43:19.467Z - info: [12:43:19 pm] Reload for file change: C:\repos\nus-cs2103\cs2103-website-base\admin\tp-pe-bug-triaging-guidelines.mbdf
2021-11-28T04:43:19.467Z - info: Synchronizing opened pages list before reload
2021-11-28T04:43:19.468Z - info: Current opened pages, from most-to-least recent:
2021-11-28T04:43:19.468Z - info: 1. admin/tp-pe
2021-11-28T04:43:20.488Z - info: Rebuilding 1 pages
2021-11-28T04:43:21.863Z - info: Site data built
2021-11-28T04:43:21.863Z - info: Pages rebuilt
2021-11-28T04:43:21.864Z - info: Website regeneration complete! Total build time: 1.378s
2021-11-28T04:44:02.717Z - info: [12:44:02 pm] Reload for file change: C:\repos\nus-cs2103\cs2103-website-base\admin\tp-pe-bug-triaging-guidelines.mbdf
2021-11-28T04:44:02.718Z - info: Synchronizing opened pages list before reload
2021-11-28T04:44:02.719Z - info: Current opened pages, from most-to-least recent:
2021-11-28T04:44:02.719Z - info: 1. admin/tp-pe
2021-11-28T04:44:03.721Z - info: Rebuilding 1 pages
2021-11-28T04:44:05.072Z - info: Site data built
2021-11-28T04:44:05.072Z - info: Pages rebuilt
2021-11-28T04:44:05.072Z - info: Website regeneration complete! Total build time: 1.352s
2021-11-28T05:01:11.112Z - info: [1:01:11 pm] Reload for file change: C:\repos\nus-cs2103\cs2103-website-base\admin\tp-pe-bug-triaging-guidelines.mbdf
2021-11-28T05:01:11.112Z - info: Synchronizing opened pages list before reload
2021-11-28T05:01:11.113Z - info: Current opened pages, from most-to-least recent:
2021-11-28T05:01:11.113Z - info: 1. admin/tp-pe
2021-11-28T05:01:12.124Z - info: Rebuilding 1 pages
2021-11-28T05:01:13.743Z - info: Site data built
2021-11-28T05:01:13.744Z - info: Pages rebuilt
2021-11-28T05:01:13.744Z - info: Website regeneration complete! Total build time: 1.621s
2021-11-28T05:03:29.176Z - info: [1:03:29 pm] Reload for file change: C:\repos\nus-cs2103\cs2103-website-base\admin\tp-pe-bug-triaging-guidelines.mbdf
2021-11-28T05:03:29.177Z - info: Synchronizing opened pages list before reload
2021-11-28T05:03:29.177Z - info: Current opened pages, from most-to-least recent:
2021-11-28T05:03:29.177Z - info: 1. admin/tp-pe
2021-11-28T05:03:30.188Z - info: Rebuilding 1 pages
2021-11-28T05:03:31.675Z - info: Site data built
2021-11-28T05:03:31.675Z - info: Pages rebuilt
2021-11-28T05:03:31.675Z - info: Website regeneration complete! Total build time: 1.488s
2021-11-28T05:04:25.685Z - info: [1:04:25 pm] Reload for file change: C:\repos\nus-cs2103\cs2103-website-base\admin\tp-pe-bug-triaging-guidelines.mbdf
2021-11-28T05:04:25.686Z - info: Synchronizing opened pages list before reload
2021-11-28T05:04:25.686Z - info: Current opened pages, from most-to-least recent:
2021-11-28T05:04:25.686Z - info: 1. admin/tp-pe
2021-11-28T05:04:26.700Z - info: Rebuilding 1 pages
2021-11-28T05:04:28.461Z - info: Site data built
2021-11-28T05:04:28.462Z - info: Pages rebuilt
2021-11-28T05:04:28.462Z - info: Website regeneration complete! Total build time: 1.763s
2021-11-28T05:05:39.823Z - info: [1:05:39 pm] Reload for file change: C:\repos\nus-cs2103\cs2103-website-base\admin\tp-pe-bug-triaging-guidelines.mbdf
2021-11-28T05:05:39.824Z - info: Synchronizing opened pages list before reload
2021-11-28T05:05:39.825Z - info: Current opened pages, from most-to-least recent:
2021-11-28T05:05:39.825Z - info: 1. admin/tp-pe
2021-11-28T05:05:40.833Z - info: Rebuilding 1 pages
2021-11-28T05:05:42.522Z - info: Site data built
2021-11-28T05:05:42.523Z - info: Pages rebuilt
2021-11-28T05:05:42.523Z - info: Website regeneration complete! Total build time: 1.691s
2021-11-28T05:06:00.679Z - info: [1:06:00 pm] Reload for file change: C:\repos\nus-cs2103\cs2103-website-base\admin\tp-pe-bug-triaging-guidelines.mbdf
2021-11-28T05:06:00.679Z - info: Synchronizing opened pages list before reload
2021-11-28T05:06:00.680Z - info: Current opened pages, from most-to-least recent:
2021-11-28T05:06:00.680Z - info: 1. admin/tp-pe
2021-11-28T05:06:01.694Z - info: Rebuilding 1 pages
2021-11-28T05:06:03.361Z - info: Site data built
2021-11-28T05:06:03.361Z - info: Pages rebuilt
2021-11-28T05:06:03.362Z - info: Website regeneration complete! Total build time: 1.67s
2021-11-28T05:06:33.438Z - info: [1:06:33 pm] Reload for file change: C:\repos\nus-cs2103\cs2103-website-base\admin\tp-pe-bug-triaging-guidelines.mbdf
2021-11-28T05:06:33.438Z - info: Synchronizing opened pages list before reload
2021-11-28T05:06:33.439Z - info: Current opened pages, from most-to-least recent:
2021-11-28T05:06:33.439Z - info: 1. admin/tp-pe
2021-11-28T05:06:34.451Z - info: Rebuilding 1 pages
2021-11-28T05:06:36.071Z - info: Site data built
2021-11-28T05:06:36.071Z - info: Pages rebuilt
2021-11-28T05:06:36.072Z - info: Website regeneration complete! Total build time: 1.622s
2021-11-28T05:07:25.179Z - info: [1:07:25 pm] Reload for file change: C:\repos\nus-cs2103\cs2103-website-base\admin\tp-pe-bug-triaging-guidelines.mbdf
2021-11-28T05:07:25.179Z - info: Synchronizing opened pages list before reload
2021-11-28T05:07:25.179Z - info: Current opened pages, from most-to-least recent:
2021-11-28T05:07:25.179Z - info: 1. admin/tp-pe
2021-11-28T05:07:26.196Z - info: Rebuilding 1 pages
2021-11-28T05:07:27.728Z - info: Site data built
2021-11-28T05:07:27.728Z - info: Pages rebuilt
2021-11-28T05:07:27.728Z - info: Website regeneration complete! Total build time: 1.533s
2021-11-28T05:09:43.145Z - info: [1:09:43 pm] Reload for file change: C:\repos\nus-cs2103\cs2103-website-base\admin\tp-pe-bug-triaging-guidelines.mbdf
2021-11-28T05:09:43.145Z - info: Synchronizing opened pages list before reload
2021-11-28T05:09:43.145Z - info: Current opened pages, from most-to-least recent:
2021-11-28T05:09:43.146Z - info: 1. admin/tp-pe
2021-11-28T05:09:44.163Z - info: Rebuilding 1 pages
2021-11-28T05:09:45.502Z - info: Site data built
2021-11-28T05:09:45.503Z - info: Pages rebuilt
2021-11-28T05:09:45.503Z - info: Website regeneration complete! Total build time: 1.342s
2021-11-28T05:11:06.314Z - info: [1:11:06 pm] Reload for file change: C:\repos\nus-cs2103\cs2103-website-base\admin\tp-pe-bug-triaging-guidelines.mbdf
2021-11-28T05:11:06.315Z - info: Synchronizing opened pages list before reload
2021-11-28T05:11:06.315Z - info: Current opened pages, from most-to-least recent:
2021-11-28T05:11:06.315Z - info: 1. admin/tp-pe
2021-11-28T05:11:07.331Z - info: Rebuilding 1 pages
2021-11-28T05:11:08.700Z - info: Site data built
2021-11-28T05:11:08.700Z - info: Pages rebuilt
2021-11-28T05:11:08.700Z - info: Website regeneration complete! Total build time: 1.371s
2021-11-28T05:11:32.428Z - info: [1:11:32 pm] Reload for file change: C:\repos\nus-cs2103\cs2103-website-base\admin\tp-pe-bug-triaging-guidelines.mbdf
2021-11-28T05:11:32.429Z - info: Synchronizing opened pages list before reload
2021-11-28T05:11:32.429Z - info: Current opened pages, from most-to-least recent:
2021-11-28T05:11:32.429Z - info: 1. admin/tp-pe
2021-11-28T05:11:33.436Z - info: Rebuilding 1 pages
2021-11-28T05:11:34.767Z - info: Site data built
2021-11-28T05:11:34.767Z - info: Pages rebuilt
2021-11-28T05:11:34.767Z - info: Website regeneration complete! Total build time: 1.332s
2021-11-28T05:12:07.543Z - info: [1:12:07 pm] Reload for file change: C:\repos\nus-cs2103\cs2103-website-base\admin\tp-pe-bug-triaging-guidelines.mbdf
2021-11-28T05:12:07.544Z - info: Synchronizing opened pages list before reload
2021-11-28T05:12:07.545Z - info: Current opened pages, from most-to-least recent:
2021-11-28T05:12:07.545Z - info: 1. admin/tp-pe
2021-11-28T05:12:08.550Z - info: Rebuilding 1 pages
2021-11-28T05:12:09.961Z - info: Site data built
2021-11-28T05:12:09.961Z - info: Pages rebuilt
2021-11-28T05:12:09.961Z - info: Website regeneration complete! Total build time: 1.413s
2021-11-28T05:13:27.909Z - info: [1:13:27 pm] Reload for file change: C:\repos\nus-cs2103\cs2103-website-base\admin\tp-pe-bug-triaging-guidelines.mbdf
2021-11-28T05:13:27.909Z - info: Synchronizing opened pages list before reload
2021-11-28T05:13:27.910Z - info: Current opened pages, from most-to-least recent:
2021-11-28T05:13:27.910Z - info: 1. admin/tp-pe
2021-11-28T05:13:28.917Z - info: Rebuilding 1 pages
2021-11-28T05:13:30.333Z - info: Site data built
2021-11-28T05:13:30.333Z - info: Pages rebuilt
2021-11-28T05:13:30.333Z - info: Website regeneration complete! Total build time: 1.417s
2021-11-28T05:14:47.725Z - info: [1:14:47 pm] Reload for file change: C:\repos\nus-cs2103\cs2103-website-base\admin\tp-pe-bug-triaging-guidelines.mbdf
2021-11-28T05:14:47.725Z - info: Synchronizing opened pages list before reload
2021-11-28T05:14:47.726Z - info: Current opened pages, from most-to-least recent:
2021-11-28T05:14:47.726Z - info: 1. admin/tp-pe
2021-11-28T05:14:48.745Z - info: Rebuilding 1 pages
2021-11-28T05:14:50.365Z - info: Site data built
2021-11-28T05:14:50.366Z - info: Pages rebuilt
2021-11-28T05:14:50.366Z - info: Website regeneration complete! Total build time: 1.622s
2021-11-28T05:16:02.745Z - info: [1:16:02 pm] Reload for file change: C:\repos\nus-cs2103\cs2103-website-base\admin\tp-pe-bug-triaging-guidelines.mbdf
2021-11-28T05:16:02.745Z - info: Synchronizing opened pages list before reload
2021-11-28T05:16:02.745Z - info: Current opened pages, from most-to-least recent:
2021-11-28T05:16:02.746Z - info: 1. admin/tp-pe
2021-11-28T05:16:03.755Z - info: Rebuilding 1 pages
2021-11-28T05:16:05.303Z - info: Site data built
2021-11-28T05:16:05.304Z - info: Pages rebuilt
2021-11-28T05:16:05.304Z - info: Website regeneration complete! Total build time: 1.55s
2021-11-28T05:16:44.321Z - info: [1:16:44 pm] Reload for file change: C:\repos\nus-cs2103\cs2103-website-base\admin\tp-pe-bug-triaging-guidelines.mbdf
2021-11-28T05:16:44.321Z - info: Synchronizing opened pages list before reload
2021-11-28T05:16:44.322Z - info: Current opened pages, from most-to-least recent:
2021-11-28T05:16:44.322Z - info: 1. admin/tp-pe
2021-11-28T05:16:45.331Z - info: Rebuilding 1 pages
2021-11-28T05:16:47.135Z - info: Site data built
2021-11-28T05:16:47.136Z - info: Pages rebuilt
2021-11-28T05:16:47.136Z - info: Website regeneration complete! Total build time: 1.808s
2021-11-28T05:17:15.314Z - info: [1:17:15 pm] Reload for file change: C:\repos\nus-cs2103\cs2103-website-base\admin\tp-pe-bug-triaging-guidelines.mbdf
2021-11-28T05:17:15.314Z - info: Synchronizing opened pages list before reload
2021-11-28T05:17:15.315Z - info: Current opened pages, from most-to-least recent:
2021-11-28T05:17:15.315Z - info: 1. admin/tp-pe
2021-11-28T05:17:16.326Z - info: Rebuilding 1 pages
2021-11-28T05:17:18.207Z - info: Site data built
2021-11-28T05:17:18.207Z - info: Pages rebuilt
2021-11-28T05:17:18.207Z - info: Website regeneration complete! Total build time: 1.883s
2021-11-28T05:18:25.456Z - info: [1:18:25 pm] Reload for file change: C:\repos\nus-cs2103\cs2103-website-base\admin\tp-pe-bug-triaging-guidelines.mbdf
2021-11-28T05:18:25.456Z - info: Synchronizing opened pages list before reload
2021-11-28T05:18:25.456Z - info: Current opened pages, from most-to-least recent:
2021-11-28T05:18:25.457Z - info: 1. admin/tp-pe
2021-11-28T05:18:26.467Z - info: Rebuilding 1 pages
2021-11-28T05:18:28.189Z - info: Site data built
2021-11-28T05:18:28.189Z - info: Pages rebuilt
2021-11-28T05:18:28.189Z - info: Website regeneration complete! Total build time: 1.724s
2021-11-28T05:19:49.209Z - info: [1:19:49 pm] Reload for file change: C:\repos\nus-cs2103\cs2103-website-base\admin\tp-pe-bug-triaging-guidelines.mbdf
2021-11-28T05:19:49.210Z - info: Synchronizing opened pages list before reload
2021-11-28T05:19:49.210Z - info: Current opened pages, from most-to-least recent:
2021-11-28T05:19:49.210Z - info: 1. admin/tp-pe
2021-11-28T05:19:50.226Z - info: Rebuilding 1 pages
2021-11-28T05:19:51.700Z - info: Site data built
2021-11-28T05:19:51.700Z - info: Pages rebuilt
2021-11-28T05:19:51.700Z - info: Website regeneration complete! Total build time: 1.477s
2021-11-28T05:27:02.163Z - info: [1:27:02 pm] Reload for file change: C:\repos\nus-cs2103\cs2103-website-base\admin\tp-pe-bug-triaging-guidelines.mbdf
2021-11-28T05:27:02.164Z - info: Synchronizing opened pages list before reload
2021-11-28T05:27:02.165Z - info: Current opened pages, from most-to-least recent:
2021-11-28T05:27:02.165Z - info: 1. admin/tp-pe
2021-11-28T05:27:03.186Z - info: Rebuilding 1 pages
2021-11-28T05:27:04.641Z - info: Site data built
2021-11-28T05:27:04.641Z - info: Pages rebuilt
2021-11-28T05:27:04.641Z - info: Website regeneration complete! Total build time: 1.456s
2021-11-28T05:28:03.315Z - info: [1:28:03 pm] Reload for file change: C:\repos\nus-cs2103\cs2103-website-base\admin\tp-pe-bug-triaging-guidelines.mbdf
2021-11-28T05:28:03.315Z - info: Synchronizing opened pages list before reload
2021-11-28T05:28:03.315Z - info: Current opened pages, from most-to-least recent:
2021-11-28T05:28:03.315Z - info: 1. admin/tp-pe
2021-11-28T05:28:04.333Z - info: Rebuilding 1 pages
2021-11-28T05:28:05.799Z - info: Site data built
2021-11-28T05:28:05.799Z - info: Pages rebuilt
2021-11-28T05:28:05.799Z - info: Website regeneration complete! Total build time: 1.467s
2021-11-28T05:29:42.686Z - info: [1:29:42 pm] Reload for file change: C:\repos\nus-cs2103\cs2103-website-base\admin\tp-pe.mbdf
2021-11-28T05:29:42.686Z - info: Synchronizing opened pages list before reload
2021-11-28T05:29:42.686Z - info: Current opened pages, from most-to-least recent:
2021-11-28T05:29:42.686Z - info: 1. admin/tp-pe
2021-11-28T05:29:43.707Z - info: Rebuilding 1 pages
2021-11-28T05:29:45.038Z - info: Site data built
2021-11-28T05:29:45.038Z - info: Pages rebuilt
2021-11-28T05:29:45.038Z - info: Website regeneration complete! Total build time: 1.335s
2021-11-28T05:31:14.241Z - info: [1:31:14 pm] Reload for file change: C:\repos\nus-cs2103\cs2103-website-base\admin\tp-pe.mbdf
2021-11-28T05:31:14.242Z - info: Synchronizing opened pages list before reload
2021-11-28T05:31:14.242Z - info: Current opened pages, from most-to-least recent:
2021-11-28T05:31:14.242Z - info: 1. admin/tp-pe
2021-11-28T05:31:15.259Z - info: Rebuilding 1 pages
2021-11-28T05:31:16.996Z - info: Site data built
2021-11-28T05:31:16.996Z - info: Pages rebuilt
2021-11-28T05:31:16.997Z - info: Website regeneration complete! Total build time: 1.741s
2021-11-28T05:33:03.713Z - info: [1:33:03 pm] Reload for file change: C:\repos\nus-cs2103\cs2103-website-base\admin\tp-pe.mbdf
2021-11-28T05:33:03.713Z - info: Synchronizing opened pages list before reload
2021-11-28T05:33:03.713Z - info: Current opened pages, from most-to-least recent:
2021-11-28T05:33:03.714Z - info: 1. admin/tp-pe
2021-11-28T05:33:04.721Z - info: Rebuilding 1 pages
2021-11-28T05:33:06.411Z - info: Site data built
2021-11-28T05:33:06.411Z - info: Pages rebuilt
2021-11-28T05:33:06.411Z - info: Website regeneration complete! Total build time: 1.691s
2021-11-28T05:33:50.263Z - info: [1:33:50 pm] Reload for file change: C:\repos\nus-cs2103\cs2103-website-base\admin\tp-pe.mbdf
2021-11-28T05:33:50.264Z - info: Synchronizing opened pages list before reload
2021-11-28T05:33:50.265Z - info: Current opened pages, from most-to-least recent:
2021-11-28T05:33:50.265Z - info: 1. admin/tp-pe
2021-11-28T05:33:51.281Z - info: Rebuilding 1 pages
2021-11-28T05:33:52.930Z - info: Site data built
2021-11-28T05:33:52.931Z - info: Pages rebuilt
2021-11-28T05:33:52.931Z - info: Website regeneration complete! Total build time: 1.651s
2021-11-28T05:35:56.901Z - info: [1:35:56 pm] Reload for file change: C:\repos\nus-cs2103\cs2103-website-base\admin\tp-pe.mbdf
2021-11-28T05:35:56.901Z - info: Synchronizing opened pages list before reload
2021-11-28T05:35:56.901Z - info: Current opened pages, from most-to-least recent:
2021-11-28T05:35:56.901Z - info: 1. admin/tp-pe
2021-11-28T05:35:57.919Z - info: Rebuilding 1 pages
2021-11-28T05:35:59.242Z - info: Site data built
2021-11-28T05:35:59.242Z - info: Pages rebuilt
2021-11-28T05:35:59.243Z - info: Website regeneration complete! Total build time: 1.325s
2021-11-28T05:38:19.970Z - info: [1:38:19 pm] Reload for file change: C:\repos\nus-cs2103\cs2103-website-base\admin\tp-grading-bugs.mbdf
2021-11-28T05:38:19.971Z - info: Synchronizing opened pages list before reload
2021-11-28T05:38:19.971Z - info: Current opened pages, from most-to-least recent:
2021-11-28T05:38:19.971Z - info: 1. admin/tp-pe
2021-11-28T05:38:20.982Z - info: Rebuilding 1 pages
2021-11-28T05:38:22.627Z - info: Site data built
2021-11-28T05:38:22.627Z - info: Pages rebuilt
2021-11-28T05:38:22.628Z - info: Website regeneration complete! Total build time: 1.647s
2021-11-28T05:38:49.367Z - info: [1:38:49 pm] Reload for file change: C:\repos\nus-cs2103\cs2103-website-base\admin\tp-grading-bugs.mbdf
2021-11-28T05:38:49.368Z - info: Synchronizing opened pages list before reload
2021-11-28T05:38:49.368Z - info: Current opened pages, from most-to-least recent:
2021-11-28T05:38:49.368Z - info: 1. admin/tp-pe
2021-11-28T05:38:50.385Z - info: Rebuilding 1 pages
2021-11-28T05:38:52.120Z - info: Site data built
2021-11-28T05:38:52.120Z - info: Pages rebuilt
2021-11-28T05:38:52.120Z - info: Website regeneration complete! Total build time: 1.739s
2021-11-28T05:39:52.491Z - info: [1:39:52 pm] Reload for file change: C:\repos\nus-cs2103\cs2103-website-base\admin\tp-grading-bugs.mbdf
2021-11-28T05:39:52.492Z - info: Synchronizing opened pages list before reload
2021-11-28T05:39:52.492Z - info: Current opened pages, from most-to-least recent:
2021-11-28T05:39:52.492Z - info: 1. admin/tp-pe
2021-11-28T05:39:53.510Z - info: Rebuilding 1 pages
2021-11-28T05:39:54.889Z - info: Site data built
2021-11-28T05:39:54.889Z - info: Pages rebuilt
2021-11-28T05:39:54.889Z - info: Website regeneration complete! Total build time: 1.381s
2021-11-28T05:50:24.472Z - info: Website generation (lazy) started at 1:50:22 pm
2021-11-28T05:50:29.735Z - info: Building assets...
2021-11-28T05:50:34.150Z - info: Assets built
2021-11-28T05:50:34.152Z - info: Generating landing page...
2021-11-28T05:50:35.201Z - info: Landing page built, other pages will be built as you navigate to them!
2021-11-28T05:50:36.010Z - info: Site data built
2021-11-28T05:50:36.011Z - info: Website generation (lazy) complete! Total build time: 13.368s
2021-11-28T05:50:36.771Z - info: Serving "C:\repos\nus-cs2103\cs2103-website-base\_site" at http://127.0.0.1:8080
2021-11-28T05:50:36.771Z - info: Press CTRL+C to stop ...
2021-11-28T06:38:24.569Z - info: Website generation (lazy) started at 2:38:21 pm
2021-11-28T06:38:30.346Z - info: Building assets...
2021-11-28T06:38:35.217Z - info: Assets built
2021-11-28T06:38:35.218Z - info: Generating landing page...
2021-11-28T06:38:36.136Z - info: Landing page built, other pages will be built as you navigate to them!
2021-11-28T06:38:36.908Z - info: Site data built
2021-11-28T06:38:36.908Z - info: Website generation (lazy) complete! Total build time: 15.38s
2021-11-28T06:38:37.746Z - info: Serving "C:\repos\nus-cs2103\cs2103-website-base\_site" at http://127.0.0.1:8080
2021-11-28T06:38:37.746Z - info: Press CTRL+C to stop ...
2021-11-28T06:39:11.241Z - info: Building C:\repos\nus-cs2103\cs2103-website-base\se-book-adapted\index as some of its dependencies were changed since the last visit
2021-11-28T06:39:11.660Z - info: Site data built
2021-11-28T06:39:11.660Z - info: Lazy website regeneration complete! Total build time: 0.42s
2021-11-28T06:39:17.681Z - info: Building C:\repos\nus-cs2103\cs2103-website-base\se-book-adapted\chapters\gatheringRequirements as some of its dependencies were changed since the last visit
2021-11-28T06:39:18.351Z - info: Site data built
2021-11-28T06:39:18.352Z - info: Lazy website regeneration complete! Total build time: 0.67s
2021-11-28T06:39:21.259Z - info: Building C:\repos\nus-cs2103\cs2103-website-base\se-book-adapted\chapters\specifyingRequirements as some of its dependencies were changed since the last visit
2021-11-28T06:39:22.358Z - info: Site data built
2021-11-28T06:39:22.358Z - info: Lazy website regeneration complete! Total build time: 1.099s
2021-11-28T06:40:05.242Z - info: [2:40:05 pm] Reload for file change: C:\repos\nus-cs2103\cs2103-website-base\book\specifyingRequirements\useCases\details\useCaseSteps.md
2021-11-28T06:40:05.243Z - info: Synchronizing opened pages list before reload
2021-11-28T06:40:05.243Z - info: Current opened pages, from most-to-least recent:
2021-11-28T06:40:05.244Z - info: 1. se-book-adapted/chapters/specifyingRequirements
2021-11-28T06:40:06.258Z - info: Rebuilding 1 pages
2021-11-28T06:40:07.411Z - info: Site data built
2021-11-28T06:40:07.411Z - info: Pages rebuilt
2021-11-28T06:40:07.411Z - info: Website regeneration complete! Total build time: 1.154s
2021-11-28T06:42:33.795Z - info: [2:42:33 pm] Reload for file change: C:\repos\nus-cs2103\cs2103-website-base\book\common\definitions.md
2021-11-28T06:42:33.795Z - info: Synchronizing opened pages list before reload
2021-11-28T06:42:33.795Z - info: Current opened pages, from most-to-least recent:
2021-11-28T06:42:33.795Z - info: 1. se-book-adapted/chapters/specifyingRequirements
2021-11-28T06:42:34.805Z - info: Rebuilding 1 pages
2021-11-28T06:42:35.895Z - info: Site data built
2021-11-28T06:42:35.895Z - info: Pages rebuilt
2021-11-28T06:42:35.895Z - info: Website regeneration complete! Total build time: 1.091s
2021-11-28T06:42:41.827Z - info: [2:42:41 pm] Reload for file change: C:\repos\nus-cs2103\cs2103-website-base\book\common\definitions.md
2021-11-28T06:42:41.827Z - info: Synchronizing opened pages list before reload
2021-11-28T06:42:41.827Z - info: Current opened pages, from most-to-least recent:
2021-11-28T06:42:41.827Z - info: 1. se-book-adapted/chapters/specifyingRequirements
2021-11-28T06:42:42.829Z - info: Rebuilding 1 pages
2021-11-28T06:42:43.533Z - info: Site data built
2021-11-28T06:42:43.533Z - info: Pages rebuilt
2021-11-28T06:42:43.533Z - info: Website regeneration complete! Total build time: 0.705s
2021-11-28T06:48:01.852Z - info: [2:48:01 pm] Reload for file change: C:\repos\nus-cs2103\cs2103-website-base\book\specifyingRequirements\userStories\usage\text.md
2021-11-28T06:48:01.852Z - info: Synchronizing opened pages list before reload
2021-11-28T06:48:01.852Z - info: Current opened pages, from most-to-least recent:
2021-11-28T06:48:01.852Z - info: 1. se-book-adapted/chapters/specifyingRequirements
2021-11-28T06:48:02.854Z - info: Rebuilding 1 pages
2021-11-28T06:48:04.013Z - info: Site data built
2021-11-28T06:48:04.013Z - info: Pages rebuilt
2021-11-28T06:48:04.013Z - info: Website regeneration complete! Total build time: 1.161s
2021-11-28T06:48:26.074Z - info: [2:48:26 pm] Reload for file change: C:\repos\nus-cs2103\cs2103-website-base\book\specifyingRequirements\userStories\usage\text.md
2021-11-28T06:48:26.075Z - info: Synchronizing opened pages list before reload
2021-11-28T06:48:26.075Z - info: Current opened pages, from most-to-least recent:
2021-11-28T06:48:26.075Z - info: 1. se-book-adapted/chapters/specifyingRequirements
2021-11-28T06:48:27.083Z - info: Rebuilding 1 pages
2021-11-28T06:48:27.832Z - info: Site data built
2021-11-28T06:48:27.832Z - info: Pages rebuilt
2021-11-28T06:48:27.832Z - info: Website regeneration complete! Total build time: 0.75s
2021-11-28T06:49:35.855Z - info: [2:49:35 pm] Reload for file change: C:\repos\nus-cs2103\cs2103-website-base\book\specifyingRequirements\userStories\usage\text.md
2021-11-28T06:49:35.855Z - info: Synchronizing opened pages list before reload
2021-11-28T06:49:35.855Z - info: Current opened pages, from most-to-least recent:
2021-11-28T06:49:35.855Z - info: 1. se-book-adapted/chapters/specifyingRequirements
2021-11-28T06:49:36.859Z - info: Rebuilding 1 pages
2021-11-28T06:49:37.780Z - info: Site data built
2021-11-28T06:49:37.780Z - info: Pages rebuilt
2021-11-28T06:49:37.781Z - info: Website regeneration complete! Total build time: 0.922s
