2021-10-01T09:51:39.252Z - info: Website generation started at 5:51:33 pm
2021-10-01T09:51:45.752Z - info: Building assets...
2021-10-01T09:51:51.240Z - info: Assets built
2021-10-01T09:51:51.241Z - info: Generating pages...
2021-10-01T09:52:03.453Z - debug:  
2021-10-01T09:52:03.454Z - debug:  
2021-10-01T09:52:03.454Z - debug:  
2021-10-01T09:52:03.454Z - debug:  
2021-10-01T09:52:03.454Z - debug:  
2021-10-01T09:52:03.455Z - debug:  
2021-10-01T09:54:06.108Z - debug:  
2021-10-01T09:54:20.319Z - debug:  
2021-10-01T09:54:20.319Z - debug:  
2021-10-01T09:54:27.764Z - info: Pages built
2021-10-01T09:54:28.713Z - info: Site data built
2021-10-01T09:54:28.713Z - info: Website generation complete! Total build time: 174.879s
2021-10-01T09:54:28.713Z - info: Build success!
2021-10-01T09:54:43.255Z - info: Deployed at https://nus-cs2103-ay2122s1.github.io/website!
2021-10-01T12:17:19.914Z - info: Website generation started at 8:17:12 pm
2021-10-01T12:17:26.688Z - info: Building assets...
