2021-10-27T16:01:38.117Z - info: Building C:\repos\nus-cs2103\cs2103-website-base\schedule\week12\admin as some of its dependencies were changed since the last visit
2021-10-27T16:01:39.033Z - info: Site data built
2021-10-27T16:01:39.034Z - info: Lazy website regeneration complete! Total build time: 0.916s
2021-10-27T16:06:30.849Z - info: Building C:\repos\nus-cs2103\cs2103-website-base\schedule\week12\topics as some of its dependencies were changed since the last visit
2021-10-27T16:06:31.175Z - info: Site data built
2021-10-27T16:06:31.175Z - info: Lazy website regeneration complete! Total build time: 0.326s
2021-10-27T16:06:42.321Z - info: Building C:\repos\nus-cs2103\cs2103-website-base\schedule\week12\project as some of its dependencies were changed since the last visit
2021-10-27T16:06:45.116Z - info: Site data built
2021-10-27T16:06:45.117Z - info: Lazy website regeneration complete! Total build time: 2.797s
2021-10-27T16:11:05.072Z - info: [12:11:05 am] Reload for file change: C:\repos\nus-cs2103\cs2103-website-base\admin\tp-tasks.mbdf
2021-10-27T16:11:05.073Z - info: Synchronizing opened pages list before reload
2021-10-27T16:11:05.073Z - info: Current opened pages, from most-to-least recent:
2021-10-27T16:11:05.074Z - info: 1. schedule/week12/project
2021-10-27T16:11:06.096Z - info: Rebuilding 1 pages
2021-10-27T16:11:08.136Z - info: Site data built
2021-10-27T16:11:08.137Z - info: Pages rebuilt
2021-10-27T16:11:08.137Z - info: Website regeneration complete! Total build time: 2.042s
2021-10-27T16:11:46.856Z - info: [12:11:46 am] Reload for file change: C:\repos\nus-cs2103\cs2103-website-base\admin\tp-tasks.mbdf
2021-10-27T16:11:46.857Z - info: Synchronizing opened pages list before reload
2021-10-27T16:11:46.857Z - info: Current opened pages, from most-to-least recent:
2021-10-27T16:11:46.857Z - info: 1. schedule/week12/project
2021-10-27T16:11:47.867Z - info: Rebuilding 1 pages
2021-10-27T16:11:50.012Z - info: Site data built
2021-10-27T16:11:50.013Z - info: Pages rebuilt
2021-10-27T16:11:50.013Z - info: Website regeneration complete! Total build time: 2.147s
2021-10-27T16:14:43.235Z - info: Building C:\repos\nus-cs2103\cs2103-website-base\schedule\week12\tutorial as some of its dependencies were changed since the last visit
2021-10-27T16:14:43.634Z - info: Site data built
2021-10-27T16:14:43.634Z - info: Lazy website regeneration complete! Total build time: 0.399s
2021-10-27T16:15:06.666Z - info: Building C:\repos\nus-cs2103\cs2103-website-base\schedule\week13\index as some of its dependencies were changed since the last visit
2021-10-27T16:15:07.433Z - info: Site data built
2021-10-27T16:15:07.434Z - info: Lazy website regeneration complete! Total build time: 0.767s
2021-10-27T16:15:47.670Z - info: Building C:\repos\nus-cs2103\cs2103-website-base\schedule\week12\index as some of its dependencies were changed since the last visit
2021-10-27T16:15:48.219Z - info: Site data built
2021-10-27T16:15:48.220Z - info: Lazy website regeneration complete! Total build time: 0.55s
2021-10-27T16:16:09.200Z - info: Building C:\repos\nus-cs2103\cs2103-website-base\admin\index as some of its dependencies were changed since the last visit
2021-10-27T16:16:09.744Z - info: Site data built
2021-10-27T16:16:09.745Z - info: Lazy website regeneration complete! Total build time: 0.545s
2021-10-27T16:16:20.214Z - info: Building C:\repos\nus-cs2103\cs2103-website-base\admin\tp-pe as some of its dependencies were changed since the last visit
2021-10-27T16:16:21.706Z - info: Site data built
2021-10-27T16:16:21.706Z - info: Lazy website regeneration complete! Total build time: 1.492s
2021-10-27T16:26:21.760Z - info: [12:26:21 am] Reload for file change: C:\repos\nus-cs2103\cs2103-website-base\admin\tp-ped.mbdf
2021-10-27T16:26:21.761Z - info: Synchronizing opened pages list before reload
2021-10-27T16:26:21.761Z - info: Current opened pages, from most-to-least recent:
2021-10-27T16:26:21.761Z - info: 1. admin/tp-pe
2021-10-27T16:26:22.776Z - info: Rebuilding 1 pages
2021-10-27T16:26:24.137Z - info: Site data built
2021-10-27T16:26:24.138Z - info: Pages rebuilt
2021-10-27T16:26:24.138Z - info: Website regeneration complete! Total build time: 1.364s
2021-10-27T16:26:45.898Z - info: [12:26:45 am] Reload for file change: C:\repos\nus-cs2103\cs2103-website-base\admin\tp-ped.mbdf
2021-10-27T16:26:45.898Z - info: Synchronizing opened pages list before reload
2021-10-27T16:26:45.898Z - info: Current opened pages, from most-to-least recent:
2021-10-27T16:26:45.898Z - info: 1. admin/tp-pe
2021-10-27T16:26:46.914Z - info: Rebuilding 1 pages
2021-10-27T16:26:48.400Z - info: Site data built
2021-10-27T16:26:48.400Z - info: Pages rebuilt
2021-10-27T16:26:48.400Z - info: Website regeneration complete! Total build time: 1.487s
2021-10-27T16:57:41.554Z - info: [12:57:41 am] Reload for file change: C:\repos\nus-cs2103\cs2103-website-base\admin\tp-ped.mbdf
2021-10-27T16:57:41.555Z - info: Synchronizing opened pages list before reload
2021-10-27T16:57:41.555Z - info: Current opened pages, from most-to-least recent:
2021-10-27T16:57:41.556Z - info: 1. admin/tp-pe
2021-10-27T16:57:42.563Z - info: Rebuilding 1 pages
2021-10-27T16:57:44.626Z - info: Site data built
2021-10-27T16:57:44.626Z - info: Pages rebuilt
2021-10-27T16:57:44.626Z - info: Website regeneration complete! Total build time: 2.064s
2021-10-27T17:01:38.411Z - info: [1:01:38 am] Reload for file change: C:\repos\nus-cs2103\cs2103-website-base\admin\tp-ped.mbdf
2021-10-27T17:01:38.412Z - info: Synchronizing opened pages list before reload
2021-10-27T17:01:38.412Z - info: Current opened pages, from most-to-least recent:
2021-10-27T17:01:38.413Z - info: 1. admin/tp-pe
2021-10-27T17:01:39.417Z - info: Rebuilding 1 pages
2021-10-27T17:01:41.287Z - info: Site data built
2021-10-27T17:01:41.288Z - info: Pages rebuilt
2021-10-27T17:01:41.288Z - info: Website regeneration complete! Total build time: 1.872s
2021-10-27T17:04:07.006Z - info: [1:04:07 am] Reload for file change: C:\repos\nus-cs2103\cs2103-website-base\admin\tp-ped.mbdf
2021-10-27T17:04:07.006Z - info: Synchronizing opened pages list before reload
2021-10-27T17:04:07.007Z - info: Current opened pages, from most-to-least recent:
2021-10-27T17:04:07.007Z - info: 1. admin/tp-pe
2021-10-27T17:04:08.017Z - info: Rebuilding 1 pages
2021-10-27T17:04:09.507Z - info: Site data built
2021-10-27T17:04:09.507Z - info: Pages rebuilt
2021-10-27T17:04:09.507Z - info: Website regeneration complete! Total build time: 1.491s
2021-10-27T17:04:24.761Z - info: [1:04:24 am] Reload for file change: C:\repos\nus-cs2103\cs2103-website-base\admin\tp-ped.mbdf
2021-10-27T17:04:24.761Z - info: Synchronizing opened pages list before reload
2021-10-27T17:04:24.762Z - info: Current opened pages, from most-to-least recent:
2021-10-27T17:04:24.762Z - info: 1. admin/tp-pe
2021-10-27T17:04:25.774Z - info: Rebuilding 1 pages
2021-10-27T17:04:27.295Z - info: Site data built
2021-10-27T17:04:27.295Z - info: Pages rebuilt
2021-10-27T17:04:27.295Z - info: Website regeneration complete! Total build time: 1.522s
2021-10-27T17:05:53.178Z - info: [1:05:53 am] Reload for file change: C:\repos\nus-cs2103\cs2103-website-base\admin\tp-ped.mbdf
2021-10-27T17:05:53.178Z - info: Synchronizing opened pages list before reload
2021-10-27T17:05:53.179Z - info: Current opened pages, from most-to-least recent:
2021-10-27T17:05:53.179Z - info: 1. admin/tp-pe
2021-10-27T17:05:54.193Z - info: Rebuilding 1 pages
2021-10-27T17:05:55.843Z - info: Site data built
2021-10-27T17:05:55.843Z - info: Pages rebuilt
2021-10-27T17:05:55.844Z - info: Website regeneration complete! Total build time: 1.653s
2021-10-27T17:07:11.664Z - info: [1:07:11 am] Reload for file change: C:\repos\nus-cs2103\cs2103-website-base\admin\tp-ped.mbdf
2021-10-27T17:07:11.665Z - info: Synchronizing opened pages list before reload
2021-10-27T17:07:11.665Z - info: Current opened pages, from most-to-least recent:
2021-10-27T17:07:11.666Z - info: 1. admin/tp-pe
2021-10-27T17:07:12.672Z - info: Rebuilding 1 pages
2021-10-27T17:07:14.340Z - info: Site data built
2021-10-27T17:07:14.340Z - info: Pages rebuilt
2021-10-27T17:07:14.340Z - info: Website regeneration complete! Total build time: 1.668s
2021-10-27T17:10:20.482Z - info: [1:10:20 am] Reload for file change: C:\repos\nus-cs2103\cs2103-website-base\admin\tp-ped.mbdf
2021-10-27T17:10:20.482Z - info: Synchronizing opened pages list before reload
2021-10-27T17:10:20.483Z - info: Current opened pages, from most-to-least recent:
2021-10-27T17:10:20.483Z - info: 1. admin/tp-pe
2021-10-27T17:10:21.500Z - info: Rebuilding 1 pages
2021-10-27T17:10:23.330Z - info: Site data built
2021-10-27T17:10:23.330Z - info: Pages rebuilt
2021-10-27T17:10:23.330Z - info: Website regeneration complete! Total build time: 1.831s
2021-10-27T17:10:35.584Z - info: [1:10:35 am] Reload for file change: C:\repos\nus-cs2103\cs2103-website-base\admin\tp-ped.mbdf
2021-10-27T17:10:35.584Z - info: Synchronizing opened pages list before reload
2021-10-27T17:10:35.584Z - info: Current opened pages, from most-to-least recent:
2021-10-27T17:10:35.584Z - info: 1. admin/tp-pe
2021-10-27T17:10:36.591Z - info: Rebuilding 1 pages
2021-10-27T17:10:37.816Z - info: Site data built
2021-10-27T17:10:37.816Z - info: Pages rebuilt
2021-10-27T17:10:37.817Z - info: Website regeneration complete! Total build time: 1.226s
2021-10-27T17:11:50.477Z - info: [1:11:50 am] Reload for file change: C:\repos\nus-cs2103\cs2103-website-base\admin\tp-ped.mbdf
2021-10-27T17:11:50.478Z - info: Synchronizing opened pages list before reload
2021-10-27T17:11:50.478Z - info: Current opened pages, from most-to-least recent:
2021-10-27T17:11:50.479Z - info: 1. admin/tp-pe
2021-10-27T17:11:51.492Z - info: Rebuilding 1 pages
2021-10-27T17:11:52.845Z - info: Site data built
2021-10-27T17:11:52.845Z - info: Pages rebuilt
2021-10-27T17:11:52.846Z - info: Website regeneration complete! Total build time: 1.354s
2021-10-27T17:13:45.095Z - info: Website generation started at 1:13:43 am
2021-10-27T17:13:49.967Z - info: Building assets...
2021-10-27T17:13:54.013Z - info: Assets built
2021-10-27T17:13:54.014Z - info: Generating pages...
2021-10-27T17:14:02.042Z - debug:  
2021-10-27T17:14:02.042Z - debug:  
2021-10-27T17:14:02.043Z - debug:  
2021-10-27T17:14:02.043Z - debug:  
2021-10-27T17:14:02.043Z - debug:  
2021-10-27T17:14:02.043Z - debug:  
2021-10-27T17:15:31.364Z - debug:  
2021-10-27T17:15:42.435Z - debug:  
2021-10-27T17:15:42.435Z - debug:  
2021-10-27T17:15:48.495Z - info: Pages built
2021-10-27T17:15:49.234Z - info: Site data built
2021-10-27T17:15:49.234Z - info: Website generation complete! Total build time: 125.875s
2021-10-27T17:15:49.234Z - info: Build success!
2021-10-27T17:15:59.741Z - info: Deployed at https://nus-cs2103-ay2122s1.github.io/website!
2021-10-27T17:24:27.703Z - info: Website generation (lazy) started at 1:24:22 am
2021-10-27T17:24:32.903Z - info: Building assets...
2021-10-27T17:24:38.340Z - info: Assets built
2021-10-27T17:24:38.341Z - info: Generating landing page...
2021-10-27T17:24:39.485Z - info: Landing page built, other pages will be built as you navigate to them!
2021-10-27T17:24:40.339Z - info: Site data built
2021-10-27T17:24:40.339Z - info: Website generation (lazy) complete! Total build time: 17.458s
2021-10-27T17:24:41.150Z - info: Serving "C:\repos\nus-cs2103\cs2103-website-base\_site" at http://127.0.0.1:8080
2021-10-27T17:24:41.150Z - info: Press CTRL+C to stop ...
2021-10-27T17:26:33.726Z - info: Building C:\repos\nus-cs2103\cs2103-website-base\schedule\week11\tutorial as some of its dependencies were changed since the last visit
2021-10-27T17:26:34.287Z - info: Site data built
2021-10-27T17:26:34.288Z - info: Lazy website regeneration complete! Total build time: 0.566s
2021-10-27T17:26:40.723Z - info: Building C:\repos\nus-cs2103\cs2103-website-base\schedule\week12\tutorial as some of its dependencies were changed since the last visit
2021-10-27T17:26:41.044Z - info: Site data built
2021-10-27T17:26:41.045Z - info: Lazy website regeneration complete! Total build time: 0.321s
2021-10-27T17:26:55.698Z - info: Building C:\repos\nus-cs2103\cs2103-website-base\schedule\week12\topics as some of its dependencies were changed since the last visit
2021-10-27T17:26:57.060Z - info: Site data built
2021-10-27T17:26:57.061Z - info: Lazy website regeneration complete! Total build time: 1.363s
2021-10-27T17:26:59.065Z - debug:  
2021-10-27T17:26:59.145Z - debug:  
2021-10-27T17:27:06.964Z - info: Building C:\repos\nus-cs2103\cs2103-website-base\schedule\week12\admin as some of its dependencies were changed since the last visit
2021-10-27T17:27:07.205Z - info: Site data built
2021-10-27T17:27:07.206Z - info: Lazy website regeneration complete! Total build time: 0.242s
2021-10-27T17:27:17.613Z - info: Building C:\repos\nus-cs2103\cs2103-website-base\schedule\week12\project as some of its dependencies were changed since the last visit
2021-10-27T17:27:18.511Z - info: Site data built
2021-10-27T17:27:18.512Z - info: Lazy website regeneration complete! Total build time: 0.9s
2021-10-27T17:27:57.952Z - info: Building C:\repos\nus-cs2103\cs2103-website-base\schedule\week12\index as some of its dependencies were changed since the last visit
2021-10-27T17:27:58.606Z - info: Site data built
2021-10-27T17:27:58.607Z - info: Lazy website regeneration complete! Total build time: 0.654s
2021-10-27T17:37:59.775Z - info: Website generation started at 1:37:57 am
2021-10-27T17:38:06.053Z - info: Building assets...
2021-10-27T17:38:11.318Z - info: Assets built
2021-10-27T17:38:11.319Z - info: Generating pages...
2021-10-27T17:38:18.936Z - debug:  
2021-10-27T17:38:18.936Z - debug:  
2021-10-27T17:38:18.937Z - debug:  
2021-10-27T17:38:18.937Z - debug:  
2021-10-27T17:38:18.937Z - debug:  
2021-10-27T17:38:19.005Z - debug:  
2021-10-27T17:39:49.289Z - debug:  
2021-10-27T17:39:57.195Z - debug:  
2021-10-27T17:39:57.196Z - debug:  
2021-10-27T17:40:00.886Z - info: Pages built
2021-10-27T17:40:01.756Z - info: Site data built
2021-10-27T17:40:01.756Z - info: Website generation complete! Total build time: 123.872s
2021-10-27T17:40:01.756Z - info: Build success!
2021-10-27T17:40:14.032Z - info: Deployed at https://nus-tic4001-ay2122s1.github.io/website!
2021-10-28T15:46:57.809Z - info: Website generation (lazy) started at 11:46:53 pm
2021-10-28T15:47:03.535Z - info: Building assets...
2021-10-28T15:47:08.264Z - info: Assets built
2021-10-28T15:47:08.265Z - info: Generating landing page...
2021-10-28T15:47:09.325Z - info: Landing page built, other pages will be built as you navigate to them!
2021-10-28T15:47:10.167Z - info: Site data built
2021-10-28T15:47:10.167Z - info: Website generation (lazy) complete! Total build time: 17.111s
2021-10-28T15:47:12.130Z - info: Serving "C:\repos\nus-cs2103\cs2103-website-base\_site" at http://127.0.0.1:65127
2021-10-28T15:47:12.131Z - info: Press CTRL+C to stop ...
2021-10-28T15:47:25.180Z - info: Building C:\repos\nus-cs2103\cs2103-website-base\se-book-adapted\index as some of its dependencies were changed since the last visit
2021-10-28T15:47:25.444Z - info: Site data built
2021-10-28T15:47:25.444Z - info: Lazy website regeneration complete! Total build time: 0.265s
2021-10-28T15:47:30.919Z - info: Building C:\repos\nus-cs2103\cs2103-website-base\se-book-adapted\print as some of its dependencies were changed since the last visit
2021-10-28T15:47:38.103Z - debug:  
2021-10-28T15:47:38.128Z - debug:  
2021-10-28T15:47:38.131Z - debug:  
2021-10-28T15:47:38.149Z - debug:  
2021-10-28T15:47:38.150Z - debug:  
2021-10-28T15:47:39.548Z - info: Site data built
2021-10-28T15:47:39.548Z - info: Lazy website regeneration complete! Total build time: 8.629s
2021-10-28T15:55:30.577Z - info: [11:55:30 pm] Reload for file change: C:\repos\nus-cs2103\cs2103-website-base\_module-TIC2002\textbookTopics.mbdf
2021-10-28T15:55:30.578Z - info: Synchronizing opened pages list before reload
2021-10-28T15:55:30.578Z - info: Current opened pages, from most-to-least recent:
2021-10-28T15:55:30.578Z - info: 1. se-book-adapted/print
2021-10-28T15:55:30.579Z - info: 2. se-book-adapted/index
2021-10-28T15:55:31.820Z - info: Rebuilding 2 pages
2021-10-28T15:55:37.794Z - debug:  
2021-10-28T15:55:37.815Z - debug:  
2021-10-28T15:55:37.816Z - debug:  
2021-10-28T15:55:37.816Z - debug:  
2021-10-28T15:55:37.816Z - debug:  
2021-10-28T15:55:38.368Z - info: Site data built
2021-10-28T15:55:38.368Z - info: Pages rebuilt
2021-10-28T15:55:38.368Z - info: Website regeneration complete! Total build time: 6.548s
2021-10-28T15:55:51.286Z - info: [11:55:51 pm] Reload for file change: C:\repos\nus-cs2103\cs2103-website-base\_module-TIC2002\textbookTopics.mbdf
2021-10-28T15:55:51.286Z - info: Synchronizing opened pages list before reload
2021-10-28T15:55:51.287Z - info: Current opened pages, from most-to-least recent:
2021-10-28T15:55:51.287Z - info: 1. se-book-adapted/print
2021-10-28T15:55:51.287Z - info: 2. se-book-adapted/index
2021-10-28T15:55:52.430Z - info: Rebuilding 2 pages
2021-10-28T15:55:58.141Z - debug:  
2021-10-28T15:55:58.142Z - debug:  
2021-10-28T15:55:58.142Z - debug:  
2021-10-28T15:55:58.142Z - debug:  
2021-10-28T15:55:58.142Z - debug:  
2021-10-28T15:55:58.614Z - info: Site data built
2021-10-28T15:55:58.614Z - info: Pages rebuilt
2021-10-28T15:55:58.615Z - info: Website regeneration complete! Total build time: 6.185s
