2021-11-05T10:16:24.015Z - info: Website generation started at 6:16:19 pm
2021-11-05T10:16:29.888Z - info: Building assets...
2021-11-05T10:16:36.603Z - info: Assets built
2021-11-05T10:16:36.605Z - info: Generating pages...
2021-11-05T10:16:47.986Z - debug:  
2021-11-05T10:16:47.987Z - debug:  
2021-11-05T10:16:47.989Z - debug:  
2021-11-05T10:16:47.989Z - debug:  
2021-11-05T10:16:47.991Z - debug:  
2021-11-05T10:16:47.991Z - debug:  
2021-11-05T10:18:37.956Z - debug:  
2021-11-05T10:18:49.714Z - debug:  
2021-11-05T10:18:49.715Z - debug:  
2021-11-05T10:18:57.507Z - info: Pages built
2021-11-05T10:18:58.333Z - info: Site data built
2021-11-05T10:18:58.333Z - info: Website generation complete! Total build time: 159.04s
2021-11-05T10:18:58.333Z - info: Build success!
2021-11-05T10:19:10.519Z - info: Deployed at https://nus-cs2103-ay2122s1.github.io/website!
2021-11-05T11:00:41.192Z - info: Website generation started at 7:00:35 pm
2021-11-05T11:00:45.987Z - info: Building assets...
2021-11-05T11:00:49.803Z - info: Assets built
2021-11-05T11:00:49.804Z - info: Generating pages...
2021-11-05T11:00:58.349Z - debug:  
2021-11-05T11:00:58.351Z - debug:  
2021-11-05T11:00:58.352Z - debug:  
2021-11-05T11:00:58.352Z - debug:  
2021-11-05T11:00:58.352Z - debug:  
2021-11-05T11:00:58.352Z - debug:  
2021-11-05T11:02:40.221Z - debug:  
2021-11-05T11:02:52.186Z - debug:  
2021-11-05T11:02:52.187Z - debug:  
2021-11-05T11:02:59.171Z - info: Pages built
2021-11-05T11:02:59.926Z - info: Site data built
2021-11-05T11:02:59.926Z - info: Website generation complete! Total build time: 144.118s
2021-11-05T11:02:59.926Z - info: Build success!
2021-11-05T11:03:11.814Z - info: Deployed at https://nus-cs2103-ay2122s1.github.io/website!
2021-11-05T11:39:59.182Z - info: Website generation started at 7:39:54 pm
2021-11-05T11:40:05.058Z - info: Building assets...
2021-11-05T11:40:09.815Z - info: Assets built
2021-11-05T11:40:09.815Z - info: Generating pages...
2021-11-05T11:40:19.272Z - debug:  
2021-11-05T11:40:19.273Z - debug:  
2021-11-05T11:40:19.273Z - debug:  
2021-11-05T11:40:19.273Z - debug:  
2021-11-05T11:40:19.274Z - debug:  
2021-11-05T11:40:19.440Z - debug:  
2021-11-05T11:41:56.623Z - debug:  
2021-11-05T11:42:04.433Z - debug:  
2021-11-05T11:42:04.434Z - debug:  
2021-11-05T11:42:08.190Z - info: Pages built
2021-11-05T11:42:09.055Z - info: Site data built
2021-11-05T11:42:09.055Z - info: Website generation complete! Total build time: 134.958s
2021-11-05T11:42:09.055Z - info: Build success!
2021-11-05T11:42:21.529Z - info: Deployed at https://nus-tic4001-ay2122s1.github.io/website!
