2021-09-03T09:55:20.332Z - info: Website generation started at 5:55:15 pm
2021-09-03T09:55:26.463Z - info: Building assets...
2021-09-03T09:55:31.058Z - info: Assets built
2021-09-03T09:55:31.059Z - info: Generating pages...
2021-09-03T09:55:40.065Z - debug:  
2021-09-03T09:55:40.065Z - debug:  
2021-09-03T09:55:40.066Z - debug:  
2021-09-03T09:55:40.066Z - debug:  
2021-09-03T09:55:40.066Z - debug:  
2021-09-03T09:55:40.066Z - debug:  
2021-09-03T09:57:28.306Z - debug:  
2021-09-03T09:57:38.991Z - debug:  
2021-09-03T09:57:38.991Z - debug:  
2021-09-03T09:57:46.696Z - info: Pages built
2021-09-03T09:57:47.553Z - info: Site data built
2021-09-03T09:57:47.553Z - info: Website generation complete! Total build time: 152.009s
2021-09-03T09:57:47.554Z - info: Build success!
2021-09-03T09:57:59.241Z - info: Deployed at https://nus-cs2103-ay2122s1.github.io/website!
2021-09-03T10:02:40.297Z - info: Website generation started at 6:02:35 pm
2021-09-03T10:02:45.740Z - info: Building assets...
2021-09-03T10:02:51.284Z - info: Assets built
2021-09-03T10:02:51.286Z - info: Generating pages...
2021-09-03T10:02:59.938Z - debug:  
2021-09-03T10:02:59.939Z - debug:  
2021-09-03T10:02:59.940Z - debug:  
2021-09-03T10:02:59.940Z - debug:  
2021-09-03T10:02:59.940Z - debug:  
2021-09-03T10:02:59.940Z - debug:  
2021-09-03T10:04:47.762Z - debug:  
2021-09-03T10:04:58.578Z - debug:  
2021-09-03T10:04:58.579Z - debug:  
2021-09-03T10:05:06.245Z - info: Pages built
2021-09-03T10:05:07.107Z - info: Site data built
2021-09-03T10:05:07.108Z - info: Website generation complete! Total build time: 151.18s
2021-09-03T10:05:07.108Z - info: Build success!
2021-09-03T10:05:18.323Z - info: Deployed at https://nus-cs2103-ay2122s1.github.io/website!
2021-09-03T12:19:23.262Z - info: Website generation started at 8:19:18 pm
2021-09-03T12:19:28.709Z - info: Building assets...
2021-09-03T12:19:33.810Z - info: Assets built
2021-09-03T12:19:33.811Z - info: Generating pages...
2021-09-03T12:19:40.886Z - debug:  
2021-09-03T12:19:40.887Z - debug:  
2021-09-03T12:19:40.887Z - debug:  
2021-09-03T12:19:40.887Z - debug:  
2021-09-03T12:19:40.888Z - debug:  
2021-09-03T12:19:40.888Z - debug:  
2021-09-03T12:21:07.882Z - debug:  
2021-09-03T12:21:14.733Z - debug:  
2021-09-03T12:21:14.736Z - debug:  
2021-09-03T12:21:18.473Z - info: Pages built
2021-09-03T12:21:19.293Z - info: Site data built
2021-09-03T12:21:19.293Z - info: Website generation complete! Total build time: 120.667s
2021-09-03T12:21:19.293Z - info: Build success!
2021-09-03T12:21:30.134Z - info: Deployed at https://nus-tic4001-ay2122s1.github.io/website!
