2021-10-12T08:41:20.519Z - info: Website generation (lazy) started at 4:41:18 pm
2021-10-12T08:41:26.073Z - info: Building assets...
2021-10-12T08:41:31.418Z - info: Assets built
2021-10-12T08:41:31.419Z - info: Generating landing page...
2021-10-12T08:41:32.457Z - info: Landing page built, other pages will be built as you navigate to them!
2021-10-12T08:41:33.322Z - info: Site data built
2021-10-12T08:41:33.323Z - info: Website generation (lazy) complete! Total build time: 15.321s
2021-10-12T08:41:34.195Z - info: Serving "C:\repos\nus-cs2103\cs2103-website-base\_site" at http://127.0.0.1:8080
2021-10-12T08:41:34.195Z - info: Press CTRL+C to stop ...
2021-10-12T08:50:27.880Z - info: [4:50:27 pm] Reload for file change: C:\repos\nus-cs2103\cs2103-website-base\schedule\week9\admin-tic2002.mbdf
2021-10-12T08:50:27.881Z - info: Synchronizing opened pages list before reload
2021-10-12T08:50:27.882Z - info: Current opened pages, from most-to-least recent:
2021-10-12T08:50:27.882Z - info: 1. index
2021-10-12T08:50:28.916Z - info: Assets built
2021-10-12T08:50:33.529Z - info: Building C:\repos\nus-cs2103\cs2103-website-base\schedule\week9\index as some of its dependencies were changed since the last visit
2021-10-12T08:50:34.372Z - info: Site data built
2021-10-12T08:50:34.373Z - info: Lazy website regeneration complete! Total build time: 0.844s
2021-10-12T08:51:10.469Z - info: Building C:\repos\nus-cs2103\cs2103-website-base\schedule\week9\admin as some of its dependencies were changed since the last visit
2021-10-12T08:51:10.969Z - info: Site data built
2021-10-12T08:51:10.970Z - info: Lazy website regeneration complete! Total build time: 0.501s
2021-10-12T08:51:24.375Z - info: [4:51:24 pm] Reload for file change: C:\repos\nus-cs2103\cs2103-website-base\schedule\week9\admin-tic2002.mbdf
2021-10-12T08:51:24.375Z - info: Synchronizing opened pages list before reload
2021-10-12T08:51:24.375Z - info: Current opened pages, from most-to-least recent:
2021-10-12T08:51:24.375Z - info: 1. schedule/week9/admin
2021-10-12T08:51:25.384Z - info: Rebuilding 1 pages
2021-10-12T08:51:25.631Z - info: Site data built
2021-10-12T08:51:25.631Z - info: Pages rebuilt
2021-10-12T08:51:25.632Z - info: Website regeneration complete! Total build time: 0.25s
2021-10-12T08:51:45.888Z - info: [4:51:45 pm] Reload for file change: C:\repos\nus-cs2103\cs2103-website-base\schedule\week9\admin-tic2002.mbdf
2021-10-12T08:51:45.888Z - info: Synchronizing opened pages list before reload
2021-10-12T08:51:45.889Z - info: Current opened pages, from most-to-least recent:
2021-10-12T08:51:45.889Z - info: 1. schedule/week9/admin
2021-10-12T08:51:46.893Z - info: Rebuilding 1 pages
2021-10-12T08:51:47.263Z - info: Site data built
2021-10-12T08:51:47.263Z - info: Pages rebuilt
2021-10-12T08:51:47.263Z - info: Website regeneration complete! Total build time: 0.371s
2021-10-12T08:53:27.574Z - info: [4:53:27 pm] Reload for file change: C:\repos\nus-cs2103\cs2103-website-base\schedule\week9\admin-tic2002.mbdf
2021-10-12T08:53:27.574Z - info: Synchronizing opened pages list before reload
2021-10-12T08:53:27.574Z - info: Current opened pages, from most-to-least recent:
2021-10-12T08:53:27.574Z - info: 1. schedule/week9/admin
2021-10-12T08:53:28.582Z - info: Rebuilding 1 pages
2021-10-12T08:53:28.842Z - info: Site data built
2021-10-12T08:53:28.843Z - info: Pages rebuilt
2021-10-12T08:53:28.843Z - info: Website regeneration complete! Total build time: 0.262s
2021-10-12T09:08:36.392Z - info: Building C:\repos\nus-cs2103\cs2103-website-base\se-book-adapted\index as some of its dependencies were changed since the last visit
2021-10-12T09:08:36.619Z - info: Site data built
2021-10-12T09:08:36.619Z - info: Lazy website regeneration complete! Total build time: 0.227s
2021-10-12T09:08:47.463Z - info: Building C:\repos\nus-cs2103\cs2103-website-base\se-book-adapted\chapters\gitAndGithub as some of its dependencies were changed since the last visit
2021-10-12T09:08:48.481Z - info: Site data built
2021-10-12T09:08:48.482Z - info: Lazy website regeneration complete! Total build time: 1.019s
2021-10-12T09:11:38.431Z - info: [5:11:38 pm] Reload for file change: C:\repos\nus-cs2103\cs2103-website-base\schedule\week9\admin-tic2002.mbdf
2021-10-12T09:11:38.431Z - info: Synchronizing opened pages list before reload
2021-10-12T09:11:38.432Z - info: Current opened pages, from most-to-least recent:
2021-10-12T09:11:38.432Z - info: 1. se-book-adapted/chapters/gitAndGithub
2021-10-12T09:11:38.432Z - info: 2. schedule/week9/admin
2021-10-12T09:11:39.449Z - info: Rebuilding 1 pages
2021-10-12T09:11:39.844Z - info: Site data built
2021-10-12T09:11:39.845Z - info: Pages rebuilt
2021-10-12T09:11:39.845Z - info: Website regeneration complete! Total build time: 0.399s
2021-10-12T09:14:20.765Z - info: [5:14:20 pm] Reload for file change: C:\repos\nus-cs2103\cs2103-website-base\schedule\week9\admin-tic2002.mbdf
2021-10-12T09:14:20.765Z - info: Synchronizing opened pages list before reload
2021-10-12T09:14:20.765Z - info: Current opened pages, from most-to-least recent:
2021-10-12T09:14:20.765Z - info: 1. se-book-adapted/chapters/gitAndGithub
2021-10-12T09:14:20.765Z - info: 2. schedule/week9/admin
2021-10-12T09:14:21.777Z - info: Rebuilding 1 pages
2021-10-12T09:14:22.074Z - info: Site data built
2021-10-12T09:14:22.074Z - info: Pages rebuilt
2021-10-12T09:14:22.074Z - info: Website regeneration complete! Total build time: 0.299s
2021-10-12T09:15:40.894Z - info: [5:15:40 pm] Reload for file change: C:\repos\nus-cs2103\cs2103-website-base\schedule\week9\admin-tic2002.mbdf
2021-10-12T09:15:40.894Z - info: Synchronizing opened pages list before reload
2021-10-12T09:15:40.894Z - info: Current opened pages, from most-to-least recent:
2021-10-12T09:15:40.894Z - info: 1. se-book-adapted/chapters/gitAndGithub
2021-10-12T09:15:40.894Z - info: 2. schedule/week9/admin
2021-10-12T09:15:41.906Z - info: Rebuilding 1 pages
2021-10-12T09:15:42.176Z - info: Site data built
2021-10-12T09:15:42.176Z - info: Pages rebuilt
2021-10-12T09:15:42.176Z - info: Website regeneration complete! Total build time: 0.272s
2021-10-12T09:15:59.867Z - info: [5:15:59 pm] Reload for file change: C:\repos\nus-cs2103\cs2103-website-base\schedule\week9\admin-tic2002.mbdf
2021-10-12T09:15:59.867Z - info: Synchronizing opened pages list before reload
2021-10-12T09:15:59.868Z - info: Current opened pages, from most-to-least recent:
2021-10-12T09:15:59.868Z - info: 1. se-book-adapted/chapters/gitAndGithub
2021-10-12T09:15:59.868Z - info: 2. schedule/week9/admin
2021-10-12T09:16:00.886Z - info: Rebuilding 1 pages
2021-10-12T09:16:01.166Z - info: Site data built
2021-10-12T09:16:01.166Z - info: Pages rebuilt
2021-10-12T09:16:01.166Z - info: Website regeneration complete! Total build time: 0.28s
2021-10-12T09:16:47.723Z - info: [5:16:47 pm] Reload for file change: C:\repos\nus-cs2103\cs2103-website-base\schedule\week9\admin-tic2002.mbdf
2021-10-12T09:16:47.723Z - info: Synchronizing opened pages list before reload
2021-10-12T09:16:47.724Z - info: Current opened pages, from most-to-least recent:
2021-10-12T09:16:47.724Z - info: 1. se-book-adapted/chapters/gitAndGithub
2021-10-12T09:16:47.724Z - info: 2. schedule/week9/admin
2021-10-12T09:16:48.735Z - info: Rebuilding 1 pages
2021-10-12T09:16:48.966Z - info: Site data built
2021-10-12T09:16:48.966Z - info: Pages rebuilt
2021-10-12T09:16:48.966Z - info: Website regeneration complete! Total build time: 0.233s
2021-10-12T09:17:10.527Z - info: [5:17:10 pm] Reload for file change: C:\repos\nus-cs2103\cs2103-website-base\schedule\week9\admin-tic2002.mbdf
2021-10-12T09:17:10.527Z - info: Synchronizing opened pages list before reload
2021-10-12T09:17:10.527Z - info: Current opened pages, from most-to-least recent:
2021-10-12T09:17:10.527Z - info: 1. se-book-adapted/chapters/gitAndGithub
2021-10-12T09:17:10.527Z - info: 2. schedule/week9/admin
2021-10-12T09:17:11.546Z - info: Rebuilding 1 pages
2021-10-12T09:17:11.870Z - info: Site data built
2021-10-12T09:17:11.870Z - info: Pages rebuilt
2021-10-12T09:17:11.871Z - info: Website regeneration complete! Total build time: 0.328s
2021-10-12T09:18:01.400Z - info: [5:18:01 pm] Reload for file change: C:\repos\nus-cs2103\cs2103-website-base\schedule\week9\admin-tic2002.mbdf
2021-10-12T09:18:01.400Z - info: Synchronizing opened pages list before reload
2021-10-12T09:18:01.401Z - info: Current opened pages, from most-to-least recent:
2021-10-12T09:18:01.401Z - info: 1. se-book-adapted/chapters/gitAndGithub
2021-10-12T09:18:01.401Z - info: 2. schedule/week9/admin
2021-10-12T09:18:02.408Z - info: Rebuilding 1 pages
2021-10-12T09:18:02.658Z - info: Site data built
2021-10-12T09:18:02.659Z - info: Pages rebuilt
2021-10-12T09:18:02.659Z - info: Website regeneration complete! Total build time: 0.252s
2021-10-12T09:18:18.688Z - info: [5:18:18 pm] Reload for file change: C:\repos\nus-cs2103\cs2103-website-base\schedule\week9\admin-tic2002.mbdf
2021-10-12T09:18:18.688Z - info: Synchronizing opened pages list before reload
2021-10-12T09:18:18.688Z - info: Current opened pages, from most-to-least recent:
2021-10-12T09:18:18.688Z - info: 1. se-book-adapted/chapters/gitAndGithub
2021-10-12T09:18:18.688Z - info: 2. schedule/week9/admin
2021-10-12T09:18:19.691Z - info: Rebuilding 1 pages
2021-10-12T09:18:19.943Z - info: Site data built
2021-10-12T09:18:19.943Z - info: Pages rebuilt
2021-10-12T09:18:19.943Z - info: Website regeneration complete! Total build time: 0.253s
2021-10-12T09:19:21.956Z - info: Website generation started at 5:19:20 pm
2021-10-12T09:19:26.430Z - info: Building assets...
2021-10-12T09:19:31.185Z - info: Assets built
2021-10-12T09:19:31.186Z - info: Generating pages...
2021-10-12T09:19:44.220Z - debug:  
2021-10-12T09:19:44.220Z - debug:  
2021-10-12T09:19:44.224Z - debug:  
2021-10-12T09:19:44.225Z - debug:  
2021-10-12T09:19:44.225Z - debug:  
2021-10-12T09:20:15.921Z - debug:  
2021-10-12T09:21:03.386Z - info: Pages built
2021-10-12T09:21:04.171Z - info: Site data built
2021-10-12T09:21:04.171Z - info: Website generation complete! Total build time: 103.63s
2021-10-12T09:21:04.171Z - info: Build success!
2021-10-12T09:21:16.477Z - info: Deployed at https://nus-tic2002-2021.github.io/website!
2021-10-12T09:23:37.078Z - info: Website generation (lazy) started at 5:23:31 pm
2021-10-12T09:23:42.607Z - info: Building assets...
2021-10-12T09:23:47.304Z - info: Assets built
2021-10-12T09:23:47.304Z - info: Generating landing page...
2021-10-12T09:23:48.348Z - info: Landing page built, other pages will be built as you navigate to them!
2021-10-12T09:23:49.112Z - info: Site data built
2021-10-12T09:23:49.112Z - info: Website generation (lazy) complete! Total build time: 17.891s
2021-10-12T09:23:49.942Z - info: Serving "C:\repos\nus-cs2103\cs2103-website-base\_site" at http://127.0.0.1:8080
2021-10-12T09:23:49.942Z - info: Press CTRL+C to stop ...
2021-10-12T09:24:00.666Z - info: Building C:\repos\nus-cs2103\cs2103-website-base\schedule\week9\index as some of its dependencies were changed since the last visit
2021-10-12T09:24:01.183Z - info: Site data built
2021-10-12T09:24:01.183Z - info: Lazy website regeneration complete! Total build time: 0.517s
2021-10-12T09:24:44.627Z - info: Building C:\repos\nus-cs2103\cs2103-website-base\schedule\week9\admin as some of its dependencies were changed since the last visit
2021-10-12T09:24:45.165Z - info: Site data built
2021-10-12T09:24:45.165Z - info: Lazy website regeneration complete! Total build time: 0.538s
2021-10-12T09:25:27.323Z - info: [5:25:27 pm] Reload for file change: C:\repos\nus-cs2103\cs2103-website-base\schedule\week9\admin-tic2002.mbdf
2021-10-12T09:25:27.323Z - info: Synchronizing opened pages list before reload
2021-10-12T09:25:27.323Z - info: Current opened pages, from most-to-least recent:
2021-10-12T09:25:27.323Z - info: 1. schedule/week9/admin
2021-10-12T09:25:28.340Z - info: Rebuilding 1 pages
2021-10-12T09:25:28.640Z - info: Site data built
2021-10-12T09:25:28.641Z - info: Pages rebuilt
2021-10-12T09:25:28.641Z - info: Website regeneration complete! Total build time: 0.304s
2021-10-12T09:26:35.683Z - info: [5:26:35 pm] Reload for file change: C:\repos\nus-cs2103\cs2103-website-base\schedule\week9\admin-tic2002.mbdf
2021-10-12T09:26:35.684Z - info: Synchronizing opened pages list before reload
2021-10-12T09:26:35.685Z - info: Current opened pages, from most-to-least recent:
2021-10-12T09:26:35.685Z - info: 1. schedule/week9/admin
2021-10-12T09:26:36.693Z - info: Rebuilding 1 pages
2021-10-12T09:26:37.057Z - info: Site data built
2021-10-12T09:26:37.057Z - info: Pages rebuilt
2021-10-12T09:26:37.057Z - info: Website regeneration complete! Total build time: 0.365s
2021-10-12T09:26:50.911Z - info: [5:26:50 pm] Reload for file change: C:\repos\nus-cs2103\cs2103-website-base\schedule\week9\admin-tic2002.mbdf
2021-10-12T09:26:50.911Z - info: Synchronizing opened pages list before reload
2021-10-12T09:26:50.911Z - info: Current opened pages, from most-to-least recent:
2021-10-12T09:26:50.911Z - info: 1. schedule/week9/admin
2021-10-12T09:26:51.918Z - info: Rebuilding 1 pages
2021-10-12T09:26:52.199Z - info: Site data built
2021-10-12T09:26:52.199Z - info: Pages rebuilt
2021-10-12T09:26:52.200Z - info: Website regeneration complete! Total build time: 0.284s
2021-10-12T09:27:05.494Z - info: [5:27:05 pm] Reload for file change: C:\repos\nus-cs2103\cs2103-website-base\schedule\week9\admin-tic2002.mbdf
2021-10-12T09:27:05.494Z - info: Synchronizing opened pages list before reload
2021-10-12T09:27:05.494Z - info: Current opened pages, from most-to-least recent:
2021-10-12T09:27:05.494Z - info: 1. schedule/week9/admin
2021-10-12T09:27:06.510Z - info: Rebuilding 1 pages
2021-10-12T09:27:06.729Z - info: Site data built
2021-10-12T09:27:06.729Z - info: Pages rebuilt
2021-10-12T09:27:06.730Z - info: Website regeneration complete! Total build time: 0.22s
2021-10-12T09:29:22.569Z - info: [5:29:22 pm] Reload for file change: C:\repos\nus-cs2103\cs2103-website-base\schedule\week9\admin-tic2002.mbdf
2021-10-12T09:29:22.569Z - info: Synchronizing opened pages list before reload
2021-10-12T09:29:22.570Z - info: Current opened pages, from most-to-least recent:
2021-10-12T09:29:22.570Z - info: 1. schedule/week9/admin
2021-10-12T09:29:23.577Z - info: Rebuilding 1 pages
2021-10-12T09:29:24.022Z - info: Site data built
2021-10-12T09:29:24.022Z - info: Pages rebuilt
2021-10-12T09:29:24.022Z - info: Website regeneration complete! Total build time: 0.446s
2021-10-12T09:29:50.208Z - info: Website generation started at 5:29:48 pm
2021-10-12T09:29:54.491Z - info: Building assets...
2021-10-12T09:29:58.989Z - info: Assets built
2021-10-12T09:29:58.989Z - info: Generating pages...
2021-10-12T09:30:11.745Z - debug:  
2021-10-12T09:30:11.746Z - debug:  
2021-10-12T09:30:11.746Z - debug:  
2021-10-12T09:30:11.746Z - debug:  
2021-10-12T09:30:11.746Z - debug:  
2021-10-12T09:30:43.777Z - debug:  
2021-10-12T09:31:35.482Z - info: Pages built
2021-10-12T09:31:36.290Z - info: Site data built
2021-10-12T09:31:36.290Z - info: Website generation complete! Total build time: 107.576s
2021-10-12T09:31:36.290Z - info: Build success!
2021-10-12T09:31:49.131Z - info: Deployed at https://nus-tic2002-2021.github.io/website!
2021-10-12T13:59:55.825Z - info: Website generation started at 9:59:49 pm
2021-10-12T14:00:02.553Z - info: Building assets...
2021-10-12T14:00:08.395Z - info: Assets built
2021-10-12T14:00:08.395Z - info: Generating pages...
2021-10-12T14:00:24.774Z - debug:  
2021-10-12T14:00:24.775Z - debug:  
2021-10-12T14:00:24.776Z - debug:  
2021-10-12T14:00:24.776Z - debug:  
2021-10-12T14:00:24.776Z - debug:  
2021-10-12T14:01:26.930Z - debug:  
2021-10-12T14:02:39.923Z - info: Pages built
2021-10-12T14:02:40.748Z - info: Site data built
2021-10-12T14:02:40.748Z - info: Website generation complete! Total build time: 171.393s
2021-10-12T14:02:40.748Z - info: Build success!
2021-10-12T14:02:54.832Z - info: Deployed at https://nus-tic2002-2021.github.io/website!
