2021-07-08T19:01:15.499Z - info: Website generation (lazy) started at 3:01:15 am
2021-07-08T19:01:21.922Z - info: Building assets...
2021-07-08T19:01:28.050Z - info: Assets built
2021-07-08T19:01:28.051Z - info: Generating landing page...
2021-07-08T19:01:28.845Z - info: Landing page built, other pages will be built as you navigate to them!
2021-07-08T19:01:29.792Z - info: Site data built
2021-07-08T19:01:29.792Z - info: Website generation (lazy) complete! Total build time: 14.367s
2021-07-08T19:01:30.661Z - info: Serving "C:\repos\nus-cs2103\cs2103-website-base\_site" at http://127.0.0.1:8080
2021-07-08T19:01:30.661Z - info: Press CTRL+C to stop ...
2021-07-08T19:01:43.336Z - info: Building C:\repos\nus-cs2103\cs2103-website-base\admin\appendixD-help as some of its dependencies were changed since the last visit
2021-07-08T19:01:43.557Z - info: Site data built
2021-07-08T19:01:43.557Z - info: Lazy website regeneration complete! Total build time: 0.221s
2021-07-08T19:02:03.446Z - info: Website generation started at 3:02:01 am
2021-07-08T19:02:10.424Z - info: Building assets...
2021-07-08T19:02:15.456Z - info: Assets built
2021-07-08T19:02:15.457Z - info: Generating pages...
2021-07-08T19:02:28.899Z - debug:  
2021-07-08T19:02:28.900Z - debug:  
2021-07-08T19:02:28.905Z - debug:  
2021-07-08T19:02:28.906Z - debug:  
2021-07-08T19:02:28.906Z - debug:  
2021-07-08T19:02:28.906Z - debug:  
2021-07-08T19:04:46.067Z - debug:  
2021-07-08T19:04:58.778Z - debug:  
2021-07-08T19:04:58.961Z - debug:  
2021-07-08T19:05:03.865Z - info: Pages built
2021-07-08T19:05:04.755Z - info: Site data built
2021-07-08T19:05:04.755Z - info: Website generation complete! Total build time: 183.698s
2021-07-08T19:05:05.717Z - info: Serving "C:\repos\nus-cs2103\cs2103-website-base\_site" at http://127.0.0.1:8080
2021-07-08T19:05:05.717Z - info: Press CTRL+C to stop ...
2021-07-08T19:13:12.736Z - info: [3:13:12 am] Reload for file change: C:\repos\nus-cs2103\cs2103-website-base\_markbind\variables.md
2021-07-08T19:13:13.847Z - warn: Rebuilding all pages as variables file was changed, or the --force-reload flag was set
2021-07-08T19:13:13.848Z - info: Rebuilding 770 pages
2021-07-08T19:13:20.712Z - debug:  
2021-07-08T19:13:20.716Z - debug:  
2021-07-08T19:13:20.729Z - debug:  
2021-07-08T19:13:20.731Z - debug:  
2021-07-08T19:13:20.737Z - debug:  
2021-07-08T19:13:21.153Z - debug:  
2021-07-09T04:57:37.478Z - info: Website generation (lazy) started at 12:57:33 pm
2021-07-09T04:57:41.263Z - info: Building assets...
2021-07-09T04:57:44.504Z - info: Assets built
2021-07-09T04:57:44.504Z - info: Generating landing page...
2021-07-09T04:57:45.076Z - info: Landing page built, other pages will be built as you navigate to them!
2021-07-09T04:57:45.712Z - info: Site data built
2021-07-09T04:57:45.712Z - info: Website generation (lazy) complete! Total build time: 11.851s
2021-07-09T04:57:46.304Z - info: Serving "C:\repos\nus-cs2103\cs2103-website-base\_site" at http://127.0.0.1:8080
2021-07-09T04:57:46.304Z - info: Press CTRL+C to stop ...
2021-07-09T04:59:53.937Z - info: Building C:\repos\nus-cs2103\cs2103-website-base\admin\githubclassroomexercises as some of its dependencies were changed since the last visit
2021-07-09T04:59:54.386Z - info: Site data built
2021-07-09T04:59:54.386Z - info: Lazy website regeneration complete! Total build time: 0.454s
2021-07-09T05:04:02.436Z - info: [1:04:02 pm] Reload for file change: C:\repos\nus-cs2103\cs2103-website-base\_module-CS2113\studentData.mbdf
2021-07-09T05:04:02.436Z - info: Synchronizing opened pages list before reload
2021-07-09T05:04:02.436Z - info: Current opened pages, from most-to-least recent:
2021-07-09T05:04:02.437Z - info: 1. admin/githubclassroomexercises
2021-07-09T05:04:02.437Z - info: 2. index
2021-07-09T05:04:03.473Z - info: Assets built
2021-07-09T05:05:58.789Z - info: [1:05:58 pm] Reload for file change: C:\repos\nus-cs2103\cs2103-website-base\_module-CS2113\timetables.mbdf
2021-07-09T05:05:58.790Z - info: Synchronizing opened pages list before reload
2021-07-09T05:05:58.790Z - info: Current opened pages, from most-to-least recent:
2021-07-09T05:05:58.790Z - info: 1. admin/githubclassroomexercises
2021-07-09T05:05:58.790Z - info: 2. index
2021-07-09T05:05:59.805Z - info: Assets built
2021-07-09T05:05:59.903Z - info: Building C:\repos\nus-cs2103\cs2103-website-base\admin\tutorials as some of its dependencies were changed since the last visit
2021-07-09T05:06:00.265Z - info: Site data built
2021-07-09T05:06:00.265Z - info: Lazy website regeneration complete! Total build time: 0.362s
2021-07-09T05:06:23.776Z - info: [1:06:23 pm] Reload for file change: C:\repos\nus-cs2103\cs2103-website-base\_module-CS2113\timetables.mbdf
2021-07-09T05:06:23.776Z - info: Synchronizing opened pages list before reload
2021-07-09T05:06:23.776Z - info: Current opened pages, from most-to-least recent:
2021-07-09T05:06:23.776Z - info: 1. admin/tutorials
2021-07-09T05:06:23.776Z - info: 2. index
2021-07-09T05:06:24.785Z - info: Rebuilding 1 pages
2021-07-09T05:06:25.046Z - info: Site data built
2021-07-09T05:06:25.046Z - info: Pages rebuilt
2021-07-09T05:06:25.047Z - info: Website regeneration complete! Total build time: 0.264s
2021-07-09T05:07:07.150Z - info: Building C:\repos\nus-cs2103\cs2103-website-base\schedule\week1\index as some of its dependencies were changed since the last visit
2021-07-09T05:07:07.599Z - info: Site data built
2021-07-09T05:07:07.600Z - info: Lazy website regeneration complete! Total build time: 0.45s
2021-07-09T05:08:08.932Z - info: [1:08:08 pm] Reload for file change: C:\repos\nus-cs2103\cs2103-website-base\_module-CS2113\weeklyAdminTopics.mbdf
2021-07-09T05:08:08.933Z - info: Synchronizing opened pages list before reload
2021-07-09T05:08:08.933Z - info: Current opened pages, from most-to-least recent:
2021-07-09T05:08:08.933Z - info: 1. schedule/week1/index
2021-07-09T05:08:08.933Z - info: 2. index
2021-07-09T05:08:10.168Z - info: Rebuilding 2 pages
2021-07-09T05:08:10.662Z - info: Site data built
2021-07-09T05:08:10.662Z - info: Pages rebuilt
2021-07-09T05:08:10.663Z - info: Website regeneration complete! Total build time: 0.496s
2021-07-09T05:08:20.657Z - info: Building C:\repos\nus-cs2103\cs2103-website-base\admin\index as some of its dependencies were changed since the last visit
2021-07-09T05:08:20.992Z - info: Site data built
2021-07-09T05:08:20.993Z - info: Lazy website regeneration complete! Total build time: 0.337s
2021-07-09T05:09:07.752Z - info: Building C:\repos\nus-cs2103\cs2103-website-base\schedule\week2\index as some of its dependencies were changed since the last visit
2021-07-09T05:09:08.530Z - info: Site data built
2021-07-09T05:09:08.531Z - info: Lazy website regeneration complete! Total build time: 0.778s
2021-07-09T05:09:30.361Z - info: Building C:\repos\nus-cs2103\cs2103-website-base\schedule\week2\admin as some of its dependencies were changed since the last visit
2021-07-09T05:09:31.465Z - info: Site data built
2021-07-09T05:09:31.465Z - info: Lazy website regeneration complete! Total build time: 1.104s
2021-07-09T05:11:40.563Z - info: [1:11:40 pm] Reload for file add: C:\repos\nus-cs2103\cs2103-website-base\admin\githubClassroomExercises.md
2021-07-09T05:11:40.564Z - info: Synchronizing opened pages list before reload
2021-07-09T05:11:40.564Z - info: Current opened pages, from most-to-least recent:
2021-07-09T05:11:40.564Z - info: 1. schedule/week2/admin
2021-07-09T05:11:40.564Z - info: 2. index
2021-07-09T05:11:42.539Z - info: [1:11:42 pm] Reload for file deletion: C:\repos\nus-cs2103\cs2103-website-base\admin\githubclassroomexercises.md
2021-07-09T05:11:42.539Z - info: Synchronizing opened pages list before reload
2021-07-09T05:11:42.539Z - info: Current opened pages, from most-to-least recent:
2021-07-09T05:11:42.539Z - info: 1. schedule/week2/admin
2021-07-09T05:11:42.539Z - info: 2. index
2021-07-09T05:11:44.252Z - info: Pages or site config modified, updating pages...
2021-07-09T05:11:46.986Z - debug: Assets removed
2021-07-09T05:11:47.171Z - info: Building C:\repos\nus-cs2103\cs2103-website-base\schedule\week2\admin as some of its dependencies were changed since the last visit
2021-07-09T05:11:47.171Z - info: Building C:\repos\nus-cs2103\cs2103-website-base\index as some of its dependencies were changed since the last visit
2021-07-09T05:11:48.185Z - info: Site data built
2021-07-09T05:11:48.185Z - info: Lazy website regeneration complete! Total build time: 1.014s
2021-07-09T05:12:10.019Z - info: [1:12:10 pm] Reload for file change: C:\repos\nus-cs2103\cs2103-website-base\admin\appendixE-gitHub.md
2021-07-09T05:12:10.019Z - info: Synchronizing opened pages list before reload
2021-07-09T05:12:10.020Z - info: Current opened pages, from most-to-least recent:
2021-07-09T05:12:10.020Z - info: 1. schedule/week2/admin
2021-07-09T05:12:10.020Z - info: 2. index
2021-07-09T05:12:10.043Z - info: [1:12:10 pm] Reload for file change: C:\repos\nus-cs2103\cs2103-website-base\_markbind\layouts\header.md
2021-07-09T05:12:10.043Z - info: Synchronizing opened pages list before reload
2021-07-09T05:12:10.043Z - info: Current opened pages, from most-to-least recent:
2021-07-09T05:12:10.043Z - info: 1. schedule/week2/admin
2021-07-09T05:12:10.043Z - info: 2. index
2021-07-09T05:12:10.056Z - info: [1:12:10 pm] Reload for file change: C:\repos\nus-cs2103\cs2103-website-base\_module-CS2113\weeklyAdminTopics.mbdf
2021-07-09T05:12:10.056Z - info: Synchronizing opened pages list before reload
2021-07-09T05:12:10.057Z - info: Current opened pages, from most-to-least recent:
2021-07-09T05:12:10.057Z - info: 1. schedule/week2/admin
2021-07-09T05:12:10.057Z - info: 2. index
2021-07-09T05:12:10.078Z - info: [1:12:10 pm] Reload for file change: C:\repos\nus-cs2103\cs2103-website-base\admin\githubClassroomExercises.md
2021-07-09T05:12:10.078Z - info: Synchronizing opened pages list before reload
2021-07-09T05:12:10.079Z - info: Current opened pages, from most-to-least recent:
2021-07-09T05:12:10.079Z - info: 1. schedule/week2/admin
2021-07-09T05:12:10.079Z - info: 2. index
2021-07-09T05:12:11.028Z - info: Assets built
2021-07-09T05:12:11.272Z - info: Rebuilding 2 pages
2021-07-09T05:12:12.320Z - info: Site data built
2021-07-09T05:12:12.320Z - info: Pages rebuilt
2021-07-09T05:12:12.320Z - info: Website regeneration complete! Total build time: 1.049s
2021-07-09T05:13:32.832Z - info: [1:13:32 pm] Reload for file add: C:\repos\nus-cs2103\cs2103-website-base\admin\githubClassroomInfo.md
2021-07-09T05:13:32.832Z - info: Synchronizing opened pages list before reload
2021-07-09T05:13:32.833Z - info: Current opened pages, from most-to-least recent:
2021-07-09T05:13:32.833Z - info: 1. schedule/week2/admin
2021-07-09T05:13:32.833Z - info: 2. index
2021-07-09T05:13:34.754Z - info: [1:13:34 pm] Reload for file deletion: C:\repos\nus-cs2103\cs2103-website-base\admin\githubClassroomExercises.md
2021-07-09T05:13:34.754Z - info: Synchronizing opened pages list before reload
2021-07-09T05:13:34.754Z - info: Current opened pages, from most-to-least recent:
2021-07-09T05:13:34.754Z - info: 1. schedule/week2/admin
2021-07-09T05:13:34.754Z - info: 2. index
2021-07-09T05:13:36.595Z - info: Pages or site config modified, updating pages...
2021-07-09T05:13:38.316Z - debug: Assets removed
2021-07-09T05:13:38.392Z - info: Building C:\repos\nus-cs2103\cs2103-website-base\schedule\week2\admin as some of its dependencies were changed since the last visit
2021-07-09T05:13:38.393Z - info: Building C:\repos\nus-cs2103\cs2103-website-base\index as some of its dependencies were changed since the last visit
2021-07-09T05:13:39.242Z - info: Site data built
2021-07-09T05:13:39.242Z - info: Lazy website regeneration complete! Total build time: 0.85s
2021-07-09T05:13:58.661Z - info: [1:13:58 pm] Reload for file change: C:\repos\nus-cs2103\cs2103-website-base\admin\appendixE-gitHub.md
2021-07-09T05:13:58.661Z - info: Synchronizing opened pages list before reload
2021-07-09T05:13:58.661Z - info: Current opened pages, from most-to-least recent:
2021-07-09T05:13:58.662Z - info: 1. schedule/week2/admin
2021-07-09T05:13:58.662Z - info: 2. index
2021-07-09T05:13:58.683Z - info: [1:13:58 pm] Reload for file change: C:\repos\nus-cs2103\cs2103-website-base\_markbind\layouts\header.md
2021-07-09T05:13:58.684Z - info: Synchronizing opened pages list before reload
2021-07-09T05:13:58.684Z - info: Current opened pages, from most-to-least recent:
2021-07-09T05:13:58.684Z - info: 1. schedule/week2/admin
2021-07-09T05:13:58.684Z - info: 2. index
2021-07-09T05:13:58.700Z - info: [1:13:58 pm] Reload for file change: C:\repos\nus-cs2103\cs2103-website-base\_module-CS2113\weeklyAdminTopics.mbdf
2021-07-09T05:13:58.700Z - info: Synchronizing opened pages list before reload
2021-07-09T05:13:58.700Z - info: Current opened pages, from most-to-least recent:
2021-07-09T05:13:58.700Z - info: 1. schedule/week2/admin
2021-07-09T05:13:58.700Z - info: 2. index
2021-07-09T05:13:58.720Z - info: [1:13:58 pm] Reload for file change: C:\repos\nus-cs2103\cs2103-website-base\admin\githubClassroomInfo.md
2021-07-09T05:13:58.720Z - info: Synchronizing opened pages list before reload
2021-07-09T05:13:58.720Z - info: Current opened pages, from most-to-least recent:
2021-07-09T05:13:58.720Z - info: 1. schedule/week2/admin
2021-07-09T05:13:58.720Z - info: 2. index
2021-07-09T05:13:59.676Z - info: Assets built
2021-07-09T05:13:59.960Z - info: Rebuilding 2 pages
2021-07-09T05:14:01.167Z - info: Site data built
2021-07-09T05:14:01.167Z - info: Pages rebuilt
2021-07-09T05:14:01.167Z - info: Website regeneration complete! Total build time: 1.207s
2021-07-09T05:15:09.246Z - info: [1:15:09 pm] Reload for file change: C:\repos\nus-cs2103\cs2103-website-base\schedule\week10\commentary-cs2113.mbdf
2021-07-09T05:15:09.247Z - info: Synchronizing opened pages list before reload
2021-07-09T05:15:09.247Z - info: Current opened pages, from most-to-least recent:
2021-07-09T05:15:09.248Z - info: 1. schedule/week2/admin
2021-07-09T05:15:09.248Z - info: 2. index
2021-07-09T05:15:10.278Z - info: Assets built
2021-07-09T05:15:22.642Z - info: [1:15:22 pm] Reload for file change: C:\repos\nus-cs2103\cs2103-website-base\schedule\programming-topics.mbdf
2021-07-09T05:15:22.642Z - info: Synchronizing opened pages list before reload
2021-07-09T05:15:22.642Z - info: Current opened pages, from most-to-least recent:
2021-07-09T05:15:22.643Z - info: 1. schedule/week2/admin
2021-07-09T05:15:22.643Z - info: 2. index
2021-07-09T05:15:23.683Z - info: Assets built
2021-07-09T05:15:34.622Z - info: [1:15:34 pm] Reload for file change: C:\repos\nus-cs2103\cs2103-website-base\schedule\week8\topics.md
2021-07-09T05:15:34.622Z - info: Synchronizing opened pages list before reload
2021-07-09T05:15:34.622Z - info: Current opened pages, from most-to-least recent:
2021-07-09T05:15:34.622Z - info: 1. schedule/week2/admin
2021-07-09T05:15:34.622Z - info: 2. index
2021-07-09T05:15:35.638Z - info: Assets built
2021-07-09T05:16:38.345Z - info: [1:16:38 pm] Reload for file change: C:\repos\nus-cs2103\cs2103-website-base\admin\ip-tasks.mbdf
2021-07-09T05:16:38.345Z - info: Synchronizing opened pages list before reload
2021-07-09T05:16:38.346Z - info: Current opened pages, from most-to-least recent:
2021-07-09T05:16:38.346Z - info: 1. schedule/week2/admin
2021-07-09T05:16:38.346Z - info: 2. index
2021-07-09T05:16:39.350Z - info: Rebuilding 1 pages
2021-07-09T05:16:41.046Z - info: Site data built
2021-07-09T05:16:41.046Z - info: Pages rebuilt
2021-07-09T05:16:41.047Z - info: Website regeneration complete! Total build time: 1.699s
2021-07-09T05:18:46.368Z - info: [1:18:46 pm] Reload for file change: C:\repos\nus-cs2103\cs2103-website-base\admin\common-commentary.mbdf
2021-07-09T05:18:46.369Z - info: Synchronizing opened pages list before reload
2021-07-09T05:18:46.370Z - info: Current opened pages, from most-to-least recent:
2021-07-09T05:18:46.370Z - info: 1. schedule/week2/admin
2021-07-09T05:18:46.370Z - info: 2. index
2021-07-09T05:18:47.408Z - info: Assets built
2021-07-09T05:18:51.207Z - info: [1:18:51 pm] Reload for file change: C:\repos\nus-cs2103\cs2103-website-base\admin\common-commentary.mbdf
2021-07-09T05:18:51.208Z - info: Synchronizing opened pages list before reload
2021-07-09T05:18:51.208Z - info: Current opened pages, from most-to-least recent:
2021-07-09T05:18:51.208Z - info: 1. schedule/week2/admin
2021-07-09T05:18:51.208Z - info: 2. index
2021-07-09T05:18:52.239Z - info: Assets built
2021-07-09T05:18:57.633Z - info: [1:18:57 pm] Reload for file change: C:\repos\nus-cs2103\cs2103-website-base\admin\common-commentary.mbdf
2021-07-09T05:18:57.633Z - info: Synchronizing opened pages list before reload
2021-07-09T05:18:57.633Z - info: Current opened pages, from most-to-least recent:
2021-07-09T05:18:57.633Z - info: 1. schedule/week2/admin
2021-07-09T05:18:57.633Z - info: 2. index
2021-07-09T05:18:58.660Z - info: Assets built
2021-07-09T05:19:02.095Z - info: [1:19:02 pm] Reload for file change: C:\repos\nus-cs2103\cs2103-website-base\admin\common-commentary.mbdf
2021-07-09T05:19:02.096Z - info: Synchronizing opened pages list before reload
2021-07-09T05:19:02.097Z - info: Current opened pages, from most-to-least recent:
2021-07-09T05:19:02.097Z - info: 1. schedule/week2/admin
2021-07-09T05:19:02.097Z - info: 2. index
2021-07-09T05:19:03.131Z - info: Assets built
2021-07-09T05:19:05.811Z - info: [1:19:05 pm] Reload for file change: C:\repos\nus-cs2103\cs2103-website-base\admin\common-commentary.mbdf
2021-07-09T05:19:05.811Z - info: Synchronizing opened pages list before reload
2021-07-09T05:19:05.812Z - info: Current opened pages, from most-to-least recent:
2021-07-09T05:19:05.812Z - info: 1. schedule/week2/admin
2021-07-09T05:19:05.812Z - info: 2. index
2021-07-09T05:19:06.853Z - info: Assets built
2021-07-09T05:19:09.347Z - info: [1:19:09 pm] Reload for file change: C:\repos\nus-cs2103\cs2103-website-base\admin\common-commentary.mbdf
2021-07-09T05:19:09.347Z - info: Synchronizing opened pages list before reload
2021-07-09T05:19:09.347Z - info: Current opened pages, from most-to-least recent:
2021-07-09T05:19:09.347Z - info: 1. schedule/week2/admin
2021-07-09T05:19:09.348Z - info: 2. index
2021-07-09T05:19:10.386Z - info: Assets built
2021-07-09T05:19:17.652Z - info: Building C:\repos\nus-cs2103\cs2103-website-base\schedule\week4\index as some of its dependencies were changed since the last visit
2021-07-09T05:19:18.992Z - info: Site data built
2021-07-09T05:19:18.992Z - info: Lazy website regeneration complete! Total build time: 1.34s
2021-07-09T05:19:22.281Z - info: Building C:\repos\nus-cs2103\cs2103-website-base\schedule\week4\topics as some of its dependencies were changed since the last visit
2021-07-09T05:19:25.475Z - info: Site data built
2021-07-09T05:19:25.476Z - info: Lazy website regeneration complete! Total build time: 3.195s
2021-07-09T05:19:26.245Z - debug:  
2021-07-09T05:20:13.054Z - info: Building C:\repos\nus-cs2103\cs2103-website-base\schedule\week6\topics as some of its dependencies were changed since the last visit
2021-07-09T05:20:15.912Z - info: Site data built
2021-07-09T05:20:15.912Z - info: Lazy website regeneration complete! Total build time: 2.859s
2021-07-09T05:20:56.268Z - info: Building C:\repos\nus-cs2103\cs2103-website-base\schedule\week8\topics as some of its dependencies were changed since the last visit
2021-07-09T05:20:59.708Z - info: Site data built
2021-07-09T05:20:59.709Z - info: Lazy website regeneration complete! Total build time: 3.441s
2021-07-09T05:21:01.365Z - debug:  
2021-07-09T05:21:01.491Z - debug:  
2021-07-09T05:22:13.657Z - info: [1:22:13 pm] Reload for file change: C:\repos\nus-cs2103\cs2103-website-base\admin\common-commentary.mbdf
2021-07-09T05:22:13.658Z - info: Synchronizing opened pages list before reload
2021-07-09T05:22:13.659Z - info: Current opened pages, from most-to-least recent:
2021-07-09T05:22:13.659Z - info: 1. schedule/week8/topics
2021-07-09T05:22:13.659Z - info: 2. index
2021-07-09T05:22:14.670Z - info: Rebuilding 1 pages
2021-07-09T05:22:17.246Z - info: Site data built
2021-07-09T05:22:17.246Z - info: Pages rebuilt
2021-07-09T05:22:17.246Z - info: Website regeneration complete! Total build time: 2.578s
2021-07-09T05:22:19.292Z - debug:  
2021-07-09T05:22:19.366Z - debug:  
2021-07-09T05:28:43.469Z - info: [1:28:43 pm] Reload for file change: C:\repos\nus-cs2103\cs2103-website-base\admin\common-commentary.mbdf
2021-07-09T05:28:43.469Z - info: Synchronizing opened pages list before reload
2021-07-09T05:28:43.470Z - info: Current opened pages, from most-to-least recent:
2021-07-09T05:28:43.470Z - info: 1. schedule/week8/topics
2021-07-09T05:28:43.470Z - info: 2. index
2021-07-09T05:28:44.495Z - info: Rebuilding 1 pages
2021-07-09T05:28:46.885Z - info: Site data built
2021-07-09T05:28:46.886Z - info: Pages rebuilt
2021-07-09T05:28:46.886Z - info: Website regeneration complete! Total build time: 2.395s
2021-07-09T05:28:49.013Z - debug:  
2021-07-09T05:28:49.054Z - debug:  
2021-07-09T05:29:18.158Z - info: [1:29:18 pm] Reload for file change: C:\repos\nus-cs2103\cs2103-website-base\admin\common-commentary.mbdf
2021-07-09T05:29:18.159Z - info: Synchronizing opened pages list before reload
2021-07-09T05:29:18.159Z - info: Current opened pages, from most-to-least recent:
2021-07-09T05:29:18.160Z - info: 1. schedule/week8/topics
2021-07-09T05:29:18.160Z - info: 2. index
2021-07-09T05:29:19.170Z - info: Rebuilding 1 pages
2021-07-09T05:29:21.671Z - info: Site data built
2021-07-09T05:29:21.672Z - info: Pages rebuilt
2021-07-09T05:29:21.672Z - info: Website regeneration complete! Total build time: 2.505s
2021-07-09T05:29:24.177Z - debug:  
2021-07-09T05:29:24.198Z - debug:  
2021-07-09T05:30:35.465Z - info: [1:30:35 pm] Reload for file change: C:\repos\nus-cs2103\cs2103-website-base\_markbind\variables.md
2021-07-09T05:30:35.465Z - info: Synchronizing opened pages list before reload
2021-07-09T05:30:35.465Z - info: Current opened pages, from most-to-least recent:
2021-07-09T05:30:35.466Z - info: 1. schedule/week8/topics
2021-07-09T05:30:35.466Z - info: 2. index
2021-07-09T05:30:36.550Z - warn: Rebuilding all pages as variables file was changed, or the --force-reload flag was set
2021-07-09T05:30:36.553Z - info: Rebuilding 2 pages
2021-07-09T05:30:39.208Z - info: Site data built
2021-07-09T05:30:39.209Z - info: Pages rebuilt
2021-07-09T05:30:39.209Z - info: Website regeneration complete! Total build time: 2.74s
2021-07-09T05:30:40.932Z - debug:  
2021-07-09T05:30:40.955Z - debug:  
2021-07-09T05:30:58.573Z - info: Building C:\repos\nus-cs2103\cs2103-website-base\schedule\week9\topics as some of its dependencies were changed since the last visit
2021-07-09T05:31:01.246Z - info: Site data built
2021-07-09T05:31:01.247Z - info: Lazy website regeneration complete! Total build time: 2.675s
2021-07-09T05:31:03.275Z - debug:  
2021-07-09T05:31:03.306Z - debug:  
2021-07-09T05:33:32.437Z - info: Website generation (lazy) started at 1:33:30 pm
2021-07-09T05:33:37.912Z - info: Building assets...
2021-07-09T05:33:42.590Z - info: Assets built
2021-07-09T05:33:42.590Z - info: Generating landing page...
2021-07-09T05:33:43.349Z - info: Landing page built, other pages will be built as you navigate to them!
2021-07-09T05:33:44.134Z - info: Site data built
2021-07-09T05:33:44.134Z - info: Website generation (lazy) complete! Total build time: 13.691s
2021-07-09T05:33:44.800Z - info: Serving "C:\repos\nus-cs2103\cs2103-website-base\_site" at http://127.0.0.1:8080
2021-07-09T05:33:44.800Z - info: Press CTRL+C to stop ...
2021-07-09T05:34:00.377Z - info: Building C:\repos\nus-cs2103\cs2103-website-base\schedule\week6\index as some of its dependencies were changed since the last visit
2021-07-09T05:34:01.560Z - info: Site data built
2021-07-09T05:34:01.560Z - info: Lazy website regeneration complete! Total build time: 1.183s
2021-07-09T05:34:05.643Z - info: Building C:\repos\nus-cs2103\cs2103-website-base\schedule\week6\topics as some of its dependencies were changed since the last visit
2021-07-09T05:34:08.030Z - info: Site data built
2021-07-09T05:34:08.030Z - info: Lazy website regeneration complete! Total build time: 2.388s
2021-07-09T05:35:10.832Z - info: Building C:\repos\nus-cs2103\cs2103-website-base\schedule\timeline as some of its dependencies were changed since the last visit
2021-07-09T05:35:17.454Z - info: Site data built
2021-07-09T05:35:17.455Z - info: Lazy website regeneration complete! Total build time: 6.624s
2021-07-09T05:37:21.856Z - info: Building C:\repos\nus-cs2103\cs2103-website-base\schedule\week9\tutorial as some of its dependencies were changed since the last visit
2021-07-09T05:37:22.660Z - info: Site data built
2021-07-09T05:37:22.660Z - info: Lazy website regeneration complete! Total build time: 0.805s
2021-07-09T05:37:29.147Z - info: Building C:\repos\nus-cs2103\cs2103-website-base\schedule\week9\topics as some of its dependencies were changed since the last visit
2021-07-09T05:37:32.265Z - info: Site data built
2021-07-09T05:37:32.266Z - info: Lazy website regeneration complete! Total build time: 3.119s
2021-07-09T05:37:33.832Z - debug:  
2021-07-09T05:37:33.873Z - debug:  
2021-07-09T05:37:58.360Z - info: Building C:\repos\nus-cs2103\cs2103-website-base\schedule\week10\topics as some of its dependencies were changed since the last visit
2021-07-09T05:38:00.964Z - info: Site data built
2021-07-09T05:38:00.964Z - info: Lazy website regeneration complete! Total build time: 2.604s
2021-07-09T05:38:02.584Z - debug:  
2021-07-09T05:38:02.635Z - debug:  
2021-07-09T05:38:02.955Z - debug:  
2021-07-09T05:40:23.317Z - info: Building C:\repos\nus-cs2103\cs2103-website-base\schedule\week11\topics as some of its dependencies were changed since the last visit
2021-07-09T05:40:25.690Z - info: Site data built
2021-07-09T05:40:25.690Z - info: Lazy website regeneration complete! Total build time: 2.373s
2021-07-09T05:40:44.230Z - info: Building C:\repos\nus-cs2103\cs2103-website-base\schedule\week12\topics as some of its dependencies were changed since the last visit
2021-07-09T05:40:46.039Z - info: Site data built
2021-07-09T05:40:46.039Z - info: Lazy website regeneration complete! Total build time: 1.809s
2021-07-09T05:41:45.344Z - info: Building C:\repos\nus-cs2103\cs2103-website-base\schedule\week8\topics as some of its dependencies were changed since the last visit
2021-07-09T05:41:48.013Z - info: Site data built
2021-07-09T05:41:48.014Z - info: Lazy website regeneration complete! Total build time: 2.67s
2021-07-09T05:41:50.035Z - debug:  
2021-07-09T05:41:50.087Z - debug:  
2021-07-09T05:43:18.249Z - info: Building C:\repos\nus-cs2103\cs2103-website-base\schedule\week7\topics as some of its dependencies were changed since the last visit
2021-07-09T05:43:19.981Z - info: Site data built
2021-07-09T05:43:19.982Z - info: Lazy website regeneration complete! Total build time: 1.733s
2021-07-09T05:43:48.612Z - info: Building C:\repos\nus-cs2103\cs2103-website-base\schedule\week5\topics as some of its dependencies were changed since the last visit
2021-07-09T05:43:50.855Z - info: Site data built
2021-07-09T05:43:50.856Z - info: Lazy website regeneration complete! Total build time: 2.243s
2021-07-09T05:44:11.551Z - info: Building C:\repos\nus-cs2103\cs2103-website-base\schedule\week4\topics as some of its dependencies were changed since the last visit
2021-07-09T05:44:15.013Z - info: Site data built
2021-07-09T05:44:15.013Z - info: Lazy website regeneration complete! Total build time: 3.462s
2021-07-09T05:44:15.064Z - debug:  
2021-07-09T05:44:38.759Z - info: Building C:\repos\nus-cs2103\cs2103-website-base\schedule\week3\topics as some of its dependencies were changed since the last visit
2021-07-09T05:44:41.794Z - info: Site data built
2021-07-09T05:44:41.794Z - info: Lazy website regeneration complete! Total build time: 3.036s
2021-07-09T05:48:09.168Z - info: [1:48:09 pm] Reload for file change: C:\repos\nus-cs2103\cs2103-website-base\schedule\week10\commentary-cs2113.mbdf
2021-07-09T05:48:09.168Z - info: Synchronizing opened pages list before reload
2021-07-09T05:48:09.168Z - info: Current opened pages, from most-to-least recent:
2021-07-09T05:48:09.169Z - info: 1. schedule/week10/topics
2021-07-09T05:48:10.176Z - info: Rebuilding 1 pages
2021-07-09T05:48:11.927Z - info: Site data built
2021-07-09T05:48:11.928Z - info: Pages rebuilt
2021-07-09T05:48:11.929Z - info: Website regeneration complete! Total build time: 1.752s
2021-07-09T05:48:14.300Z - debug:  
2021-07-09T05:48:14.323Z - debug:  
2021-07-09T05:48:14.502Z - debug:  
2021-07-09T05:48:58.128Z - info: Building C:\repos\nus-cs2103\cs2103-website-base\admin\index as some of its dependencies were changed since the last visit
2021-07-09T05:48:58.565Z - info: Site data built
2021-07-09T05:48:58.565Z - info: Lazy website regeneration complete! Total build time: 0.438s
2021-07-09T05:49:13.630Z - info: Building C:\repos\nus-cs2103\cs2103-website-base\admin\tools as some of its dependencies were changed since the last visit
2021-07-09T05:49:14.009Z - info: Site data built
2021-07-09T05:49:14.009Z - info: Lazy website regeneration complete! Total build time: 0.38s
2021-07-09T06:00:49.886Z - info: [2:00:49 pm] Reload for file change: C:\repos\nus-cs2103\cs2103-website-base\admin\tools.md
2021-07-09T06:00:49.888Z - info: Synchronizing opened pages list before reload
2021-07-09T06:00:49.889Z - info: Current opened pages, from most-to-least recent:
2021-07-09T06:00:49.889Z - info: 1. admin/tools
2021-07-09T06:00:49.889Z - info: 2. schedule/week10/topics
2021-07-09T06:00:50.899Z - info: Rebuilding 1 pages
2021-07-09T06:00:51.261Z - info: Site data built
2021-07-09T06:00:51.262Z - info: Pages rebuilt
2021-07-09T06:00:51.262Z - info: Website regeneration complete! Total build time: 0.365s
2021-07-09T06:03:34.963Z - info: Building C:\repos\nus-cs2103\cs2103-website-base\admin\appendixE-gitHub as some of its dependencies were changed since the last visit
2021-07-09T06:03:36.453Z - info: Site data built
2021-07-09T06:03:36.453Z - info: Lazy website regeneration complete! Total build time: 1.491s
2021-07-09T06:04:38.379Z - info: [2:04:38 pm] Reload for file change: C:\repos\nus-cs2103\cs2103-website-base\admin\appendixE-gitHub.md
2021-07-09T06:04:38.379Z - info: Synchronizing opened pages list before reload
2021-07-09T06:04:38.380Z - info: Current opened pages, from most-to-least recent:
2021-07-09T06:04:38.380Z - info: 1. admin/appendixE-gitHub
2021-07-09T06:04:38.380Z - info: 2. schedule/week10/topics
2021-07-09T06:04:39.388Z - info: Rebuilding 1 pages
2021-07-09T06:04:40.310Z - info: Site data built
2021-07-09T06:04:40.310Z - info: Pages rebuilt
2021-07-09T06:04:40.310Z - info: Website regeneration complete! Total build time: 0.923s
2021-07-09T06:05:16.425Z - info: Building C:\repos\nus-cs2103\cs2103-website-base\admin\exams as some of its dependencies were changed since the last visit
2021-07-09T06:05:16.724Z - info: Site data built
2021-07-09T06:05:16.724Z - info: Lazy website regeneration complete! Total build time: 0.299s
2021-07-09T06:06:16.462Z - info: [2:06:16 pm] Reload for file change: C:\repos\nus-cs2103\cs2103-website-base\admin\tp-ped.mbdf
2021-07-09T06:06:16.462Z - info: Synchronizing opened pages list before reload
2021-07-09T06:06:16.463Z - info: Current opened pages, from most-to-least recent:
2021-07-09T06:06:16.463Z - info: 1. admin/exams
2021-07-09T06:06:16.463Z - info: 2. schedule/week10/topics
2021-07-09T06:06:17.501Z - info: Assets built
2021-07-09T06:06:42.432Z - info: Building C:\repos\nus-cs2103\cs2103-website-base\admin\tp-pe as some of its dependencies were changed since the last visit
2021-07-09T06:06:44.222Z - info: Site data built
2021-07-09T06:06:44.222Z - info: Lazy website regeneration complete! Total build time: 1.791s
2021-07-09T06:07:52.486Z - info: [2:07:52 pm] Reload for file change: C:\repos\nus-cs2103\cs2103-website-base\_markbind\variables.md
2021-07-09T06:07:52.487Z - info: Synchronizing opened pages list before reload
2021-07-09T06:07:52.487Z - info: Current opened pages, from most-to-least recent:
2021-07-09T06:07:52.488Z - info: 1. admin/tp-pe
2021-07-09T06:07:52.488Z - info: 2. schedule/week10/topics
2021-07-09T06:07:53.634Z - warn: Rebuilding all pages as variables file was changed, or the --force-reload flag was set
2021-07-09T06:07:53.641Z - info: Rebuilding 2 pages
2021-07-09T06:07:57.624Z - info: Site data built
2021-07-09T06:07:57.624Z - info: Pages rebuilt
2021-07-09T06:07:57.625Z - info: Website regeneration complete! Total build time: 4.128s
2021-07-09T06:08:00.612Z - debug:  
2021-07-09T06:08:00.634Z - debug:  
2021-07-09T06:08:00.656Z - debug:  
2021-07-09T06:45:46.415Z - info: Website generation (lazy) started at 2:45:44 pm
2021-07-09T06:45:52.532Z - info: Building assets...
2021-07-09T06:45:58.064Z - info: Assets built
2021-07-09T06:45:58.064Z - info: Generating landing page...
2021-07-09T06:45:58.740Z - info: Landing page built, other pages will be built as you navigate to them!
2021-07-09T06:45:59.595Z - info: Site data built
2021-07-09T06:45:59.595Z - info: Website generation (lazy) complete! Total build time: 15.277s
2021-07-09T06:46:00.432Z - info: Serving "C:\repos\nus-cs2103\cs2103-website-base\_site" at http://127.0.0.1:8080
2021-07-09T06:46:00.432Z - info: Press CTRL+C to stop ...
2021-07-09T06:47:20.547Z - info: [2:47:20 pm] Reload for file add: C:\repos\nus-cs2103\cs2103-website-base\css\admin.css
2021-07-09T06:47:20.549Z - info: Synchronizing opened pages list before reload
2021-07-09T06:47:20.549Z - info: Current opened pages, from most-to-least recent:
2021-07-09T06:47:20.549Z - info: 1. index
2021-07-09T06:47:24.685Z - info: Assets built
2021-07-09T06:50:54.932Z - info: [2:50:54 pm] Reload for file add: C:\repos\nus-cs2103\cs2103-website-base\_markbind\layouts\python-layout.md
2021-07-09T06:50:54.932Z - info: Synchronizing opened pages list before reload
2021-07-09T06:50:54.933Z - info: Current opened pages, from most-to-least recent:
2021-07-09T06:50:54.933Z - info: 1. index
2021-07-09T06:50:57.820Z - info: [2:50:57 pm] Reload for file deletion: C:\repos\nus-cs2103\cs2103-website-base\_markbind\layouts\python.md
2021-07-09T06:50:57.820Z - info: Synchronizing opened pages list before reload
2021-07-09T06:50:57.820Z - info: Current opened pages, from most-to-least recent:
2021-07-09T06:50:57.820Z - info: 1. index
2021-07-09T06:51:00.390Z - info: Assets built
2021-07-09T06:51:01.390Z - debug: Assets removed
2021-07-09T06:52:42.678Z - info: [2:52:42 pm] Reload for file add: C:\repos\nus-cs2103\cs2103-website-base\_markbind\layouts\schedule-layout.md
2021-07-09T06:52:42.678Z - info: Synchronizing opened pages list before reload
2021-07-09T06:52:42.678Z - info: Current opened pages, from most-to-least recent:
2021-07-09T06:52:42.678Z - info: 1. index
2021-07-09T06:52:45.228Z - info: [2:52:45 pm] Reload for file deletion: C:\repos\nus-cs2103\cs2103-website-base\_markbind\layouts\schedule.md
2021-07-09T06:52:45.228Z - info: Synchronizing opened pages list before reload
2021-07-09T06:52:45.228Z - info: Current opened pages, from most-to-least recent:
2021-07-09T06:52:45.228Z - info: 1. index
2021-07-09T06:52:47.650Z - info: Assets built
2021-07-09T06:52:48.667Z - debug: Assets removed
2021-07-09T06:53:45.929Z - info: [2:53:45 pm] Reload for file add: C:\repos\nus-cs2103\cs2103-website-base\_markbind\layouts\admin-sitenav.md
2021-07-09T06:53:45.929Z - info: Synchronizing opened pages list before reload
2021-07-09T06:53:45.929Z - info: Current opened pages, from most-to-least recent:
2021-07-09T06:53:45.929Z - info: 1. index
2021-07-09T06:53:48.459Z - info: [2:53:48 pm] Reload for file deletion: C:\repos\nus-cs2103\cs2103-website-base\_markbind\layouts\sitenav-admin.md
2021-07-09T06:53:48.459Z - info: Synchronizing opened pages list before reload
2021-07-09T06:53:48.459Z - info: Current opened pages, from most-to-least recent:
2021-07-09T06:53:48.460Z - info: 1. index
2021-07-09T06:53:50.823Z - info: Assets built
2021-07-09T06:53:51.835Z - info: Pages or site config modified, updating pages...
2021-07-09T06:53:55.349Z - info: Building C:\repos\nus-cs2103\cs2103-website-base\index as some of its dependencies were changed since the last visit
2021-07-09T06:53:55.592Z - error:  Error: No such file: C:\repos\nus-cs2103\cs2103-website-base\_markbind\layouts\sitenav-admin.md
Missing reference in C:\repos\nus-cs2103\cs2103-website-base\_markbind\layouts\default.md
    at _getFileExistsNode (C:\Users\dcsdcr\AppData\Roaming\npm\node_modules\markbind-cli\node_modules\@markbind\core\src\html\includePanelProcessor.js:34:19)
    at processInclude (C:\Users\dcsdcr\AppData\Roaming\npm\node_modules\markbind-cli\node_modules\@markbind\core\src\html\includePanelProcessor.js:181:26)
    at NodeProcessor.processNode (C:\Users\dcsdcr\AppData\Roaming\npm\node_modules\markbind-cli\node_modules\@markbind\core\src\html\NodeProcessor.js:147:16)
    at NodeProcessor._process (C:\Users\dcsdcr\AppData\Roaming\npm\node_modules\markbind-cli\node_modules\@markbind\core\src\html\NodeProcessor.js:295:20)
    at C:\Users\dcsdcr\AppData\Roaming\npm\node_modules\markbind-cli\node_modules\@markbind\core\src\html\NodeProcessor.js:300:14
    at Array.forEach (<anonymous>)
    at NodeProcessor._process (C:\Users\dcsdcr\AppData\Roaming\npm\node_modules\markbind-cli\node_modules\@markbind\core\src\html\NodeProcessor.js:299:21)
    at C:\Users\dcsdcr\AppData\Roaming\npm\node_modules\markbind-cli\node_modules\@markbind\core\src\html\NodeProcessor.js:300:14
    at Array.forEach (<anonymous>)
    at NodeProcessor._process (C:\Users\dcsdcr\AppData\Roaming\npm\node_modules\markbind-cli\node_modules\@markbind\core\src\html\NodeProcessor.js:299:21)
    at C:\Users\dcsdcr\AppData\Roaming\npm\node_modules\markbind-cli\node_modules\@markbind\core\src\html\NodeProcessor.js:300:14
    at Array.forEach (<anonymous>)
    at NodeProcessor._process (C:\Users\dcsdcr\AppData\Roaming\npm\node_modules\markbind-cli\node_modules\@markbind\core\src\html\NodeProcessor.js:299:21)
    at C:\Users\dcsdcr\AppData\Roaming\npm\node_modules\markbind-cli\node_modules\@markbind\core\src\html\NodeProcessor.js:300:14
    at Array.forEach (<anonymous>)
    at NodeProcessor._process (C:\Users\dcsdcr\AppData\Roaming\npm\node_modules\markbind-cli\node_modules\@markbind\core\src\html\NodeProcessor.js:299:21)
2021-07-09T06:53:55.802Z - info: Site data built
2021-07-09T06:53:55.803Z - info: Lazy website regeneration complete! Total build time: 0.454s
2021-07-09T06:54:24.936Z - info: [2:54:24 pm] Reload for file add: C:\repos\nus-cs2103\cs2103-website-base\_markbind\layouts\python-sitenav.md
2021-07-09T06:54:24.936Z - info: Synchronizing opened pages list before reload
2021-07-09T06:54:24.936Z - info: Current opened pages, from most-to-least recent:
2021-07-09T06:54:24.937Z - info: 1. index
2021-07-09T06:54:27.336Z - info: [2:54:27 pm] Reload for file deletion: C:\repos\nus-cs2103\cs2103-website-base\_markbind\layouts\sitenav-python.md
2021-07-09T06:54:27.336Z - info: Synchronizing opened pages list before reload
2021-07-09T06:54:27.336Z - info: Current opened pages, from most-to-least recent:
2021-07-09T06:54:27.336Z - info: 1. index
2021-07-09T06:54:29.615Z - info: Assets built
2021-07-09T06:54:30.619Z - debug: Assets removed
2021-07-09T06:54:41.993Z - info: [2:54:41 pm] Reload for file add: C:\repos\nus-cs2103\cs2103-website-base\_markbind\layouts\textbook-sitenav.md
2021-07-09T06:54:41.993Z - info: Synchronizing opened pages list before reload
2021-07-09T06:54:41.993Z - info: Current opened pages, from most-to-least recent:
2021-07-09T06:54:41.993Z - info: 1. index
2021-07-09T06:54:44.330Z - info: [2:54:44 pm] Reload for file deletion: C:\repos\nus-cs2103\cs2103-website-base\_markbind\layouts\sitenav-textbook.md
2021-07-09T06:54:44.330Z - info: Synchronizing opened pages list before reload
2021-07-09T06:54:44.330Z - info: Current opened pages, from most-to-least recent:
2021-07-09T06:54:44.330Z - info: 1. index
2021-07-09T06:54:46.619Z - info: Assets built
2021-07-09T06:54:47.622Z - debug: Assets removed
2021-07-09T06:54:59.834Z - info: [2:54:59 pm] Reload for file add: C:\repos\nus-cs2103\cs2103-website-base\_markbind\layouts\textbook-layout.md
2021-07-09T06:54:59.834Z - info: Synchronizing opened pages list before reload
2021-07-09T06:54:59.834Z - info: Current opened pages, from most-to-least recent:
2021-07-09T06:54:59.834Z - info: 1. index
2021-07-09T06:55:02.184Z - info: [2:55:02 pm] Reload for file deletion: C:\repos\nus-cs2103\cs2103-website-base\_markbind\layouts\textbook.md
2021-07-09T06:55:02.184Z - info: Synchronizing opened pages list before reload
2021-07-09T06:55:02.184Z - info: Current opened pages, from most-to-least recent:
2021-07-09T06:55:02.184Z - info: 1. index
2021-07-09T06:55:04.484Z - info: Assets built
2021-07-09T06:55:05.491Z - debug: Assets removed
2021-07-09T06:57:17.994Z - info: [2:57:17 pm] Reload for file add: C:\repos\nus-cs2103\cs2103-website-base\_markbind\layouts\admin-layout.md
2021-07-09T06:57:17.995Z - info: Synchronizing opened pages list before reload
2021-07-09T06:57:17.995Z - info: Current opened pages, from most-to-least recent:
2021-07-09T06:57:17.995Z - info: 1. index
2021-07-09T06:57:21.400Z - info: Assets built
2021-07-09T06:58:22.888Z - info: [2:58:22 pm] Reload for file change: C:\repos\nus-cs2103\cs2103-website-base\css\admin.css
2021-07-09T06:58:22.888Z - info: Synchronizing opened pages list before reload
2021-07-09T06:58:22.888Z - info: Current opened pages, from most-to-least recent:
2021-07-09T06:58:22.888Z - info: 1. index
2021-07-09T06:58:22.904Z - info: [2:58:22 pm] Reload for file change: C:\repos\nus-cs2103\cs2103-website-base\programming\chapters\organizing.md
2021-07-09T06:58:22.904Z - info: Synchronizing opened pages list before reload
2021-07-09T06:58:22.904Z - info: Current opened pages, from most-to-least recent:
2021-07-09T06:58:22.904Z - info: 1. index
2021-07-09T06:58:22.913Z - info: [2:58:22 pm] Reload for file change: C:\repos\nus-cs2103\cs2103-website-base\programming\chapters\gui.md
2021-07-09T06:58:22.913Z - info: Synchronizing opened pages list before reload
2021-07-09T06:58:22.913Z - info: Current opened pages, from most-to-least recent:
2021-07-09T06:58:22.913Z - info: 1. index
2021-07-09T06:58:22.927Z - info: [2:58:22 pm] Reload for file change: C:\repos\nus-cs2103\cs2103-website-base\programming\chapters\monty.md
2021-07-09T06:58:22.927Z - info: Synchronizing opened pages list before reload
2021-07-09T06:58:22.927Z - info: Current opened pages, from most-to-least recent:
2021-07-09T06:58:22.928Z - info: 1. index
2021-07-09T06:58:22.938Z - info: [2:58:22 pm] Reload for file change: C:\repos\nus-cs2103\cs2103-website-base\schedule\timeline.md
2021-07-09T06:58:22.939Z - info: Synchronizing opened pages list before reload
2021-07-09T06:58:22.939Z - info: Current opened pages, from most-to-least recent:
2021-07-09T06:58:22.939Z - info: 1. index
2021-07-09T06:58:22.951Z - info: [2:58:22 pm] Reload for file change: C:\repos\nus-cs2103\cs2103-website-base\programming\chapters\ide.md
2021-07-09T06:58:22.951Z - info: Synchronizing opened pages list before reload
2021-07-09T06:58:22.951Z - info: Current opened pages, from most-to-least recent:
2021-07-09T06:58:22.951Z - info: 1. index
2021-07-09T06:58:22.964Z - info: [2:58:22 pm] Reload for file change: C:\repos\nus-cs2103\cs2103-website-base\programming\chapters\unittesting.md
2021-07-09T06:58:22.964Z - info: Synchronizing opened pages list before reload
2021-07-09T06:58:22.964Z - info: Current opened pages, from most-to-least recent:
2021-07-09T06:58:22.964Z - info: 1. index
2021-07-09T06:58:22.975Z - info: [2:58:22 pm] Reload for file change: C:\repos\nus-cs2103\cs2103-website-base\programming\chapters\oop.md
2021-07-09T06:58:22.975Z - info: Synchronizing opened pages list before reload
2021-07-09T06:58:22.975Z - info: Current opened pages, from most-to-least recent:
2021-07-09T06:58:22.976Z - info: 1. index
2021-07-09T06:58:22.985Z - info: [2:58:22 pm] Reload for file change: C:\repos\nus-cs2103\cs2103-website-base\programming\index.md
2021-07-09T06:58:22.985Z - info: Synchronizing opened pages list before reload
2021-07-09T06:58:22.985Z - info: Current opened pages, from most-to-least recent:
2021-07-09T06:58:22.985Z - info: 1. index
2021-07-09T06:58:23.003Z - info: [2:58:23 pm] Reload for file change: C:\repos\nus-cs2103\cs2103-website-base\_markbind\layouts\body.md
2021-07-09T06:58:23.003Z - info: Synchronizing opened pages list before reload
2021-07-09T06:58:23.003Z - info: Current opened pages, from most-to-least recent:
2021-07-09T06:58:23.003Z - info: 1. index
2021-07-09T06:58:23.016Z - info: [2:58:23 pm] Reload for file change: C:\repos\nus-cs2103\cs2103-website-base\se-book-adapted\chapters\chapter.njk
2021-07-09T06:58:23.016Z - info: Synchronizing opened pages list before reload
2021-07-09T06:58:23.016Z - info: Current opened pages, from most-to-least recent:
2021-07-09T06:58:23.016Z - info: 1. index
2021-07-09T06:58:23.020Z - info: [2:58:23 pm] Reload for file change: C:\repos\nus-cs2103\cs2103-website-base\programming\chapters\thirdparty.md
2021-07-09T06:58:23.020Z - info: Synchronizing opened pages list before reload
2021-07-09T06:58:23.020Z - info: Current opened pages, from most-to-least recent:
2021-07-09T06:58:23.020Z - info: 1. index
2021-07-09T06:58:23.032Z - info: [2:58:23 pm] Reload for file change: C:\repos\nus-cs2103\cs2103-website-base\programming\chapters\errors.md
2021-07-09T06:58:23.032Z - info: Synchronizing opened pages list before reload
2021-07-09T06:58:23.032Z - info: Current opened pages, from most-to-least recent:
2021-07-09T06:58:23.032Z - info: 1. index
2021-07-09T06:58:23.047Z - info: [2:58:23 pm] Reload for file change: C:\repos\nus-cs2103\cs2103-website-base\se-book-adapted\index.md
2021-07-09T06:58:23.047Z - info: Synchronizing opened pages list before reload
2021-07-09T06:58:23.047Z - info: Current opened pages, from most-to-least recent:
2021-07-09T06:58:23.047Z - info: 1. index
2021-07-09T06:58:23.051Z - info: [2:58:23 pm] Reload for file change: C:\repos\nus-cs2103\cs2103-website-base\programming\chapters\files.md
2021-07-09T06:58:23.052Z - info: Synchronizing opened pages list before reload
2021-07-09T06:58:23.052Z - info: Current opened pages, from most-to-least recent:
2021-07-09T06:58:23.052Z - info: 1. index
2021-07-09T06:58:23.064Z - info: [2:58:23 pm] Reload for file change: C:\repos\nus-cs2103\cs2103-website-base\programming\chapters\strings.md
2021-07-09T06:58:23.064Z - info: Synchronizing opened pages list before reload
2021-07-09T06:58:23.064Z - info: Current opened pages, from most-to-least recent:
2021-07-09T06:58:23.064Z - info: 1. index
2021-07-09T06:58:23.073Z - info: [2:58:23 pm] Reload for file change: C:\repos\nus-cs2103\cs2103-website-base\se-book-adapted\common\exercises.md
2021-07-09T06:58:23.073Z - info: Synchronizing opened pages list before reload
2021-07-09T06:58:23.073Z - info: Current opened pages, from most-to-least recent:
2021-07-09T06:58:23.073Z - info: 1. index
2021-07-09T06:58:23.092Z - info: [2:58:23 pm] Reload for file change: C:\repos\nus-cs2103\cs2103-website-base\programming\chapters\lists.md
2021-07-09T06:58:23.092Z - info: Synchronizing opened pages list before reload
2021-07-09T06:58:23.092Z - info: Current opened pages, from most-to-least recent:
2021-07-09T06:58:23.092Z - info: 1. index
2021-07-09T06:58:23.110Z - info: [2:58:23 pm] Reload for file change: C:\repos\nus-cs2103\cs2103-website-base\_markbind\layouts\admin-layout.md
2021-07-09T06:58:23.110Z - info: Synchronizing opened pages list before reload
2021-07-09T06:58:23.110Z - info: Current opened pages, from most-to-least recent:
2021-07-09T06:58:23.110Z - info: 1. index
2021-07-09T06:58:23.115Z - info: [2:58:23 pm] Reload for file change: C:\repos\nus-cs2103\cs2103-website-base\programming\chapters\functions.md
2021-07-09T06:58:23.115Z - info: Synchronizing opened pages list before reload
2021-07-09T06:58:23.115Z - info: Current opened pages, from most-to-least recent:
2021-07-09T06:58:23.115Z - info: 1. index
2021-07-09T06:58:23.127Z - info: [2:58:23 pm] Reload for file change: C:\repos\nus-cs2103\cs2103-website-base\programming\chapters\dictionaries.md
2021-07-09T06:58:23.127Z - info: Synchronizing opened pages list before reload
2021-07-09T06:58:23.127Z - info: Current opened pages, from most-to-least recent:
2021-07-09T06:58:23.127Z - info: 1. index
2021-07-09T06:58:23.149Z - info: [2:58:23 pm] Reload for file change: C:\repos\nus-cs2103\cs2103-website-base\schedule\index.md
2021-07-09T06:58:23.149Z - info: Synchronizing opened pages list before reload
2021-07-09T06:58:23.149Z - info: Current opened pages, from most-to-least recent:
2021-07-09T06:58:23.149Z - info: 1. index
2021-07-09T06:58:23.156Z - info: [2:58:23 pm] Reload for file change: C:\repos\nus-cs2103\cs2103-website-base\se-book-adapted\common\definitions.md
2021-07-09T06:58:23.156Z - info: Synchronizing opened pages list before reload
2021-07-09T06:58:23.156Z - info: Current opened pages, from most-to-least recent:
2021-07-09T06:58:23.156Z - info: 1. index
2021-07-09T06:58:23.165Z - info: [2:58:23 pm] Reload for file change: C:\repos\nus-cs2103\cs2103-website-base\programming\chapters\programs.md
2021-07-09T06:58:23.166Z - info: Synchronizing opened pages list before reload
2021-07-09T06:58:23.166Z - info: Current opened pages, from most-to-least recent:
2021-07-09T06:58:23.166Z - info: 1. index
2021-07-09T06:58:23.175Z - info: [2:58:23 pm] Reload for file change: C:\repos\nus-cs2103\cs2103-website-base\programming\chapters\expressions-types-variables.md
2021-07-09T06:58:23.175Z - info: Synchronizing opened pages list before reload
2021-07-09T06:58:23.175Z - info: Current opened pages, from most-to-least recent:
2021-07-09T06:58:23.175Z - info: 1. index
2021-07-09T06:58:23.187Z - info: [2:58:23 pm] Reload for file change: C:\repos\nus-cs2103\cs2103-website-base\se-book-adapted\projectDuke\index.md
2021-07-09T06:58:23.187Z - info: Synchronizing opened pages list before reload
2021-07-09T06:58:23.187Z - info: Current opened pages, from most-to-least recent:
2021-07-09T06:58:23.187Z - info: 1. index
2021-07-09T06:58:23.949Z - info: Assets built
2021-07-09T06:58:24.144Z - info: Rebuilding 1 pages
2021-07-09T06:58:24.419Z - info: Site data built
2021-07-09T06:58:24.419Z - info: Pages rebuilt
2021-07-09T06:58:24.419Z - info: Website regeneration complete! Total build time: 0.275s
2021-07-09T06:58:41.739Z - info: Building C:\repos\nus-cs2103\cs2103-website-base\admin\index as some of its dependencies were changed since the last visit
2021-07-09T06:58:42.189Z - info: Site data built
2021-07-09T06:58:42.189Z - info: Lazy website regeneration complete! Total build time: 0.451s
2021-07-09T06:59:30.777Z - info: [2:59:30 pm] Reload for file change: C:\repos\nus-cs2103\cs2103-website-base\site.json
2021-07-09T06:59:30.777Z - info: Synchronizing opened pages list before reload
2021-07-09T06:59:30.777Z - info: Current opened pages, from most-to-least recent:
2021-07-09T06:59:30.778Z - info: 1. admin/index
2021-07-09T06:59:34.116Z - info: Rebuilding 1 pages
2021-07-09T06:59:34.255Z - info: [2:59:34 pm] Reload for file change: C:\repos\nus-cs2103\cs2103-website-base\site.json
2021-07-09T06:59:34.255Z - info: Synchronizing opened pages list before reload
2021-07-09T06:59:34.255Z - info: Current opened pages, from most-to-least recent:
2021-07-09T06:59:34.255Z - info: 1. admin/index
2021-07-09T06:59:37.526Z - info: No pages needed to be rebuilt
2021-07-09T06:59:37.636Z - info: Site data built
2021-07-09T06:59:37.637Z - info: Pages rebuilt
2021-07-09T06:59:37.637Z - info: Website regeneration complete! Total build time: 3.524s
2021-07-09T07:00:11.072Z - info: [3:00:11 pm] Reload for file change: C:\repos\nus-cs2103\cs2103-website-base\site.json
2021-07-09T07:00:11.072Z - info: Synchronizing opened pages list before reload
2021-07-09T07:00:11.072Z - info: Current opened pages, from most-to-least recent:
2021-07-09T07:00:11.072Z - info: 1. admin/index
2021-07-09T07:00:14.576Z - info: No pages needed to be rebuilt
2021-07-09T07:00:15.653Z - info: Building C:\repos\nus-cs2103\cs2103-website-base\admin\tools as some of its dependencies were changed since the last visit
2021-07-09T07:00:16.348Z - info: Site data built
2021-07-09T07:00:16.348Z - info: Lazy website regeneration complete! Total build time: 0.696s
2021-07-09T07:00:22.967Z - info: Building C:\repos\nus-cs2103\cs2103-website-base\admin\textbooks as some of its dependencies were changed since the last visit
2021-07-09T07:00:23.211Z - info: Site data built
2021-07-09T07:00:23.211Z - info: Lazy website regeneration complete! Total build time: 0.244s
2021-07-09T07:00:27.142Z - info: Building C:\repos\nus-cs2103\cs2103-website-base\admin\exams as some of its dependencies were changed since the last visit
2021-07-09T07:00:27.331Z - info: Site data built
2021-07-09T07:00:27.331Z - info: Lazy website regeneration complete! Total build time: 0.189s
2021-07-09T07:00:46.874Z - info: Building C:\repos\nus-cs2103\cs2103-website-base\admin\participation as some of its dependencies were changed since the last visit
2021-07-09T07:00:47.228Z - info: Site data built
2021-07-09T07:00:47.228Z - info: Lazy website regeneration complete! Total build time: 0.354s
2021-07-09T07:02:42.337Z - info: Building C:\repos\nus-cs2103\cs2103-website-base\index as some of its dependencies were changed since the last visit
2021-07-09T07:02:42.674Z - info: Site data built
2021-07-09T07:02:42.675Z - info: Lazy website regeneration complete! Total build time: 0.338s
2021-07-09T07:04:16.900Z - info: Building C:\repos\nus-cs2103\cs2103-website-base\schedule\week1\index as some of its dependencies were changed since the last visit
2021-07-09T07:04:17.891Z - info: Site data built
2021-07-09T07:04:17.891Z - info: Lazy website regeneration complete! Total build time: 0.992s
2021-07-09T07:04:26.455Z - info: Building C:\repos\nus-cs2103\cs2103-website-base\schedule\week1\topics as some of its dependencies were changed since the last visit
2021-07-09T07:04:29.434Z - info: Site data built
2021-07-09T07:04:29.434Z - info: Lazy website regeneration complete! Total build time: 2.979s
2021-07-09T07:04:30.641Z - debug:  
2021-07-09T07:04:35.355Z - info: Building C:\repos\nus-cs2103\cs2103-website-base\schedule\week1\admin as some of its dependencies were changed since the last visit
2021-07-09T07:04:37.105Z - info: Site data built
2021-07-09T07:04:37.105Z - info: Lazy website regeneration complete! Total build time: 1.751s
2021-07-09T07:04:38.191Z - debug:  
2021-07-09T07:09:30.473Z - info: [3:09:30 pm] Reload for file change: C:\repos\nus-cs2103\cs2103-website-base\admin\exams.md
2021-07-09T07:09:30.473Z - info: Synchronizing opened pages list before reload
2021-07-09T07:09:30.473Z - info: Current opened pages, from most-to-least recent:
2021-07-09T07:09:30.474Z - info: 1. schedule/week1/admin
2021-07-09T07:09:31.508Z - info: Rebuilding 1 pages
2021-07-09T07:09:33.443Z - info: Site data built
2021-07-09T07:09:33.443Z - info: Pages rebuilt
2021-07-09T07:09:33.443Z - info: Website regeneration complete! Total build time: 1.938s
2021-07-09T07:09:34.419Z - debug:  
2021-07-09T07:10:00.265Z - info: Building C:\repos\nus-cs2103\cs2103-website-base\admin\exams as some of its dependencies were changed since the last visit
2021-07-09T07:10:00.604Z - info: Site data built
2021-07-09T07:10:00.604Z - info: Lazy website regeneration complete! Total build time: 0.34s
2021-07-09T07:11:47.781Z - info: [3:11:47 pm] Reload for file change: C:\repos\nus-cs2103\cs2103-website-base\_markbind\layouts\header.md
2021-07-09T07:11:47.781Z - info: Synchronizing opened pages list before reload
2021-07-09T07:11:47.781Z - info: Current opened pages, from most-to-least recent:
2021-07-09T07:11:47.782Z - info: 1. admin/exams
2021-07-09T07:11:49.085Z - info: Rebuilding 1 pages
2021-07-09T07:11:49.208Z - info: Site data built
2021-07-09T07:11:49.208Z - info: Pages rebuilt
2021-07-09T07:11:49.208Z - info: Website regeneration complete! Total build time: 0.123s
2021-07-09T07:13:07.960Z - info: [3:13:07 pm] Reload for file change: C:\repos\nus-cs2103\cs2103-website-base\site.json
2021-07-09T07:13:07.960Z - info: Synchronizing opened pages list before reload
2021-07-09T07:13:07.961Z - info: Current opened pages, from most-to-least recent:
2021-07-09T07:13:07.961Z - info: 1. admin/exams
2021-07-09T07:13:11.921Z - info: No pages needed to be rebuilt
2021-07-09T07:14:05.255Z - info: [3:14:05 pm] Reload for file change: C:\repos\nus-cs2103\cs2103-website-base\_markbind\layouts\default.md
2021-07-09T07:14:05.256Z - info: Synchronizing opened pages list before reload
2021-07-09T07:14:05.256Z - info: Current opened pages, from most-to-least recent:
2021-07-09T07:14:05.256Z - info: 1. admin/exams
2021-07-09T07:14:06.392Z - info: No pages needed to be rebuilt
2021-07-09T07:14:12.510Z - info: Building C:\repos\nus-cs2103\cs2103-website-base\index as some of its dependencies were changed since the last visit
2021-07-09T07:14:12.837Z - info: Site data built
2021-07-09T07:14:12.837Z - info: Lazy website regeneration complete! Total build time: 0.327s
2021-07-09T07:14:22.543Z - info: [3:14:22 pm] Reload for file change: C:\repos\nus-cs2103\cs2103-website-base\_markbind\layouts\default.md
2021-07-09T07:14:22.543Z - info: Synchronizing opened pages list before reload
2021-07-09T07:14:22.543Z - info: Current opened pages, from most-to-least recent:
2021-07-09T07:14:22.543Z - info: 1. index
2021-07-09T07:14:23.626Z - info: Rebuilding 1 pages
2021-07-09T07:14:23.837Z - info: Site data built
2021-07-09T07:14:23.837Z - info: Pages rebuilt
2021-07-09T07:14:23.837Z - info: Website regeneration complete! Total build time: 0.212s
2021-07-09T07:14:27.930Z - info: Building C:\repos\nus-cs2103\cs2103-website-base\admin\index as some of its dependencies were changed since the last visit
2021-07-09T07:14:28.212Z - info: Site data built
2021-07-09T07:14:28.212Z - info: Lazy website regeneration complete! Total build time: 0.283s
2021-07-09T07:19:03.496Z - info: [3:19:03 pm] Reload for file change: C:\repos\nus-cs2103\cs2103-website-base\admin\index.md
2021-07-09T07:19:03.497Z - info: Synchronizing opened pages list before reload
2021-07-09T07:19:03.497Z - info: Current opened pages, from most-to-least recent:
2021-07-09T07:19:03.497Z - info: 1. index
2021-07-09T07:19:04.503Z - info: Rebuilding 1 pages
2021-07-09T07:19:04.796Z - info: Site data built
2021-07-09T07:19:04.796Z - info: Pages rebuilt
2021-07-09T07:19:04.796Z - info: Website regeneration complete! Total build time: 0.295s
2021-07-09T07:20:15.383Z - info: [3:20:15 pm] Reload for file change: C:\repos\nus-cs2103\cs2103-website-base\admin\index.md
2021-07-09T07:20:15.383Z - info: Synchronizing opened pages list before reload
2021-07-09T07:20:15.383Z - info: Current opened pages, from most-to-least recent:
2021-07-09T07:20:15.383Z - info: 1. index
2021-07-09T07:20:16.401Z - info: Rebuilding 1 pages
2021-07-09T07:20:16.779Z - info: Site data built
2021-07-09T07:20:16.779Z - info: Pages rebuilt
2021-07-09T07:20:16.779Z - info: Website regeneration complete! Total build time: 0.379s
2021-07-09T07:20:57.335Z - info: [3:20:57 pm] Reload for file change: C:\repos\nus-cs2103\cs2103-website-base\admin\index.md
2021-07-09T07:20:57.335Z - info: Synchronizing opened pages list before reload
2021-07-09T07:20:57.335Z - info: Current opened pages, from most-to-least recent:
2021-07-09T07:20:57.335Z - info: 1. index
2021-07-09T07:20:58.349Z - info: Rebuilding 1 pages
2021-07-09T07:20:58.619Z - info: Site data built
2021-07-09T07:20:58.619Z - info: Pages rebuilt
2021-07-09T07:20:58.619Z - info: Website regeneration complete! Total build time: 0.275s
2021-07-09T07:22:34.084Z - info: [3:22:34 pm] Reload for file change: C:\repos\nus-cs2103\cs2103-website-base\common\admin.njk
2021-07-09T07:22:34.084Z - info: Synchronizing opened pages list before reload
2021-07-09T07:22:34.085Z - info: Current opened pages, from most-to-least recent:
2021-07-09T07:22:34.085Z - info: 1. index
2021-07-09T07:22:35.234Z - info: Rebuilding 1 pages
2021-07-09T07:22:35.462Z - info: Site data built
2021-07-09T07:22:35.463Z - info: Pages rebuilt
2021-07-09T07:22:35.463Z - info: Website regeneration complete! Total build time: 0.23s
2021-07-09T07:22:41.932Z - info: [3:22:41 pm] Reload for file change: C:\repos\nus-cs2103\cs2103-website-base\admin\index.md
2021-07-09T07:22:41.932Z - info: Synchronizing opened pages list before reload
2021-07-09T07:22:41.932Z - info: Current opened pages, from most-to-least recent:
2021-07-09T07:22:41.932Z - info: 1. index
2021-07-09T07:22:42.945Z - info: Rebuilding 1 pages
2021-07-09T07:22:43.215Z - info: Site data built
2021-07-09T07:22:43.215Z - info: Pages rebuilt
2021-07-09T07:22:43.215Z - info: Website regeneration complete! Total build time: 0.272s
2021-07-09T07:22:50.181Z - info: [3:22:50 pm] Reload for file change: C:\repos\nus-cs2103\cs2103-website-base\site.json
2021-07-09T07:22:50.181Z - info: Synchronizing opened pages list before reload
2021-07-09T07:22:50.181Z - info: Current opened pages, from most-to-least recent:
2021-07-09T07:22:50.181Z - info: 1. index
2021-07-09T07:22:53.624Z - info: Rebuilding 1 pages
2021-07-09T07:22:53.714Z - info: Site data built
2021-07-09T07:22:53.714Z - info: Pages rebuilt
2021-07-09T07:22:53.714Z - info: Website regeneration complete! Total build time: 0.092s
2021-07-09T07:23:20.502Z - info: Website generation started at 3:23:18 pm
2021-07-09T07:23:26.693Z - info: Building assets...
2021-07-09T07:23:31.281Z - info: Assets built
2021-07-09T07:23:31.281Z - info: Generating pages...
2021-07-09T07:23:39.427Z - debug:  
2021-07-09T07:23:39.428Z - debug:  
2021-07-09T07:23:39.428Z - debug:  
2021-07-09T07:23:39.428Z - debug:  
2021-07-09T07:23:39.429Z - debug:  
2021-07-09T07:23:39.429Z - debug:  
2021-07-09T07:25:28.725Z - debug:  
2021-07-09T07:25:40.051Z - debug:  
2021-07-09T07:25:40.052Z - debug:  
2021-07-09T07:25:45.922Z - info: Pages built
2021-07-09T07:25:46.769Z - info: Site data built
2021-07-09T07:25:46.770Z - info: Website generation complete! Total build time: 148.32s
2021-07-09T07:25:47.583Z - info: Serving "C:\repos\nus-cs2103\cs2103-website-base\_site" at http://127.0.0.1:8080
2021-07-09T07:25:47.583Z - info: Press CTRL+C to stop ...
2021-07-09T07:33:33.706Z - info: [3:33:33 pm] Reload for file change: C:\repos\nus-cs2103\cs2103-website-base\_markbind\layouts\default.md
2021-07-09T07:33:34.993Z - info: Rebuilding 618 pages
2021-07-09T07:33:43.158Z - debug:  
2021-07-09T07:33:43.168Z - debug:  
2021-07-09T07:33:43.198Z - debug:  
2021-07-09T07:33:43.199Z - debug:  
2021-07-09T07:33:43.199Z - debug:  
2021-07-09T07:33:43.201Z - debug:  
2021-07-09T07:34:13.024Z - info: [3:34:13 pm] Reload for file change: C:\repos\nus-cs2103\cs2103-website-base\_markbind\layouts\default.md
2021-07-09T07:34:50.031Z - info: Site data built
2021-07-09T07:34:50.031Z - info: Pages rebuilt
2021-07-09T07:34:50.032Z - info: Website regeneration complete! Total build time: 75.041s
2021-07-09T07:34:50.118Z - info: Rebuilding 618 pages
2021-07-09T07:34:58.165Z - debug:  
2021-07-09T07:34:58.170Z - debug:  
2021-07-09T07:34:58.170Z - debug:  
2021-07-09T07:34:58.201Z - debug:  
2021-07-09T07:34:58.204Z - debug:  
2021-07-09T07:34:58.266Z - debug:  
2021-07-09T07:35:55.122Z - info: Site data built
2021-07-09T07:35:55.123Z - info: Pages rebuilt
2021-07-09T07:35:55.123Z - info: Website regeneration complete! Total build time: 65.007s
2021-07-09T07:39:09.945Z - info: [3:39:09 pm] Reload for file change: C:\repos\nus-cs2103\cs2103-website-base\common\macros.njk
2021-07-09T07:39:11.315Z - info: Rebuilding 770 pages
2021-07-09T07:39:18.255Z - debug:  
2021-07-09T07:39:18.255Z - debug:  
2021-07-09T07:39:18.257Z - debug:  
2021-07-09T07:39:18.257Z - debug:  
2021-07-09T07:39:18.257Z - debug:  
2021-07-09T07:39:18.260Z - debug:  
2021-07-09T07:41:05.318Z - debug:  
2021-07-09T07:41:15.753Z - debug:  
2021-07-09T07:41:15.754Z - debug:  
2021-07-09T07:41:21.795Z - info: Site data built
2021-07-09T07:41:21.795Z - info: Pages rebuilt
2021-07-09T07:41:21.795Z - info: Website regeneration complete! Total build time: 130.482s
2021-07-09T07:51:20.543Z - info: [3:51:20 pm] Reload for file change: C:\repos\nus-cs2103\cs2103-website-base\css\admin.css
2021-07-09T07:51:21.606Z - info: Assets built
2021-07-09T07:54:10.515Z - info: [3:54:10 pm] Reload for file change: C:\repos\nus-cs2103\cs2103-website-base\schedule\index.md
2021-07-09T07:54:11.523Z - info: Rebuilding 67 pages
2021-07-09T07:54:18.864Z - debug:  
2021-07-09T07:54:25.149Z - debug:  
2021-07-09T07:54:25.380Z - debug:  
2021-07-09T07:54:25.392Z - debug:  
2021-07-09T07:54:27.059Z - debug:  
2021-07-09T07:54:27.062Z - debug:  
2021-07-09T07:54:53.008Z - info: Website generation (lazy) started at 3:54:48 pm
2021-07-09T07:54:59.131Z - info: Building assets...
2021-07-09T07:55:03.941Z - info: Assets built
2021-07-09T07:55:03.941Z - info: Generating landing page...
2021-07-09T07:55:04.610Z - info: Landing page built, other pages will be built as you navigate to them!
2021-07-09T07:55:05.432Z - info: Site data built
2021-07-09T07:55:05.432Z - info: Website generation (lazy) complete! Total build time: 17.03s
2021-07-09T07:55:06.235Z - info: Serving "C:\repos\nus-cs2103\cs2103-website-base\_site" at http://127.0.0.1:8080
2021-07-09T07:55:06.236Z - info: Press CTRL+C to stop ...
2021-07-09T07:55:15.313Z - info: Building C:\repos\nus-cs2103\cs2103-website-base\schedule\week3\index as some of its dependencies were changed since the last visit
2021-07-09T07:55:18.510Z - info: Site data built
2021-07-09T07:55:18.511Z - info: Lazy website regeneration complete! Total build time: 3.198s
2021-07-09T07:55:21.534Z - info: Building C:\repos\nus-cs2103\cs2103-website-base\schedule\week3\project as some of its dependencies were changed since the last visit
2021-07-09T07:55:22.925Z - info: Site data built
2021-07-09T07:55:22.926Z - info: Lazy website regeneration complete! Total build time: 1.392s
2021-07-09T07:55:58.775Z - info: [3:55:58 pm] Reload for file change: C:\repos\nus-cs2103\cs2103-website-base\schedule\index.md
2021-07-09T07:55:58.775Z - info: Synchronizing opened pages list before reload
2021-07-09T07:55:58.775Z - info: Current opened pages, from most-to-least recent:
2021-07-09T07:55:58.776Z - info: 1. schedule/week3/project
2021-07-09T07:55:59.797Z - info: Rebuilding 1 pages
2021-07-09T07:56:01.192Z - info: Site data built
2021-07-09T07:56:01.192Z - info: Pages rebuilt
2021-07-09T07:56:01.193Z - info: Website regeneration complete! Total build time: 1.398s
2021-07-09T07:56:15.040Z - info: [3:56:15 pm] Reload for file change: C:\repos\nus-cs2103\cs2103-website-base\schedule\index.md
2021-07-09T07:56:15.041Z - info: Synchronizing opened pages list before reload
2021-07-09T07:56:15.041Z - info: Current opened pages, from most-to-least recent:
2021-07-09T07:56:15.041Z - info: 1. schedule/week3/project
2021-07-09T07:56:16.049Z - info: Rebuilding 1 pages
2021-07-09T07:56:17.035Z - info: Site data built
2021-07-09T07:56:17.035Z - info: Pages rebuilt
2021-07-09T07:56:17.035Z - info: Website regeneration complete! Total build time: 0.987s
2021-07-09T07:56:53.527Z - info: [3:56:53 pm] Reload for file change: C:\repos\nus-cs2103\cs2103-website-base\schedule\index.md
2021-07-09T07:56:53.527Z - info: Synchronizing opened pages list before reload
2021-07-09T07:56:53.528Z - info: Current opened pages, from most-to-least recent:
2021-07-09T07:56:53.528Z - info: 1. schedule/week3/project
2021-07-09T07:56:54.538Z - info: Rebuilding 1 pages
2021-07-09T07:56:55.793Z - info: Site data built
2021-07-09T07:56:55.793Z - info: Pages rebuilt
2021-07-09T07:56:55.793Z - info: Website regeneration complete! Total build time: 1.256s
2021-07-09T07:57:17.150Z - info: [3:57:17 pm] Reload for file change: C:\repos\nus-cs2103\cs2103-website-base\schedule\index.md
2021-07-09T07:57:17.151Z - info: Synchronizing opened pages list before reload
2021-07-09T07:57:17.151Z - info: Current opened pages, from most-to-least recent:
2021-07-09T07:57:17.151Z - info: 1. schedule/week3/project
2021-07-09T07:57:18.155Z - info: Rebuilding 1 pages
2021-07-09T07:57:18.173Z - error:  Template render error: (C:\repos\nus-cs2103\cs2103-website-base\schedule\week3\project.md)
  Template render error: (C:\repos\nus-cs2103\cs2103-website-base\schedule\week3\project.md)
  unexpected end of file
    at Object._prettifyError (C:\Users\dcsdcr\AppData\Roaming\npm\node_modules\markbind-cli\node_modules\nunjucks\src\lib.js:36:11)
    at C:\Users\dcsdcr\AppData\Roaming\npm\node_modules\markbind-cli\node_modules\@markbind\core\src\patches\nunjucks\context-overrides-frame.js:383:17
    at Template.root [as rootRenderFunc] (eval at _compile (C:\Users\dcsdcr\AppData\Roaming\npm\node_modules\markbind-cli\node_modules\nunjucks\src\environment.js:631:18), <anonymous>:29:3)
    at Template.render (C:\Users\dcsdcr\AppData\Roaming\npm\node_modules\markbind-cli\node_modules\@markbind\core\src\patches\nunjucks\context-overrides-frame.js:372:8)
    at C:\Users\dcsdcr\AppData\Roaming\npm\node_modules\markbind-cli\node_modules\@markbind\core\src\patches\nunjucks\context-overrides-frame.js:54:25
    at createTemplate (C:\Users\dcsdcr\AppData\Roaming\npm\node_modules\markbind-cli\node_modules\@markbind\core\src\patches\nunjucks\load-event.js:121:7)
    at handle (C:\Users\dcsdcr\AppData\Roaming\npm\node_modules\markbind-cli\node_modules\@markbind\core\src\patches\nunjucks\load-event.js:133:9)
    at C:\Users\dcsdcr\AppData\Roaming\npm\node_modules\markbind-cli\node_modules\@markbind\core\src\patches\nunjucks\load-event.js:145:7
    at next (C:\Users\dcsdcr\AppData\Roaming\npm\node_modules\markbind-cli\node_modules\nunjucks\src\lib.js:326:7)
    at Object.asyncIter (C:\Users\dcsdcr\AppData\Roaming\npm\node_modules\markbind-cli\node_modules\nunjucks\src\lib.js:332:3)
    at Environment.getTemplate (C:\Users\dcsdcr\AppData\Roaming\npm\node_modules\markbind-cli\node_modules\@markbind\core\src\patches\nunjucks\load-event.js:127:7)
    at Environment.render (C:\Users\dcsdcr\AppData\Roaming\npm\node_modules\markbind-cli\node_modules\@markbind\core\src\patches\nunjucks\context-overrides-frame.js:48:8)
    at VariableRenderer.renderFile (C:\Users\dcsdcr\AppData\Roaming\npm\node_modules\markbind-cli\node_modules\@markbind\core\src\variables\VariableRenderer.js:59:20)
    at VariableProcessor.renderWithSiteVariables (C:\Users\dcsdcr\AppData\Roaming\npm\node_modules\markbind-cli\node_modules\@markbind\core\src\variables\VariableProcessor.js:157:53)
    at Page.generate (C:\Users\dcsdcr\AppData\Roaming\npm\node_modules\markbind-cli\node_modules\@markbind\core\src\Page\index.js:469:37)
    at C:\Users\dcsdcr\AppData\Roaming\npm\node_modules\markbind-cli\node_modules\@markbind\core\src\Site\index.js:1122:20
2021-07-09T07:57:18.173Z - warn:  Error: Error while generating undefined
    at C:\Users\dcsdcr\AppData\Roaming\npm\node_modules\markbind-cli\node_modules\@markbind\core\src\Site\index.js:1130:15
    at async sequentialAsyncForEach (C:\Users\dcsdcr\AppData\Roaming\npm\node_modules\markbind-cli\node_modules\@markbind\core\src\utils\async.js:15:7)
    at async Site.generatePagesSequential (C:\Users\dcsdcr\AppData\Roaming\npm\node_modules\markbind-cli\node_modules\@markbind\core\src\Site\index.js:1113:5)
    at async C:\Users\dcsdcr\AppData\Roaming\npm\node_modules\markbind-cli\node_modules\@markbind\core\src\Site\index.js:1094:23
    at async sequentialAsyncForEach (C:\Users\dcsdcr\AppData\Roaming\npm\node_modules\markbind-cli\node_modules\@markbind\core\src\utils\async.js:15:7)
    at async Site.runPageGenerationTasks (C:\Users\dcsdcr\AppData\Roaming\npm\node_modules\markbind-cli\node_modules\@markbind\core\src\Site\index.js:1085:5)
    at async Site.regenerateAffectedPages (C:\Users\dcsdcr\AppData\Roaming\npm\node_modules\markbind-cli\node_modules\@markbind\core\src\Site\index.js:1316:7)
    at async Site._rebuildAffectedSourceFiles (C:\Users\dcsdcr\AppData\Roaming\npm\node_modules\markbind-cli\node_modules\@markbind\core\src\Site\index.js:742:7)
2021-07-09T07:58:09.057Z - info: [3:58:09 pm] Reload for file change: C:\repos\nus-cs2103\cs2103-website-base\schedule\index.md
2021-07-09T07:58:09.057Z - info: Synchronizing opened pages list before reload
2021-07-09T07:58:09.057Z - info: Current opened pages, from most-to-least recent:
2021-07-09T07:58:09.058Z - info: 1. schedule/week3/project
2021-07-09T07:58:10.065Z - info: No pages needed to be rebuilt
2021-07-09T07:58:54.946Z - info: [3:58:54 pm] Reload for file change: C:\repos\nus-cs2103\cs2103-website-base\schedule\index.md
2021-07-09T07:58:54.946Z - info: Synchronizing opened pages list before reload
2021-07-09T07:58:54.946Z - info: Current opened pages, from most-to-least recent:
2021-07-09T07:58:54.946Z - info: 1. schedule/week3/project
2021-07-09T07:58:55.963Z - info: No pages needed to be rebuilt
2021-07-09T07:59:15.630Z - info: Website generation (lazy) started at 3:59:13 pm
2021-07-09T07:59:21.854Z - info: Building assets...
2021-07-09T07:59:26.785Z - info: Assets built
2021-07-09T07:59:26.785Z - info: Generating landing page...
2021-07-09T07:59:27.438Z - info: Landing page built, other pages will be built as you navigate to them!
2021-07-09T07:59:28.229Z - info: Site data built
2021-07-09T07:59:28.229Z - info: Website generation (lazy) complete! Total build time: 14.577s
2021-07-09T07:59:28.943Z - info: Serving "C:\repos\nus-cs2103\cs2103-website-base\_site" at http://127.0.0.1:8080
2021-07-09T07:59:28.943Z - info: Press CTRL+C to stop ...
2021-07-09T07:59:37.257Z - info: Building C:\repos\nus-cs2103\cs2103-website-base\schedule\week3\index as some of its dependencies were changed since the last visit
2021-07-09T07:59:40.565Z - info: Site data built
2021-07-09T07:59:40.565Z - info: Lazy website regeneration complete! Total build time: 3.308s
2021-07-09T07:59:43.909Z - info: Building C:\repos\nus-cs2103\cs2103-website-base\schedule\week3\project as some of its dependencies were changed since the last visit
2021-07-09T07:59:44.134Z - info: Site data built
2021-07-09T07:59:44.134Z - info: Lazy website regeneration complete! Total build time: 0.225s
2021-07-09T08:00:02.269Z - info: [4:00:02 pm] Reload for file change: C:\repos\nus-cs2103\cs2103-website-base\schedule\index.md
2021-07-09T08:00:02.270Z - info: Synchronizing opened pages list before reload
2021-07-09T08:00:02.270Z - info: Current opened pages, from most-to-least recent:
2021-07-09T08:00:02.270Z - info: 1. schedule/week3/project
2021-07-09T08:00:03.278Z - info: Rebuilding 1 pages
2021-07-09T08:00:04.693Z - info: Site data built
2021-07-09T08:00:04.693Z - info: Pages rebuilt
2021-07-09T08:00:04.693Z - info: Website regeneration complete! Total build time: 1.417s
2021-07-09T08:01:56.506Z - info: [4:01:56 pm] Reload for file change: C:\repos\nus-cs2103\cs2103-website-base\schedule\index.md
2021-07-09T08:01:56.507Z - info: Synchronizing opened pages list before reload
2021-07-09T08:01:56.507Z - info: Current opened pages, from most-to-least recent:
2021-07-09T08:01:56.507Z - info: 1. schedule/week3/project
2021-07-09T08:01:57.513Z - info: Rebuilding 1 pages
2021-07-09T08:01:58.871Z - info: Site data built
2021-07-09T08:01:58.871Z - info: Pages rebuilt
2021-07-09T08:01:58.871Z - info: Website regeneration complete! Total build time: 1.359s
2021-07-09T08:02:05.638Z - info: Building C:\repos\nus-cs2103\cs2103-website-base\schedule\week3\topics as some of its dependencies were changed since the last visit
2021-07-09T08:02:07.287Z - info: Site data built
2021-07-09T08:02:07.287Z - info: Lazy website regeneration complete! Total build time: 1.649s
2021-07-09T08:02:11.604Z - info: Building C:\repos\nus-cs2103\cs2103-website-base\schedule\week3\tutorial as some of its dependencies were changed since the last visit
2021-07-09T08:02:12.270Z - info: Site data built
2021-07-09T08:02:12.270Z - info: Lazy website regeneration complete! Total build time: 0.666s
2021-07-09T08:02:15.752Z - info: Building C:\repos\nus-cs2103\cs2103-website-base\schedule\week3\index as some of its dependencies were changed since the last visit
2021-07-09T08:02:16.272Z - info: Site data built
2021-07-09T08:02:16.272Z - info: Lazy website regeneration complete! Total build time: 0.52s
2021-07-09T08:02:29.485Z - info: Building C:\repos\nus-cs2103\cs2103-website-base\admin\usingThisWebsite as some of its dependencies were changed since the last visit
2021-07-09T08:02:29.927Z - info: Site data built
2021-07-09T08:02:29.927Z - info: Lazy website regeneration complete! Total build time: 0.442s
2021-07-09T08:04:28.248Z - info: Website generation (lazy) started at 4:04:26 pm
2021-07-09T08:04:34.214Z - info: Building assets...
2021-07-09T08:04:38.635Z - info: Assets built
2021-07-09T08:04:38.635Z - info: Generating landing page...
2021-07-09T08:04:40.206Z - info: Landing page built, other pages will be built as you navigate to them!
2021-07-09T08:04:41.000Z - info: Site data built
2021-07-09T08:04:41.000Z - info: Website generation (lazy) complete! Total build time: 14.655s
2021-07-09T08:04:41.814Z - info: Serving "C:\repos\nus-cs2103\cs2103-website-base\_site" at http://127.0.0.1:8080
2021-07-09T08:04:41.814Z - info: Press CTRL+C to stop ...
2021-07-09T08:08:04.038Z - info: Building C:\repos\nus-cs2103\cs2103-website-base\schedule\week1\index as some of its dependencies were changed since the last visit
2021-07-09T08:08:04.557Z - info: Site data built
2021-07-09T08:08:04.558Z - info: Lazy website regeneration complete! Total build time: 0.52s
2021-07-09T08:08:08.399Z - info: Building C:\repos\nus-cs2103\cs2103-website-base\schedule\week2\index as some of its dependencies were changed since the last visit
2021-07-09T08:08:08.771Z - info: Site data built
2021-07-09T08:08:08.771Z - info: Lazy website regeneration complete! Total build time: 0.372s
2021-07-09T08:08:14.817Z - info: Building C:\repos\nus-cs2103\cs2103-website-base\schedule\week2\topics-py as some of its dependencies were changed since the last visit
2021-07-09T08:08:15.655Z - info: Site data built
2021-07-09T08:08:15.655Z - info: Lazy website regeneration complete! Total build time: 0.839s
2021-07-09T08:08:24.186Z - info: Building C:\repos\nus-cs2103\cs2103-website-base\schedule\week2\topics as some of its dependencies were changed since the last visit
2021-07-09T08:08:25.190Z - info: Site data built
2021-07-09T08:08:25.191Z - info: Lazy website regeneration complete! Total build time: 1.005s
2021-07-09T08:08:28.098Z - info: Building C:\repos\nus-cs2103\cs2103-website-base\schedule\week2\admin as some of its dependencies were changed since the last visit
2021-07-09T08:08:28.361Z - info: Site data built
2021-07-09T08:08:28.361Z - info: Lazy website regeneration complete! Total build time: 0.263s
2021-07-09T08:08:49.335Z - info: Building C:\repos\nus-cs2103\cs2103-website-base\schedule\week3\index as some of its dependencies were changed since the last visit
2021-07-09T08:08:49.946Z - info: Site data built
2021-07-09T08:08:49.947Z - info: Lazy website regeneration complete! Total build time: 0.612s
2021-07-09T08:09:23.499Z - info: Website generation (lazy) started at 4:09:21 pm
2021-07-09T08:09:29.843Z - info: Building assets...
2021-07-09T08:09:35.574Z - info: Assets built
2021-07-09T08:09:35.574Z - info: Generating landing page...
2021-07-09T08:09:36.202Z - info: Landing page built, other pages will be built as you navigate to them!
2021-07-09T08:09:37.007Z - info: Site data built
2021-07-09T08:09:37.007Z - info: Website generation (lazy) complete! Total build time: 15.429s
2021-07-09T08:09:37.811Z - info: Serving "C:\repos\nus-cs2103\cs2103-website-base\_site" at http://127.0.0.1:8080
2021-07-09T08:09:37.811Z - info: Press CTRL+C to stop ...
2021-07-09T08:10:24.821Z - info: Building C:\repos\nus-cs2103\cs2103-website-base\schedule\week1\index as some of its dependencies were changed since the last visit
2021-07-09T08:10:25.386Z - info: Site data built
2021-07-09T08:10:25.386Z - info: Lazy website regeneration complete! Total build time: 0.566s
2021-07-09T08:10:28.206Z - info: Building C:\repos\nus-cs2103\cs2103-website-base\schedule\week1\project as some of its dependencies were changed since the last visit
2021-07-09T08:10:28.429Z - info: Site data built
2021-07-09T08:10:28.429Z - info: Lazy website regeneration complete! Total build time: 0.224s
2021-07-09T08:10:31.174Z - info: Building C:\repos\nus-cs2103\cs2103-website-base\schedule\week1\tutorial as some of its dependencies were changed since the last visit
2021-07-09T08:10:31.415Z - info: Site data built
2021-07-09T08:10:31.415Z - info: Lazy website regeneration complete! Total build time: 0.241s
2021-07-09T08:13:55.320Z - info: [4:13:55 pm] Reload for file change: C:\repos\nus-cs2103\cs2103-website-base\_markbind\layouts\header.md
2021-07-09T08:13:55.321Z - info: Synchronizing opened pages list before reload
2021-07-09T08:13:55.321Z - info: Current opened pages, from most-to-least recent:
2021-07-09T08:13:55.321Z - info: 1. schedule/week1/tutorial
2021-07-09T08:13:56.476Z - info: Rebuilding 1 pages
2021-07-09T08:13:56.577Z - info: Site data built
2021-07-09T08:13:56.578Z - info: Pages rebuilt
2021-07-09T08:13:56.578Z - info: Website regeneration complete! Total build time: 0.103s
2021-07-09T08:15:39.778Z - info: Website generation (lazy) started at 4:15:37 pm
2021-07-09T08:15:44.612Z - info: Building assets...
2021-07-09T08:15:49.487Z - info: Assets built
2021-07-09T08:15:49.487Z - info: Generating landing page...
2021-07-09T08:15:51.022Z - info: Landing page built, other pages will be built as you navigate to them!
2021-07-09T08:15:51.649Z - info: Site data built
2021-07-09T08:15:51.649Z - info: Website generation (lazy) complete! Total build time: 13.875s
2021-07-09T08:15:52.373Z - info: Serving "C:\repos\nus-cs2103\cs2103-website-base\_site" at http://127.0.0.1:8080
2021-07-09T08:15:52.373Z - info: Press CTRL+C to stop ...
2021-07-09T08:16:43.941Z - info: Building C:\repos\nus-cs2103\cs2103-website-base\schedule\week1\index as some of its dependencies were changed since the last visit
2021-07-09T08:16:44.475Z - info: Site data built
2021-07-09T08:16:44.475Z - info: Lazy website regeneration complete! Total build time: 0.535s
2021-07-09T08:16:47.711Z - info: Building C:\repos\nus-cs2103\cs2103-website-base\schedule\week1\topics as some of its dependencies were changed since the last visit
2021-07-09T08:16:49.135Z - info: Site data built
2021-07-09T08:16:49.136Z - info: Lazy website regeneration complete! Total build time: 1.425s
2021-07-09T08:16:53.702Z - info: Building C:\repos\nus-cs2103\cs2103-website-base\schedule\week1\admin as some of its dependencies were changed since the last visit
2021-07-09T08:16:54.114Z - info: Site data built
2021-07-09T08:16:54.115Z - info: Lazy website regeneration complete! Total build time: 0.413s
2021-07-09T12:17:20.389Z - info: Website generation (lazy) started at 8:17:18 pm
2021-07-09T12:17:25.496Z - info: Building assets...
2021-07-09T12:17:29.716Z - info: Assets built
2021-07-09T12:17:29.717Z - info: Generating landing page...
2021-07-09T12:17:30.412Z - info: Landing page built, other pages will be built as you navigate to them!
2021-07-09T12:17:31.226Z - info: Site data built
2021-07-09T12:17:31.226Z - info: Website generation (lazy) complete! Total build time: 12.639s
2021-07-09T12:17:31.954Z - info: Serving "C:\repos\nus-cs2103\cs2103-website-base\_site" at http://127.0.0.1:8080
2021-07-09T12:17:31.954Z - info: Press CTRL+C to stop ...
2021-07-09T12:19:31.746Z - info: [8:19:31 pm] Reload for file change: C:\repos\nus-cs2103\cs2103-website-base\_markbind\variables.md
2021-07-09T12:19:31.748Z - info: Synchronizing opened pages list before reload
2021-07-09T12:19:31.748Z - info: Current opened pages, from most-to-least recent:
2021-07-09T12:19:31.748Z - info: 1. index
2021-07-09T12:19:32.898Z - warn: Rebuilding all pages as variables file was changed, or the --force-reload flag was set
2021-07-09T12:19:32.904Z - info: Rebuilding 1 pages
2021-07-09T12:19:33.292Z - info: Site data built
2021-07-09T12:19:33.292Z - info: Pages rebuilt
2021-07-09T12:19:33.292Z - info: Website regeneration complete! Total build time: 0.539s
2021-07-09T12:20:39.599Z - info: [8:20:39 pm] Reload for file change: C:\repos\nus-cs2103\cs2103-website-base\_markbind\variables.md
2021-07-09T12:20:39.599Z - info: Synchronizing opened pages list before reload
2021-07-09T12:20:39.600Z - info: Current opened pages, from most-to-least recent:
2021-07-09T12:20:39.600Z - info: 1. index
2021-07-09T12:20:40.700Z - warn: Rebuilding all pages as variables file was changed, or the --force-reload flag was set
2021-07-09T12:20:40.703Z - info: Rebuilding 1 pages
2021-07-09T12:20:40.969Z - info: Site data built
2021-07-09T12:20:40.970Z - info: Pages rebuilt
2021-07-09T12:20:40.970Z - info: Website regeneration complete! Total build time: 0.368s
2021-07-09T12:21:41.114Z - info: [8:21:41 pm] Reload for file change: C:\repos\nus-cs2103\cs2103-website-base\_markbind\variables.md
2021-07-09T12:21:41.114Z - info: Synchronizing opened pages list before reload
2021-07-09T12:21:41.114Z - info: Current opened pages, from most-to-least recent:
2021-07-09T12:21:41.114Z - info: 1. index
2021-07-09T12:21:42.166Z - warn: Rebuilding all pages as variables file was changed, or the --force-reload flag was set
2021-07-09T12:21:42.169Z - info: Rebuilding 1 pages
2021-07-09T12:21:42.428Z - info: Site data built
2021-07-09T12:21:42.428Z - info: Pages rebuilt
2021-07-09T12:21:42.428Z - info: Website regeneration complete! Total build time: 0.301s
2021-07-09T12:21:55.126Z - info: Building C:\repos\nus-cs2103\cs2103-website-base\schedule\timeline as some of its dependencies were changed since the last visit
2021-07-09T12:22:01.773Z - info: Site data built
2021-07-09T12:22:01.774Z - info: Lazy website regeneration complete! Total build time: 6.649s
2021-07-09T12:23:15.787Z - info: [8:23:15 pm] Reload for file change: C:\repos\nus-cs2103\cs2103-website-base\_markbind\variables.md
2021-07-09T12:23:15.787Z - info: Synchronizing opened pages list before reload
2021-07-09T12:23:15.788Z - info: Current opened pages, from most-to-least recent:
2021-07-09T12:23:15.788Z - info: 1. schedule/timeline
2021-07-09T12:23:16.949Z - warn: Rebuilding all pages as variables file was changed, or the --force-reload flag was set
2021-07-09T12:23:16.952Z - info: Rebuilding 1 pages
2021-07-09T12:23:21.270Z - info: Site data built
2021-07-09T12:23:21.271Z - info: Pages rebuilt
2021-07-09T12:23:21.272Z - info: Website regeneration complete! Total build time: 4.475s
2021-07-09T12:24:05.135Z - info: Building C:\repos\nus-cs2103\cs2103-website-base\admin\instructors as some of its dependencies were changed since the last visit
2021-07-09T12:24:05.469Z - info: Site data built
2021-07-09T12:24:05.470Z - info: Lazy website regeneration complete! Total build time: 0.336s
2021-07-09T12:24:57.561Z - info: [8:24:57 pm] Reload for file change: C:\repos\nus-cs2103\cs2103-website-base\_markbind\layouts\header.md
2021-07-09T12:24:57.561Z - info: Synchronizing opened pages list before reload
2021-07-09T12:24:57.561Z - info: Current opened pages, from most-to-least recent:
2021-07-09T12:24:57.562Z - info: 1. admin/instructors
2021-07-09T12:24:58.771Z - info: Rebuilding 1 pages
2021-07-09T12:24:58.872Z - info: Site data built
2021-07-09T12:24:58.873Z - info: Pages rebuilt
2021-07-09T12:24:58.873Z - info: Website regeneration complete! Total build time: 0.102s
2021-07-09T12:26:32.426Z - info: [8:26:32 pm] Reload for file change: C:\repos\nus-cs2103\cs2103-website-base\_markbind\layouts\header.md
2021-07-09T12:26:32.426Z - info: Synchronizing opened pages list before reload
2021-07-09T12:26:32.426Z - info: Current opened pages, from most-to-least recent:
2021-07-09T12:26:32.426Z - info: 1. admin/instructors
2021-07-09T12:26:33.695Z - info: Rebuilding 1 pages
2021-07-09T12:26:33.781Z - info: Site data built
2021-07-09T12:26:33.781Z - info: Pages rebuilt
2021-07-09T12:26:33.781Z - info: Website regeneration complete! Total build time: 0.088s
2021-07-09T12:27:22.239Z - info: [8:27:22 pm] Reload for file change: C:\repos\nus-cs2103\cs2103-website-base\_markbind\layouts\header.md
2021-07-09T12:27:22.240Z - info: Synchronizing opened pages list before reload
2021-07-09T12:27:22.240Z - info: Current opened pages, from most-to-least recent:
2021-07-09T12:27:22.240Z - info: 1. admin/instructors
2021-07-09T12:27:23.416Z - info: Rebuilding 1 pages
2021-07-09T12:27:23.500Z - info: Site data built
2021-07-09T12:27:23.500Z - info: Pages rebuilt
2021-07-09T12:27:23.500Z - info: Website regeneration complete! Total build time: 0.085s
2021-07-09T12:27:38.362Z - info: Building C:\repos\nus-cs2103\cs2103-website-base\index as some of its dependencies were changed since the last visit
2021-07-09T12:27:38.677Z - info: Site data built
2021-07-09T12:27:38.677Z - info: Lazy website regeneration complete! Total build time: 0.316s
2021-07-09T12:28:41.440Z - info: Website generation started at 8:28:39 pm
2021-07-09T12:28:46.313Z - info: Building assets...
2021-07-09T12:28:50.278Z - info: Assets built
2021-07-09T12:28:50.279Z - info: Generating pages...
2021-07-09T12:28:58.417Z - debug:  
2021-07-09T12:28:58.417Z - debug:  
2021-07-09T12:28:58.418Z - debug:  
2021-07-09T12:28:58.420Z - debug:  
2021-07-09T12:28:58.421Z - debug:  
2021-07-09T12:28:58.421Z - debug:  
2021-07-09T12:30:42.434Z - debug:  
2021-07-09T12:30:51.755Z - debug:  
2021-07-09T12:30:51.755Z - debug:  
2021-07-09T12:30:57.578Z - info: Pages built
2021-07-09T12:30:58.323Z - info: Site data built
2021-07-09T12:30:58.323Z - info: Website generation complete! Total build time: 138.485s
2021-07-09T12:30:58.323Z - info: Build success!
2021-07-09T12:31:10.111Z - info: Deployed at https://nus-cs2103-ay2021s2.github.io/website!
2021-07-09T12:43:05.544Z - info: Website generation started at 8:43:01 pm
2021-07-09T12:43:11.264Z - info: Building assets...
2021-07-09T12:43:15.585Z - info: Assets built
2021-07-09T12:43:15.586Z - info: Generating pages...
2021-07-09T12:43:23.937Z - debug:  
2021-07-09T12:43:23.938Z - debug:  
2021-07-09T12:43:23.938Z - debug:  
2021-07-09T12:43:23.938Z - debug:  
2021-07-09T12:43:23.938Z - debug:  
2021-07-09T12:43:23.938Z - debug:  
2021-07-09T12:44:57.667Z - debug:  
2021-07-09T12:45:05.853Z - debug:  
2021-07-09T12:45:05.853Z - debug:  
2021-07-09T12:45:10.487Z - info: Pages built
2021-07-09T12:45:11.166Z - info: Site data built
2021-07-09T12:45:11.166Z - info: Website generation complete! Total build time: 129.761s
2021-07-09T12:45:11.166Z - info: Build success!
2021-07-09T12:45:21.688Z - info: Deployed at https://nus-cs2103-ay2122s1.github.io/website!
2021-07-09T13:09:42.212Z - info: Website generation (lazy) started at 9:09:38 pm
2021-07-09T13:09:46.546Z - info: Building assets...
2021-07-09T13:09:50.807Z - info: Assets built
2021-07-09T13:09:50.807Z - info: Generating landing page...
2021-07-09T13:09:51.360Z - info: Landing page built, other pages will be built as you navigate to them!
2021-07-09T13:09:52.027Z - info: Site data built
2021-07-09T13:09:52.027Z - info: Website generation (lazy) complete! Total build time: 13.373s
2021-07-09T13:09:52.682Z - info: Serving "C:\repos\nus-cs2103\cs2103-website-base\_site" at http://127.0.0.1:8080
2021-07-09T13:09:52.682Z - info: Press CTRL+C to stop ...
2021-07-09T13:10:32.020Z - info: Website generation started at 9:10:30 pm
2021-07-09T13:10:36.060Z - info: Building assets...
2021-07-09T13:10:40.019Z - info: Assets built
2021-07-09T13:10:40.020Z - info: Generating pages...
2021-07-09T13:10:46.758Z - debug:  
2021-07-09T13:10:46.758Z - debug:  
2021-07-09T13:10:46.759Z - debug:  
2021-07-09T13:10:46.759Z - debug:  
2021-07-09T13:10:46.759Z - debug:  
2021-07-09T13:10:46.759Z - debug:  
2021-07-09T13:12:16.765Z - debug:  
2021-07-09T13:12:24.955Z - debug:  
2021-07-09T13:12:24.955Z - debug:  
2021-07-09T13:12:29.387Z - info: Pages built
2021-07-09T13:12:30.002Z - info: Site data built
2021-07-09T13:12:30.002Z - info: Website generation complete! Total build time: 119.416s
2021-07-09T13:12:30.002Z - info: Build success!
2021-07-09T13:12:40.288Z - info: Deployed at https://nus-cs2103-ay2021s2.github.io/website!
2021-07-09T14:41:15.401Z - info: Website generation (lazy) started at 10:41:10 pm
2021-07-09T14:41:21.326Z - info: Building assets...
2021-07-09T14:41:26.259Z - info: Assets built
2021-07-09T14:41:26.259Z - info: Generating landing page...
2021-07-09T14:41:26.922Z - info: Landing page built, other pages will be built as you navigate to them!
2021-07-09T14:41:27.752Z - info: Site data built
2021-07-09T14:41:27.752Z - info: Website generation (lazy) complete! Total build time: 17.242s
2021-07-09T14:41:28.563Z - info: Serving "C:\repos\nus-cs2103\cs2103-website-base\_site" at http://127.0.0.1:8080
2021-07-09T14:41:28.563Z - info: Press CTRL+C to stop ...
2021-07-09T14:43:45.248Z - info: Building C:\repos\nus-cs2103\cs2103-website-base\schedule\timeline as some of its dependencies were changed since the last visit
2021-07-09T14:43:52.760Z - info: Site data built
2021-07-09T14:43:52.762Z - info: Lazy website regeneration complete! Total build time: 7.516s
2021-07-09T14:44:25.023Z - info: Building C:\repos\nus-cs2103\cs2103-website-base\admin\tutorials as some of its dependencies were changed since the last visit
2021-07-09T14:44:25.558Z - info: Site data built
2021-07-09T14:44:25.559Z - info: Lazy website regeneration complete! Total build time: 0.537s
2021-07-09T14:52:12.720Z - info: Website generation started at 10:52:10 pm
2021-07-09T14:52:18.654Z - info: Building assets...
2021-07-09T14:52:23.311Z - info: Assets built
2021-07-09T14:52:23.312Z - info: Generating pages...
2021-07-09T14:52:29.976Z - debug:  
2021-07-09T14:52:29.984Z - debug:  
2021-07-09T14:52:31.414Z - debug:  
2021-07-09T14:52:31.448Z - debug:  
2021-07-09T14:52:31.449Z - debug:  
2021-07-09T14:52:31.449Z - debug:  
2021-07-09T14:54:22.214Z - debug:  
2021-07-09T14:54:37.220Z - debug:  
2021-07-09T14:54:37.220Z - debug:  
2021-07-09T14:54:43.044Z - info: Pages built
2021-07-09T14:54:43.929Z - info: Site data built
2021-07-09T14:54:43.930Z - info: Website generation complete! Total build time: 153.047s
2021-07-09T14:54:43.930Z - info: Build success!
2021-07-09T14:54:58.450Z - info: Deployed at https://nus-cs2113-ay2122s1.github.io/website!
2021-07-09T15:47:47.886Z - info: Website generation (lazy) started at 11:47:43 pm
2021-07-09T15:47:54.040Z - info: Building assets...
2021-07-09T15:48:00.166Z - info: Assets built
2021-07-09T15:48:00.166Z - info: Generating landing page...
2021-07-09T15:48:01.932Z - info: Landing page built, other pages will be built as you navigate to them!
2021-07-09T15:48:02.729Z - info: Site data built
2021-07-09T15:48:02.730Z - info: Website generation (lazy) complete! Total build time: 19.595s
2021-07-09T15:48:03.547Z - info: Serving "C:\repos\nus-cs2103\cs2103-website-base\_site" at http://127.0.0.1:8080
2021-07-09T15:48:03.547Z - info: Press CTRL+C to stop ...
2021-07-09T15:48:04.321Z - info: [11:48:04 pm] Reload for file change: C:\repos\nus-cs2103\cs2103-website-base\_markbind\variables.md
2021-07-09T15:48:04.322Z - info: Synchronizing opened pages list before reload
2021-07-09T15:48:04.322Z - info: No pages are currently opened
2021-07-09T15:48:05.632Z - warn: Rebuilding all pages as variables file was changed, or the --force-reload flag was set
2021-07-09T15:48:05.636Z - info: No pages needed to be rebuilt
2021-07-09T15:50:08.397Z - info: [11:50:08 pm] Reload for file change: C:\repos\nus-cs2103\cs2103-website-base\_markbind\variables.md
2021-07-09T15:50:08.397Z - info: Synchronizing opened pages list before reload
2021-07-09T15:50:08.397Z - info: Current opened pages, from most-to-least recent:
2021-07-09T15:50:08.398Z - info: 1. index
2021-07-09T15:50:09.528Z - warn: Rebuilding all pages as variables file was changed, or the --force-reload flag was set
2021-07-09T15:50:09.531Z - info: Rebuilding 1 pages
2021-07-09T15:50:10.978Z - info: Site data built
2021-07-09T15:50:10.978Z - info: Pages rebuilt
2021-07-09T15:50:10.978Z - info: Website regeneration complete! Total build time: 1.565s
2021-07-09T15:50:11.862Z - info: Building C:\repos\nus-cs2103\cs2103-website-base\schedule\timeline as some of its dependencies were changed since the last visit
2021-07-09T15:50:15.335Z - info: Site data built
2021-07-09T15:50:15.336Z - info: Lazy website regeneration complete! Total build time: 3.475s
2021-07-09T15:52:12.307Z - info: Website generation started at 11:52:10 pm
2021-07-09T15:52:18.189Z - info: Building assets...
2021-07-09T15:52:23.713Z - info: Assets built
2021-07-09T15:52:23.714Z - info: Generating pages...
2021-07-09T15:52:32.722Z - debug:  
2021-07-09T15:52:32.722Z - debug:  
2021-07-09T15:52:32.723Z - debug:  
2021-07-09T15:52:32.723Z - debug:  
2021-07-09T15:52:32.724Z - debug:  
2021-07-09T15:53:06.060Z - debug:  
2021-07-09T15:53:48.962Z - info: Pages built
2021-07-09T15:53:49.752Z - info: Site data built
2021-07-09T15:53:49.752Z - info: Website generation complete! Total build time: 99.397s
2021-07-09T15:53:49.752Z - info: Build success!
2021-07-09T15:54:03.976Z - info: Deployed at https://nus-tic2002-2021.github.io/website!
