2021-09-05T05:47:59.401Z - info: Website generation (lazy) started at 1:47:54 pm
2021-09-05T05:48:04.410Z - info: Building assets...
2021-09-05T05:48:09.730Z - info: Assets built
2021-09-05T05:48:09.731Z - info: Generating landing page...
2021-09-05T05:48:11.059Z - info: Landing page built, other pages will be built as you navigate to them!
2021-09-05T05:48:12.044Z - info: Site data built
2021-09-05T05:48:12.044Z - info: Website generation (lazy) complete! Total build time: 17.425s
2021-09-05T05:48:12.995Z - info: Serving "C:\repos\nus-cs2103\cs2103-website-base\_site" at http://127.0.0.1:8080
2021-09-05T05:48:12.995Z - info: Press CTRL+C to stop ...
2021-09-05T05:49:01.032Z - info: [1:49:01 pm] Reload for file change: C:\repos\nus-cs2103\cs2103-website-base\admin\ip-tasks.mbdf
2021-09-05T05:49:01.033Z - info: Synchronizing opened pages list before reload
2021-09-05T05:49:01.034Z - info: Current opened pages, from most-to-least recent:
2021-09-05T05:49:01.034Z - info: 1. index
2021-09-05T05:49:02.047Z - info: Rebuilding 1 pages
2021-09-05T05:49:02.889Z - info: Site data built
2021-09-05T05:49:02.889Z - info: Pages rebuilt
2021-09-05T05:49:02.889Z - info: Website regeneration complete! Total build time: 0.843s
2021-09-05T05:49:05.628Z - info: Building C:\repos\nus-cs2103\cs2103-website-base\schedule\week5\project as some of its dependencies were changed since the last visit
2021-09-05T05:49:07.035Z - info: Site data built
2021-09-05T05:49:07.036Z - info: Lazy website regeneration complete! Total build time: 1.408s
2021-09-05T05:49:19.793Z - info: Building C:\repos\nus-cs2103\cs2103-website-base\schedule\week4\index as some of its dependencies were changed since the last visit
2021-09-05T05:49:20.691Z - info: Site data built
2021-09-05T05:49:20.691Z - info: Lazy website regeneration complete! Total build time: 0.899s
2021-09-05T05:49:26.541Z - info: Building C:\repos\nus-cs2103\cs2103-website-base\schedule\week4\project as some of its dependencies were changed since the last visit
2021-09-05T05:49:27.832Z - info: Site data built
2021-09-05T05:49:27.832Z - info: Lazy website regeneration complete! Total build time: 1.291s
2021-09-05T07:12:21.143Z - info: [3:12:21 pm] Reload for file change: C:\repos\nus-cs2103\cs2103-website-base\_module-CS2103\studentData.mbdf
2021-09-05T07:12:21.146Z - info: Synchronizing opened pages list before reload
2021-09-05T07:12:21.147Z - info: Current opened pages, from most-to-least recent:
2021-09-05T07:12:21.148Z - info: 1. schedule/week4/project
2021-09-05T07:12:22.215Z - info: Assets built
2021-09-05T07:12:42.554Z - info: Building C:\repos\nus-cs2103\cs2103-website-base\admin\teamList as some of its dependencies were changed since the last visit
2021-09-05T07:12:43.086Z - info: Site data built
2021-09-05T07:12:43.086Z - info: Lazy website regeneration complete! Total build time: 0.532s
2021-09-05T07:13:36.700Z - info: Website generation (lazy) started at 3:13:34 pm
2021-09-05T07:13:42.491Z - info: Building assets...
2021-09-05T07:13:47.678Z - info: Assets built
2021-09-05T07:13:47.678Z - info: Generating landing page...
2021-09-05T07:13:49.339Z - info: Landing page built, other pages will be built as you navigate to them!
2021-09-05T07:13:50.153Z - info: Site data built
2021-09-05T07:13:50.154Z - info: Website generation (lazy) complete! Total build time: 15.444s
2021-09-05T07:13:50.989Z - info: Serving "C:\repos\nus-cs2103\cs2103-website-base\_site" at http://127.0.0.1:8080
2021-09-05T07:13:50.989Z - info: Press CTRL+C to stop ...
2021-09-05T07:16:52.486Z - info: Building C:\repos\nus-cs2103\cs2103-website-base\admin\teamList as some of its dependencies were changed since the last visit
2021-09-05T07:16:54.364Z - info: Site data built
2021-09-05T07:16:54.365Z - info: Lazy website regeneration complete! Total build time: 1.88s
2021-09-05T07:18:19.316Z - info: Building C:\repos\nus-cs2103\cs2103-website-base\se-book-adapted\index as some of its dependencies were changed since the last visit
2021-09-05T07:18:19.705Z - info: Site data built
2021-09-05T07:18:19.705Z - info: Lazy website regeneration complete! Total build time: 0.389s
2021-09-05T07:18:23.223Z - info: Building C:\repos\nus-cs2103\cs2103-website-base\se-book-adapted\chapters\intellij as some of its dependencies were changed since the last visit
2021-09-05T07:18:23.523Z - info: Site data built
2021-09-05T07:18:23.523Z - info: Lazy website regeneration complete! Total build time: 0.3s
2021-09-05T07:21:10.732Z - info: [3:21:10 pm] Reload for file change: C:\repos\nus-cs2103\cs2103-website-base\book\intellij\productivityShortcuts\text.md
2021-09-05T07:21:10.732Z - info: Synchronizing opened pages list before reload
2021-09-05T07:21:10.733Z - info: Current opened pages, from most-to-least recent:
2021-09-05T07:21:10.733Z - info: 1. se-book-adapted/chapters/intellij
2021-09-05T07:21:11.751Z - info: Rebuilding 1 pages
2021-09-05T07:21:11.987Z - info: Site data built
2021-09-05T07:21:11.987Z - info: Pages rebuilt
2021-09-05T07:21:11.987Z - info: Website regeneration complete! Total build time: 0.238s
2021-09-05T07:23:29.060Z - info: Website generation started at 3:23:27 pm
2021-09-05T07:23:34.788Z - info: Building assets...
2021-09-05T07:23:39.390Z - info: Assets built
2021-09-05T07:23:39.390Z - info: Generating pages...
2021-09-05T07:23:48.619Z - debug:  
2021-09-05T07:23:48.620Z - debug:  
2021-09-05T07:23:48.620Z - debug:  
2021-09-05T07:23:48.621Z - debug:  
2021-09-05T07:23:48.621Z - debug:  
2021-09-05T07:23:48.621Z - debug:  
2021-09-05T07:25:43.552Z - debug:  
2021-09-05T07:25:55.660Z - debug:  
2021-09-05T07:25:55.660Z - debug:  
2021-09-05T07:26:02.229Z - info: Pages built
2021-09-05T07:26:02.981Z - info: Site data built
2021-09-05T07:26:02.982Z - info: Website generation complete! Total build time: 155.64s
2021-09-05T07:26:02.982Z - info: Build success!
2021-09-05T07:26:14.547Z - info: Deployed at https://nus-cs2103-ay2122s1.github.io/website!
2021-09-05T07:42:55.151Z - info: Website generation (lazy) started at 3:42:50 pm
2021-09-05T07:43:00.981Z - info: Building assets...
2021-09-05T07:43:05.556Z - info: Assets built
2021-09-05T07:43:05.557Z - info: Generating landing page...
2021-09-05T07:43:06.975Z - info: Landing page built, other pages will be built as you navigate to them!
2021-09-05T07:43:08.023Z - info: Site data built
2021-09-05T07:43:08.023Z - info: Website generation (lazy) complete! Total build time: 17.926s
2021-09-05T07:43:08.986Z - info: Serving "C:\repos\nus-cs2103\cs2103-website-base\_site" at http://127.0.0.1:8080
2021-09-05T07:43:08.986Z - info: Press CTRL+C to stop ...
2021-09-05T07:45:04.915Z - info: Building C:\repos\nus-cs2103\cs2103-website-base\schedule\week5\tutorial as some of its dependencies were changed since the last visit
2021-09-05T07:45:06.178Z - info: Site data built
2021-09-05T07:45:06.179Z - info: Lazy website regeneration complete! Total build time: 1.266s
2021-09-05T08:50:40.616Z - info: Building C:\repos\nus-cs2103\cs2103-website-base\schedule\week4\project as some of its dependencies were changed since the last visit
2021-09-05T08:50:43.286Z - info: Site data built
2021-09-05T08:50:43.286Z - info: Lazy website regeneration complete! Total build time: 2.671s
2021-09-05T08:53:49.065Z - info: [4:53:49 pm] Reload for file change: C:\repos\nus-cs2103\cs2103-website-base\admin\ip-tasks.mbdf
2021-09-05T08:53:49.066Z - info: Synchronizing opened pages list before reload
2021-09-05T08:53:49.066Z - info: Current opened pages, from most-to-least recent:
2021-09-05T08:53:49.067Z - info: 1. schedule/week4/project
2021-09-05T08:53:50.078Z - info: Rebuilding 1 pages
2021-09-05T08:53:52.068Z - info: Site data built
2021-09-05T08:53:52.069Z - info: Pages rebuilt
2021-09-05T08:53:52.069Z - info: Website regeneration complete! Total build time: 1.992s
2021-09-05T08:54:23.748Z - info: [4:54:23 pm] Reload for file change: C:\repos\nus-cs2103\cs2103-website-base\admin\ip-tasks.mbdf
2021-09-05T08:54:23.749Z - info: Synchronizing opened pages list before reload
2021-09-05T08:54:23.753Z - info: Current opened pages, from most-to-least recent:
2021-09-05T08:54:23.754Z - info: 1. schedule/week4/project
2021-09-05T08:54:24.768Z - info: Rebuilding 1 pages
2021-09-05T08:54:26.682Z - info: Site data built
2021-09-05T08:54:26.683Z - info: Pages rebuilt
2021-09-05T08:54:26.683Z - info: Website regeneration complete! Total build time: 1.918s
2021-09-05T08:55:02.140Z - info: [4:55:02 pm] Reload for file change: C:\repos\nus-cs2103\cs2103-website-base\admin\ip-tasks.mbdf
2021-09-05T08:55:02.140Z - info: Synchronizing opened pages list before reload
2021-09-05T08:55:02.141Z - info: Current opened pages, from most-to-least recent:
2021-09-05T08:55:02.141Z - info: 1. schedule/week4/project
2021-09-05T08:55:03.158Z - info: Rebuilding 1 pages
2021-09-05T08:55:04.989Z - info: Site data built
2021-09-05T08:55:04.990Z - info: Pages rebuilt
2021-09-05T08:55:04.990Z - info: Website regeneration complete! Total build time: 1.835s
2021-09-05T09:01:47.377Z - info: [5:01:47 pm] Reload for file change: C:\repos\nus-cs2103\cs2103-website-base\admin\ip-tasks.mbdf
2021-09-05T09:01:47.377Z - info: Synchronizing opened pages list before reload
2021-09-05T09:01:47.377Z - info: Current opened pages, from most-to-least recent:
2021-09-05T09:01:47.378Z - info: 1. schedule/week4/project
2021-09-05T09:01:48.388Z - info: Rebuilding 1 pages
2021-09-05T09:01:50.550Z - info: Site data built
2021-09-05T09:01:50.550Z - info: Pages rebuilt
2021-09-05T09:01:50.551Z - info: Website regeneration complete! Total build time: 2.163s
2021-09-05T09:03:34.226Z - info: [5:03:34 pm] Reload for file change: C:\repos\nus-cs2103\cs2103-website-base\admin\ip-tasks.mbdf
2021-09-05T09:03:34.227Z - info: Synchronizing opened pages list before reload
2021-09-05T09:03:34.228Z - info: Current opened pages, from most-to-least recent:
2021-09-05T09:03:34.228Z - info: 1. schedule/week4/project
2021-09-05T09:03:35.248Z - info: Rebuilding 1 pages
2021-09-05T09:03:37.639Z - info: Site data built
2021-09-05T09:03:37.640Z - info: Pages rebuilt
2021-09-05T09:03:37.640Z - info: Website regeneration complete! Total build time: 2.393s
2021-09-05T09:04:24.961Z - info: [5:04:24 pm] Reload for file change: C:\repos\nus-cs2103\cs2103-website-base\admin\ip-tasks.mbdf
2021-09-05T09:04:24.961Z - info: Synchronizing opened pages list before reload
2021-09-05T09:04:24.962Z - info: Current opened pages, from most-to-least recent:
2021-09-05T09:04:24.962Z - info: 1. schedule/week4/project
2021-09-05T09:04:25.979Z - info: Rebuilding 1 pages
2021-09-05T09:04:28.389Z - info: Site data built
2021-09-05T09:04:28.389Z - info: Pages rebuilt
2021-09-05T09:04:28.390Z - info: Website regeneration complete! Total build time: 2.412s
2021-09-05T09:20:31.847Z - info: Website generation started at 5:20:30 pm
2021-09-05T09:20:37.838Z - info: Building assets...
2021-09-05T09:20:42.529Z - info: Assets built
2021-09-05T09:20:42.529Z - info: Generating pages...
2021-09-05T09:20:51.448Z - debug:  
2021-09-05T09:20:51.449Z - debug:  
2021-09-05T09:20:51.449Z - debug:  
2021-09-05T09:20:51.449Z - debug:  
2021-09-05T09:20:51.449Z - debug:  
2021-09-05T09:20:51.449Z - debug:  
2021-09-05T09:22:27.165Z - debug:  
2021-09-05T09:22:39.555Z - debug:  
2021-09-05T09:22:39.556Z - debug:  
2021-09-05T09:22:45.991Z - info: Pages built
2021-09-05T09:22:46.968Z - info: Site data built
2021-09-05T09:22:46.968Z - info: Website generation complete! Total build time: 136.826s
2021-09-05T09:22:46.968Z - info: Build success!
2021-09-05T09:22:59.472Z - info: Deployed at https://nus-cs2103-ay2122s1.github.io/website!
2021-09-05T09:25:53.960Z - info: Website generation (lazy) started at 5:25:47 pm
2021-09-05T09:25:59.588Z - info: Building assets...
2021-09-05T09:26:06.329Z - info: Assets built
2021-09-05T09:26:06.330Z - info: Generating landing page...
2021-09-05T09:26:07.995Z - info: Landing page built, other pages will be built as you navigate to them!
2021-09-05T09:26:09.076Z - info: Site data built
2021-09-05T09:26:09.076Z - info: Website generation (lazy) complete! Total build time: 21.443s
2021-09-05T09:26:10.153Z - info: Serving "C:\repos\nus-cs2103\cs2103-website-base\_site" at http://127.0.0.1:8080
2021-09-05T09:26:10.154Z - info: Press CTRL+C to stop ...
2021-09-05T09:26:45.015Z - info: [5:26:45 pm] Reload for file change: C:\repos\nus-cs2103\cs2103-website-base\_module-TIC4001\studentData.mbdf
2021-09-05T09:26:45.016Z - info: Synchronizing opened pages list before reload
2021-09-05T09:26:45.017Z - info: Current opened pages, from most-to-least recent:
2021-09-05T09:26:45.017Z - info: 1. index
2021-09-05T09:26:46.024Z - info: Rebuilding 1 pages
2021-09-05T09:26:47.178Z - info: Site data built
2021-09-05T09:26:47.178Z - info: Pages rebuilt
2021-09-05T09:26:47.178Z - info: Website regeneration complete! Total build time: 1.155s
2021-09-05T09:26:51.316Z - info: Building C:\repos\nus-cs2103\cs2103-website-base\admin\teamList as some of its dependencies were changed since the last visit
2021-09-05T09:26:51.681Z - info: Site data built
2021-09-05T09:26:51.681Z - info: Lazy website regeneration complete! Total build time: 0.365s
2021-09-05T09:39:05.416Z - info: Website generation started at 5:39:03 pm
2021-09-05T09:39:11.096Z - info: Building assets...
2021-09-05T09:39:15.456Z - info: Assets built
2021-09-05T09:39:15.456Z - info: Generating pages...
2021-09-05T09:39:22.937Z - debug:  
2021-09-05T09:39:22.938Z - debug:  
2021-09-05T09:39:22.938Z - debug:  
2021-09-05T09:39:22.938Z - debug:  
2021-09-05T09:39:22.939Z - debug:  
2021-09-05T09:39:22.990Z - debug:  
2021-09-05T09:40:51.951Z - debug:  
2021-09-05T09:40:59.316Z - debug:  
2021-09-05T09:40:59.316Z - debug:  
2021-09-05T09:41:02.727Z - info: Pages built
2021-09-05T09:41:03.568Z - info: Site data built
2021-09-05T09:41:03.568Z - info: Website generation complete! Total build time: 120.007s
2021-09-05T09:41:03.568Z - info: Build success!
2021-09-05T09:41:14.992Z - info: Deployed at https://nus-tic4001-ay2122s1.github.io/website!
