2021-07-27T03:30:18.642Z - info: Website generation (lazy) started at 11:30:13 am
2021-07-27T03:30:25.035Z - info: Building assets...
2021-07-27T03:30:30.832Z - info: Assets built
2021-07-27T03:30:30.832Z - info: Generating landing page...
2021-07-27T03:30:33.508Z - info: Landing page built, other pages will be built as you navigate to them!
2021-07-27T03:30:34.516Z - info: Site data built
2021-07-27T03:30:34.516Z - info: Website generation (lazy) complete! Total build time: 21.463s
2021-07-27T03:30:35.329Z - info: Serving "C:\repos\nus-cs2103\cs2103-website-base\_site" at http://127.0.0.1:8080
2021-07-27T03:30:35.329Z - info: Press CTRL+C to stop ...
2021-07-27T03:40:22.631Z - info: [11:40:22 am] Reload for file change: C:\repos\nus-cs2103\cs2103-website-base\book\uml\sequenceDiagrams\staticMethods\images\staticMethodCall.puml
2021-07-27T03:40:22.633Z - info: Synchronizing opened pages list before reload
2021-07-27T03:40:22.633Z - info: Current opened pages, from most-to-least recent:
2021-07-27T03:40:22.634Z - info: 1. index
2021-07-27T03:40:23.660Z - info: Assets built
2021-07-27T03:41:02.640Z - info: Website generation (lazy) started at 11:41:00 am
2021-07-27T03:41:06.925Z - info: Building assets...
2021-07-27T03:41:11.478Z - info: Assets built
2021-07-27T03:41:11.479Z - info: Generating landing page...
2021-07-27T03:41:12.130Z - info: Landing page built, other pages will be built as you navigate to them!
2021-07-27T03:41:12.841Z - info: Site data built
2021-07-27T03:41:12.841Z - info: Website generation (lazy) complete! Total build time: 11.878s
2021-07-27T03:41:13.520Z - info: Serving "C:\repos\nus-cs2103\cs2103-website-base\_site" at http://127.0.0.1:8080
2021-07-27T03:41:13.520Z - info: Press CTRL+C to stop ...
2021-07-27T03:45:20.289Z - info: Building C:\repos\nus-cs2103\cs2103-website-base\se-book-adapted\index as some of its dependencies were changed since the last visit
2021-07-27T03:45:20.718Z - info: Site data built
2021-07-27T03:45:20.719Z - info: Lazy website regeneration complete! Total build time: 0.43s
2021-07-27T03:45:25.516Z - info: Building C:\repos\nus-cs2103\cs2103-website-base\se-book-adapted\chapters\uml as some of its dependencies were changed since the last visit
2021-07-27T03:45:29.656Z - info: Site data built
2021-07-27T03:45:29.657Z - info: Lazy website regeneration complete! Total build time: 4.141s
2021-07-27T03:45:29.879Z - debug:  
2021-07-27T03:45:29.921Z - debug:  
2021-07-27T03:45:30.296Z - debug:  
2021-07-27T03:45:30.320Z - debug:  
2021-07-27T04:46:41.161Z - info: Building C:\repos\nus-cs2103\cs2103-website-base\se-book-adapted\chapters\gitAndGithub as some of its dependencies were changed since the last visit
2021-07-27T04:46:42.703Z - info: Site data built
2021-07-27T04:46:42.703Z - info: Lazy website regeneration complete! Total build time: 1.543s
2021-07-27T05:03:23.414Z - info: [1:03:23 pm] Reload for file change: C:\repos\nus-cs2103\cs2103-website-base\book\gitAndGithub\reviewPRs\text.md
2021-07-27T05:03:23.417Z - info: Synchronizing opened pages list before reload
2021-07-27T05:03:23.418Z - info: Current opened pages, from most-to-least recent:
2021-07-27T05:03:23.418Z - info: 1. se-book-adapted/chapters/gitAndGithub
2021-07-27T05:03:24.435Z - info: Rebuilding 1 pages
2021-07-27T05:03:25.703Z - info: Site data built
2021-07-27T05:03:25.704Z - info: Pages rebuilt
2021-07-27T05:03:25.704Z - info: Website regeneration complete! Total build time: 1.27s
2021-07-27T05:04:24.246Z - info: [1:04:24 pm] Reload for file add: C:\repos\nus-cs2103\cs2103-website-base\book\diagrams\gitAndGithub\managePrs\~$addComment.pptx
2021-07-27T05:04:24.247Z - info: Synchronizing opened pages list before reload
2021-07-27T05:04:24.247Z - info: Current opened pages, from most-to-least recent:
2021-07-27T05:04:24.247Z - info: 1. se-book-adapted/chapters/gitAndGithub
2021-07-27T05:04:27.982Z - info: Assets built
2021-07-27T05:11:31.421Z - info: [1:11:31 pm] Reload for file add: C:\repos\nus-cs2103\cs2103-website-base\book\diagrams\gitAndGithub\managePrs\pptE75D.tmp
2021-07-27T05:11:31.422Z - info: Synchronizing opened pages list before reload
2021-07-27T05:11:31.422Z - info: Current opened pages, from most-to-least recent:
2021-07-27T05:11:31.422Z - info: 1. se-book-adapted/chapters/gitAndGithub
2021-07-27T05:11:33.440Z - info: [1:11:33 pm] Reload for file change: C:\repos\nus-cs2103\cs2103-website-base\book\diagrams\gitAndGithub\managePrs\addComment.pptx
2021-07-27T05:11:33.440Z - info: Synchronizing opened pages list before reload
2021-07-27T05:11:33.440Z - info: Current opened pages, from most-to-least recent:
2021-07-27T05:11:33.440Z - info: 1. se-book-adapted/chapters/gitAndGithub
2021-07-27T05:11:33.546Z - info: [1:11:33 pm] Reload for file deletion: C:\repos\nus-cs2103\cs2103-website-base\book\diagrams\gitAndGithub\managePrs\pptE75D.tmp
2021-07-27T05:11:33.547Z - info: Synchronizing opened pages list before reload
2021-07-27T05:11:33.547Z - info: Current opened pages, from most-to-least recent:
2021-07-27T05:11:33.547Z - info: 1. se-book-adapted/chapters/gitAndGithub
2021-07-27T05:11:35.535Z - info: Assets built
2021-07-27T05:11:36.536Z - debug: Assets removed
2021-07-27T05:16:32.930Z - info: [1:16:32 pm] Reload for file change: C:\repos\nus-cs2103\cs2103-website-base\book\gitAndGithub\reviewPRs\text.md
2021-07-27T05:16:32.930Z - info: Synchronizing opened pages list before reload
2021-07-27T05:16:32.930Z - info: Current opened pages, from most-to-least recent:
2021-07-27T05:16:32.930Z - info: 1. se-book-adapted/chapters/gitAndGithub
2021-07-27T05:16:33.939Z - info: Rebuilding 1 pages
2021-07-27T05:16:34.898Z - info: Site data built
2021-07-27T05:16:34.899Z - info: Pages rebuilt
2021-07-27T05:16:34.899Z - info: Website regeneration complete! Total build time: 0.961s
2021-07-27T05:17:35.144Z - info: [1:17:35 pm] Reload for file change: C:\repos\nus-cs2103\cs2103-website-base\book\gitAndGithub\reviewPRs\text.md
2021-07-27T05:17:35.145Z - info: Synchronizing opened pages list before reload
2021-07-27T05:17:35.146Z - info: Current opened pages, from most-to-least recent:
2021-07-27T05:17:35.146Z - info: 1. se-book-adapted/chapters/gitAndGithub
2021-07-27T05:17:36.157Z - info: Rebuilding 1 pages
2021-07-27T05:17:37.076Z - info: Site data built
2021-07-27T05:17:37.077Z - info: Pages rebuilt
2021-07-27T05:17:37.077Z - info: Website regeneration complete! Total build time: 0.921s
2021-07-27T05:18:56.876Z - info: [1:18:56 pm] Reload for file change: C:\repos\nus-cs2103\cs2103-website-base\book\gitAndGithub\reviewPRs\text.md
2021-07-27T05:18:56.876Z - info: Synchronizing opened pages list before reload
2021-07-27T05:18:56.876Z - info: Current opened pages, from most-to-least recent:
2021-07-27T05:18:56.876Z - info: 1. se-book-adapted/chapters/gitAndGithub
2021-07-27T05:18:57.891Z - info: Rebuilding 1 pages
2021-07-27T05:18:58.677Z - info: Site data built
2021-07-27T05:18:58.678Z - info: Pages rebuilt
2021-07-27T05:18:58.678Z - info: Website regeneration complete! Total build time: 0.788s
2021-07-27T05:20:34.798Z - info: [1:20:34 pm] Reload for file change: C:\repos\nus-cs2103\cs2103-website-base\book\gitAndGithub\reviewPRs\text.md
2021-07-27T05:20:34.798Z - info: Synchronizing opened pages list before reload
2021-07-27T05:20:34.799Z - info: Current opened pages, from most-to-least recent:
2021-07-27T05:20:34.799Z - info: 1. se-book-adapted/chapters/gitAndGithub
2021-07-27T05:20:35.811Z - info: Rebuilding 1 pages
2021-07-27T05:20:36.745Z - info: Site data built
2021-07-27T05:20:36.745Z - info: Pages rebuilt
2021-07-27T05:20:36.745Z - info: Website regeneration complete! Total build time: 0.937s
2021-07-27T05:20:59.292Z - info: [1:20:59 pm] Reload for file change: C:\repos\nus-cs2103\cs2103-website-base\book\gitAndGithub\reviewPRs\text.md
2021-07-27T05:20:59.292Z - info: Synchronizing opened pages list before reload
2021-07-27T05:20:59.292Z - info: Current opened pages, from most-to-least recent:
2021-07-27T05:20:59.292Z - info: 1. se-book-adapted/chapters/gitAndGithub
2021-07-27T05:21:00.308Z - info: Rebuilding 1 pages
2021-07-27T05:21:00.946Z - info: Site data built
2021-07-27T05:21:00.947Z - info: Pages rebuilt
2021-07-27T05:21:00.947Z - info: Website regeneration complete! Total build time: 0.64s
2021-07-27T05:49:09.320Z - info: [1:49:09 pm] Reload for file change: C:\repos\nus-cs2103\cs2103-website-base\book\gitAndGithub\reviewPRs\images\addComment.png
2021-07-27T05:49:09.321Z - info: Synchronizing opened pages list before reload
2021-07-27T05:49:09.321Z - info: Current opened pages, from most-to-least recent:
2021-07-27T05:49:09.322Z - info: 1. se-book-adapted/chapters/gitAndGithub
2021-07-27T05:49:10.376Z - info: Assets built
2021-07-27T05:49:45.775Z - info: [1:49:45 pm] Reload for file add: C:\repos\nus-cs2103\cs2103-website-base\book\gitAndGithub\reviewPRs\images\addCommentForMultipleLines.png
2021-07-27T05:49:45.775Z - info: Synchronizing opened pages list before reload
2021-07-27T05:49:45.775Z - info: Current opened pages, from most-to-least recent:
2021-07-27T05:49:45.776Z - info: 1. se-book-adapted/chapters/gitAndGithub
2021-07-27T05:49:48.126Z - info: [1:49:48 pm] Reload for file change: C:\repos\nus-cs2103\cs2103-website-base\book\gitAndGithub\reviewPRs\images\addCommentForMultipleLines.png
2021-07-27T05:49:48.126Z - info: Synchronizing opened pages list before reload
2021-07-27T05:49:48.127Z - info: Current opened pages, from most-to-least recent:
2021-07-27T05:49:48.127Z - info: 1. se-book-adapted/chapters/gitAndGithub
2021-07-27T05:49:49.148Z - info: Assets built
2021-07-27T05:50:30.198Z - info: [1:50:30 pm] Reload for file change: C:\repos\nus-cs2103\cs2103-website-base\book\gitAndGithub\reviewPRs\text.md
2021-07-27T05:50:30.198Z - info: Synchronizing opened pages list before reload
2021-07-27T05:50:30.198Z - info: Current opened pages, from most-to-least recent:
2021-07-27T05:50:30.198Z - info: 1. se-book-adapted/chapters/gitAndGithub
2021-07-27T05:50:31.213Z - info: Rebuilding 1 pages
2021-07-27T05:50:32.475Z - info: Site data built
2021-07-27T05:50:32.476Z - info: Pages rebuilt
2021-07-27T05:50:32.476Z - info: Website regeneration complete! Total build time: 1.264s
2021-07-27T05:51:23.430Z - info: [1:51:23 pm] Reload for file change: C:\repos\nus-cs2103\cs2103-website-base\book\gitAndGithub\reviewPRs\text.md
2021-07-27T05:51:23.430Z - info: Synchronizing opened pages list before reload
2021-07-27T05:51:23.431Z - info: Current opened pages, from most-to-least recent:
2021-07-27T05:51:23.431Z - info: 1. se-book-adapted/chapters/gitAndGithub
2021-07-27T05:51:24.434Z - info: Rebuilding 1 pages
2021-07-27T05:51:25.514Z - info: Site data built
2021-07-27T05:51:25.514Z - info: Pages rebuilt
2021-07-27T05:51:25.515Z - info: Website regeneration complete! Total build time: 1.082s
2021-07-27T05:51:44.504Z - info: [1:51:44 pm] Reload for file add: C:\repos\nus-cs2103\cs2103-website-base\book\gitAndGithub\reviewPRs\images\giveInlineSuggestion.png
2021-07-27T05:51:44.504Z - info: Synchronizing opened pages list before reload
2021-07-27T05:51:44.504Z - info: Current opened pages, from most-to-least recent:
2021-07-27T05:51:44.504Z - info: 1. se-book-adapted/chapters/gitAndGithub
2021-07-27T05:51:46.901Z - info: [1:51:46 pm] Reload for file change: C:\repos\nus-cs2103\cs2103-website-base\book\gitAndGithub\reviewPRs\images\giveInlineSuggestion.png
2021-07-27T05:51:46.902Z - info: Synchronizing opened pages list before reload
2021-07-27T05:51:46.902Z - info: Current opened pages, from most-to-least recent:
2021-07-27T05:51:46.902Z - info: 1. se-book-adapted/chapters/gitAndGithub
2021-07-27T05:51:47.923Z - info: Assets built
2021-07-27T05:51:59.884Z - info: [1:51:59 pm] Reload for file add: C:\repos\nus-cs2103\cs2103-website-base\book\gitAndGithub\reviewPRs\images\giveInlineSuggestionPreview.png
2021-07-27T05:51:59.884Z - info: Synchronizing opened pages list before reload
2021-07-27T05:51:59.884Z - info: Current opened pages, from most-to-least recent:
2021-07-27T05:51:59.884Z - info: 1. se-book-adapted/chapters/gitAndGithub
2021-07-27T05:52:02.277Z - info: [1:52:02 pm] Reload for file change: C:\repos\nus-cs2103\cs2103-website-base\book\gitAndGithub\reviewPRs\images\giveInlineSuggestionPreview.png
2021-07-27T05:52:02.277Z - info: Synchronizing opened pages list before reload
2021-07-27T05:52:02.277Z - info: Current opened pages, from most-to-least recent:
2021-07-27T05:52:02.277Z - info: 1. se-book-adapted/chapters/gitAndGithub
2021-07-27T05:52:03.289Z - info: Assets built
2021-07-27T05:52:59.236Z - info: [1:52:59 pm] Reload for file change: C:\repos\nus-cs2103\cs2103-website-base\book\gitAndGithub\reviewPRs\text.md
2021-07-27T05:52:59.237Z - info: Synchronizing opened pages list before reload
2021-07-27T05:52:59.237Z - info: Current opened pages, from most-to-least recent:
2021-07-27T05:52:59.237Z - info: 1. se-book-adapted/chapters/gitAndGithub
2021-07-27T05:53:00.249Z - info: Rebuilding 1 pages
2021-07-27T05:53:01.163Z - info: Site data built
2021-07-27T05:53:01.164Z - info: Pages rebuilt
2021-07-27T05:53:01.164Z - info: Website regeneration complete! Total build time: 0.916s
2021-07-27T05:54:24.104Z - info: [1:54:24 pm] Reload for file change: C:\repos\nus-cs2103\cs2103-website-base\book\gitAndGithub\reviewPRs\text.md
2021-07-27T05:54:24.104Z - info: Synchronizing opened pages list before reload
2021-07-27T05:54:24.105Z - info: Current opened pages, from most-to-least recent:
2021-07-27T05:54:24.106Z - info: 1. se-book-adapted/chapters/gitAndGithub
2021-07-27T05:54:25.112Z - info: Rebuilding 1 pages
2021-07-27T05:54:26.182Z - info: Site data built
2021-07-27T05:54:26.182Z - info: Pages rebuilt
2021-07-27T05:54:26.183Z - info: Website regeneration complete! Total build time: 1.071s
2021-07-27T06:08:37.076Z - info: Building C:\repos\nus-cs2103\cs2103-website-base\schedule\timeline as some of its dependencies were changed since the last visit
2021-07-27T06:08:46.058Z - info: Site data built
2021-07-27T06:08:46.060Z - info: Lazy website regeneration complete! Total build time: 8.984s
2021-07-27T06:08:46.916Z - info: Building C:\repos\nus-cs2103\cs2103-website-base\schedule\timeline as some of its dependencies were changed since the last visit
2021-07-27T06:08:51.771Z - info: Site data built
2021-07-27T06:08:51.772Z - info: Lazy website regeneration complete! Total build time: 4.856s
2021-07-27T06:49:58.184Z - info: [2:49:58 pm] Reload for file change: C:\repos\nus-cs2103\cs2103-website-base\_module-CS2103\weeklyIpTasks.mbdf
2021-07-27T06:49:58.184Z - info: Synchronizing opened pages list before reload
2021-07-27T06:49:58.184Z - info: Current opened pages, from most-to-least recent:
2021-07-27T06:49:58.184Z - info: 1. schedule/timeline
2021-07-27T06:49:58.212Z - info: [2:49:58 pm] Reload for file change: C:\repos\nus-cs2103\cs2103-website-base\admin\ip-tasks.mbdf
2021-07-27T06:49:58.212Z - info: Synchronizing opened pages list before reload
2021-07-27T06:49:58.212Z - info: Current opened pages, from most-to-least recent:
2021-07-27T06:49:58.213Z - info: 1. schedule/timeline
2021-07-27T06:49:59.199Z - info: Rebuilding 1 pages
2021-07-27T06:50:01.320Z - error:  Error: No such segment '#heading_generate_new_jar' in file: C:\repos\nus-cs2103\cs2103-website-base\admin\ip-tasks.mbdf
Missing reference in C:\repos\nus-cs2103\cs2103-website-base\admin\ip-w5.md
    at processInclude (C:\Users\dcsdcr\AppData\Roaming\npm\node_modules\markbind-cli\node_modules\@markbind\core\src\html\includePanelProcessor.js:225:23)
    at NodeProcessor.processNode (C:\Users\dcsdcr\AppData\Roaming\npm\node_modules\markbind-cli\node_modules\@markbind\core\src\html\NodeProcessor.js:147:16)
    at NodeProcessor._process (C:\Users\dcsdcr\AppData\Roaming\npm\node_modules\markbind-cli\node_modules\@markbind\core\src\html\NodeProcessor.js:289:20)
    at C:\Users\dcsdcr\AppData\Roaming\npm\node_modules\markbind-cli\node_modules\@markbind\core\src\html\NodeProcessor.js:294:14
    at Array.forEach (<anonymous>)
    at NodeProcessor._process (C:\Users\dcsdcr\AppData\Roaming\npm\node_modules\markbind-cli\node_modules\@markbind\core\src\html\NodeProcessor.js:293:21)
    at C:\Users\dcsdcr\AppData\Roaming\npm\node_modules\markbind-cli\node_modules\@markbind\core\src\html\NodeProcessor.js:294:14
    at Array.forEach (<anonymous>)
    at NodeProcessor._process (C:\Users\dcsdcr\AppData\Roaming\npm\node_modules\markbind-cli\node_modules\@markbind\core\src\html\NodeProcessor.js:293:21)
    at C:\Users\dcsdcr\AppData\Roaming\npm\node_modules\markbind-cli\node_modules\@markbind\core\src\html\NodeProcessor.js:294:14
    at Array.forEach (<anonymous>)
    at NodeProcessor._process (C:\Users\dcsdcr\AppData\Roaming\npm\node_modules\markbind-cli\node_modules\@markbind\core\src\html\NodeProcessor.js:293:21)
    at C:\Users\dcsdcr\AppData\Roaming\npm\node_modules\markbind-cli\node_modules\@markbind\core\src\html\NodeProcessor.js:294:14
    at Array.forEach (<anonymous>)
    at NodeProcessor._process (C:\Users\dcsdcr\AppData\Roaming\npm\node_modules\markbind-cli\node_modules\@markbind\core\src\html\NodeProcessor.js:293:21)
    at C:\Users\dcsdcr\AppData\Roaming\npm\node_modules\markbind-cli\node_modules\@markbind\core\src\html\NodeProcessor.js:294:14
2021-07-27T06:50:04.513Z - info: Site data built
2021-07-27T06:50:04.513Z - info: Pages rebuilt
2021-07-27T06:50:04.513Z - info: Website regeneration complete! Total build time: 5.315s
2021-07-27T06:50:33.596Z - info: [2:50:33 pm] Reload for file change: C:\repos\nus-cs2103\cs2103-website-base\admin\ip-tasks.mbdf
2021-07-27T06:50:33.597Z - info: Synchronizing opened pages list before reload
2021-07-27T06:50:33.597Z - info: Current opened pages, from most-to-least recent:
2021-07-27T06:50:33.597Z - info: 1. schedule/timeline
2021-07-27T06:50:34.616Z - info: Rebuilding 1 pages
2021-07-27T06:50:36.373Z - error:  Error: No such segment '#heading_write_full_commit_messages' in file: C:\repos\nus-cs2103\cs2103-website-base\admin\ip-tasks.mbdf
Missing reference in C:\repos\nus-cs2103\cs2103-website-base\admin\ip-w5.md
    at processInclude (C:\Users\dcsdcr\AppData\Roaming\npm\node_modules\markbind-cli\node_modules\@markbind\core\src\html\includePanelProcessor.js:225:23)
    at NodeProcessor.processNode (C:\Users\dcsdcr\AppData\Roaming\npm\node_modules\markbind-cli\node_modules\@markbind\core\src\html\NodeProcessor.js:147:16)
    at NodeProcessor._process (C:\Users\dcsdcr\AppData\Roaming\npm\node_modules\markbind-cli\node_modules\@markbind\core\src\html\NodeProcessor.js:289:20)
    at C:\Users\dcsdcr\AppData\Roaming\npm\node_modules\markbind-cli\node_modules\@markbind\core\src\html\NodeProcessor.js:294:14
    at Array.forEach (<anonymous>)
    at NodeProcessor._process (C:\Users\dcsdcr\AppData\Roaming\npm\node_modules\markbind-cli\node_modules\@markbind\core\src\html\NodeProcessor.js:293:21)
    at C:\Users\dcsdcr\AppData\Roaming\npm\node_modules\markbind-cli\node_modules\@markbind\core\src\html\NodeProcessor.js:294:14
    at Array.forEach (<anonymous>)
    at NodeProcessor._process (C:\Users\dcsdcr\AppData\Roaming\npm\node_modules\markbind-cli\node_modules\@markbind\core\src\html\NodeProcessor.js:293:21)
    at C:\Users\dcsdcr\AppData\Roaming\npm\node_modules\markbind-cli\node_modules\@markbind\core\src\html\NodeProcessor.js:294:14
    at Array.forEach (<anonymous>)
    at NodeProcessor._process (C:\Users\dcsdcr\AppData\Roaming\npm\node_modules\markbind-cli\node_modules\@markbind\core\src\html\NodeProcessor.js:293:21)
    at C:\Users\dcsdcr\AppData\Roaming\npm\node_modules\markbind-cli\node_modules\@markbind\core\src\html\NodeProcessor.js:294:14
    at Array.forEach (<anonymous>)
    at NodeProcessor._process (C:\Users\dcsdcr\AppData\Roaming\npm\node_modules\markbind-cli\node_modules\@markbind\core\src\html\NodeProcessor.js:293:21)
    at C:\Users\dcsdcr\AppData\Roaming\npm\node_modules\markbind-cli\node_modules\@markbind\core\src\html\NodeProcessor.js:294:14
2021-07-27T06:50:39.423Z - info: Site data built
2021-07-27T06:50:39.423Z - info: Pages rebuilt
2021-07-27T06:50:39.423Z - info: Website regeneration complete! Total build time: 4.812s
2021-07-27T06:50:47.934Z - info: [2:50:47 pm] Reload for file change: C:\repos\nus-cs2103\cs2103-website-base\admin\ip-tasks.mbdf
2021-07-27T06:50:47.935Z - info: Synchronizing opened pages list before reload
2021-07-27T06:50:47.935Z - info: Current opened pages, from most-to-least recent:
2021-07-27T06:50:47.935Z - info: 1. schedule/timeline
2021-07-27T06:50:48.945Z - info: Rebuilding 1 pages
2021-07-27T06:50:52.801Z - info: Site data built
2021-07-27T06:50:52.801Z - info: Pages rebuilt
2021-07-27T06:50:52.801Z - info: Website regeneration complete! Total build time: 3.857s
2021-07-27T06:51:20.567Z - info: Building C:\repos\nus-cs2103\cs2103-website-base\schedule\week5\project as some of its dependencies were changed since the last visit
2021-07-27T06:51:22.475Z - info: Site data built
2021-07-27T06:51:22.475Z - info: Lazy website regeneration complete! Total build time: 1.909s
2021-07-27T06:53:36.752Z - info: [2:53:36 pm] Reload for file change: C:\repos\nus-cs2103\cs2103-website-base\admin\ip-tasks.mbdf
2021-07-27T06:53:36.752Z - info: Synchronizing opened pages list before reload
2021-07-27T06:53:36.753Z - info: Current opened pages, from most-to-least recent:
2021-07-27T06:53:36.753Z - info: 1. schedule/week5/project
2021-07-27T06:53:37.760Z - info: Rebuilding 1 pages
2021-07-27T06:53:39.212Z - info: Site data built
2021-07-27T06:53:39.213Z - info: Pages rebuilt
2021-07-27T06:53:39.213Z - info: Website regeneration complete! Total build time: 1.456s
2021-07-27T06:55:53.861Z - info: [2:55:53 pm] Reload for file change: C:\repos\nus-cs2103\cs2103-website-base\admin\ip-tasks.mbdf
2021-07-27T06:55:53.861Z - info: Synchronizing opened pages list before reload
2021-07-27T06:55:53.862Z - info: Current opened pages, from most-to-least recent:
2021-07-27T06:55:53.862Z - info: 1. schedule/week5/project
2021-07-27T06:55:54.869Z - info: Rebuilding 1 pages
2021-07-27T06:55:56.346Z - info: Site data built
2021-07-27T06:55:56.346Z - info: Pages rebuilt
2021-07-27T06:55:56.346Z - info: Website regeneration complete! Total build time: 1.48s
2021-07-27T06:57:09.513Z - info: [2:57:09 pm] Reload for file change: C:\repos\nus-cs2103\cs2103-website-base\admin\ip-tasks.mbdf
2021-07-27T06:57:09.513Z - info: Synchronizing opened pages list before reload
2021-07-27T06:57:09.513Z - info: Current opened pages, from most-to-least recent:
2021-07-27T06:57:09.513Z - info: 1. schedule/week5/project
2021-07-27T06:57:10.533Z - info: Rebuilding 1 pages
2021-07-27T06:57:11.990Z - info: Site data built
2021-07-27T06:57:11.991Z - info: Pages rebuilt
2021-07-27T06:57:11.991Z - info: Website regeneration complete! Total build time: 1.459s
2021-07-27T06:57:50.413Z - info: [2:57:50 pm] Reload for file change: C:\repos\nus-cs2103\cs2103-website-base\admin\ip-tasks.mbdf
2021-07-27T06:57:50.414Z - info: Synchronizing opened pages list before reload
2021-07-27T06:57:50.414Z - info: Current opened pages, from most-to-least recent:
2021-07-27T06:57:50.414Z - info: 1. schedule/week5/project
2021-07-27T06:57:51.436Z - info: Rebuilding 1 pages
2021-07-27T06:57:52.915Z - info: Site data built
2021-07-27T06:57:52.915Z - info: Pages rebuilt
2021-07-27T06:57:52.916Z - info: Website regeneration complete! Total build time: 1.483s
2021-07-27T07:20:14.404Z - info: Building C:\repos\nus-cs2103\cs2103-website-base\admin\appendixD-help as some of its dependencies were changed since the last visit
2021-07-27T07:20:14.706Z - info: Site data built
2021-07-27T07:20:14.707Z - info: Lazy website regeneration complete! Total build time: 0.304s
2021-07-27T07:27:55.234Z - info: [3:27:55 pm] Reload for file change: C:\repos\nus-cs2103\cs2103-website-base\admin\appendixD-help.md
2021-07-27T07:27:55.234Z - info: Synchronizing opened pages list before reload
2021-07-27T07:27:55.235Z - info: Current opened pages, from most-to-least recent:
2021-07-27T07:27:55.235Z - info: 1. admin/appendixD-help
2021-07-27T07:27:56.245Z - info: Rebuilding 1 pages
2021-07-27T07:27:56.406Z - info: Site data built
2021-07-27T07:27:56.406Z - info: Pages rebuilt
2021-07-27T07:27:56.406Z - info: Website regeneration complete! Total build time: 0.163s
2021-07-27T07:28:39.069Z - info: [3:28:39 pm] Reload for file change: C:\repos\nus-cs2103\cs2103-website-base\admin\appendixD-help.md
2021-07-27T07:28:39.069Z - info: Synchronizing opened pages list before reload
2021-07-27T07:28:39.069Z - info: Current opened pages, from most-to-least recent:
2021-07-27T07:28:39.070Z - info: 1. admin/appendixD-help
2021-07-27T07:28:40.079Z - info: Rebuilding 1 pages
2021-07-27T07:28:40.222Z - info: Site data built
2021-07-27T07:28:40.222Z - info: Pages rebuilt
2021-07-27T07:28:40.222Z - info: Website regeneration complete! Total build time: 0.145s
2021-07-27T07:31:22.841Z - info: [3:31:22 pm] Reload for file add: C:\repos\nus-cs2103\cs2103-website-base\admin\images\code-screenshot.png
2021-07-27T07:31:22.841Z - info: Synchronizing opened pages list before reload
2021-07-27T07:31:22.841Z - info: Current opened pages, from most-to-least recent:
2021-07-27T07:31:22.842Z - info: 1. admin/appendixD-help
2021-07-27T07:31:24.629Z - info: [3:31:24 pm] Reload for file change: C:\repos\nus-cs2103\cs2103-website-base\admin\images\code-screenshot.png
2021-07-27T07:31:24.629Z - info: Synchronizing opened pages list before reload
2021-07-27T07:31:24.629Z - info: Current opened pages, from most-to-least recent:
2021-07-27T07:31:24.629Z - info: 1. admin/appendixD-help
2021-07-27T07:31:25.552Z - info: Assets built
2021-07-27T07:31:59.858Z - info: [3:31:59 pm] Reload for file change: C:\repos\nus-cs2103\cs2103-website-base\admin\appendixD-help.md
2021-07-27T07:31:59.859Z - info: Synchronizing opened pages list before reload
2021-07-27T07:31:59.859Z - info: Current opened pages, from most-to-least recent:
2021-07-27T07:31:59.859Z - info: 1. admin/appendixD-help
2021-07-27T07:32:00.874Z - info: Rebuilding 1 pages
2021-07-27T07:32:01.021Z - info: Site data built
2021-07-27T07:32:01.021Z - info: Pages rebuilt
2021-07-27T07:32:01.021Z - info: Website regeneration complete! Total build time: 0.149s
2021-07-27T07:32:39.712Z - info: [3:32:39 pm] Reload for file change: C:\repos\nus-cs2103\cs2103-website-base\admin\appendixD-help.md
2021-07-27T07:32:39.712Z - info: Synchronizing opened pages list before reload
2021-07-27T07:32:39.712Z - info: Current opened pages, from most-to-least recent:
2021-07-27T07:32:39.712Z - info: 1. admin/appendixD-help
2021-07-27T07:32:40.718Z - info: Rebuilding 1 pages
2021-07-27T07:32:40.862Z - info: Site data built
2021-07-27T07:32:40.862Z - info: Pages rebuilt
2021-07-27T07:32:40.863Z - info: Website regeneration complete! Total build time: 0.145s
2021-07-27T07:33:12.242Z - info: [3:33:12 pm] Reload for file change: C:\repos\nus-cs2103\cs2103-website-base\admin\appendixD-help.md
2021-07-27T07:33:12.242Z - info: Synchronizing opened pages list before reload
2021-07-27T07:33:12.242Z - info: Current opened pages, from most-to-least recent:
2021-07-27T07:33:12.243Z - info: 1. admin/appendixD-help
2021-07-27T07:33:13.255Z - info: Rebuilding 1 pages
2021-07-27T07:33:13.472Z - info: Site data built
2021-07-27T07:33:13.472Z - info: Pages rebuilt
2021-07-27T07:33:13.472Z - info: Website regeneration complete! Total build time: 0.217s
2021-07-27T07:34:09.240Z - info: [3:34:09 pm] Reload for file change: C:\repos\nus-cs2103\cs2103-website-base\admin\appendixD-help.md
2021-07-27T07:34:09.240Z - info: Synchronizing opened pages list before reload
2021-07-27T07:34:09.240Z - info: Current opened pages, from most-to-least recent:
2021-07-27T07:34:09.240Z - info: 1. admin/appendixD-help
2021-07-27T07:34:10.244Z - info: Rebuilding 1 pages
2021-07-27T07:34:10.390Z - info: Site data built
2021-07-27T07:34:10.390Z - info: Pages rebuilt
2021-07-27T07:34:10.390Z - info: Website regeneration complete! Total build time: 0.148s
2021-07-27T07:34:47.912Z - info: [3:34:47 pm] Reload for file change: C:\repos\nus-cs2103\cs2103-website-base\admin\appendixD-help.md
2021-07-27T07:34:47.912Z - info: Synchronizing opened pages list before reload
2021-07-27T07:34:47.912Z - info: Current opened pages, from most-to-least recent:
2021-07-27T07:34:47.913Z - info: 1. admin/appendixD-help
2021-07-27T07:34:48.923Z - info: Rebuilding 1 pages
2021-07-27T07:34:49.065Z - info: Site data built
2021-07-27T07:34:49.065Z - info: Pages rebuilt
2021-07-27T07:34:49.065Z - info: Website regeneration complete! Total build time: 0.143s
2021-07-27T07:35:00.196Z - info: [3:35:00 pm] Reload for file change: C:\repos\nus-cs2103\cs2103-website-base\admin\appendixD-help.md
2021-07-27T07:35:00.196Z - info: Synchronizing opened pages list before reload
2021-07-27T07:35:00.196Z - info: Current opened pages, from most-to-least recent:
2021-07-27T07:35:00.196Z - info: 1. admin/appendixD-help
2021-07-27T07:35:01.207Z - info: Rebuilding 1 pages
2021-07-27T07:35:01.336Z - info: Site data built
2021-07-27T07:35:01.336Z - info: Pages rebuilt
2021-07-27T07:35:01.336Z - info: Website regeneration complete! Total build time: 0.13s
2021-07-27T07:36:17.130Z - info: [3:36:17 pm] Reload for file change: C:\repos\nus-cs2103\cs2103-website-base\admin\appendixD-help.md
2021-07-27T07:36:17.131Z - info: Synchronizing opened pages list before reload
2021-07-27T07:36:17.131Z - info: Current opened pages, from most-to-least recent:
2021-07-27T07:36:17.131Z - info: 1. admin/appendixD-help
2021-07-27T07:36:18.149Z - info: Rebuilding 1 pages
2021-07-27T07:36:18.289Z - info: Site data built
2021-07-27T07:36:18.289Z - info: Pages rebuilt
2021-07-27T07:36:18.289Z - info: Website regeneration complete! Total build time: 0.141s
2021-07-27T07:37:34.994Z - info: [3:37:34 pm] Reload for file change: C:\repos\nus-cs2103\cs2103-website-base\admin\appendixD-help.md
2021-07-27T07:37:34.994Z - info: Synchronizing opened pages list before reload
2021-07-27T07:37:34.994Z - info: Current opened pages, from most-to-least recent:
2021-07-27T07:37:34.995Z - info: 1. admin/appendixD-help
2021-07-27T07:37:36.009Z - info: Rebuilding 1 pages
2021-07-27T07:37:36.140Z - info: Site data built
2021-07-27T07:37:36.140Z - info: Pages rebuilt
2021-07-27T07:37:36.140Z - info: Website regeneration complete! Total build time: 0.131s
2021-07-27T07:38:14.333Z - info: [3:38:14 pm] Reload for file change: C:\repos\nus-cs2103\cs2103-website-base\admin\appendixD-help.md
2021-07-27T07:38:14.333Z - info: Synchronizing opened pages list before reload
2021-07-27T07:38:14.333Z - info: Current opened pages, from most-to-least recent:
2021-07-27T07:38:14.333Z - info: 1. admin/appendixD-help
2021-07-27T07:38:15.348Z - info: Rebuilding 1 pages
2021-07-27T07:38:15.492Z - info: Site data built
2021-07-27T07:38:15.492Z - info: Pages rebuilt
2021-07-27T07:38:15.492Z - info: Website regeneration complete! Total build time: 0.145s
2021-07-27T07:38:45.576Z - info: [3:38:45 pm] Reload for file change: C:\repos\nus-cs2103\cs2103-website-base\admin\appendixD-help.md
2021-07-27T07:38:45.576Z - info: Synchronizing opened pages list before reload
2021-07-27T07:38:45.576Z - info: Current opened pages, from most-to-least recent:
2021-07-27T07:38:45.576Z - info: 1. admin/appendixD-help
2021-07-27T07:38:46.584Z - info: Rebuilding 1 pages
2021-07-27T07:38:46.816Z - info: Site data built
2021-07-27T07:38:46.817Z - info: Pages rebuilt
2021-07-27T07:38:46.817Z - info: Website regeneration complete! Total build time: 0.236s
2021-07-27T07:38:57.915Z - info: [3:38:57 pm] Reload for file change: C:\repos\nus-cs2103\cs2103-website-base\admin\appendixD-help.md
2021-07-27T07:38:57.915Z - info: Synchronizing opened pages list before reload
2021-07-27T07:38:57.916Z - info: Current opened pages, from most-to-least recent:
2021-07-27T07:38:57.916Z - info: 1. admin/appendixD-help
2021-07-27T07:38:58.926Z - info: Rebuilding 1 pages
2021-07-27T07:38:59.069Z - info: Site data built
2021-07-27T07:38:59.069Z - info: Pages rebuilt
2021-07-27T07:38:59.069Z - info: Website regeneration complete! Total build time: 0.143s
2021-07-27T08:21:59.506Z - info: Building C:\repos\nus-cs2103\cs2103-website-base\schedule\timeline as some of its dependencies were changed since the last visit
2021-07-27T08:22:04.800Z - info: Site data built
2021-07-27T08:22:04.801Z - info: Lazy website regeneration complete! Total build time: 5.296s
2021-07-27T08:24:55.648Z - info: [4:24:55 pm] Reload for file change: C:\repos\nus-cs2103\cs2103-website-base\_module-CS2103\weeklyIpTasks.mbdf
2021-07-27T08:24:55.649Z - info: Synchronizing opened pages list before reload
2021-07-27T08:24:55.649Z - info: Current opened pages, from most-to-least recent:
2021-07-27T08:24:55.649Z - info: 1. schedule/timeline
2021-07-27T08:24:55.671Z - info: [4:24:55 pm] Reload for file change: C:\repos\nus-cs2103\cs2103-website-base\admin\ip-tasks.mbdf
2021-07-27T08:24:55.671Z - info: Synchronizing opened pages list before reload
2021-07-27T08:24:55.671Z - info: Current opened pages, from most-to-least recent:
2021-07-27T08:24:55.671Z - info: 1. schedule/timeline
2021-07-27T08:24:56.665Z - info: Rebuilding 1 pages
2021-07-27T08:25:00.082Z - info: Site data built
2021-07-27T08:25:00.083Z - info: Pages rebuilt
2021-07-27T08:25:00.083Z - info: Website regeneration complete! Total build time: 3.421s
2021-07-27T08:26:39.192Z - info: [4:26:39 pm] Reload for file change: C:\repos\nus-cs2103\cs2103-website-base\_module-CS2103\weeklyIpTasks.mbdf
2021-07-27T08:26:39.193Z - info: Synchronizing opened pages list before reload
2021-07-27T08:26:39.193Z - info: Current opened pages, from most-to-least recent:
2021-07-27T08:26:39.193Z - info: 1. schedule/timeline
2021-07-27T08:26:39.213Z - info: [4:26:39 pm] Reload for file change: C:\repos\nus-cs2103\cs2103-website-base\admin\ip-tasks.mbdf
2021-07-27T08:26:39.214Z - info: Synchronizing opened pages list before reload
2021-07-27T08:26:39.214Z - info: Current opened pages, from most-to-least recent:
2021-07-27T08:26:39.214Z - info: 1. schedule/timeline
2021-07-27T08:26:40.206Z - info: Rebuilding 1 pages
2021-07-27T08:26:43.685Z - info: Site data built
2021-07-27T08:26:43.686Z - info: Pages rebuilt
2021-07-27T08:26:43.686Z - info: Website regeneration complete! Total build time: 3.481s
2021-07-27T08:31:53.817Z - info: [4:31:53 pm] Reload for file change: C:\repos\nus-cs2103\cs2103-website-base\admin\ip-tasks.mbdf
2021-07-27T08:31:53.817Z - info: Synchronizing opened pages list before reload
2021-07-27T08:31:53.818Z - info: Current opened pages, from most-to-least recent:
2021-07-27T08:31:53.818Z - info: 1. schedule/timeline
2021-07-27T08:31:54.826Z - info: Rebuilding 1 pages
2021-07-27T08:31:58.609Z - info: Site data built
2021-07-27T08:31:58.610Z - info: Pages rebuilt
2021-07-27T08:31:58.610Z - info: Website regeneration complete! Total build time: 3.784s
2021-07-27T08:33:41.487Z - info: [4:33:41 pm] Reload for file change: C:\repos\nus-cs2103\cs2103-website-base\admin\ip-tasks.mbdf
2021-07-27T08:33:41.488Z - info: Synchronizing opened pages list before reload
2021-07-27T08:33:41.488Z - info: Current opened pages, from most-to-least recent:
2021-07-27T08:33:41.488Z - info: 1. schedule/timeline
2021-07-27T08:33:42.498Z - info: Rebuilding 1 pages
2021-07-27T08:33:45.919Z - info: Site data built
2021-07-27T08:33:45.920Z - info: Pages rebuilt
2021-07-27T08:33:45.920Z - info: Website regeneration complete! Total build time: 3.422s
2021-07-27T08:33:53.854Z - info: Building C:\repos\nus-cs2103\cs2103-website-base\schedule\week4\project as some of its dependencies were changed since the last visit
2021-07-27T08:33:55.459Z - info: Site data built
2021-07-27T08:33:55.459Z - info: Lazy website regeneration complete! Total build time: 1.606s
2021-07-27T08:34:08.857Z - info: [4:34:08 pm] Reload for file change: C:\repos\nus-cs2103\cs2103-website-base\admin\ip-tasks.mbdf
2021-07-27T08:34:08.857Z - info: Synchronizing opened pages list before reload
2021-07-27T08:34:08.857Z - info: Current opened pages, from most-to-least recent:
2021-07-27T08:34:08.857Z - info: 1. schedule/week4/project
2021-07-27T08:34:09.872Z - info: Rebuilding 1 pages
2021-07-27T08:34:10.999Z - info: Site data built
2021-07-27T08:34:11.000Z - info: Pages rebuilt
2021-07-27T08:34:11.000Z - info: Website regeneration complete! Total build time: 1.13s
2021-07-27T08:34:29.035Z - info: [4:34:29 pm] Reload for file change: C:\repos\nus-cs2103\cs2103-website-base\admin\ip-tasks.mbdf
2021-07-27T08:34:29.035Z - info: Synchronizing opened pages list before reload
2021-07-27T08:34:29.036Z - info: Current opened pages, from most-to-least recent:
2021-07-27T08:34:29.036Z - info: 1. schedule/week4/project
2021-07-27T08:34:30.059Z - info: Rebuilding 1 pages
2021-07-27T08:34:31.563Z - info: Site data built
2021-07-27T08:34:31.564Z - info: Pages rebuilt
2021-07-27T08:34:31.564Z - info: Website regeneration complete! Total build time: 1.508s
2021-07-27T08:34:57.612Z - info: [4:34:57 pm] Reload for file change: C:\repos\nus-cs2103\cs2103-website-base\admin\ip-tasks.mbdf
2021-07-27T08:34:57.612Z - info: Synchronizing opened pages list before reload
2021-07-27T08:34:57.613Z - info: Current opened pages, from most-to-least recent:
2021-07-27T08:34:57.613Z - info: 1. schedule/week4/project
2021-07-27T08:34:58.635Z - info: Rebuilding 1 pages
2021-07-27T08:35:00.146Z - info: Site data built
2021-07-27T08:35:00.147Z - info: Pages rebuilt
2021-07-27T08:35:00.147Z - info: Website regeneration complete! Total build time: 1.513s
2021-07-27T08:35:30.351Z - info: [4:35:30 pm] Reload for file change: C:\repos\nus-cs2103\cs2103-website-base\admin\ip-tasks.mbdf
2021-07-27T08:35:30.352Z - info: Synchronizing opened pages list before reload
2021-07-27T08:35:30.352Z - info: Current opened pages, from most-to-least recent:
2021-07-27T08:35:30.352Z - info: 1. schedule/week4/project
2021-07-27T08:35:31.365Z - info: Rebuilding 1 pages
2021-07-27T08:35:32.861Z - info: Site data built
2021-07-27T08:35:32.861Z - info: Pages rebuilt
2021-07-27T08:35:32.861Z - info: Website regeneration complete! Total build time: 1.499s
2021-07-27T08:36:10.661Z - info: [4:36:10 pm] Reload for file change: C:\repos\nus-cs2103\cs2103-website-base\admin\ip-tasks.mbdf
2021-07-27T08:36:10.661Z - info: Synchronizing opened pages list before reload
2021-07-27T08:36:10.662Z - info: Current opened pages, from most-to-least recent:
2021-07-27T08:36:10.662Z - info: 1. schedule/week4/project
2021-07-27T08:36:11.681Z - info: Rebuilding 1 pages
2021-07-27T08:36:13.172Z - info: Site data built
2021-07-27T08:36:13.173Z - info: Pages rebuilt
2021-07-27T08:36:13.173Z - info: Website regeneration complete! Total build time: 1.493s
2021-07-27T08:37:33.070Z - info: [4:37:33 pm] Reload for file change: C:\repos\nus-cs2103\cs2103-website-base\admin\ip-tasks.mbdf
2021-07-27T08:37:33.071Z - info: Synchronizing opened pages list before reload
2021-07-27T08:37:33.071Z - info: Current opened pages, from most-to-least recent:
2021-07-27T08:37:33.071Z - info: 1. schedule/week4/project
2021-07-27T08:37:34.086Z - info: Rebuilding 1 pages
2021-07-27T08:37:35.620Z - info: Site data built
2021-07-27T08:37:35.620Z - info: Pages rebuilt
2021-07-27T08:37:35.620Z - info: Website regeneration complete! Total build time: 1.535s
2021-07-27T08:37:50.167Z - info: [4:37:50 pm] Reload for file change: C:\repos\nus-cs2103\cs2103-website-base\admin\ip-tasks.mbdf
2021-07-27T08:37:50.167Z - info: Synchronizing opened pages list before reload
2021-07-27T08:37:50.168Z - info: Current opened pages, from most-to-least recent:
2021-07-27T08:37:50.168Z - info: 1. schedule/week4/project
2021-07-27T08:37:51.180Z - info: Rebuilding 1 pages
2021-07-27T08:37:52.317Z - info: Site data built
2021-07-27T08:37:52.317Z - info: Pages rebuilt
2021-07-27T08:37:52.317Z - info: Website regeneration complete! Total build time: 1.139s
2021-07-27T08:37:59.628Z - info: [4:37:59 pm] Reload for file change: C:\repos\nus-cs2103\cs2103-website-base\admin\ip-tasks.mbdf
2021-07-27T08:37:59.628Z - info: Synchronizing opened pages list before reload
2021-07-27T08:37:59.628Z - info: Current opened pages, from most-to-least recent:
2021-07-27T08:37:59.628Z - info: 1. schedule/week4/project
2021-07-27T08:38:00.648Z - info: Rebuilding 1 pages
2021-07-27T08:38:01.735Z - info: Site data built
2021-07-27T08:38:01.736Z - info: Pages rebuilt
2021-07-27T08:38:01.736Z - info: Website regeneration complete! Total build time: 1.09s
2021-07-27T08:38:33.043Z - info: [4:38:33 pm] Reload for file change: C:\repos\nus-cs2103\cs2103-website-base\admin\ip-tasks.mbdf
2021-07-27T08:38:33.043Z - info: Synchronizing opened pages list before reload
2021-07-27T08:38:33.044Z - info: Current opened pages, from most-to-least recent:
2021-07-27T08:38:33.044Z - info: 1. schedule/week4/project
2021-07-27T08:38:34.047Z - info: Rebuilding 1 pages
2021-07-27T08:38:35.852Z - info: Site data built
2021-07-27T08:38:35.852Z - info: Pages rebuilt
2021-07-27T08:38:35.852Z - info: Website regeneration complete! Total build time: 1.805s
2021-07-27T08:40:55.809Z - info: [4:40:55 pm] Reload for file change: C:\repos\nus-cs2103\cs2103-website-base\admin\ip-tasks.mbdf
2021-07-27T08:40:55.809Z - info: Synchronizing opened pages list before reload
2021-07-27T08:40:55.810Z - info: Current opened pages, from most-to-least recent:
2021-07-27T08:40:55.810Z - info: 1. schedule/week4/project
2021-07-27T08:40:56.820Z - info: Rebuilding 1 pages
2021-07-27T08:40:58.371Z - info: Site data built
2021-07-27T08:40:58.371Z - info: Pages rebuilt
2021-07-27T08:40:58.371Z - info: Website regeneration complete! Total build time: 1.551s
2021-07-27T08:41:35.796Z - info: [4:41:35 pm] Reload for file change: C:\repos\nus-cs2103\cs2103-website-base\admin\ip-tasks.mbdf
2021-07-27T08:41:35.796Z - info: Synchronizing opened pages list before reload
2021-07-27T08:41:35.796Z - info: Current opened pages, from most-to-least recent:
2021-07-27T08:41:35.796Z - info: 1. schedule/week4/project
2021-07-27T08:41:36.804Z - info: Rebuilding 1 pages
2021-07-27T08:41:38.385Z - info: Site data built
2021-07-27T08:41:38.386Z - info: Pages rebuilt
2021-07-27T08:41:38.386Z - info: Website regeneration complete! Total build time: 1.583s
2021-07-27T08:41:47.925Z - info: [4:41:47 pm] Reload for file change: C:\repos\nus-cs2103\cs2103-website-base\admin\ip-tasks.mbdf
2021-07-27T08:41:47.925Z - info: Synchronizing opened pages list before reload
2021-07-27T08:41:47.925Z - info: Current opened pages, from most-to-least recent:
2021-07-27T08:41:47.925Z - info: 1. schedule/week4/project
2021-07-27T08:41:48.932Z - info: Rebuilding 1 pages
2021-07-27T08:41:50.086Z - info: Site data built
2021-07-27T08:41:50.086Z - info: Pages rebuilt
2021-07-27T08:41:50.086Z - info: Website regeneration complete! Total build time: 1.156s
2021-07-27T08:43:58.384Z - info: [4:43:58 pm] Reload for file change: C:\repos\nus-cs2103\cs2103-website-base\admin\ip-tasks.mbdf
2021-07-27T08:43:58.384Z - info: Synchronizing opened pages list before reload
2021-07-27T08:43:58.384Z - info: Current opened pages, from most-to-least recent:
2021-07-27T08:43:58.384Z - info: 1. schedule/week4/project
2021-07-27T08:43:59.399Z - info: Rebuilding 1 pages
2021-07-27T08:44:00.955Z - info: Site data built
2021-07-27T08:44:00.956Z - info: Pages rebuilt
2021-07-27T08:44:00.956Z - info: Website regeneration complete! Total build time: 1.559s
2021-07-27T08:44:57.283Z - info: [4:44:57 pm] Reload for file change: C:\repos\nus-cs2103\cs2103-website-base\admin\ip-tasks.mbdf
2021-07-27T08:44:57.283Z - info: Synchronizing opened pages list before reload
2021-07-27T08:44:57.283Z - info: Current opened pages, from most-to-least recent:
2021-07-27T08:44:57.284Z - info: 1. schedule/week4/project
2021-07-27T08:44:58.293Z - info: Rebuilding 1 pages
2021-07-27T08:44:59.916Z - info: Site data built
2021-07-27T08:44:59.916Z - info: Pages rebuilt
2021-07-27T08:44:59.916Z - info: Website regeneration complete! Total build time: 1.624s
2021-07-27T08:46:45.941Z - info: [4:46:45 pm] Reload for file change: C:\repos\nus-cs2103\cs2103-website-base\admin\ip-tasks.mbdf
2021-07-27T08:46:45.941Z - info: Synchronizing opened pages list before reload
2021-07-27T08:46:45.942Z - info: Current opened pages, from most-to-least recent:
2021-07-27T08:46:45.942Z - info: 1. schedule/week4/project
2021-07-27T08:46:46.949Z - info: Rebuilding 1 pages
2021-07-27T08:46:48.483Z - info: Site data built
2021-07-27T08:46:48.483Z - info: Pages rebuilt
2021-07-27T08:46:48.483Z - info: Website regeneration complete! Total build time: 1.536s
2021-07-27T08:46:59.732Z - info: [4:46:59 pm] Reload for file change: C:\repos\nus-cs2103\cs2103-website-base\admin\ip-tasks.mbdf
2021-07-27T08:46:59.732Z - info: Synchronizing opened pages list before reload
2021-07-27T08:46:59.732Z - info: Current opened pages, from most-to-least recent:
2021-07-27T08:46:59.732Z - info: 1. schedule/week4/project
2021-07-27T08:47:00.740Z - info: Rebuilding 1 pages
2021-07-27T08:47:01.959Z - info: Site data built
2021-07-27T08:47:01.959Z - info: Pages rebuilt
2021-07-27T08:47:01.959Z - info: Website regeneration complete! Total build time: 1.22s
2021-07-27T08:47:06.594Z - info: [4:47:06 pm] Reload for file change: C:\repos\nus-cs2103\cs2103-website-base\admin\ip-tasks.mbdf
2021-07-27T08:47:06.594Z - info: Synchronizing opened pages list before reload
2021-07-27T08:47:06.594Z - info: Current opened pages, from most-to-least recent:
2021-07-27T08:47:06.595Z - info: 1. schedule/week4/project
2021-07-27T08:47:07.607Z - info: Rebuilding 1 pages
2021-07-27T08:47:08.699Z - info: Site data built
2021-07-27T08:47:08.699Z - info: Pages rebuilt
2021-07-27T08:47:08.699Z - info: Website regeneration complete! Total build time: 1.094s
2021-07-27T08:48:18.203Z - info: [4:48:18 pm] Reload for file change: C:\repos\nus-cs2103\cs2103-website-base\admin\ip-tasks.mbdf
2021-07-27T08:48:18.203Z - info: Synchronizing opened pages list before reload
2021-07-27T08:48:18.203Z - info: Current opened pages, from most-to-least recent:
2021-07-27T08:48:18.203Z - info: 1. schedule/week4/project
2021-07-27T08:48:19.221Z - info: Rebuilding 1 pages
2021-07-27T08:48:21.128Z - info: Site data built
2021-07-27T08:48:21.128Z - info: Pages rebuilt
2021-07-27T08:48:21.128Z - info: Website regeneration complete! Total build time: 1.909s
2021-07-27T08:49:31.625Z - info: [4:49:31 pm] Reload for file change: C:\repos\nus-cs2103\cs2103-website-base\admin\ip-tasks.mbdf
2021-07-27T08:49:31.625Z - info: Synchronizing opened pages list before reload
2021-07-27T08:49:31.626Z - info: Current opened pages, from most-to-least recent:
2021-07-27T08:49:31.626Z - info: 1. schedule/week4/project
2021-07-27T08:49:32.648Z - info: Rebuilding 1 pages
2021-07-27T08:49:34.569Z - info: Site data built
2021-07-27T08:49:34.569Z - info: Pages rebuilt
2021-07-27T08:49:34.569Z - info: Website regeneration complete! Total build time: 1.922s
2021-07-27T08:49:50.427Z - info: [4:49:50 pm] Reload for file change: C:\repos\nus-cs2103\cs2103-website-base\admin\ip-tasks.mbdf
2021-07-27T08:49:50.428Z - info: Synchronizing opened pages list before reload
2021-07-27T08:49:50.428Z - info: Current opened pages, from most-to-least recent:
2021-07-27T08:49:50.428Z - info: 1. schedule/week4/project
2021-07-27T08:49:51.446Z - info: Rebuilding 1 pages
2021-07-27T08:49:53.240Z - info: Site data built
2021-07-27T08:49:53.241Z - info: Pages rebuilt
2021-07-27T08:49:53.241Z - info: Website regeneration complete! Total build time: 1.796s
2021-07-27T08:52:13.027Z - info: [4:52:13 pm] Reload for file change: C:\repos\nus-cs2103\cs2103-website-base\admin\ip-tasks.mbdf
2021-07-27T08:52:13.027Z - info: Synchronizing opened pages list before reload
2021-07-27T08:52:13.027Z - info: Current opened pages, from most-to-least recent:
2021-07-27T08:52:13.028Z - info: 1. schedule/week4/project
2021-07-27T08:52:14.045Z - info: Rebuilding 1 pages
2021-07-27T08:52:15.914Z - info: Site data built
2021-07-27T08:52:15.914Z - info: Pages rebuilt
2021-07-27T08:52:15.914Z - info: Website regeneration complete! Total build time: 1.872s
2021-07-27T08:52:30.820Z - info: [4:52:30 pm] Reload for file change: C:\repos\nus-cs2103\cs2103-website-base\admin\ip-tasks.mbdf
2021-07-27T08:52:30.820Z - info: Synchronizing opened pages list before reload
2021-07-27T08:52:30.820Z - info: Current opened pages, from most-to-least recent:
2021-07-27T08:52:30.820Z - info: 1. schedule/week4/project
2021-07-27T08:52:31.829Z - info: Rebuilding 1 pages
2021-07-27T08:52:33.315Z - info: Site data built
2021-07-27T08:52:33.315Z - info: Pages rebuilt
2021-07-27T08:52:33.315Z - info: Website regeneration complete! Total build time: 1.488s
2021-07-27T08:53:52.173Z - info: [4:53:52 pm] Reload for file change: C:\repos\nus-cs2103\cs2103-website-base\admin\ip-tasks.mbdf
2021-07-27T08:53:52.173Z - info: Synchronizing opened pages list before reload
2021-07-27T08:53:52.173Z - info: Current opened pages, from most-to-least recent:
2021-07-27T08:53:52.173Z - info: 1. schedule/week4/project
2021-07-27T08:53:53.188Z - info: Rebuilding 1 pages
2021-07-27T08:53:54.632Z - info: Site data built
2021-07-27T08:53:54.632Z - info: Pages rebuilt
2021-07-27T08:53:54.632Z - info: Website regeneration complete! Total build time: 1.445s
2021-07-27T08:55:02.522Z - info: [4:55:02 pm] Reload for file change: C:\repos\nus-cs2103\cs2103-website-base\admin\ip-tasks.mbdf
2021-07-27T08:55:02.522Z - info: Synchronizing opened pages list before reload
2021-07-27T08:55:02.522Z - info: Current opened pages, from most-to-least recent:
2021-07-27T08:55:02.523Z - info: 1. schedule/week4/project
2021-07-27T08:55:03.537Z - info: Rebuilding 1 pages
2021-07-27T08:55:05.002Z - info: Site data built
2021-07-27T08:55:05.003Z - info: Pages rebuilt
2021-07-27T08:55:05.003Z - info: Website regeneration complete! Total build time: 1.467s
2021-07-27T08:55:56.420Z - info: [4:55:56 pm] Reload for file change: C:\repos\nus-cs2103\cs2103-website-base\admin\ip-tasks.mbdf
2021-07-27T08:55:56.421Z - info: Synchronizing opened pages list before reload
2021-07-27T08:55:56.421Z - info: Current opened pages, from most-to-least recent:
2021-07-27T08:55:56.421Z - info: 1. schedule/week4/project
2021-07-27T08:55:57.434Z - info: Rebuilding 1 pages
2021-07-27T08:55:58.840Z - info: Site data built
2021-07-27T08:55:58.840Z - info: Pages rebuilt
2021-07-27T08:55:58.840Z - info: Website regeneration complete! Total build time: 1.408s
2021-07-27T09:00:07.439Z - info: [5:00:07 pm] Reload for file change: C:\repos\nus-cs2103\cs2103-website-base\admin\ip-tasks.mbdf
2021-07-27T09:00:07.439Z - info: Synchronizing opened pages list before reload
2021-07-27T09:00:07.439Z - info: Current opened pages, from most-to-least recent:
2021-07-27T09:00:07.439Z - info: 1. schedule/week4/project
2021-07-27T09:00:08.444Z - info: Rebuilding 1 pages
2021-07-27T09:00:09.962Z - info: Site data built
2021-07-27T09:00:09.962Z - info: Pages rebuilt
2021-07-27T09:00:09.963Z - info: Website regeneration complete! Total build time: 1.52s
2021-07-27T09:01:13.909Z - info: [5:01:13 pm] Reload for file change: C:\repos\nus-cs2103\cs2103-website-base\admin\ip-tasks.mbdf
2021-07-27T09:01:13.910Z - info: Synchronizing opened pages list before reload
2021-07-27T09:01:13.910Z - info: Current opened pages, from most-to-least recent:
2021-07-27T09:01:13.910Z - info: 1. schedule/week4/project
2021-07-27T09:01:14.932Z - info: Rebuilding 1 pages
2021-07-27T09:01:16.846Z - info: Site data built
2021-07-27T09:01:16.846Z - info: Pages rebuilt
2021-07-27T09:01:16.846Z - info: Website regeneration complete! Total build time: 1.917s
2021-07-27T09:05:01.413Z - info: [5:05:01 pm] Reload for file change: C:\repos\nus-cs2103\cs2103-website-base\admin\ip-tasks.mbdf
2021-07-27T09:05:01.414Z - info: Synchronizing opened pages list before reload
2021-07-27T09:05:01.414Z - info: Current opened pages, from most-to-least recent:
2021-07-27T09:05:01.415Z - info: 1. schedule/week4/project
2021-07-27T09:05:02.428Z - info: Rebuilding 1 pages
2021-07-27T09:05:04.310Z - info: Site data built
2021-07-27T09:05:04.310Z - info: Pages rebuilt
2021-07-27T09:05:04.310Z - info: Website regeneration complete! Total build time: 1.885s
2021-07-27T09:05:38.325Z - info: [5:05:38 pm] Reload for file change: C:\repos\nus-cs2103\cs2103-website-base\admin\ip-tasks.mbdf
2021-07-27T09:05:38.326Z - info: Synchronizing opened pages list before reload
2021-07-27T09:05:38.326Z - info: Current opened pages, from most-to-least recent:
2021-07-27T09:05:38.326Z - info: 1. schedule/week4/project
2021-07-27T09:05:39.336Z - info: Rebuilding 1 pages
2021-07-27T09:05:41.262Z - info: Site data built
2021-07-27T09:05:41.262Z - info: Pages rebuilt
2021-07-27T09:05:41.262Z - info: Website regeneration complete! Total build time: 1.929s
2021-07-27T09:06:05.739Z - info: [5:06:05 pm] Reload for file change: C:\repos\nus-cs2103\cs2103-website-base\admin\ip-tasks.mbdf
2021-07-27T09:06:05.739Z - info: Synchronizing opened pages list before reload
2021-07-27T09:06:05.740Z - info: Current opened pages, from most-to-least recent:
2021-07-27T09:06:05.740Z - info: 1. schedule/week4/project
2021-07-27T09:06:06.751Z - info: Rebuilding 1 pages
2021-07-27T09:06:08.614Z - info: Site data built
2021-07-27T09:06:08.614Z - info: Pages rebuilt
2021-07-27T09:06:08.614Z - info: Website regeneration complete! Total build time: 1.866s
2021-07-27T09:06:27.289Z - info: [5:06:27 pm] Reload for file change: C:\repos\nus-cs2103\cs2103-website-base\admin\ip-tasks.mbdf
2021-07-27T09:06:27.289Z - info: Synchronizing opened pages list before reload
2021-07-27T09:06:27.289Z - info: Current opened pages, from most-to-least recent:
2021-07-27T09:06:27.290Z - info: 1. schedule/week4/project
2021-07-27T09:06:28.307Z - info: Rebuilding 1 pages
2021-07-27T09:06:30.184Z - info: Site data built
2021-07-27T09:06:30.184Z - info: Pages rebuilt
2021-07-27T09:06:30.184Z - info: Website regeneration complete! Total build time: 1.88s
2021-07-27T09:07:00.407Z - info: [5:07:00 pm] Reload for file change: C:\repos\nus-cs2103\cs2103-website-base\admin\ip-tasks.mbdf
2021-07-27T09:07:00.407Z - info: Synchronizing opened pages list before reload
2021-07-27T09:07:00.408Z - info: Current opened pages, from most-to-least recent:
2021-07-27T09:07:00.408Z - info: 1. schedule/week4/project
2021-07-27T09:07:01.413Z - info: Rebuilding 1 pages
2021-07-27T09:07:03.291Z - info: Site data built
2021-07-27T09:07:03.291Z - info: Pages rebuilt
2021-07-27T09:07:03.292Z - info: Website regeneration complete! Total build time: 1.88s
2021-07-27T09:07:07.482Z - info: [5:07:07 pm] Reload for file change: C:\repos\nus-cs2103\cs2103-website-base\admin\ip-tasks.mbdf
2021-07-27T09:07:07.482Z - info: Synchronizing opened pages list before reload
2021-07-27T09:07:07.482Z - info: Current opened pages, from most-to-least recent:
2021-07-27T09:07:07.482Z - info: 1. schedule/week4/project
2021-07-27T09:07:08.497Z - info: Rebuilding 1 pages
2021-07-27T09:07:09.996Z - info: Site data built
2021-07-27T09:07:09.996Z - info: Pages rebuilt
2021-07-27T09:07:09.996Z - info: Website regeneration complete! Total build time: 1.501s
2021-07-27T09:09:54.029Z - info: [5:09:54 pm] Reload for file change: C:\repos\nus-cs2103\cs2103-website-base\admin\ip-tasks.mbdf
2021-07-27T09:09:54.030Z - info: Synchronizing opened pages list before reload
2021-07-27T09:09:54.031Z - info: Current opened pages, from most-to-least recent:
2021-07-27T09:09:54.031Z - info: 1. schedule/week4/project
2021-07-27T09:09:55.050Z - info: Rebuilding 1 pages
2021-07-27T09:09:56.950Z - info: Site data built
2021-07-27T09:09:56.950Z - info: Pages rebuilt
2021-07-27T09:09:56.950Z - info: Website regeneration complete! Total build time: 1.903s
2021-07-27T09:11:06.476Z - info: [5:11:06 pm] Reload for file change: C:\repos\nus-cs2103\cs2103-website-base\admin\ip-tasks.mbdf
2021-07-27T09:11:06.476Z - info: Synchronizing opened pages list before reload
2021-07-27T09:11:06.476Z - info: Current opened pages, from most-to-least recent:
2021-07-27T09:11:06.477Z - info: 1. schedule/week4/project
2021-07-27T09:11:07.490Z - info: Rebuilding 1 pages
2021-07-27T09:11:09.410Z - info: Site data built
2021-07-27T09:11:09.410Z - info: Pages rebuilt
2021-07-27T09:11:09.410Z - info: Website regeneration complete! Total build time: 1.923s
2021-07-27T09:11:54.498Z - info: Building C:\repos\nus-cs2103\cs2103-website-base\schedule\week2\index as some of its dependencies were changed since the last visit
2021-07-27T09:11:55.336Z - info: Site data built
2021-07-27T09:11:55.336Z - info: Lazy website regeneration complete! Total build time: 0.839s
2021-07-27T09:12:01.147Z - info: Building C:\repos\nus-cs2103\cs2103-website-base\schedule\week3\index as some of its dependencies were changed since the last visit
2021-07-27T09:12:01.806Z - info: Site data built
2021-07-27T09:12:01.806Z - info: Lazy website regeneration complete! Total build time: 0.659s
2021-07-27T09:12:15.762Z - info: Building C:\repos\nus-cs2103\cs2103-website-base\schedule\week3\admin as some of its dependencies were changed since the last visit
2021-07-27T09:12:16.396Z - info: Site data built
2021-07-27T09:12:16.397Z - info: Lazy website regeneration complete! Total build time: 0.635s
2021-07-27T09:18:31.311Z - info: [5:18:31 pm] Reload for file change: C:\repos\nus-cs2103\cs2103-website-base\admin\appendixD-help.md
2021-07-27T09:18:31.312Z - info: Synchronizing opened pages list before reload
2021-07-27T09:18:31.312Z - info: Current opened pages, from most-to-least recent:
2021-07-27T09:18:31.312Z - info: 1. admin/appendixD-help
2021-07-27T09:18:32.331Z - info: Rebuilding 1 pages
2021-07-27T09:18:32.525Z - info: Site data built
2021-07-27T09:18:32.526Z - info: Pages rebuilt
2021-07-27T09:18:32.526Z - info: Website regeneration complete! Total build time: 0.197s
2021-07-27T09:22:57.421Z - info: [5:22:57 pm] Reload for file change: C:\repos\nus-cs2103\cs2103-website-base\admin\appendixD-help.md
2021-07-27T09:22:57.421Z - info: Synchronizing opened pages list before reload
2021-07-27T09:22:57.421Z - info: Current opened pages, from most-to-least recent:
2021-07-27T09:22:57.421Z - info: 1. admin/appendixD-help
2021-07-27T09:22:58.431Z - info: Rebuilding 1 pages
2021-07-27T09:22:58.629Z - info: Site data built
2021-07-27T09:22:58.629Z - info: Pages rebuilt
2021-07-27T09:22:58.629Z - info: Website regeneration complete! Total build time: 0.2s
2021-07-27T09:25:04.222Z - info: [5:25:04 pm] Reload for file change: C:\repos\nus-cs2103\cs2103-website-base\admin\appendixD-help.md
2021-07-27T09:25:04.222Z - info: Synchronizing opened pages list before reload
2021-07-27T09:25:04.222Z - info: Current opened pages, from most-to-least recent:
2021-07-27T09:25:04.223Z - info: 1. admin/appendixD-help
2021-07-27T09:25:05.242Z - info: Rebuilding 1 pages
2021-07-27T09:25:05.435Z - info: Site data built
2021-07-27T09:25:05.435Z - info: Pages rebuilt
2021-07-27T09:25:05.435Z - info: Website regeneration complete! Total build time: 0.197s
2021-07-27T09:25:48.007Z - info: [5:25:48 pm] Reload for file change: C:\repos\nus-cs2103\cs2103-website-base\admin\appendixD-help.md
2021-07-27T09:25:48.008Z - info: Synchronizing opened pages list before reload
2021-07-27T09:25:48.008Z - info: Current opened pages, from most-to-least recent:
2021-07-27T09:25:48.009Z - info: 1. admin/appendixD-help
2021-07-27T09:25:49.023Z - info: Rebuilding 1 pages
2021-07-27T09:25:49.332Z - info: Site data built
2021-07-27T09:25:49.332Z - info: Pages rebuilt
2021-07-27T09:25:49.332Z - info: Website regeneration complete! Total build time: 0.312s
2021-07-27T09:27:37.076Z - info: [5:27:37 pm] Reload for file change: C:\repos\nus-cs2103\cs2103-website-base\admin\appendixD-help.md
2021-07-27T09:27:37.076Z - info: Synchronizing opened pages list before reload
2021-07-27T09:27:37.076Z - info: Current opened pages, from most-to-least recent:
2021-07-27T09:27:37.077Z - info: 1. admin/appendixD-help
2021-07-27T09:27:38.087Z - info: Rebuilding 1 pages
2021-07-27T09:27:38.297Z - info: Site data built
2021-07-27T09:27:38.298Z - info: Pages rebuilt
2021-07-27T09:27:38.298Z - info: Website regeneration complete! Total build time: 0.211s
2021-07-27T09:32:52.130Z - info: [5:32:52 pm] Reload for file add: C:\repos\nus-cs2103\cs2103-website-base\book\diagrams\gitAndGithub\managePrs\ppt2C2E.tmp
2021-07-27T09:32:52.130Z - info: Synchronizing opened pages list before reload
2021-07-27T09:32:52.130Z - info: Current opened pages, from most-to-least recent:
2021-07-27T09:32:52.130Z - info: 1. admin/appendixD-help
2021-07-27T09:32:55.014Z - info: [5:32:55 pm] Reload for file deletion: C:\repos\nus-cs2103\cs2103-website-base\book\diagrams\gitAndGithub\managePrs\~$addComment.pptx
2021-07-27T09:32:55.014Z - info: Synchronizing opened pages list before reload
2021-07-27T09:32:55.014Z - info: Current opened pages, from most-to-least recent:
2021-07-27T09:32:55.014Z - info: 1. admin/appendixD-help
2021-07-27T09:32:55.014Z - info: [5:32:55 pm] Reload for file deletion: C:\repos\nus-cs2103\cs2103-website-base\book\diagrams\gitAndGithub\managePrs\ppt2C2E.tmp
2021-07-27T09:32:55.014Z - info: Synchronizing opened pages list before reload
2021-07-27T09:32:55.015Z - info: Current opened pages, from most-to-least recent:
2021-07-27T09:32:55.015Z - info: 1. admin/appendixD-help
2021-07-27T09:32:59.553Z - info: Assets built
2021-07-27T09:32:59.717Z - info: [5:32:59 pm] Reload for file change: C:\repos\nus-cs2103\cs2103-website-base\book\diagrams\gitAndGithub\managePrs\addComment.pptx
2021-07-27T09:32:59.717Z - info: Synchronizing opened pages list before reload
2021-07-27T09:32:59.717Z - info: Current opened pages, from most-to-least recent:
2021-07-27T09:32:59.717Z - info: 1. admin/appendixD-help
2021-07-27T09:32:59.745Z - debug: Assets removed
2021-07-27T09:33:00.748Z - info: Assets built
2021-07-27T09:36:33.821Z - info: Website generation started at 5:36:31 pm
2021-07-27T09:36:39.429Z - info: Building assets...
2021-07-27T09:36:43.726Z - info: Assets built
2021-07-27T09:36:43.726Z - info: Generating pages...
2021-07-27T09:36:52.201Z - debug:  
2021-07-27T09:36:52.202Z - debug:  
2021-07-27T09:36:52.202Z - debug:  
2021-07-27T09:36:52.202Z - debug:  
2021-07-27T09:36:52.202Z - debug:  
2021-07-27T09:36:52.203Z - debug:  
2021-07-27T09:38:43.995Z - debug:  
2021-07-27T09:38:57.506Z - debug:  
2021-07-27T09:38:57.507Z - debug:  
2021-07-27T09:39:03.966Z - info: Pages built
2021-07-27T09:39:04.857Z - info: Site data built
2021-07-27T09:39:04.857Z - info: Website generation complete! Total build time: 152.889s
2021-07-27T09:39:04.857Z - info: Build success!
2021-07-27T09:39:15.973Z - info: Deployed at https://nus-cs2103-ay2122s1.github.io/website!
