2021-07-12T16:00:33.011Z - info: [12:00:33 am] Reload for file change: C:\repos\nus-cs2103\cs2103-website-base\admin\policies.mbdf
2021-07-12T16:00:33.025Z - info: Synchronizing opened pages list before reload
2021-07-12T16:00:33.026Z - info: Current opened pages, from most-to-least recent:
2021-07-12T16:00:33.026Z - info: 1. admin/appendixB-policies
2021-07-12T16:00:34.041Z - info: Rebuilding 1 pages
2021-07-12T16:00:34.837Z - info: Site data built
2021-07-12T16:00:34.837Z - info: Pages rebuilt
2021-07-12T16:00:34.837Z - info: Website regeneration complete! Total build time: 0.799s
2021-07-12T16:00:42.572Z - info: [12:00:42 am] Reload for file change: C:\repos\nus-cs2103\cs2103-website-base\admin\policies.mbdf
2021-07-12T16:00:42.572Z - info: Synchronizing opened pages list before reload
2021-07-12T16:00:42.572Z - info: Current opened pages, from most-to-least recent:
2021-07-12T16:00:42.573Z - info: 1. admin/appendixB-policies
2021-07-12T16:00:43.582Z - info: Rebuilding 1 pages
2021-07-12T16:00:44.096Z - info: Site data built
2021-07-12T16:00:44.096Z - info: Pages rebuilt
2021-07-12T16:00:44.096Z - info: Website regeneration complete! Total build time: 0.516s
2021-07-12T16:00:47.353Z - info: [12:00:47 am] Reload for file change: C:\repos\nus-cs2103\cs2103-website-base\admin\policies.mbdf
2021-07-12T16:00:47.353Z - info: Synchronizing opened pages list before reload
2021-07-12T16:00:47.353Z - info: Current opened pages, from most-to-least recent:
2021-07-12T16:00:47.353Z - info: 1. admin/appendixB-policies
2021-07-12T16:00:48.371Z - info: Rebuilding 1 pages
2021-07-12T16:00:48.850Z - info: Site data built
2021-07-12T16:00:48.851Z - info: Pages rebuilt
2021-07-12T16:00:48.851Z - info: Website regeneration complete! Total build time: 0.482s
2021-07-12T16:01:16.110Z - info: [12:01:16 am] Reload for file change: C:\repos\nus-cs2103\cs2103-website-base\admin\policies.mbdf
2021-07-12T16:01:16.110Z - info: Synchronizing opened pages list before reload
2021-07-12T16:01:16.110Z - info: Current opened pages, from most-to-least recent:
2021-07-12T16:01:16.110Z - info: 1. admin/appendixB-policies
2021-07-12T16:01:17.123Z - info: Rebuilding 1 pages
2021-07-12T16:01:17.815Z - info: Site data built
2021-07-12T16:01:17.815Z - info: Pages rebuilt
2021-07-12T16:01:17.815Z - info: Website regeneration complete! Total build time: 0.696s
2021-07-12T16:01:33.646Z - info: [12:01:33 am] Reload for file change: C:\repos\nus-cs2103\cs2103-website-base\admin\policies.mbdf
2021-07-12T16:01:33.647Z - info: Synchronizing opened pages list before reload
2021-07-12T16:01:33.647Z - info: Current opened pages, from most-to-least recent:
2021-07-12T16:01:33.647Z - info: 1. admin/appendixB-policies
2021-07-12T16:01:34.653Z - info: Rebuilding 1 pages
2021-07-12T16:01:35.178Z - info: Site data built
2021-07-12T16:01:35.178Z - info: Pages rebuilt
2021-07-12T16:01:35.178Z - info: Website regeneration complete! Total build time: 0.527s
2021-07-12T16:10:15.629Z - info: Building C:\repos\nus-cs2103\cs2103-website-base\schedule\week11\index as some of its dependencies were changed since the last visit
2021-07-12T16:10:17.266Z - info: Site data built
2021-07-12T16:10:17.266Z - info: Lazy website regeneration complete! Total build time: 1.638s
2021-07-12T16:10:34.018Z - info: Building C:\repos\nus-cs2103\cs2103-website-base\schedule\week11\project as some of its dependencies were changed since the last visit
2021-07-12T16:10:37.183Z - info: Site data built
2021-07-12T16:10:37.184Z - info: Lazy website regeneration complete! Total build time: 3.167s
2021-07-12T16:10:48.149Z - info: Building C:\repos\nus-cs2103\cs2103-website-base\schedule\week9\project as some of its dependencies were changed since the last visit
2021-07-12T16:10:48.760Z - info: Site data built
2021-07-12T16:10:48.760Z - info: Lazy website regeneration complete! Total build time: 0.611s
2021-07-12T16:10:56.245Z - info: Building C:\repos\nus-cs2103\cs2103-website-base\schedule\week10\index as some of its dependencies were changed since the last visit
2021-07-12T16:10:57.035Z - info: Site data built
2021-07-12T16:10:57.035Z - info: Lazy website regeneration complete! Total build time: 0.79s
2021-07-12T16:11:07.872Z - info: Building C:\repos\nus-cs2103\cs2103-website-base\schedule\week10\project as some of its dependencies were changed since the last visit
2021-07-12T16:11:08.676Z - info: Site data built
2021-07-12T16:11:08.676Z - info: Lazy website regeneration complete! Total build time: 0.804s
2021-07-12T16:14:03.520Z - info: [12:14:03 am] Reload for file change: C:\repos\nus-cs2103\cs2103-website-base\admin\tp-tasks.mbdf
2021-07-12T16:14:03.520Z - info: Synchronizing opened pages list before reload
2021-07-12T16:14:03.521Z - info: Current opened pages, from most-to-least recent:
2021-07-12T16:14:03.521Z - info: 1. schedule/week10/project
2021-07-12T16:14:04.533Z - info: Rebuilding 1 pages
2021-07-12T16:14:05.685Z - info: Site data built
2021-07-12T16:14:05.685Z - info: Pages rebuilt
2021-07-12T16:14:05.685Z - info: Website regeneration complete! Total build time: 1.155s
2021-07-12T16:18:20.850Z - info: [12:18:20 am] Reload for file change: C:\repos\nus-cs2103\cs2103-website-base\admin\tp-tasks.mbdf
2021-07-12T16:18:20.850Z - info: Synchronizing opened pages list before reload
2021-07-12T16:18:20.850Z - info: Current opened pages, from most-to-least recent:
2021-07-12T16:18:20.850Z - info: 1. schedule/week10/project
2021-07-12T16:18:21.863Z - info: Rebuilding 1 pages
2021-07-12T16:18:23.028Z - info: Site data built
2021-07-12T16:18:23.029Z - info: Pages rebuilt
2021-07-12T16:18:23.029Z - info: Website regeneration complete! Total build time: 1.169s
2021-07-12T16:20:33.567Z - info: Building C:\repos\nus-cs2103\cs2103-website-base\admin\index as some of its dependencies were changed since the last visit
2021-07-12T16:20:34.094Z - info: Site data built
2021-07-12T16:20:34.094Z - info: Lazy website regeneration complete! Total build time: 0.528s
2021-07-12T16:20:47.357Z - info: Building C:\repos\nus-cs2103\cs2103-website-base\admin\tp-pe as some of its dependencies were changed since the last visit
2021-07-12T16:20:48.640Z - info: Site data built
2021-07-12T16:20:48.640Z - info: Lazy website regeneration complete! Total build time: 1.283s
2021-07-12T16:22:55.188Z - info: [12:22:55 am] Reload for file change: C:\repos\nus-cs2103\cs2103-website-base\admin\tp-pe.mbdf
2021-07-12T16:22:55.189Z - info: Synchronizing opened pages list before reload
2021-07-12T16:22:55.189Z - info: Current opened pages, from most-to-least recent:
2021-07-12T16:22:55.189Z - info: 1. admin/tp-pe
2021-07-12T16:22:56.216Z - info: Rebuilding 1 pages
2021-07-12T16:22:57.750Z - info: Site data built
2021-07-12T16:22:57.750Z - info: Pages rebuilt
2021-07-12T16:22:57.750Z - info: Website regeneration complete! Total build time: 1.537s
2021-07-12T16:23:07.497Z - info: [12:23:07 am] Reload for file change: C:\repos\nus-cs2103\cs2103-website-base\admin\tp-pe.mbdf
2021-07-12T16:23:07.497Z - info: Synchronizing opened pages list before reload
2021-07-12T16:23:07.497Z - info: Current opened pages, from most-to-least recent:
2021-07-12T16:23:07.497Z - info: 1. admin/tp-pe
2021-07-12T16:23:08.502Z - info: Rebuilding 1 pages
2021-07-12T16:23:09.641Z - info: Site data built
2021-07-12T16:23:09.641Z - info: Pages rebuilt
2021-07-12T16:23:09.641Z - info: Website regeneration complete! Total build time: 1.141s
2021-07-12T16:30:51.441Z - info: Building C:\repos\nus-cs2103\cs2103-website-base\schedule\timeline as some of its dependencies were changed since the last visit
2021-07-12T16:30:58.550Z - info: Site data built
2021-07-12T16:30:58.551Z - info: Lazy website regeneration complete! Total build time: 7.11s
2021-07-12T16:31:52.849Z - info: Building C:\repos\nus-cs2103\cs2103-website-base\schedule\week7\project as some of its dependencies were changed since the last visit
2021-07-12T16:31:55.229Z - info: Site data built
2021-07-12T16:31:55.229Z - info: Lazy website regeneration complete! Total build time: 2.381s
2021-07-12T16:35:25.961Z - info: [12:35:25 am] Reload for file change: C:\repos\nus-cs2103\cs2103-website-base\admin\ip-tasks.mbdf
2021-07-12T16:35:25.961Z - info: Synchronizing opened pages list before reload
2021-07-12T16:35:25.961Z - info: Current opened pages, from most-to-least recent:
2021-07-12T16:35:25.962Z - info: 1. schedule/week7/project
2021-07-12T16:35:26.974Z - info: Rebuilding 1 pages
2021-07-12T16:35:28.801Z - info: Site data built
2021-07-12T16:35:28.801Z - info: Pages rebuilt
2021-07-12T16:35:28.802Z - info: Website regeneration complete! Total build time: 1.831s
2021-07-12T16:51:02.138Z - info: Building C:\repos\nus-cs2103\cs2103-website-base\schedule\week8\project as some of its dependencies were changed since the last visit
2021-07-12T16:51:03.629Z - info: Site data built
2021-07-12T16:51:03.629Z - info: Lazy website regeneration complete! Total build time: 1.492s
2021-07-12T16:53:06.832Z - info: [12:53:06 am] Reload for file change: C:\repos\nus-cs2103\cs2103-website-base\admin\tp-tasks.mbdf
2021-07-12T16:53:06.833Z - info: Synchronizing opened pages list before reload
2021-07-12T16:53:06.833Z - info: Current opened pages, from most-to-least recent:
2021-07-12T16:53:06.833Z - info: 1. schedule/week8/project
2021-07-12T16:53:07.847Z - info: Rebuilding 1 pages
2021-07-12T16:53:09.059Z - info: Site data built
2021-07-12T16:53:09.059Z - info: Pages rebuilt
2021-07-12T16:53:09.059Z - info: Website regeneration complete! Total build time: 1.215s
2021-07-12T17:06:47.733Z - info: Building C:\repos\nus-cs2103\cs2103-website-base\admin\ip-grading as some of its dependencies were changed since the last visit
2021-07-12T17:06:48.062Z - info: Site data built
2021-07-12T17:06:48.062Z - info: Lazy website regeneration complete! Total build time: 0.33s
2021-07-12T17:11:16.010Z - info: [1:11:16 am] Reload for file change: C:\repos\nus-cs2103\cs2103-website-base\admin\ip-grading.md
2021-07-12T17:11:16.010Z - info: Synchronizing opened pages list before reload
2021-07-12T17:11:16.010Z - info: Current opened pages, from most-to-least recent:
2021-07-12T17:11:16.010Z - info: 1. admin/ip-grading
2021-07-12T17:11:17.020Z - info: Rebuilding 1 pages
2021-07-12T17:11:17.239Z - info: Site data built
2021-07-12T17:11:17.239Z - info: Pages rebuilt
2021-07-12T17:11:17.239Z - info: Website regeneration complete! Total build time: 0.222s
2021-07-12T17:11:41.431Z - info: [1:11:41 am] Reload for file change: C:\repos\nus-cs2103\cs2103-website-base\admin\ip-grading.md
2021-07-12T17:11:41.431Z - info: Synchronizing opened pages list before reload
2021-07-12T17:11:41.431Z - info: Current opened pages, from most-to-least recent:
2021-07-12T17:11:41.431Z - info: 1. admin/ip-grading
2021-07-12T17:11:42.442Z - info: Rebuilding 1 pages
2021-07-12T17:11:42.607Z - info: Site data built
2021-07-12T17:11:42.607Z - info: Pages rebuilt
2021-07-12T17:11:42.607Z - info: Website regeneration complete! Total build time: 0.168s
2021-07-12T17:12:03.336Z - info: [1:12:03 am] Reload for file change: C:\repos\nus-cs2103\cs2103-website-base\admin\ip-grading.md
2021-07-12T17:12:03.337Z - info: Synchronizing opened pages list before reload
2021-07-12T17:12:03.337Z - info: Current opened pages, from most-to-least recent:
2021-07-12T17:12:03.337Z - info: 1. admin/ip-grading
2021-07-12T17:12:04.346Z - info: Rebuilding 1 pages
2021-07-12T17:12:04.523Z - info: Site data built
2021-07-12T17:12:04.524Z - info: Pages rebuilt
2021-07-12T17:12:04.524Z - info: Website regeneration complete! Total build time: 0.18s
2021-07-12T17:12:39.274Z - info: [1:12:39 am] Reload for file change: C:\repos\nus-cs2103\cs2103-website-base\admin\ip-grading.md
2021-07-12T17:12:39.274Z - info: Synchronizing opened pages list before reload
2021-07-12T17:12:39.275Z - info: Current opened pages, from most-to-least recent:
2021-07-12T17:12:39.275Z - info: 1. admin/ip-grading
2021-07-12T17:12:40.282Z - info: Rebuilding 1 pages
2021-07-12T17:12:40.431Z - info: Site data built
2021-07-12T17:12:40.431Z - info: Pages rebuilt
2021-07-12T17:12:40.431Z - info: Website regeneration complete! Total build time: 0.15s
2021-07-12T17:13:01.636Z - info: [1:13:01 am] Reload for file change: C:\repos\nus-cs2103\cs2103-website-base\admin\ip-grading.md
2021-07-12T17:13:01.636Z - info: Synchronizing opened pages list before reload
2021-07-12T17:13:01.636Z - info: Current opened pages, from most-to-least recent:
2021-07-12T17:13:01.636Z - info: 1. admin/ip-grading
2021-07-12T17:13:02.648Z - info: Rebuilding 1 pages
2021-07-12T17:13:02.839Z - info: Site data built
2021-07-12T17:13:02.839Z - info: Pages rebuilt
2021-07-12T17:13:02.839Z - info: Website regeneration complete! Total build time: 0.195s
2021-07-12T17:14:12.029Z - info: [1:14:12 am] Reload for file change: C:\repos\nus-cs2103\cs2103-website-base\admin\ip-grading.md
2021-07-12T17:14:12.029Z - info: Synchronizing opened pages list before reload
2021-07-12T17:14:12.029Z - info: Current opened pages, from most-to-least recent:
2021-07-12T17:14:12.029Z - info: 1. admin/ip-grading
2021-07-12T17:14:13.040Z - info: Rebuilding 1 pages
2021-07-12T17:14:13.218Z - info: Site data built
2021-07-12T17:14:13.218Z - info: Pages rebuilt
2021-07-12T17:14:13.218Z - info: Website regeneration complete! Total build time: 0.181s
2021-07-12T17:20:52.038Z - info: [1:20:52 am] Reload for file change: C:\repos\nus-cs2103\cs2103-website-base\book\modeling\modelingStructures\objectOrientedDomainModels\q-courseDomainModel.md
2021-07-12T17:20:52.039Z - info: Synchronizing opened pages list before reload
2021-07-12T17:20:52.039Z - info: Current opened pages, from most-to-least recent:
2021-07-12T17:20:52.039Z - info: 1. admin/ip-grading
2021-07-12T17:20:53.057Z - info: Assets built
2021-07-12T17:25:42.139Z - info: Building C:\repos\nus-cs2103\cs2103-website-base\admin\tools as some of its dependencies were changed since the last visit
2021-07-12T17:25:42.539Z - info: Site data built
2021-07-12T17:25:42.540Z - info: Lazy website regeneration complete! Total build time: 0.401s
2021-07-12T17:27:57.270Z - info: [1:27:57 am] Reload for file change: C:\repos\nus-cs2103\cs2103-website-base\admin\tools.md
2021-07-12T17:27:57.270Z - info: Synchronizing opened pages list before reload
2021-07-12T17:27:57.271Z - info: Current opened pages, from most-to-least recent:
2021-07-12T17:27:57.271Z - info: 1. admin/tools
2021-07-12T17:27:58.291Z - info: Rebuilding 1 pages
2021-07-12T17:27:58.542Z - info: Site data built
2021-07-12T17:27:58.542Z - info: Pages rebuilt
2021-07-12T17:27:58.542Z - info: Website regeneration complete! Total build time: 0.253s
2021-07-12T17:28:06.148Z - info: [1:28:06 am] Reload for file change: C:\repos\nus-cs2103\cs2103-website-base\admin\tools.md
2021-07-12T17:28:06.148Z - info: Synchronizing opened pages list before reload
2021-07-12T17:28:06.148Z - info: Current opened pages, from most-to-least recent:
2021-07-12T17:28:06.148Z - info: 1. admin/tools
2021-07-12T17:28:07.160Z - info: Rebuilding 1 pages
2021-07-12T17:28:07.460Z - info: Site data built
2021-07-12T17:28:07.461Z - info: Pages rebuilt
2021-07-12T17:28:07.461Z - info: Website regeneration complete! Total build time: 0.303s
2021-07-12T17:29:35.195Z - info: [1:29:35 am] Reload for file change: C:\repos\nus-cs2103\cs2103-website-base\admin\tools.md
2021-07-12T17:29:35.195Z - info: Synchronizing opened pages list before reload
2021-07-12T17:29:35.195Z - info: Current opened pages, from most-to-least recent:
2021-07-12T17:29:35.195Z - info: 1. admin/tools
2021-07-12T17:29:36.207Z - info: Rebuilding 1 pages
2021-07-12T17:29:36.454Z - info: Site data built
2021-07-12T17:29:36.454Z - info: Pages rebuilt
2021-07-12T17:29:36.454Z - info: Website regeneration complete! Total build time: 0.249s
2021-07-12T17:30:06.021Z - info: [1:30:06 am] Reload for file change: C:\repos\nus-cs2103\cs2103-website-base\admin\tools.md
2021-07-12T17:30:06.021Z - info: Synchronizing opened pages list before reload
2021-07-12T17:30:06.021Z - info: Current opened pages, from most-to-least recent:
2021-07-12T17:30:06.021Z - info: 1. admin/tools
2021-07-12T17:30:07.027Z - info: Rebuilding 1 pages
2021-07-12T17:30:07.288Z - info: Site data built
2021-07-12T17:30:07.288Z - info: Pages rebuilt
2021-07-12T17:30:07.288Z - info: Website regeneration complete! Total build time: 0.263s
2021-07-12T17:30:24.886Z - info: [1:30:24 am] Reload for file change: C:\repos\nus-cs2103\cs2103-website-base\admin\tools.md
2021-07-12T17:30:24.886Z - info: Synchronizing opened pages list before reload
2021-07-12T17:30:24.886Z - info: Current opened pages, from most-to-least recent:
2021-07-12T17:30:24.886Z - info: 1. admin/tools
2021-07-12T17:30:25.906Z - info: Rebuilding 1 pages
2021-07-12T17:30:26.162Z - info: Site data built
2021-07-12T17:30:26.163Z - info: Pages rebuilt
2021-07-12T17:30:26.163Z - info: Website regeneration complete! Total build time: 0.259s
2021-07-12T17:31:19.385Z - info: [1:31:19 am] Reload for file change: C:\repos\nus-cs2103\cs2103-website-base\admin\tools.md
2021-07-12T17:31:19.386Z - info: Synchronizing opened pages list before reload
2021-07-12T17:31:19.386Z - info: Current opened pages, from most-to-least recent:
2021-07-12T17:31:19.386Z - info: 1. admin/tools
2021-07-12T17:31:20.399Z - info: Rebuilding 1 pages
2021-07-12T17:31:20.801Z - info: Site data built
2021-07-12T17:31:20.801Z - info: Pages rebuilt
2021-07-12T17:31:20.801Z - info: Website regeneration complete! Total build time: 0.405s
2021-07-12T17:32:06.197Z - info: [1:32:06 am] Reload for file change: C:\repos\nus-cs2103\cs2103-website-base\admin\tools.md
2021-07-12T17:32:06.198Z - info: Synchronizing opened pages list before reload
2021-07-12T17:32:06.198Z - info: Current opened pages, from most-to-least recent:
2021-07-12T17:32:06.198Z - info: 1. admin/tools
2021-07-12T17:32:07.213Z - info: Rebuilding 1 pages
2021-07-12T17:32:07.517Z - info: Site data built
2021-07-12T17:32:07.518Z - info: Pages rebuilt
2021-07-12T17:32:07.518Z - info: Website regeneration complete! Total build time: 0.309s
2021-07-12T17:32:16.883Z - info: [1:32:16 am] Reload for file change: C:\repos\nus-cs2103\cs2103-website-base\admin\tools.md
2021-07-12T17:32:16.883Z - info: Synchronizing opened pages list before reload
2021-07-12T17:32:16.884Z - info: Current opened pages, from most-to-least recent:
2021-07-12T17:32:16.884Z - info: 1. admin/tools
2021-07-12T17:32:17.892Z - info: Rebuilding 1 pages
2021-07-12T17:32:18.193Z - info: Site data built
2021-07-12T17:32:18.193Z - info: Pages rebuilt
2021-07-12T17:32:18.194Z - info: Website regeneration complete! Total build time: 0.303s
2021-07-12T17:32:29.416Z - info: [1:32:29 am] Reload for file change: C:\repos\nus-cs2103\cs2103-website-base\admin\tools.md
2021-07-12T17:32:29.416Z - info: Synchronizing opened pages list before reload
2021-07-12T17:32:29.416Z - info: Current opened pages, from most-to-least recent:
2021-07-12T17:32:29.417Z - info: 1. admin/tools
2021-07-12T17:32:30.426Z - info: Rebuilding 1 pages
2021-07-12T17:32:30.643Z - info: Site data built
2021-07-12T17:32:30.643Z - info: Pages rebuilt
2021-07-12T17:32:30.643Z - info: Website regeneration complete! Total build time: 0.218s
2021-07-12T17:59:47.618Z - info: Building C:\repos\nus-cs2103\cs2103-website-base\admin\peerEvaluations as some of its dependencies were changed since the last visit
2021-07-12T17:59:48.005Z - info: Site data built
2021-07-12T17:59:48.005Z - info: Lazy website regeneration complete! Total build time: 0.387s
2021-07-12T18:02:09.519Z - info: [2:02:09 am] Reload for file change: C:\repos\nus-cs2103\cs2103-website-base\admin\peerEvaluations-final.mbdf
2021-07-12T18:02:09.519Z - info: Synchronizing opened pages list before reload
2021-07-12T18:02:09.519Z - info: Current opened pages, from most-to-least recent:
2021-07-12T18:02:09.519Z - info: 1. admin/peerEvaluations
2021-07-12T18:02:10.539Z - info: Rebuilding 1 pages
2021-07-12T18:02:10.992Z - info: Site data built
2021-07-12T18:02:10.993Z - info: Pages rebuilt
2021-07-12T18:02:10.993Z - info: Website regeneration complete! Total build time: 0.456s
2021-07-12T18:03:54.523Z - info: Building C:\repos\nus-cs2103\cs2103-website-base\admin\tp-expectations as some of its dependencies were changed since the last visit
2021-07-12T18:03:54.878Z - info: Site data built
2021-07-12T18:03:54.878Z - info: Lazy website regeneration complete! Total build time: 0.356s
2021-07-12T18:05:20.353Z - info: [2:05:20 am] Reload for file change: C:\repos\nus-cs2103\cs2103-website-base\admin\tp-expectations.md
2021-07-12T18:05:20.354Z - info: Synchronizing opened pages list before reload
2021-07-12T18:05:20.354Z - info: Current opened pages, from most-to-least recent:
2021-07-12T18:05:20.354Z - info: 1. admin/tp-expectations
2021-07-12T18:05:21.376Z - info: Rebuilding 1 pages
2021-07-12T18:05:21.644Z - info: Site data built
2021-07-12T18:05:21.644Z - info: Pages rebuilt
2021-07-12T18:05:21.644Z - info: Website regeneration complete! Total build time: 0.27s
2021-07-12T18:05:59.179Z - info: [2:05:59 am] Reload for file change: C:\repos\nus-cs2103\cs2103-website-base\admin\tp-expectations.md
2021-07-12T18:05:59.180Z - info: Synchronizing opened pages list before reload
2021-07-12T18:05:59.180Z - info: Current opened pages, from most-to-least recent:
2021-07-12T18:05:59.180Z - info: 1. admin/tp-expectations
2021-07-12T18:06:00.191Z - info: Rebuilding 1 pages
2021-07-12T18:06:00.426Z - info: Site data built
2021-07-12T18:06:00.426Z - info: Pages rebuilt
2021-07-12T18:06:00.426Z - info: Website regeneration complete! Total build time: 0.237s
2021-07-12T18:07:03.601Z - info: [2:07:03 am] Reload for file change: C:\repos\nus-cs2103\cs2103-website-base\admin\tp-expectations.md
2021-07-12T18:07:03.602Z - info: Synchronizing opened pages list before reload
2021-07-12T18:07:03.602Z - info: Current opened pages, from most-to-least recent:
2021-07-12T18:07:03.602Z - info: 1. admin/tp-expectations
2021-07-12T18:07:04.606Z - info: Rebuilding 1 pages
2021-07-12T18:07:04.957Z - info: Site data built
2021-07-12T18:07:04.957Z - info: Pages rebuilt
2021-07-12T18:07:04.957Z - info: Website regeneration complete! Total build time: 0.351s
2021-07-12T18:12:41.134Z - info: [2:12:41 am] Reload for file change: C:\repos\nus-cs2103\cs2103-website-base\admin\tp-expectations.md
2021-07-12T18:12:41.134Z - info: Synchronizing opened pages list before reload
2021-07-12T18:12:41.134Z - info: Current opened pages, from most-to-least recent:
2021-07-12T18:12:41.134Z - info: 1. admin/tp-expectations
2021-07-12T18:12:42.154Z - info: Rebuilding 1 pages
2021-07-12T18:12:42.431Z - info: Site data built
2021-07-12T18:12:42.431Z - info: Pages rebuilt
2021-07-12T18:12:42.431Z - info: Website regeneration complete! Total build time: 0.278s
2021-07-12T18:27:32.004Z - info: [2:27:32 am] Reload for file change: C:\repos\nus-cs2103\cs2103-website-base\admin\tp-expectations.md
2021-07-12T18:27:32.005Z - info: Synchronizing opened pages list before reload
2021-07-12T18:27:32.005Z - info: Current opened pages, from most-to-least recent:
2021-07-12T18:27:32.005Z - info: 1. admin/tp-expectations
2021-07-12T18:27:33.011Z - info: Rebuilding 1 pages
2021-07-12T18:27:33.287Z - info: Site data built
2021-07-12T18:27:33.287Z - info: Pages rebuilt
2021-07-12T18:27:33.287Z - info: Website regeneration complete! Total build time: 0.276s
2021-07-12T18:27:49.488Z - info: [2:27:49 am] Reload for file change: C:\repos\nus-cs2103\cs2103-website-base\admin\tp-expectations.md
2021-07-12T18:27:49.488Z - info: Synchronizing opened pages list before reload
2021-07-12T18:27:49.488Z - info: Current opened pages, from most-to-least recent:
2021-07-12T18:27:49.488Z - info: 1. admin/tp-expectations
2021-07-12T18:27:50.498Z - info: Rebuilding 1 pages
2021-07-12T18:27:50.729Z - info: Site data built
2021-07-12T18:27:50.729Z - info: Pages rebuilt
2021-07-12T18:27:50.729Z - info: Website regeneration complete! Total build time: 0.233s
2021-07-12T18:28:06.034Z - info: [2:28:06 am] Reload for file change: C:\repos\nus-cs2103\cs2103-website-base\admin\tp-expectations.md
2021-07-12T18:28:06.034Z - info: Synchronizing opened pages list before reload
2021-07-12T18:28:06.034Z - info: Current opened pages, from most-to-least recent:
2021-07-12T18:28:06.034Z - info: 1. admin/tp-expectations
2021-07-12T18:28:07.044Z - info: Rebuilding 1 pages
2021-07-12T18:28:07.398Z - info: Site data built
2021-07-12T18:28:07.398Z - info: Pages rebuilt
2021-07-12T18:28:07.398Z - info: Website regeneration complete! Total build time: 0.356s
2021-07-12T18:30:22.195Z - info: [2:30:22 am] Reload for file change: C:\repos\nus-cs2103\cs2103-website-base\admin\tp-expectations.md
2021-07-12T18:30:22.195Z - info: Synchronizing opened pages list before reload
2021-07-12T18:30:22.195Z - info: Current opened pages, from most-to-least recent:
2021-07-12T18:30:22.195Z - info: 1. admin/tp-expectations
2021-07-12T18:30:23.199Z - info: Rebuilding 1 pages
2021-07-12T18:30:23.466Z - info: Site data built
2021-07-12T18:30:23.466Z - info: Pages rebuilt
2021-07-12T18:30:23.466Z - info: Website regeneration complete! Total build time: 0.268s
2021-07-12T18:34:25.273Z - info: Building C:\repos\nus-cs2103\cs2103-website-base\se-book-adapted\index as some of its dependencies were changed since the last visit
2021-07-12T18:34:25.601Z - info: Site data built
2021-07-12T18:34:25.602Z - info: Lazy website regeneration complete! Total build time: 0.33s
2021-07-12T18:34:53.370Z - info: Building C:\repos\nus-cs2103\cs2103-website-base\schedule\timeline as some of its dependencies were changed since the last visit
2021-07-12T18:34:59.167Z - info: Site data built
2021-07-12T18:34:59.168Z - info: Lazy website regeneration complete! Total build time: 5.798s
2021-07-12T18:35:27.512Z - info: Building C:\repos\nus-cs2103\cs2103-website-base\schedule\week4\project as some of its dependencies were changed since the last visit
2021-07-12T18:35:29.402Z - info: Site data built
2021-07-12T18:35:29.402Z - info: Lazy website regeneration complete! Total build time: 1.891s
2021-07-13T05:19:21.685Z - info: Website generation (lazy) started at 1:19:20 pm
2021-07-13T05:19:25.534Z - info: Building assets...
2021-07-13T05:19:29.776Z - info: Assets built
2021-07-13T05:19:29.776Z - info: Generating landing page...
2021-07-13T05:19:30.363Z - info: Landing page built, other pages will be built as you navigate to them!
2021-07-13T05:19:31.084Z - info: Site data built
2021-07-13T05:19:31.084Z - info: Website generation (lazy) complete! Total build time: 11.034s
2021-07-13T05:19:31.683Z - info: Serving "C:\repos\nus-cs2103\cs2103-website-base\_site" at http://127.0.0.1:8080
2021-07-13T05:19:31.683Z - info: Press CTRL+C to stop ...
2021-07-13T05:19:43.333Z - info: Building C:\repos\nus-cs2103\cs2103-website-base\admin\tp-expectations as some of its dependencies were changed since the last visit
2021-07-13T05:19:43.705Z - info: Site data built
2021-07-13T05:19:43.705Z - info: Lazy website regeneration complete! Total build time: 0.372s
2021-07-13T05:20:49.178Z - info: [1:20:49 pm] Reload for file change: C:\repos\nus-cs2103\cs2103-website-base\admin\tp-expectations.md
2021-07-13T05:20:49.178Z - info: Synchronizing opened pages list before reload
2021-07-13T05:20:49.178Z - info: Current opened pages, from most-to-least recent:
2021-07-13T05:20:49.178Z - info: 1. admin/tp-expectations
2021-07-13T05:20:50.199Z - info: Rebuilding 1 pages
2021-07-13T05:20:50.577Z - info: Site data built
2021-07-13T05:20:50.577Z - info: Pages rebuilt
2021-07-13T05:20:50.577Z - info: Website regeneration complete! Total build time: 0.382s
2021-07-13T05:21:12.798Z - info: [1:21:12 pm] Reload for file change: C:\repos\nus-cs2103\cs2103-website-base\admin\tp-expectations.md
2021-07-13T05:21:12.798Z - info: Synchronizing opened pages list before reload
2021-07-13T05:21:12.798Z - info: Current opened pages, from most-to-least recent:
2021-07-13T05:21:12.798Z - info: 1. admin/tp-expectations
2021-07-13T05:21:13.819Z - info: Rebuilding 1 pages
2021-07-13T05:21:14.102Z - info: Site data built
2021-07-13T05:21:14.102Z - info: Pages rebuilt
2021-07-13T05:21:14.102Z - info: Website regeneration complete! Total build time: 0.284s
2021-07-13T05:21:38.815Z - info: [1:21:38 pm] Reload for file change: C:\repos\nus-cs2103\cs2103-website-base\admin\tp-expectations.md
2021-07-13T05:21:38.815Z - info: Synchronizing opened pages list before reload
2021-07-13T05:21:38.815Z - info: Current opened pages, from most-to-least recent:
2021-07-13T05:21:38.816Z - info: 1. admin/tp-expectations
2021-07-13T05:21:39.834Z - info: Rebuilding 1 pages
2021-07-13T05:21:40.194Z - info: Site data built
2021-07-13T05:21:40.194Z - info: Pages rebuilt
2021-07-13T05:21:40.194Z - info: Website regeneration complete! Total build time: 0.363s
2021-07-13T05:22:05.266Z - info: [1:22:05 pm] Reload for file change: C:\repos\nus-cs2103\cs2103-website-base\admin\tp-expectations.md
2021-07-13T05:22:05.266Z - info: Synchronizing opened pages list before reload
2021-07-13T05:22:05.267Z - info: Current opened pages, from most-to-least recent:
2021-07-13T05:22:05.267Z - info: 1. admin/tp-expectations
2021-07-13T05:22:06.271Z - info: Rebuilding 1 pages
2021-07-13T05:22:06.527Z - info: Site data built
2021-07-13T05:22:06.527Z - info: Pages rebuilt
2021-07-13T05:22:06.527Z - info: Website regeneration complete! Total build time: 0.257s
2021-07-13T05:24:43.905Z - info: [1:24:43 pm] Reload for file change: C:\repos\nus-cs2103\cs2103-website-base\admin\tp-expectations.md
2021-07-13T05:24:43.905Z - info: Synchronizing opened pages list before reload
2021-07-13T05:24:43.905Z - info: Current opened pages, from most-to-least recent:
2021-07-13T05:24:43.906Z - info: 1. admin/tp-expectations
2021-07-13T05:24:44.918Z - info: Rebuilding 1 pages
2021-07-13T05:24:45.179Z - info: Site data built
2021-07-13T05:24:45.179Z - info: Pages rebuilt
2021-07-13T05:24:45.179Z - info: Website regeneration complete! Total build time: 0.263s
2021-07-13T06:57:49.601Z - info: Building C:\repos\nus-cs2103\cs2103-website-base\se-book-adapted\index as some of its dependencies were changed since the last visit
2021-07-13T06:57:50.054Z - info: Site data built
2021-07-13T06:57:50.055Z - info: Lazy website regeneration complete! Total build time: 0.456s
2021-07-13T07:00:45.256Z - info: [3:00:45 pm] Reload for file change: C:\repos\nus-cs2103\cs2103-website-base\_markbind\variables.md
2021-07-13T07:00:45.257Z - info: Synchronizing opened pages list before reload
2021-07-13T07:00:45.258Z - info: Current opened pages, from most-to-least recent:
2021-07-13T07:00:45.258Z - info: 1. se-book-adapted/index
2021-07-13T07:00:46.381Z - warn: Rebuilding all pages as variables file was changed, or the --force-reload flag was set
2021-07-13T07:00:46.385Z - info: Rebuilding 1 pages
2021-07-13T07:00:46.517Z - info: Site data built
2021-07-13T07:00:46.517Z - info: Pages rebuilt
2021-07-13T07:00:46.517Z - info: Website regeneration complete! Total build time: 0.249s
2021-07-13T07:01:30.610Z - info: Website generation (lazy) started at 3:01:28 pm
2021-07-13T07:01:36.427Z - info: Building assets...
2021-07-13T07:01:41.814Z - info: Assets built
2021-07-13T07:01:41.814Z - info: Generating landing page...
2021-07-13T07:01:42.530Z - info: Landing page built, other pages will be built as you navigate to them!
2021-07-13T07:01:43.327Z - info: Site data built
2021-07-13T07:01:43.327Z - info: Website generation (lazy) complete! Total build time: 14.473s
2021-07-13T07:01:44.149Z - info: Serving "C:\repos\nus-cs2103\cs2103-website-base\_site" at http://127.0.0.1:8080
2021-07-13T07:01:44.149Z - info: Press CTRL+C to stop ...
2021-07-13T07:02:17.106Z - info: [3:02:17 pm] Reload for file change: C:\repos\nus-cs2103\cs2103-website-base\_markbind\variables.md
2021-07-13T07:02:17.108Z - info: Synchronizing opened pages list before reload
2021-07-13T07:02:17.108Z - info: Current opened pages, from most-to-least recent:
2021-07-13T07:02:17.109Z - info: 1. index
2021-07-13T07:02:18.233Z - warn: Rebuilding all pages as variables file was changed, or the --force-reload flag was set
2021-07-13T07:02:18.239Z - info: Rebuilding 1 pages
2021-07-13T07:02:18.631Z - info: Site data built
2021-07-13T07:02:18.631Z - info: Pages rebuilt
2021-07-13T07:02:18.632Z - info: Website regeneration complete! Total build time: 0.518s
2021-07-13T07:02:29.402Z - info: Building C:\repos\nus-cs2103\cs2103-website-base\se-book-adapted\index as some of its dependencies were changed since the last visit
2021-07-13T07:02:29.710Z - info: Site data built
2021-07-13T07:02:29.711Z - info: Lazy website regeneration complete! Total build time: 0.31s
2021-07-13T07:02:40.390Z - info: Building C:\repos\nus-cs2103\cs2103-website-base\se-book-adapted\chapters\gitAndGithub as some of its dependencies were changed since the last visit
2021-07-13T07:02:42.054Z - info: Site data built
2021-07-13T07:02:42.054Z - info: Lazy website regeneration complete! Total build time: 1.665s
2021-07-13T07:04:29.500Z - info: [3:04:29 pm] Reload for file change: C:\repos\nus-cs2103\cs2103-website-base\book\gitAndGithub\ignore\text.md
2021-07-13T07:04:29.500Z - info: Synchronizing opened pages list before reload
2021-07-13T07:04:29.500Z - info: Current opened pages, from most-to-least recent:
2021-07-13T07:04:29.501Z - info: 1. se-book-adapted/chapters/gitAndGithub
2021-07-13T07:04:30.515Z - info: Rebuilding 1 pages
2021-07-13T07:04:31.508Z - info: Site data built
2021-07-13T07:04:31.509Z - info: Pages rebuilt
2021-07-13T07:04:31.509Z - info: Website regeneration complete! Total build time: 0.996s
2021-07-13T07:05:32.672Z - info: [3:05:32 pm] Reload for file change: C:\repos\nus-cs2103\cs2103-website-base\book\gitAndGithub\ignore\text.md
2021-07-13T07:05:32.672Z - info: Synchronizing opened pages list before reload
2021-07-13T07:05:32.672Z - info: Current opened pages, from most-to-least recent:
2021-07-13T07:05:32.672Z - info: 1. se-book-adapted/chapters/gitAndGithub
2021-07-13T07:05:33.685Z - info: Rebuilding 1 pages
2021-07-13T07:05:34.471Z - info: Site data built
2021-07-13T07:05:34.471Z - info: Pages rebuilt
2021-07-13T07:05:34.471Z - info: Website regeneration complete! Total build time: 0.787s
2021-07-13T07:07:06.944Z - info: [3:07:06 pm] Reload for file change: C:\repos\nus-cs2103\cs2103-website-base\book\gitAndGithub\ignore\text.md
2021-07-13T07:07:06.944Z - info: Synchronizing opened pages list before reload
2021-07-13T07:07:06.945Z - info: Current opened pages, from most-to-least recent:
2021-07-13T07:07:06.945Z - info: 1. se-book-adapted/chapters/gitAndGithub
2021-07-13T07:07:07.962Z - info: Rebuilding 1 pages
2021-07-13T07:07:08.933Z - info: Site data built
2021-07-13T07:07:08.934Z - info: Pages rebuilt
2021-07-13T07:07:08.934Z - info: Website regeneration complete! Total build time: 0.973s
2021-07-13T07:07:17.677Z - info: [3:07:17 pm] Reload for file change: C:\repos\nus-cs2103\cs2103-website-base\book\gitAndGithub\ignore\text.md
2021-07-13T07:07:17.677Z - info: Synchronizing opened pages list before reload
2021-07-13T07:07:17.677Z - info: Current opened pages, from most-to-least recent:
2021-07-13T07:07:17.678Z - info: 1. se-book-adapted/chapters/gitAndGithub
2021-07-13T07:07:18.687Z - info: Rebuilding 1 pages
2021-07-13T07:07:19.402Z - info: Site data built
2021-07-13T07:07:19.403Z - info: Pages rebuilt
2021-07-13T07:07:19.403Z - info: Website regeneration complete! Total build time: 0.717s
2021-07-13T07:09:11.683Z - info: [3:09:11 pm] Reload for file change: C:\repos\nus-cs2103\cs2103-website-base\book\gitAndGithub\ignore\text.md
2021-07-13T07:09:11.683Z - info: Synchronizing opened pages list before reload
2021-07-13T07:09:11.683Z - info: Current opened pages, from most-to-least recent:
2021-07-13T07:09:11.683Z - info: 1. se-book-adapted/chapters/gitAndGithub
2021-07-13T07:09:12.694Z - info: Rebuilding 1 pages
2021-07-13T07:09:13.575Z - info: Site data built
2021-07-13T07:09:13.575Z - info: Pages rebuilt
2021-07-13T07:09:13.575Z - info: Website regeneration complete! Total build time: 0.881s
2021-07-13T07:14:58.024Z - info: [3:14:58 pm] Reload for file change: C:\repos\nus-cs2103\cs2103-website-base\book\gitAndGithub\ignore\text.md
2021-07-13T07:14:58.024Z - info: Synchronizing opened pages list before reload
2021-07-13T07:14:58.024Z - info: Current opened pages, from most-to-least recent:
2021-07-13T07:14:58.025Z - info: 1. se-book-adapted/chapters/gitAndGithub
2021-07-13T07:14:59.031Z - info: Rebuilding 1 pages
2021-07-13T07:14:59.817Z - info: Site data built
2021-07-13T07:14:59.817Z - info: Pages rebuilt
2021-07-13T07:14:59.817Z - info: Website regeneration complete! Total build time: 0.788s
2021-07-13T07:16:37.050Z - info: [3:16:37 pm] Reload for file change: C:\repos\nus-cs2103\cs2103-website-base\book\gitAndGithub\ignore\text.md
2021-07-13T07:16:37.050Z - info: Synchronizing opened pages list before reload
2021-07-13T07:16:37.051Z - info: Current opened pages, from most-to-least recent:
2021-07-13T07:16:37.051Z - info: 1. se-book-adapted/chapters/gitAndGithub
2021-07-13T07:16:38.060Z - info: Rebuilding 1 pages
2021-07-13T07:16:39.003Z - info: Site data built
2021-07-13T07:16:39.004Z - info: Pages rebuilt
2021-07-13T07:16:39.004Z - info: Website regeneration complete! Total build time: 0.947s
2021-07-13T07:17:39.958Z - info: Building C:\repos\nus-cs2103\cs2103-website-base\se-book-adapted\projectDuke\index as some of its dependencies were changed since the last visit
2021-07-13T07:17:40.549Z - info: Site data built
2021-07-13T07:17:40.550Z - info: Lazy website regeneration complete! Total build time: 0.592s
2021-07-13T07:19:22.915Z - info: [3:19:22 pm] Reload for file change: C:\repos\nus-cs2103\cs2103-website-base\book\projectDuke\extensions.mbdf
2021-07-13T07:19:22.916Z - info: Synchronizing opened pages list before reload
2021-07-13T07:19:22.916Z - info: Current opened pages, from most-to-least recent:
2021-07-13T07:19:22.916Z - info: 1. se-book-adapted/projectDuke/index
2021-07-13T07:19:23.922Z - info: Rebuilding 1 pages
2021-07-13T07:19:24.497Z - info: Site data built
2021-07-13T07:19:24.497Z - info: Pages rebuilt
2021-07-13T07:19:24.497Z - info: Website regeneration complete! Total build time: 0.577s
2021-07-13T07:19:32.922Z - info: Building C:\repos\nus-cs2103\cs2103-website-base\admin\index as some of its dependencies were changed since the last visit
2021-07-13T07:19:33.299Z - info: Site data built
2021-07-13T07:19:33.299Z - info: Lazy website regeneration complete! Total build time: 0.377s
2021-07-13T07:19:53.593Z - info: Building C:\repos\nus-cs2103\cs2103-website-base\admin\ip-w2 as some of its dependencies were changed since the last visit
2021-07-13T07:19:55.047Z - info: Site data built
2021-07-13T07:19:55.047Z - info: Lazy website regeneration complete! Total build time: 1.455s
2021-07-13T07:20:41.017Z - info: [3:20:41 pm] Reload for file change: C:\repos\nus-cs2103\cs2103-website-base\admin\ip-tasks.mbdf
2021-07-13T07:20:41.017Z - info: Synchronizing opened pages list before reload
2021-07-13T07:20:41.018Z - info: Current opened pages, from most-to-least recent:
2021-07-13T07:20:41.018Z - info: 1. admin/ip-w2
2021-07-13T07:20:42.036Z - info: Rebuilding 1 pages
2021-07-13T07:20:43.362Z - info: Site data built
2021-07-13T07:20:43.362Z - info: Pages rebuilt
2021-07-13T07:20:43.362Z - info: Website regeneration complete! Total build time: 1.328s
2021-07-13T07:21:53.957Z - info: [3:21:53 pm] Reload for file change: C:\repos\nus-cs2103\cs2103-website-base\admin\ip-tasks.mbdf
2021-07-13T07:21:53.957Z - info: Synchronizing opened pages list before reload
2021-07-13T07:21:53.958Z - info: Current opened pages, from most-to-least recent:
2021-07-13T07:21:53.958Z - info: 1. admin/ip-w2
2021-07-13T07:21:54.976Z - info: Rebuilding 1 pages
2021-07-13T07:21:56.268Z - info: Site data built
2021-07-13T07:21:56.268Z - info: Pages rebuilt
2021-07-13T07:21:56.269Z - info: Website regeneration complete! Total build time: 1.294s
2021-07-13T07:23:43.123Z - info: Building C:\repos\nus-cs2103\cs2103-website-base\schedule\week2\index as some of its dependencies were changed since the last visit
2021-07-13T07:23:44.022Z - info: Site data built
2021-07-13T07:23:44.022Z - info: Lazy website regeneration complete! Total build time: 0.899s
2021-07-13T07:23:47.485Z - info: Building C:\repos\nus-cs2103\cs2103-website-base\schedule\week2\topics as some of its dependencies were changed since the last visit
2021-07-13T07:23:49.772Z - info: Site data built
2021-07-13T07:23:49.772Z - info: Lazy website regeneration complete! Total build time: 2.288s
2021-07-13T07:26:59.294Z - info: [3:26:59 pm] Reload for file change: C:\repos\nus-cs2103\cs2103-website-base\admin\ip-tasks.mbdf
2021-07-13T07:26:59.295Z - info: Synchronizing opened pages list before reload
2021-07-13T07:26:59.297Z - info: Current opened pages, from most-to-least recent:
2021-07-13T07:26:59.297Z - info: 1. schedule/week2/topics
2021-07-13T07:26:59.297Z - info: 2. admin/ip-w2
2021-07-13T07:27:00.316Z - info: Rebuilding 2 pages
2021-07-13T07:27:03.305Z - info: Site data built
2021-07-13T07:27:03.305Z - info: Pages rebuilt
2021-07-13T07:27:03.306Z - info: Website regeneration complete! Total build time: 2.991s
2021-07-13T13:21:01.966Z - info: Website generation (lazy) started at 9:21:00 pm
2021-07-13T13:21:07.523Z - info: Building assets...
2021-07-13T13:21:12.953Z - info: Assets built
2021-07-13T13:21:12.953Z - info: Generating landing page...
2021-07-13T13:21:13.595Z - info: Landing page built, other pages will be built as you navigate to them!
2021-07-13T13:21:14.510Z - info: Site data built
2021-07-13T13:21:14.510Z - info: Website generation (lazy) complete! Total build time: 14.311s
2021-07-13T13:21:15.333Z - info: Serving "C:\repos\nus-cs2103\cs2103-website-base\_site" at http://127.0.0.1:8080
2021-07-13T13:21:15.333Z - info: Press CTRL+C to stop ...
2021-07-13T13:21:31.180Z - info: Building C:\repos\nus-cs2103\cs2103-website-base\schedule\timeline as some of its dependencies were changed since the last visit
2021-07-13T13:21:38.252Z - info: Site data built
2021-07-13T13:21:38.252Z - info: Lazy website regeneration complete! Total build time: 7.072s
2021-07-13T13:23:39.186Z - info: Building C:\repos\nus-cs2103\cs2103-website-base\schedule\week3\project as some of its dependencies were changed since the last visit
2021-07-13T13:23:40.894Z - info: Site data built
2021-07-13T13:23:40.895Z - info: Lazy website regeneration complete! Total build time: 1.71s
2021-07-13T13:24:44.279Z - info: [9:24:44 pm] Reload for file change: C:\repos\nus-cs2103\cs2103-website-base\_module-CS2103\weeklyIpTasks.mbdf
2021-07-13T13:24:44.280Z - info: Synchronizing opened pages list before reload
2021-07-13T13:24:44.281Z - info: Current opened pages, from most-to-least recent:
2021-07-13T13:24:44.281Z - info: 1. schedule/week3/project
2021-07-13T13:24:45.300Z - info: Rebuilding 1 pages
2021-07-13T13:24:46.733Z - info: Site data built
2021-07-13T13:24:46.733Z - info: Pages rebuilt
2021-07-13T13:24:46.734Z - info: Website regeneration complete! Total build time: 1.437s
2021-07-13T13:25:21.343Z - info: [9:25:21 pm] Reload for file change: C:\repos\nus-cs2103\cs2103-website-base\admin\ip-tasks.mbdf
2021-07-13T13:25:21.344Z - info: Synchronizing opened pages list before reload
2021-07-13T13:25:21.345Z - info: Current opened pages, from most-to-least recent:
2021-07-13T13:25:21.345Z - info: 1. schedule/week3/project
2021-07-13T13:25:22.360Z - info: Rebuilding 1 pages
2021-07-13T13:25:23.738Z - info: Site data built
2021-07-13T13:25:23.738Z - info: Pages rebuilt
2021-07-13T13:25:23.738Z - info: Website regeneration complete! Total build time: 1.379s
2021-07-13T13:27:09.101Z - info: [9:27:09 pm] Reload for file change: C:\repos\nus-cs2103\cs2103-website-base\admin\ip-tasks.mbdf
2021-07-13T13:27:09.101Z - info: Synchronizing opened pages list before reload
2021-07-13T13:27:09.102Z - info: Current opened pages, from most-to-least recent:
2021-07-13T13:27:09.102Z - info: 1. schedule/week3/project
2021-07-13T13:27:10.105Z - info: Rebuilding 1 pages
2021-07-13T13:27:11.325Z - info: Site data built
2021-07-13T13:27:11.325Z - info: Pages rebuilt
2021-07-13T13:27:11.325Z - info: Website regeneration complete! Total build time: 1.221s
2021-07-13T13:27:33.160Z - info: [9:27:33 pm] Reload for file change: C:\repos\nus-cs2103\cs2103-website-base\admin\ip-tasks.mbdf
2021-07-13T13:27:33.160Z - info: Synchronizing opened pages list before reload
2021-07-13T13:27:33.160Z - info: Current opened pages, from most-to-least recent:
2021-07-13T13:27:33.161Z - info: 1. schedule/week3/project
2021-07-13T13:27:34.179Z - info: Rebuilding 1 pages
2021-07-13T13:27:35.264Z - info: Site data built
2021-07-13T13:27:35.264Z - info: Pages rebuilt
2021-07-13T13:27:35.264Z - info: Website regeneration complete! Total build time: 1.086s
2021-07-13T14:04:47.035Z - info: Building C:\repos\nus-cs2103\cs2103-website-base\admin\index as some of its dependencies were changed since the last visit
2021-07-13T14:04:47.428Z - info: Site data built
2021-07-13T14:04:47.429Z - info: Lazy website regeneration complete! Total build time: 0.395s
2021-07-13T14:04:53.365Z - info: Building C:\repos\nus-cs2103\cs2103-website-base\admin\tp-w13 as some of its dependencies were changed since the last visit
2021-07-13T14:04:54.887Z - info: Site data built
2021-07-13T14:04:54.887Z - info: Lazy website regeneration complete! Total build time: 1.522s
2021-07-13T14:07:58.084Z - info: [10:07:58 pm] Reload for file change: C:\repos\nus-cs2103\cs2103-website-base\admin\tp-tasks.mbdf
2021-07-13T14:07:58.085Z - info: Synchronizing opened pages list before reload
2021-07-13T14:07:58.085Z - info: Current opened pages, from most-to-least recent:
2021-07-13T14:07:58.086Z - info: 1. admin/tp-w13
2021-07-13T14:07:59.110Z - info: Rebuilding 1 pages
2021-07-13T14:08:00.520Z - info: Site data built
2021-07-13T14:08:00.520Z - info: Pages rebuilt
2021-07-13T14:08:00.520Z - info: Website regeneration complete! Total build time: 1.411s
2021-07-13T14:08:43.553Z - info: [10:08:43 pm] Reload for file change: C:\repos\nus-cs2103\cs2103-website-base\admin\tp-tasks.mbdf
2021-07-13T14:08:43.553Z - info: Synchronizing opened pages list before reload
2021-07-13T14:08:43.553Z - info: Current opened pages, from most-to-least recent:
2021-07-13T14:08:43.554Z - info: 1. admin/tp-w13
2021-07-13T14:08:44.561Z - info: Rebuilding 1 pages
2021-07-13T14:08:45.935Z - info: Site data built
2021-07-13T14:08:45.935Z - info: Pages rebuilt
2021-07-13T14:08:45.936Z - info: Website regeneration complete! Total build time: 1.376s
2021-07-13T14:08:59.005Z - info: [10:08:59 pm] Reload for file change: C:\repos\nus-cs2103\cs2103-website-base\admin\tp-tasks.mbdf
2021-07-13T14:08:59.005Z - info: Synchronizing opened pages list before reload
2021-07-13T14:08:59.005Z - info: Current opened pages, from most-to-least recent:
2021-07-13T14:08:59.005Z - info: 1. admin/tp-w13
2021-07-13T14:09:00.020Z - info: Rebuilding 1 pages
2021-07-13T14:09:01.140Z - info: Site data built
2021-07-13T14:09:01.140Z - info: Pages rebuilt
2021-07-13T14:09:01.140Z - info: Website regeneration complete! Total build time: 1.122s
2021-07-13T14:13:31.806Z - info: [10:13:31 pm] Reload for file change: C:\repos\nus-cs2103\cs2103-website-base\admin\tp-tasks.mbdf
2021-07-13T14:13:31.806Z - info: Synchronizing opened pages list before reload
2021-07-13T14:13:31.807Z - info: Current opened pages, from most-to-least recent:
2021-07-13T14:13:31.807Z - info: 1. admin/tp-w13
2021-07-13T14:13:32.825Z - info: Rebuilding 1 pages
2021-07-13T14:13:34.175Z - info: Site data built
2021-07-13T14:13:34.175Z - info: Pages rebuilt
2021-07-13T14:13:34.175Z - info: Website regeneration complete! Total build time: 1.351s
2021-07-13T14:17:50.550Z - info: [10:17:50 pm] Reload for file change: C:\repos\nus-cs2103\cs2103-website-base\admin\tp-tasks.mbdf
2021-07-13T14:17:50.550Z - info: Synchronizing opened pages list before reload
2021-07-13T14:17:50.551Z - info: Current opened pages, from most-to-least recent:
2021-07-13T14:17:50.551Z - info: 1. admin/tp-w13
2021-07-13T14:17:51.558Z - info: Rebuilding 1 pages
2021-07-13T14:17:52.924Z - info: Site data built
2021-07-13T14:17:52.924Z - info: Pages rebuilt
2021-07-13T14:17:52.925Z - info: Website regeneration complete! Total build time: 1.367s
2021-07-13T14:19:10.579Z - info: [10:19:10 pm] Reload for file change: C:\repos\nus-cs2103\cs2103-website-base\admin\tp-tasks.mbdf
2021-07-13T14:19:10.580Z - info: Synchronizing opened pages list before reload
2021-07-13T14:19:10.580Z - info: Current opened pages, from most-to-least recent:
2021-07-13T14:19:10.580Z - info: 1. admin/tp-w13
2021-07-13T14:19:11.586Z - info: Rebuilding 1 pages
2021-07-13T14:19:12.921Z - info: Site data built
2021-07-13T14:19:12.921Z - info: Pages rebuilt
2021-07-13T14:19:12.921Z - info: Website regeneration complete! Total build time: 1.336s
2021-07-13T14:50:35.365Z - info: [10:50:35 pm] Reload for file change: C:\repos\nus-cs2103\cs2103-website-base\admin\tp-tasks.mbdf
2021-07-13T14:50:35.366Z - info: Synchronizing opened pages list before reload
2021-07-13T14:50:35.366Z - info: Current opened pages, from most-to-least recent:
2021-07-13T14:50:35.366Z - info: 1. admin/tp-w13
2021-07-13T14:50:36.380Z - info: Rebuilding 1 pages
2021-07-13T14:50:38.298Z - info: [10:50:38 pm] Reload for file change: C:\repos\nus-cs2103\cs2103-website-base\admin\tp-tasks.mbdf
2021-07-13T14:50:38.299Z - info: Synchronizing opened pages list before reload
2021-07-13T14:50:38.299Z - info: Current opened pages, from most-to-least recent:
2021-07-13T14:50:38.299Z - info: 1. admin/tp-w13
2021-07-13T14:50:38.380Z - info: Site data built
2021-07-13T14:50:38.380Z - info: Pages rebuilt
2021-07-13T14:50:38.381Z - info: Website regeneration complete! Total build time: 2.003s
2021-07-13T14:50:39.322Z - info: Rebuilding 1 pages
2021-07-13T14:50:40.629Z - info: Site data built
2021-07-13T14:50:40.629Z - info: Pages rebuilt
2021-07-13T14:50:40.629Z - info: Website regeneration complete! Total build time: 1.31s
2021-07-13T14:51:07.204Z - info: [10:51:07 pm] Reload for file change: C:\repos\nus-cs2103\cs2103-website-base\admin\tp-tasks.mbdf
2021-07-13T14:51:07.204Z - info: Synchronizing opened pages list before reload
2021-07-13T14:51:07.204Z - info: Current opened pages, from most-to-least recent:
2021-07-13T14:51:07.204Z - info: 1. admin/tp-w13
2021-07-13T14:51:08.211Z - info: Rebuilding 1 pages
2021-07-13T14:51:09.932Z - info: Site data built
2021-07-13T14:51:09.932Z - info: Pages rebuilt
2021-07-13T14:51:09.932Z - info: Website regeneration complete! Total build time: 1.722s
2021-07-13T14:51:20.867Z - info: [10:51:20 pm] Reload for file change: C:\repos\nus-cs2103\cs2103-website-base\admin\tp-tasks.mbdf
2021-07-13T14:51:20.867Z - info: Synchronizing opened pages list before reload
2021-07-13T14:51:20.867Z - info: Current opened pages, from most-to-least recent:
2021-07-13T14:51:20.867Z - info: 1. admin/tp-w13
2021-07-13T14:51:21.872Z - info: Rebuilding 1 pages
2021-07-13T14:51:23.131Z - info: Site data built
2021-07-13T14:51:23.132Z - info: Pages rebuilt
2021-07-13T14:51:23.132Z - info: Website regeneration complete! Total build time: 1.261s
2021-07-13T14:51:32.894Z - info: [10:51:32 pm] Reload for file change: C:\repos\nus-cs2103\cs2103-website-base\admin\tp-tasks.mbdf
2021-07-13T14:51:32.894Z - info: Synchronizing opened pages list before reload
2021-07-13T14:51:32.894Z - info: Current opened pages, from most-to-least recent:
2021-07-13T14:51:32.895Z - info: 1. admin/tp-w13
2021-07-13T14:51:33.900Z - info: Rebuilding 1 pages
2021-07-13T14:51:35.078Z - info: Site data built
2021-07-13T14:51:35.078Z - info: Pages rebuilt
2021-07-13T14:51:35.078Z - info: Website regeneration complete! Total build time: 1.178s
2021-07-13T14:55:15.362Z - info: Building C:\repos\nus-cs2103\cs2103-website-base\admin\tp-w12 as some of its dependencies were changed since the last visit
2021-07-13T14:55:17.300Z - info: Site data built
2021-07-13T14:55:17.301Z - info: Lazy website regeneration complete! Total build time: 1.941s
2021-07-13T15:01:10.278Z - info: [11:01:10 pm] Reload for file change: C:\repos\nus-cs2103\cs2103-website-base\_module-CS2103\weeklyTpTasks.mbdf
2021-07-13T15:01:10.279Z - info: Synchronizing opened pages list before reload
2021-07-13T15:01:10.279Z - info: Current opened pages, from most-to-least recent:
2021-07-13T15:01:10.279Z - info: 1. admin/tp-w12
2021-07-13T15:01:10.308Z - info: [11:01:10 pm] Reload for file change: C:\repos\nus-cs2103\cs2103-website-base\admin\tp-tasks.mbdf
2021-07-13T15:01:10.308Z - info: Synchronizing opened pages list before reload
2021-07-13T15:01:10.308Z - info: Current opened pages, from most-to-least recent:
2021-07-13T15:01:10.308Z - info: 1. admin/tp-w12
2021-07-13T15:01:11.524Z - info: Rebuilding 1 pages
2021-07-13T15:01:13.004Z - info: Site data built
2021-07-13T15:01:13.005Z - info: Pages rebuilt
2021-07-13T15:01:13.005Z - info: Website regeneration complete! Total build time: 1.482s
2021-07-13T15:02:29.175Z - info: [11:02:29 pm] Reload for file change: C:\repos\nus-cs2103\cs2103-website-base\admin\tp-tasks.mbdf
2021-07-13T15:02:29.176Z - info: Synchronizing opened pages list before reload
2021-07-13T15:02:29.176Z - info: Current opened pages, from most-to-least recent:
2021-07-13T15:02:29.176Z - info: 1. admin/tp-w12
2021-07-13T15:02:30.184Z - info: Rebuilding 1 pages
2021-07-13T15:02:31.177Z - error:  Error: No such segment '#Constraint-PDF-Friendlyn' in file: C:\repos\nus-cs2103\cs2103-website-base\admin\tp-constraints.md
Missing reference in C:\repos\nus-cs2103\cs2103-website-base\admin\tp-tasks.mbdf
    at processInclude (C:\Users\dcsdcr\AppData\Roaming\npm\node_modules\markbind-cli\node_modules\@markbind\core\src\html\includePanelProcessor.js:225:23)
    at NodeProcessor.processNode (C:\Users\dcsdcr\AppData\Roaming\npm\node_modules\markbind-cli\node_modules\@markbind\core\src\html\NodeProcessor.js:147:16)
    at NodeProcessor._process (C:\Users\dcsdcr\AppData\Roaming\npm\node_modules\markbind-cli\node_modules\@markbind\core\src\html\NodeProcessor.js:295:20)
    at C:\Users\dcsdcr\AppData\Roaming\npm\node_modules\markbind-cli\node_modules\@markbind\core\src\html\NodeProcessor.js:300:14
    at Array.forEach (<anonymous>)
    at NodeProcessor._process (C:\Users\dcsdcr\AppData\Roaming\npm\node_modules\markbind-cli\node_modules\@markbind\core\src\html\NodeProcessor.js:299:21)
    at C:\Users\dcsdcr\AppData\Roaming\npm\node_modules\markbind-cli\node_modules\@markbind\core\src\html\NodeProcessor.js:300:14
    at Array.forEach (<anonymous>)
    at NodeProcessor._process (C:\Users\dcsdcr\AppData\Roaming\npm\node_modules\markbind-cli\node_modules\@markbind\core\src\html\NodeProcessor.js:299:21)
    at C:\Users\dcsdcr\AppData\Roaming\npm\node_modules\markbind-cli\node_modules\@markbind\core\src\html\NodeProcessor.js:300:14
    at Array.forEach (<anonymous>)
    at NodeProcessor._process (C:\Users\dcsdcr\AppData\Roaming\npm\node_modules\markbind-cli\node_modules\@markbind\core\src\html\NodeProcessor.js:299:21)
    at C:\Users\dcsdcr\AppData\Roaming\npm\node_modules\markbind-cli\node_modules\@markbind\core\src\html\NodeProcessor.js:300:14
    at Array.forEach (<anonymous>)
    at NodeProcessor._process (C:\Users\dcsdcr\AppData\Roaming\npm\node_modules\markbind-cli\node_modules\@markbind\core\src\html\NodeProcessor.js:299:21)
    at C:\Users\dcsdcr\AppData\Roaming\npm\node_modules\markbind-cli\node_modules\@markbind\core\src\html\NodeProcessor.js:300:14
2021-07-13T15:02:31.931Z - info: Site data built
2021-07-13T15:02:31.931Z - info: Pages rebuilt
2021-07-13T15:02:31.931Z - info: Website regeneration complete! Total build time: 1.748s
2021-07-13T15:02:56.609Z - info: [11:02:56 pm] Reload for file change: C:\repos\nus-cs2103\cs2103-website-base\admin\tp-tasks.mbdf
2021-07-13T15:02:56.610Z - info: Synchronizing opened pages list before reload
2021-07-13T15:02:56.610Z - info: Current opened pages, from most-to-least recent:
2021-07-13T15:02:56.610Z - info: 1. admin/tp-w12
2021-07-13T15:02:57.626Z - info: Rebuilding 1 pages
2021-07-13T15:02:59.287Z - info: Site data built
2021-07-13T15:02:59.288Z - info: Pages rebuilt
2021-07-13T15:02:59.288Z - info: Website regeneration complete! Total build time: 1.664s
2021-07-13T15:04:29.824Z - info: [11:04:29 pm] Reload for file change: C:\repos\nus-cs2103\cs2103-website-base\admin\tp-tasks.mbdf
2021-07-13T15:04:29.824Z - info: Synchronizing opened pages list before reload
2021-07-13T15:04:29.824Z - info: Current opened pages, from most-to-least recent:
2021-07-13T15:04:29.825Z - info: 1. admin/tp-w12
2021-07-13T15:04:30.835Z - info: Rebuilding 1 pages
2021-07-13T15:04:32.520Z - info: Site data built
2021-07-13T15:04:32.520Z - info: Pages rebuilt
2021-07-13T15:04:32.521Z - info: Website regeneration complete! Total build time: 1.687s
2021-07-13T15:05:47.687Z - info: [11:05:47 pm] Reload for file change: C:\repos\nus-cs2103\cs2103-website-base\admin\tp-tasks.mbdf
2021-07-13T15:05:47.687Z - info: Synchronizing opened pages list before reload
2021-07-13T15:05:47.688Z - info: Current opened pages, from most-to-least recent:
2021-07-13T15:05:47.688Z - info: 1. admin/tp-w12
2021-07-13T15:05:48.692Z - info: Rebuilding 1 pages
2021-07-13T15:05:50.375Z - info: Site data built
2021-07-13T15:05:50.375Z - info: Pages rebuilt
2021-07-13T15:05:50.375Z - info: Website regeneration complete! Total build time: 1.684s
2021-07-13T15:07:21.614Z - info: [11:07:21 pm] Reload for file change: C:\repos\nus-cs2103\cs2103-website-base\admin\tp-tasks.mbdf
2021-07-13T15:07:21.615Z - info: Synchronizing opened pages list before reload
2021-07-13T15:07:21.615Z - info: Current opened pages, from most-to-least recent:
2021-07-13T15:07:21.615Z - info: 1. admin/tp-w13
2021-07-13T15:07:22.627Z - info: Rebuilding 1 pages
2021-07-13T15:07:24.451Z - info: Site data built
2021-07-13T15:07:24.452Z - info: Pages rebuilt
2021-07-13T15:07:24.452Z - info: Website regeneration complete! Total build time: 1.826s
2021-07-13T15:07:45.141Z - info: Building C:\repos\nus-cs2103\cs2103-website-base\admin\tp-w12 as some of its dependencies were changed since the last visit
2021-07-13T15:07:47.082Z - info: Site data built
2021-07-13T15:07:47.082Z - info: Lazy website regeneration complete! Total build time: 1.941s
2021-07-13T15:08:43.151Z - info: [11:08:43 pm] Reload for file change: C:\repos\nus-cs2103\cs2103-website-base\admin\tp-tasks.mbdf
2021-07-13T15:08:43.151Z - info: Synchronizing opened pages list before reload
2021-07-13T15:08:43.151Z - info: Current opened pages, from most-to-least recent:
2021-07-13T15:08:43.152Z - info: 1. admin/tp-w12
2021-07-13T15:08:44.168Z - info: Rebuilding 1 pages
2021-07-13T15:08:45.815Z - info: Site data built
2021-07-13T15:08:45.815Z - info: Pages rebuilt
2021-07-13T15:08:45.816Z - info: Website regeneration complete! Total build time: 1.648s
2021-07-13T15:09:00.407Z - info: [11:09:00 pm] Reload for file change: C:\repos\nus-cs2103\cs2103-website-base\admin\tp-tasks.mbdf
2021-07-13T15:09:00.407Z - info: Synchronizing opened pages list before reload
2021-07-13T15:09:00.408Z - info: Current opened pages, from most-to-least recent:
2021-07-13T15:09:00.408Z - info: 1. admin/tp-w12
2021-07-13T15:09:01.420Z - info: Rebuilding 1 pages
2021-07-13T15:09:02.686Z - info: Site data built
2021-07-13T15:09:02.686Z - info: Pages rebuilt
2021-07-13T15:09:02.686Z - info: Website regeneration complete! Total build time: 1.266s
2021-07-13T15:11:19.352Z - info: [11:11:19 pm] Reload for file change: C:\repos\nus-cs2103\cs2103-website-base\admin\tp-tasks.mbdf
2021-07-13T15:11:19.353Z - info: Synchronizing opened pages list before reload
2021-07-13T15:11:19.353Z - info: Current opened pages, from most-to-least recent:
2021-07-13T15:11:19.353Z - info: 1. admin/tp-w12
2021-07-13T15:11:20.365Z - info: Rebuilding 1 pages
2021-07-13T15:11:22.096Z - info: Site data built
2021-07-13T15:11:22.096Z - info: Pages rebuilt
2021-07-13T15:11:22.096Z - info: Website regeneration complete! Total build time: 1.732s
2021-07-13T15:19:24.415Z - info: Building C:\repos\nus-cs2103\cs2103-website-base\admin\tp-w13 as some of its dependencies were changed since the last visit
2021-07-13T15:19:26.350Z - info: Site data built
2021-07-13T15:19:26.351Z - info: Lazy website regeneration complete! Total build time: 1.935s
2021-07-13T15:22:53.201Z - info: [11:22:53 pm] Reload for file change: C:\repos\nus-cs2103\cs2103-website-base\admin\tp-tasks.mbdf
2021-07-13T15:22:53.201Z - info: Synchronizing opened pages list before reload
2021-07-13T15:22:53.202Z - info: Current opened pages, from most-to-least recent:
2021-07-13T15:22:53.202Z - info: 1. admin/tp-w13
2021-07-13T15:22:54.205Z - info: Rebuilding 1 pages
2021-07-13T15:22:55.904Z - info: Site data built
2021-07-13T15:22:55.904Z - info: Pages rebuilt
2021-07-13T15:22:55.905Z - info: Website regeneration complete! Total build time: 1.7s
2021-07-13T15:23:21.180Z - info: Building C:\repos\nus-cs2103\cs2103-website-base\admin\tp-pe as some of its dependencies were changed since the last visit
2021-07-13T15:23:22.833Z - info: Site data built
2021-07-13T15:23:22.833Z - info: Lazy website regeneration complete! Total build time: 1.654s
2021-07-13T15:29:51.998Z - info: [11:29:51 pm] Reload for file change: C:\repos\nus-cs2103\cs2103-website-base\admin\tp-ped.mbdf
2021-07-13T15:29:51.998Z - info: Synchronizing opened pages list before reload
2021-07-13T15:29:51.999Z - info: Current opened pages, from most-to-least recent:
2021-07-13T15:29:51.999Z - info: 1. admin/tp-pe
2021-07-13T15:29:53.017Z - info: Rebuilding 1 pages
2021-07-13T15:29:54.423Z - info: Site data built
2021-07-13T15:29:54.424Z - info: Pages rebuilt
2021-07-13T15:29:54.424Z - info: Website regeneration complete! Total build time: 1.408s
2021-07-13T15:30:28.189Z - info: [11:30:28 pm] Reload for file change: C:\repos\nus-cs2103\cs2103-website-base\admin\tp-ped.mbdf
2021-07-13T15:30:28.189Z - info: Synchronizing opened pages list before reload
2021-07-13T15:30:28.189Z - info: Current opened pages, from most-to-least recent:
2021-07-13T15:30:28.190Z - info: 1. admin/tp-pe
2021-07-13T15:30:29.213Z - info: Rebuilding 1 pages
2021-07-13T15:30:30.636Z - info: Site data built
2021-07-13T15:30:30.636Z - info: Pages rebuilt
2021-07-13T15:30:30.636Z - info: Website regeneration complete! Total build time: 1.426s
2021-07-13T15:57:28.321Z - info: Building C:\repos\nus-cs2103\cs2103-website-base\schedule\week12\index as some of its dependencies were changed since the last visit
2021-07-13T15:57:29.184Z - info: Site data built
2021-07-13T15:57:29.184Z - info: Lazy website regeneration complete! Total build time: 0.865s
2021-07-13T15:57:33.420Z - info: Building C:\repos\nus-cs2103\cs2103-website-base\schedule\week12\admin as some of its dependencies were changed since the last visit
2021-07-13T15:57:33.908Z - info: Site data built
2021-07-13T15:57:33.908Z - info: Lazy website regeneration complete! Total build time: 0.489s
2021-07-13T15:58:13.842Z - info: Building C:\repos\nus-cs2103\cs2103-website-base\schedule\week12\tutorial as some of its dependencies were changed since the last visit
2021-07-13T15:58:14.142Z - info: Site data built
2021-07-13T15:58:14.142Z - info: Lazy website regeneration complete! Total build time: 0.3s
