2021-10-28T16:13:21.203Z - info: [12:13:21 am] Reload for file change: C:\repos\nus-cs2103\cs2103-website-base\_module-TIC2002\textbookTopics.mbdf
2021-10-28T16:13:21.217Z - info: Synchronizing opened pages list before reload
2021-10-28T16:13:21.218Z - info: Current opened pages, from most-to-least recent:
2021-10-28T16:13:21.218Z - info: 1. se-book-adapted/print
2021-10-28T16:13:21.218Z - info: 2. se-book-adapted/index
2021-10-28T16:13:22.491Z - info: Rebuilding 2 pages
2021-10-28T16:13:27.648Z - debug:  
2021-10-28T16:13:27.648Z - debug:  
2021-10-28T16:13:27.648Z - debug:  
2021-10-28T16:13:27.649Z - debug:  
2021-10-28T16:13:27.649Z - debug:  
2021-10-28T16:13:28.072Z - info: Site data built
2021-10-28T16:13:28.072Z - info: Pages rebuilt
2021-10-28T16:13:28.072Z - info: Website regeneration complete! Total build time: 5.594s
2021-10-28T16:38:01.996Z - info: Website generation started at 12:37:59 am
2021-10-28T16:38:07.231Z - info: Building assets...
2021-10-28T16:38:11.820Z - info: Assets built
2021-10-28T16:38:11.820Z - info: Generating pages...
2021-10-28T16:38:24.339Z - debug:  
2021-10-28T16:38:24.340Z - debug:  
2021-10-28T16:38:24.340Z - debug:  
2021-10-28T16:38:24.340Z - debug:  
2021-10-28T16:38:24.340Z - debug:  
2021-10-28T16:38:55.789Z - debug:  
2021-10-28T16:39:51.241Z - info: Pages built
2021-10-28T16:39:52.112Z - info: Site data built
2021-10-28T16:39:52.112Z - info: Website generation complete! Total build time: 112.428s
2021-10-28T16:39:52.120Z - info: Build success!
2021-10-28T16:40:06.382Z - info: Deployed at https://nus-tic2002-2021.github.io/website!
2021-10-29T09:46:47.367Z - info: Website generation (lazy) started at 5:46:40 pm
2021-10-29T09:46:55.024Z - info: Building assets...
2021-10-29T09:47:00.250Z - info: Assets built
2021-10-29T09:47:00.251Z - info: Generating landing page...
2021-10-29T09:47:01.912Z - info: Landing page built, other pages will be built as you navigate to them!
2021-10-29T09:47:02.932Z - info: Site data built
2021-10-29T09:47:02.932Z - info: Website generation (lazy) complete! Total build time: 22.331s
2021-10-29T09:47:04.046Z - info: Serving "C:\repos\nus-cs2103\cs2103-website-base\_site" at http://127.0.0.1:8080
2021-10-29T09:47:04.046Z - info: Press CTRL+C to stop ...
2021-10-29T09:48:05.734Z - info: Website generation started at 5:48:03 pm
2021-10-29T09:48:11.385Z - info: Building assets...
2021-10-29T09:48:15.770Z - info: Assets built
2021-10-29T09:48:15.771Z - info: Generating pages...
2021-10-29T09:48:27.706Z - debug:  
2021-10-29T09:48:27.706Z - debug:  
2021-10-29T09:48:27.708Z - debug:  
2021-10-29T09:48:27.708Z - debug:  
2021-10-29T09:48:27.708Z - debug:  
2021-10-29T09:48:27.709Z - debug:  
2021-10-29T09:50:30.562Z - debug:  
2021-10-29T09:50:42.232Z - debug:  
2021-10-29T09:50:42.233Z - debug:  
2021-10-29T09:50:49.864Z - info: Pages built
2021-10-29T09:50:50.667Z - info: Site data built
2021-10-29T09:50:50.667Z - info: Website generation complete! Total build time: 167.214s
2021-10-29T09:50:50.667Z - info: Build success!
2021-10-29T09:51:03.200Z - info: Deployed at https://nus-cs2103-ay2122s1.github.io/website!
2021-10-29T12:35:04.856Z - info: Website generation started at 8:34:53 pm
2021-10-29T12:35:12.044Z - info: Building assets...
2021-10-29T12:35:18.807Z - info: Assets built
2021-10-29T12:35:18.807Z - info: Generating pages...
2021-10-29T12:35:31.504Z - debug:  
2021-10-29T12:35:31.517Z - debug:  
2021-10-29T12:35:31.517Z - debug:  
2021-10-29T12:35:31.518Z - debug:  
2021-10-29T12:35:31.518Z - debug:  
2021-10-29T12:35:31.645Z - debug:  
2021-10-29T12:37:46.780Z - debug:  
2021-10-29T12:37:58.547Z - debug:  
2021-10-29T12:37:58.548Z - debug:  
2021-10-29T12:38:03.824Z - info: Pages built
2021-10-29T12:38:05.375Z - info: Site data built
2021-10-29T12:38:05.376Z - info: Website generation complete! Total build time: 191.466s
2021-10-29T12:38:05.376Z - info: Build success!
2021-10-29T12:38:24.241Z - info: Deployed at https://nus-tic4001-ay2122s1.github.io/website!
