2021-10-30T04:32:26.098Z - info: Website generation (lazy) started at 12:32:21 pm
2021-10-30T04:32:30.865Z - info: Building assets...
2021-10-30T04:32:35.181Z - info: Assets built
2021-10-30T04:32:35.182Z - info: Generating landing page...
2021-10-30T04:32:36.154Z - info: Landing page built, other pages will be built as you navigate to them!
2021-10-30T04:32:36.979Z - info: Site data built
2021-10-30T04:32:36.979Z - info: Website generation (lazy) complete! Total build time: 15.417s
2021-10-30T04:32:37.767Z - info: Serving "C:\repos\nus-cs2103\cs2103-website-base\_site" at http://127.0.0.1:8080
2021-10-30T04:32:37.767Z - info: Press CTRL+C to stop ...
2021-10-30T04:32:53.777Z - info: Building C:\repos\nus-cs2103\cs2103-website-base\admin\index as some of its dependencies were changed since the last visit
2021-10-30T04:32:54.287Z - info: Site data built
2021-10-30T04:32:54.288Z - info: Lazy website regeneration complete! Total build time: 0.512s
2021-10-30T04:33:02.746Z - info: Building C:\repos\nus-cs2103\cs2103-website-base\admin\tp-pe as some of its dependencies were changed since the last visit
2021-10-30T04:33:04.537Z - info: Site data built
2021-10-30T04:33:04.538Z - info: Lazy website regeneration complete! Total build time: 1.792s
2021-10-30T04:35:32.796Z - info: [12:35:32 pm] Reload for file change: C:\repos\nus-cs2103\cs2103-website-base\admin\tp-ped.mbdf
2021-10-30T04:35:32.797Z - info: Synchronizing opened pages list before reload
2021-10-30T04:35:32.797Z - info: Current opened pages, from most-to-least recent:
2021-10-30T04:35:32.798Z - info: 1. admin/tp-pe
2021-10-30T04:35:33.808Z - info: Rebuilding 1 pages
2021-10-30T04:35:35.457Z - info: Site data built
2021-10-30T04:35:35.457Z - info: Pages rebuilt
2021-10-30T04:35:35.457Z - info: Website regeneration complete! Total build time: 1.65s
2021-10-30T04:42:03.806Z - info: [12:42:03 pm] Reload for file change: C:\repos\nus-cs2103\cs2103-website-base\admin\tp-ped.mbdf
2021-10-30T04:42:03.807Z - info: Synchronizing opened pages list before reload
2021-10-30T04:42:03.807Z - info: Current opened pages, from most-to-least recent:
2021-10-30T04:42:03.808Z - info: 1. admin/tp-pe
2021-10-30T04:42:04.824Z - info: Rebuilding 1 pages
2021-10-30T04:42:06.633Z - info: Site data built
2021-10-30T04:42:06.633Z - info: Pages rebuilt
2021-10-30T04:42:06.633Z - info: Website regeneration complete! Total build time: 1.81s
2021-10-30T04:54:56.552Z - info: [12:54:56 pm] Reload for file change: C:\repos\nus-cs2103\cs2103-website-base\admin\tp-ped.mbdf
2021-10-30T04:54:56.553Z - info: Synchronizing opened pages list before reload
2021-10-30T04:54:56.553Z - info: Current opened pages, from most-to-least recent:
2021-10-30T04:54:56.554Z - info: 1. admin/tp-pe
2021-10-30T04:54:57.567Z - info: Rebuilding 1 pages
2021-10-30T04:54:59.549Z - info: Site data built
2021-10-30T04:54:59.549Z - info: Pages rebuilt
2021-10-30T04:54:59.549Z - info: Website regeneration complete! Total build time: 1.983s
2021-10-30T04:56:02.736Z - info: [12:56:02 pm] Reload for file change: C:\repos\nus-cs2103\cs2103-website-base\admin\tp-ped.mbdf
2021-10-30T04:56:02.737Z - info: Synchronizing opened pages list before reload
2021-10-30T04:56:02.738Z - info: Current opened pages, from most-to-least recent:
2021-10-30T04:56:02.738Z - info: 1. admin/tp-pe
2021-10-30T04:56:03.756Z - info: Rebuilding 1 pages
2021-10-30T04:56:05.369Z - info: Site data built
2021-10-30T04:56:05.369Z - info: Pages rebuilt
2021-10-30T04:56:05.369Z - info: Website regeneration complete! Total build time: 1.615s
2021-10-30T04:58:11.376Z - info: [12:58:11 pm] Reload for file change: C:\repos\nus-cs2103\cs2103-website-base\admin\tp-ped.mbdf
2021-10-30T04:58:11.377Z - info: Synchronizing opened pages list before reload
2021-10-30T04:58:11.378Z - info: Current opened pages, from most-to-least recent:
2021-10-30T04:58:11.378Z - info: 1. admin/tp-pe
2021-10-30T04:58:12.398Z - info: Rebuilding 1 pages
2021-10-30T04:58:13.970Z - info: Site data built
2021-10-30T04:58:13.970Z - info: Pages rebuilt
2021-10-30T04:58:13.971Z - info: Website regeneration complete! Total build time: 1.574s
2021-10-30T04:59:12.595Z - info: [12:59:12 pm] Reload for file change: C:\repos\nus-cs2103\cs2103-website-base\admin\tp-ped.mbdf
2021-10-30T04:59:12.595Z - info: Synchronizing opened pages list before reload
2021-10-30T04:59:12.596Z - info: Current opened pages, from most-to-least recent:
2021-10-30T04:59:12.596Z - info: 1. admin/tp-pe
2021-10-30T04:59:13.609Z - info: Rebuilding 1 pages
2021-10-30T04:59:15.213Z - info: Site data built
2021-10-30T04:59:15.213Z - info: Pages rebuilt
2021-10-30T04:59:15.213Z - info: Website regeneration complete! Total build time: 1.607s
2021-10-30T04:59:32.791Z - info: [12:59:32 pm] Reload for file change: C:\repos\nus-cs2103\cs2103-website-base\admin\tp-ped.mbdf
2021-10-30T04:59:32.791Z - info: Synchronizing opened pages list before reload
2021-10-30T04:59:32.792Z - info: Current opened pages, from most-to-least recent:
2021-10-30T04:59:32.792Z - info: 1. admin/tp-pe
2021-10-30T04:59:33.803Z - info: Rebuilding 1 pages
2021-10-30T04:59:35.430Z - info: Site data built
2021-10-30T04:59:35.430Z - info: Pages rebuilt
2021-10-30T04:59:35.430Z - info: Website regeneration complete! Total build time: 1.628s
2021-10-30T05:00:36.548Z - info: [1:00:36 pm] Reload for file change: C:\repos\nus-cs2103\cs2103-website-base\admin\tp-ped.mbdf
2021-10-30T05:00:36.549Z - info: Synchronizing opened pages list before reload
2021-10-30T05:00:36.549Z - info: Current opened pages, from most-to-least recent:
2021-10-30T05:00:36.550Z - info: 1. admin/tp-pe
2021-10-30T05:00:37.561Z - info: Rebuilding 1 pages
2021-10-30T05:00:39.149Z - info: Site data built
2021-10-30T05:00:39.149Z - info: Pages rebuilt
2021-10-30T05:00:39.149Z - info: Website regeneration complete! Total build time: 1.589s
2021-10-30T05:01:16.608Z - info: [1:01:16 pm] Reload for file change: C:\repos\nus-cs2103\cs2103-website-base\admin\tp-ped.mbdf
2021-10-30T05:01:16.609Z - info: Synchronizing opened pages list before reload
2021-10-30T05:01:16.610Z - info: Current opened pages, from most-to-least recent:
2021-10-30T05:01:16.611Z - info: 1. admin/tp-pe
2021-10-30T05:01:17.627Z - info: Rebuilding 1 pages
2021-10-30T05:01:19.151Z - info: Site data built
2021-10-30T05:01:19.152Z - info: Pages rebuilt
2021-10-30T05:01:19.152Z - info: Website regeneration complete! Total build time: 1.527s
2021-10-30T05:01:35.294Z - info: [1:01:35 pm] Reload for file change: C:\repos\nus-cs2103\cs2103-website-base\admin\tp-ped.mbdf
2021-10-30T05:01:35.294Z - info: Synchronizing opened pages list before reload
2021-10-30T05:01:35.294Z - info: Current opened pages, from most-to-least recent:
2021-10-30T05:01:35.294Z - info: 1. admin/tp-pe
2021-10-30T05:01:36.318Z - info: Rebuilding 1 pages
2021-10-30T05:01:37.869Z - info: Site data built
2021-10-30T05:01:37.869Z - info: Pages rebuilt
2021-10-30T05:01:37.869Z - info: Website regeneration complete! Total build time: 1.555s
2021-10-30T05:01:44.252Z - info: [1:01:44 pm] Reload for file change: C:\repos\nus-cs2103\cs2103-website-base\admin\tp-ped.mbdf
2021-10-30T05:01:44.252Z - info: Synchronizing opened pages list before reload
2021-10-30T05:01:44.253Z - info: Current opened pages, from most-to-least recent:
2021-10-30T05:01:44.253Z - info: 1. admin/tp-pe
2021-10-30T05:01:45.260Z - info: Rebuilding 1 pages
2021-10-30T05:01:46.364Z - info: Site data built
2021-10-30T05:01:46.364Z - info: Pages rebuilt
2021-10-30T05:01:46.364Z - info: Website regeneration complete! Total build time: 1.106s
2021-10-30T05:07:38.456Z - info: [1:07:38 pm] Reload for file change: C:\repos\nus-cs2103\cs2103-website-base\admin\tp-ped.mbdf
2021-10-30T05:07:38.457Z - info: Synchronizing opened pages list before reload
2021-10-30T05:07:38.457Z - info: Current opened pages, from most-to-least recent:
2021-10-30T05:07:38.457Z - info: 1. admin/tp-pe
2021-10-30T05:07:39.468Z - info: Rebuilding 1 pages
2021-10-30T05:07:41.328Z - info: Site data built
2021-10-30T05:07:41.329Z - info: Pages rebuilt
2021-10-30T05:07:41.329Z - info: Website regeneration complete! Total build time: 1.863s
2021-10-30T05:08:32.099Z - info: [1:08:32 pm] Reload for file change: C:\repos\nus-cs2103\cs2103-website-base\admin\tp-ped.mbdf
2021-10-30T05:08:32.099Z - info: Synchronizing opened pages list before reload
2021-10-30T05:08:32.099Z - info: Current opened pages, from most-to-least recent:
2021-10-30T05:08:32.099Z - info: 1. admin/tp-pe
2021-10-30T05:08:33.112Z - info: Rebuilding 1 pages
2021-10-30T05:08:34.542Z - info: Site data built
2021-10-30T05:08:34.543Z - info: Pages rebuilt
2021-10-30T05:08:34.543Z - info: Website regeneration complete! Total build time: 1.432s
2021-10-30T05:13:07.929Z - info: [1:13:07 pm] Reload for file change: C:\repos\nus-cs2103\cs2103-website-base\admin\tp-ped.mbdf
2021-10-30T05:13:07.929Z - info: Synchronizing opened pages list before reload
2021-10-30T05:13:07.929Z - info: Current opened pages, from most-to-least recent:
2021-10-30T05:13:07.930Z - info: 1. admin/tp-pe
2021-10-30T05:13:08.947Z - info: Rebuilding 1 pages
2021-10-30T05:13:10.233Z - info: Site data built
2021-10-30T05:13:10.233Z - info: Pages rebuilt
2021-10-30T05:13:10.233Z - info: Website regeneration complete! Total build time: 1.287s
2021-10-30T05:15:06.915Z - info: [1:15:06 pm] Reload for file change: C:\repos\nus-cs2103\cs2103-website-base\admin\tp-ped.mbdf
2021-10-30T05:15:06.915Z - info: Synchronizing opened pages list before reload
2021-10-30T05:15:06.915Z - info: Current opened pages, from most-to-least recent:
2021-10-30T05:15:06.915Z - info: 1. admin/tp-pe
2021-10-30T05:15:07.931Z - info: Rebuilding 1 pages
2021-10-30T05:15:09.081Z - info: Site data built
2021-10-30T05:15:09.082Z - info: Pages rebuilt
2021-10-30T05:15:09.082Z - info: Website regeneration complete! Total build time: 1.152s
2021-10-30T05:17:26.684Z - info: [1:17:26 pm] Reload for file change: C:\repos\nus-cs2103\cs2103-website-base\admin\tp-ped.mbdf
2021-10-30T05:17:26.684Z - info: Synchronizing opened pages list before reload
2021-10-30T05:17:26.684Z - info: Current opened pages, from most-to-least recent:
2021-10-30T05:17:26.684Z - info: 1. admin/tp-pe
2021-10-30T05:17:27.694Z - info: Rebuilding 1 pages
2021-10-30T05:17:28.889Z - info: Site data built
2021-10-30T05:17:28.889Z - info: Pages rebuilt
2021-10-30T05:17:28.889Z - info: Website regeneration complete! Total build time: 1.197s
2021-10-30T05:18:05.065Z - info: [1:18:05 pm] Reload for file change: C:\repos\nus-cs2103\cs2103-website-base\admin\tp-ped.mbdf
2021-10-30T05:18:05.065Z - info: Synchronizing opened pages list before reload
2021-10-30T05:18:05.065Z - info: Current opened pages, from most-to-least recent:
2021-10-30T05:18:05.066Z - info: 1. admin/tp-pe
2021-10-30T05:18:06.069Z - info: Rebuilding 1 pages
2021-10-30T05:18:07.183Z - info: Site data built
2021-10-30T05:18:07.183Z - info: Pages rebuilt
2021-10-30T05:18:07.183Z - info: Website regeneration complete! Total build time: 1.114s
2021-10-30T05:20:03.694Z - info: [1:20:03 pm] Reload for file change: C:\repos\nus-cs2103\cs2103-website-base\admin\tp-ped.mbdf
2021-10-30T05:20:03.695Z - info: Synchronizing opened pages list before reload
2021-10-30T05:20:03.695Z - info: Current opened pages, from most-to-least recent:
2021-10-30T05:20:03.695Z - info: 1. admin/tp-pe
2021-10-30T05:20:04.705Z - info: Rebuilding 1 pages
2021-10-30T05:20:05.930Z - info: Site data built
2021-10-30T05:20:05.931Z - info: Pages rebuilt
2021-10-30T05:20:05.931Z - info: Website regeneration complete! Total build time: 1.227s
2021-10-30T05:22:15.168Z - info: [1:22:15 pm] Reload for file change: C:\repos\nus-cs2103\cs2103-website-base\admin\tp-ped.mbdf
2021-10-30T05:22:15.169Z - info: Synchronizing opened pages list before reload
2021-10-30T05:22:15.169Z - info: Current opened pages, from most-to-least recent:
2021-10-30T05:22:15.169Z - info: 1. admin/tp-pe
2021-10-30T05:22:16.174Z - info: Rebuilding 1 pages
2021-10-30T05:22:17.296Z - info: Site data built
2021-10-30T05:22:17.296Z - info: Pages rebuilt
2021-10-30T05:22:17.296Z - info: Website regeneration complete! Total build time: 1.123s
2021-10-30T05:22:52.722Z - info: [1:22:52 pm] Reload for file change: C:\repos\nus-cs2103\cs2103-website-base\admin\tp-ped.mbdf
2021-10-30T05:22:52.722Z - info: Synchronizing opened pages list before reload
2021-10-30T05:22:52.722Z - info: Current opened pages, from most-to-least recent:
2021-10-30T05:22:52.722Z - info: 1. admin/tp-pe
2021-10-30T05:22:53.728Z - info: Rebuilding 1 pages
2021-10-30T05:22:54.945Z - info: Site data built
2021-10-30T05:22:54.945Z - info: Pages rebuilt
2021-10-30T05:22:54.945Z - info: Website regeneration complete! Total build time: 1.219s
2021-10-30T05:26:57.783Z - info: [1:26:57 pm] Reload for file change: C:\repos\nus-cs2103\cs2103-website-base\admin\tp-ped.mbdf
2021-10-30T05:26:57.783Z - info: Synchronizing opened pages list before reload
2021-10-30T05:26:57.783Z - info: Current opened pages, from most-to-least recent:
2021-10-30T05:26:57.783Z - info: 1. admin/tp-pe
2021-10-30T05:26:58.791Z - info: Rebuilding 1 pages
2021-10-30T05:26:59.952Z - info: Site data built
2021-10-30T05:26:59.953Z - info: Pages rebuilt
2021-10-30T05:26:59.953Z - info: Website regeneration complete! Total build time: 1.163s
2021-10-30T05:28:55.216Z - info: [1:28:55 pm] Reload for file change: C:\repos\nus-cs2103\cs2103-website-base\admin\tp-ped.mbdf
2021-10-30T05:28:55.216Z - info: Synchronizing opened pages list before reload
2021-10-30T05:28:55.216Z - info: Current opened pages, from most-to-least recent:
2021-10-30T05:28:55.216Z - info: 1. admin/tp-pe
2021-10-30T05:28:56.229Z - info: Rebuilding 1 pages
2021-10-30T05:28:57.359Z - info: Site data built
2021-10-30T05:28:57.359Z - info: Pages rebuilt
2021-10-30T05:28:57.359Z - info: Website regeneration complete! Total build time: 1.13s
2021-10-30T05:29:45.442Z - info: [1:29:45 pm] Reload for file change: C:\repos\nus-cs2103\cs2103-website-base\admin\tp-ped.mbdf
2021-10-30T05:29:45.442Z - info: Synchronizing opened pages list before reload
2021-10-30T05:29:45.442Z - info: Current opened pages, from most-to-least recent:
2021-10-30T05:29:45.442Z - info: 1. admin/tp-pe
2021-10-30T05:29:46.444Z - info: Rebuilding 1 pages
2021-10-30T05:29:47.529Z - info: Site data built
2021-10-30T05:29:47.529Z - info: Pages rebuilt
2021-10-30T05:29:47.529Z - info: Website regeneration complete! Total build time: 1.087s
2021-10-30T05:30:43.971Z - info: [1:30:43 pm] Reload for file change: C:\repos\nus-cs2103\cs2103-website-base\admin\tp-ped.mbdf
2021-10-30T05:30:43.971Z - info: Synchronizing opened pages list before reload
2021-10-30T05:30:43.971Z - info: Current opened pages, from most-to-least recent:
2021-10-30T05:30:43.972Z - info: 1. admin/tp-pe
2021-10-30T05:30:44.986Z - info: Rebuilding 1 pages
2021-10-30T05:30:46.086Z - info: Site data built
2021-10-30T05:30:46.086Z - info: Pages rebuilt
2021-10-30T05:30:46.086Z - info: Website regeneration complete! Total build time: 1.101s
2021-10-30T05:31:09.180Z - info: [1:31:09 pm] Reload for file change: C:\repos\nus-cs2103\cs2103-website-base\admin\tp-ped.mbdf
2021-10-30T05:31:09.180Z - info: Synchronizing opened pages list before reload
2021-10-30T05:31:09.181Z - info: Current opened pages, from most-to-least recent:
2021-10-30T05:31:09.181Z - info: 1. admin/tp-pe
2021-10-30T05:31:10.190Z - info: Rebuilding 1 pages
2021-10-30T05:31:11.256Z - info: Site data built
2021-10-30T05:31:11.256Z - info: Pages rebuilt
2021-10-30T05:31:11.256Z - info: Website regeneration complete! Total build time: 1.068s
2021-10-30T05:32:02.034Z - info: [1:32:02 pm] Reload for file change: C:\repos\nus-cs2103\cs2103-website-base\admin\tp-ped.mbdf
2021-10-30T05:32:02.035Z - info: Synchronizing opened pages list before reload
2021-10-30T05:32:02.035Z - info: Current opened pages, from most-to-least recent:
2021-10-30T05:32:02.035Z - info: 1. admin/tp-pe
2021-10-30T05:32:03.049Z - info: Rebuilding 1 pages
2021-10-30T05:32:04.137Z - info: Site data built
2021-10-30T05:32:04.137Z - info: Pages rebuilt
2021-10-30T05:32:04.138Z - info: Website regeneration complete! Total build time: 1.088s
2021-10-30T05:32:10.830Z - info: [1:32:10 pm] Reload for file change: C:\repos\nus-cs2103\cs2103-website-base\admin\tp-ped.mbdf
2021-10-30T05:32:10.830Z - info: Synchronizing opened pages list before reload
2021-10-30T05:32:10.831Z - info: Current opened pages, from most-to-least recent:
2021-10-30T05:32:10.831Z - info: 1. admin/tp-pe
2021-10-30T05:32:11.837Z - info: Rebuilding 1 pages
2021-10-30T05:32:13.053Z - info: Site data built
2021-10-30T05:32:13.054Z - info: Pages rebuilt
2021-10-30T05:32:13.054Z - info: Website regeneration complete! Total build time: 1.218s
2021-10-30T05:32:24.435Z - info: [1:32:24 pm] Reload for file change: C:\repos\nus-cs2103\cs2103-website-base\admin\tp-ped.mbdf
2021-10-30T05:32:24.435Z - info: Synchronizing opened pages list before reload
2021-10-30T05:32:24.435Z - info: Current opened pages, from most-to-least recent:
2021-10-30T05:32:24.435Z - info: 1. admin/tp-pe
2021-10-30T05:32:25.443Z - info: Rebuilding 1 pages
2021-10-30T05:32:26.594Z - info: Site data built
2021-10-30T05:32:26.594Z - info: Pages rebuilt
2021-10-30T05:32:26.594Z - info: Website regeneration complete! Total build time: 1.152s
2021-10-30T05:33:55.939Z - info: Website generation started at 1:33:53 pm
2021-10-30T05:34:02.774Z - info: Building assets...
2021-10-30T05:34:07.348Z - info: Assets built
2021-10-30T05:34:07.349Z - info: Generating pages...
2021-10-30T05:34:18.437Z - debug:  
2021-10-30T05:34:18.438Z - debug:  
2021-10-30T05:34:18.438Z - debug:  
2021-10-30T05:34:18.440Z - debug:  
2021-10-30T05:34:18.440Z - debug:  
2021-10-30T05:34:18.440Z - debug:  
2021-10-30T05:36:17.933Z - debug:  
2021-10-30T05:36:29.032Z - debug:  
2021-10-30T05:36:29.035Z - debug:  
2021-10-30T05:36:36.562Z - info: Pages built
2021-10-30T05:36:37.404Z - info: Site data built
2021-10-30T05:36:37.405Z - info: Website generation complete! Total build time: 163.688s
2021-10-30T05:36:37.405Z - info: Build success!
2021-10-30T05:36:49.643Z - info: Deployed at https://nus-cs2103-ay2122s1.github.io/website!
2021-10-30T06:52:26.648Z - info: Website generation (lazy) started at 2:52:21 pm
2021-10-30T06:52:32.814Z - info: Building assets...
2021-10-30T06:52:37.726Z - info: Assets built
2021-10-30T06:52:37.727Z - info: Generating landing page...
2021-10-30T06:52:38.849Z - info: Landing page built, other pages will be built as you navigate to them!
2021-10-30T06:52:39.991Z - info: Site data built
2021-10-30T06:52:39.991Z - info: Website generation (lazy) complete! Total build time: 18.48s
2021-10-30T06:52:40.931Z - info: Serving "C:\repos\nus-cs2103\cs2103-website-base\_site" at http://127.0.0.1:8080
2021-10-30T06:52:40.931Z - info: Press CTRL+C to stop ...
2021-10-30T06:59:04.777Z - info: Building C:\repos\nus-cs2103\cs2103-website-base\schedule\week12\project as some of its dependencies were changed since the last visit
2021-10-30T06:59:08.353Z - info: Site data built
2021-10-30T06:59:08.354Z - info: Lazy website regeneration complete! Total build time: 3.578s
2021-10-30T07:02:17.159Z - info: [3:02:17 pm] Reload for file change: C:\repos\nus-cs2103\cs2103-website-base\admin\tp-tasks.mbdf
2021-10-30T07:02:17.160Z - info: Synchronizing opened pages list before reload
2021-10-30T07:02:17.161Z - info: Current opened pages, from most-to-least recent:
2021-10-30T07:02:17.161Z - info: 1. schedule/week12/project
2021-10-30T07:02:18.165Z - info: Rebuilding 1 pages
2021-10-30T07:02:20.682Z - info: Site data built
2021-10-30T07:02:20.682Z - info: Pages rebuilt
2021-10-30T07:02:20.682Z - info: Website regeneration complete! Total build time: 2.517s
2021-10-30T07:03:08.550Z - info: [3:03:08 pm] Reload for file change: C:\repos\nus-cs2103\cs2103-website-base\admin\tp-tasks.mbdf
2021-10-30T07:03:08.550Z - info: Synchronizing opened pages list before reload
2021-10-30T07:03:08.551Z - info: Current opened pages, from most-to-least recent:
2021-10-30T07:03:08.551Z - info: 1. schedule/week12/project
2021-10-30T07:03:09.573Z - info: Rebuilding 1 pages
2021-10-30T07:03:12.039Z - info: Site data built
2021-10-30T07:03:12.040Z - info: Pages rebuilt
2021-10-30T07:03:12.040Z - info: Website regeneration complete! Total build time: 2.47s
2021-10-30T07:04:33.056Z - info: [3:04:33 pm] Reload for file change: C:\repos\nus-cs2103\cs2103-website-base\admin\tp-tasks.mbdf
2021-10-30T07:04:33.057Z - info: Synchronizing opened pages list before reload
2021-10-30T07:04:33.057Z - info: Current opened pages, from most-to-least recent:
2021-10-30T07:04:33.058Z - info: 1. schedule/week12/project
2021-10-30T07:04:34.071Z - info: Rebuilding 1 pages
2021-10-30T07:04:36.602Z - info: Site data built
2021-10-30T07:04:36.603Z - info: Pages rebuilt
2021-10-30T07:04:36.603Z - info: Website regeneration complete! Total build time: 2.535s
2021-10-30T07:20:43.491Z - info: Building C:\repos\nus-cs2103\cs2103-website-base\admin\index as some of its dependencies were changed since the last visit
2021-10-30T07:20:44.010Z - info: Site data built
2021-10-30T07:20:44.011Z - info: Lazy website regeneration complete! Total build time: 0.52s
2021-10-30T07:20:53.793Z - info: Building C:\repos\nus-cs2103\cs2103-website-base\admin\tp-pe as some of its dependencies were changed since the last visit
2021-10-30T07:20:55.186Z - info: Site data built
2021-10-30T07:20:55.186Z - info: Lazy website regeneration complete! Total build time: 1.394s
2021-10-30T07:24:59.846Z - info: [3:24:59 pm] Reload for file change: C:\repos\nus-cs2103\cs2103-website-base\admin\tp-grading-bugs.mbdf
2021-10-30T07:24:59.847Z - info: Synchronizing opened pages list before reload
2021-10-30T07:24:59.847Z - info: Current opened pages, from most-to-least recent:
2021-10-30T07:24:59.847Z - info: 1. admin/tp-pe
2021-10-30T07:25:00.857Z - info: Rebuilding 1 pages
2021-10-30T07:25:02.535Z - info: Site data built
2021-10-30T07:25:02.535Z - info: Pages rebuilt
2021-10-30T07:25:02.536Z - info: Website regeneration complete! Total build time: 1.68s
2021-10-30T07:25:52.882Z - info: [3:25:52 pm] Reload for file change: C:\repos\nus-cs2103\cs2103-website-base\admin\tp-grading-bugs.mbdf
2021-10-30T07:25:52.882Z - info: Synchronizing opened pages list before reload
2021-10-30T07:25:52.882Z - info: Current opened pages, from most-to-least recent:
2021-10-30T07:25:52.883Z - info: 1. admin/tp-pe
2021-10-30T07:25:53.899Z - info: Rebuilding 1 pages
2021-10-30T07:25:55.366Z - info: Site data built
2021-10-30T07:25:55.366Z - info: Pages rebuilt
2021-10-30T07:25:55.366Z - info: Website regeneration complete! Total build time: 1.468s
2021-10-30T07:26:41.054Z - info: [3:26:41 pm] Reload for file change: C:\repos\nus-cs2103\cs2103-website-base\admin\tp-grading-bugs.mbdf
2021-10-30T07:26:41.054Z - info: Synchronizing opened pages list before reload
2021-10-30T07:26:41.055Z - info: Current opened pages, from most-to-least recent:
2021-10-30T07:26:41.055Z - info: 1. admin/tp-pe
2021-10-30T07:26:42.075Z - info: Rebuilding 1 pages
2021-10-30T07:26:43.373Z - info: Site data built
2021-10-30T07:26:43.374Z - info: Pages rebuilt
2021-10-30T07:26:43.374Z - info: Website regeneration complete! Total build time: 1.3s
2021-10-30T07:27:14.484Z - info: [3:27:14 pm] Reload for file change: C:\repos\nus-cs2103\cs2103-website-base\admin\tp-grading-bugs.mbdf
2021-10-30T07:27:14.485Z - info: Synchronizing opened pages list before reload
2021-10-30T07:27:14.485Z - info: Current opened pages, from most-to-least recent:
2021-10-30T07:27:14.485Z - info: 1. admin/tp-pe
2021-10-30T07:27:15.497Z - info: Rebuilding 1 pages
2021-10-30T07:27:16.870Z - info: Site data built
2021-10-30T07:27:16.870Z - info: Pages rebuilt
2021-10-30T07:27:16.870Z - info: Website regeneration complete! Total build time: 1.375s
2021-10-30T07:28:41.616Z - info: [3:28:41 pm] Reload for file change: C:\repos\nus-cs2103\cs2103-website-base\admin\tp-grading-bugs.mbdf
2021-10-30T07:28:41.617Z - info: Synchronizing opened pages list before reload
2021-10-30T07:28:41.617Z - info: Current opened pages, from most-to-least recent:
2021-10-30T07:28:41.617Z - info: 1. admin/tp-pe
2021-10-30T07:28:42.629Z - info: Rebuilding 1 pages
2021-10-30T07:28:43.992Z - info: Site data built
2021-10-30T07:28:43.992Z - info: Pages rebuilt
2021-10-30T07:28:43.992Z - info: Website regeneration complete! Total build time: 1.364s
2021-10-30T07:51:30.346Z - info: Website generation started at 3:51:28 pm
2021-10-30T07:51:34.694Z - info: Building assets...
2021-10-30T07:51:39.107Z - info: Assets built
2021-10-30T07:51:39.107Z - info: Generating pages...
2021-10-30T07:51:47.169Z - debug:  
2021-10-30T07:51:47.169Z - debug:  
2021-10-30T07:51:47.170Z - debug:  
2021-10-30T07:51:47.170Z - debug:  
2021-10-30T07:51:47.170Z - debug:  
2021-10-30T07:51:47.170Z - debug:  
2021-10-30T07:53:15.789Z - debug:  
2021-10-30T07:53:25.193Z - debug:  
2021-10-30T07:53:25.458Z - debug:  
2021-10-30T07:53:31.654Z - info: Pages built
2021-10-30T07:53:32.411Z - info: Site data built
2021-10-30T07:53:32.411Z - info: Website generation complete! Total build time: 123.566s
2021-10-30T07:53:32.411Z - info: Build success!
2021-10-30T07:53:43.654Z - info: Deployed at https://nus-cs2103-ay2122s1.github.io/website!
