2021-07-13T16:02:17.962Z - info: Building C:\repos\nus-cs2103\cs2103-website-base\admin\index as some of its dependencies were changed since the last visit
2021-07-13T16:02:18.421Z - info: Site data built
2021-07-13T16:02:18.422Z - info: Lazy website regeneration complete! Total build time: 0.461s
2021-07-13T16:02:26.396Z - info: Building C:\repos\nus-cs2103\cs2103-website-base\admin\appendixB-policies as some of its dependencies were changed since the last visit
2021-07-13T16:02:27.051Z - info: Site data built
2021-07-13T16:02:27.052Z - info: Lazy website regeneration complete! Total build time: 0.656s
2021-07-13T16:04:46.274Z - info: [12:04:46 am] Reload for file change: C:\repos\nus-cs2103\cs2103-website-base\admin\policies.mbdf
2021-07-13T16:04:46.274Z - info: Synchronizing opened pages list before reload
2021-07-13T16:04:46.275Z - info: Current opened pages, from most-to-least recent:
2021-07-13T16:04:46.275Z - info: 1. admin/appendixB-policies
2021-07-13T16:04:47.285Z - info: Rebuilding 1 pages
2021-07-13T16:04:47.758Z - info: Site data built
2021-07-13T16:04:47.758Z - info: Pages rebuilt
2021-07-13T16:04:47.758Z - info: Website regeneration complete! Total build time: 0.474s
2021-07-13T16:05:31.184Z - info: [12:05:31 am] Reload for file change: C:\repos\nus-cs2103\cs2103-website-base\admin\policies.mbdf
2021-07-13T16:05:31.184Z - info: Synchronizing opened pages list before reload
2021-07-13T16:05:31.184Z - info: Current opened pages, from most-to-least recent:
2021-07-13T16:05:31.184Z - info: 1. admin/appendixB-policies
2021-07-13T16:05:32.205Z - info: Rebuilding 1 pages
2021-07-13T16:05:32.927Z - info: Site data built
2021-07-13T16:05:32.927Z - info: Pages rebuilt
2021-07-13T16:05:32.927Z - info: Website regeneration complete! Total build time: 0.722s
2021-07-13T16:06:01.352Z - info: [12:06:01 am] Reload for file change: C:\repos\nus-cs2103\cs2103-website-base\admin\policies.mbdf
2021-07-13T16:06:01.352Z - info: Synchronizing opened pages list before reload
2021-07-13T16:06:01.352Z - info: Current opened pages, from most-to-least recent:
2021-07-13T16:06:01.352Z - info: 1. admin/appendixB-policies
2021-07-13T16:06:02.361Z - info: Rebuilding 1 pages
2021-07-13T16:06:02.862Z - info: Site data built
2021-07-13T16:06:02.863Z - info: Pages rebuilt
2021-07-13T16:06:02.863Z - info: Website regeneration complete! Total build time: 0.503s
2021-07-13T16:06:10.070Z - info: [12:06:10 am] Reload for file change: C:\repos\nus-cs2103\cs2103-website-base\admin\policies.mbdf
2021-07-13T16:06:10.070Z - info: Synchronizing opened pages list before reload
2021-07-13T16:06:10.070Z - info: Current opened pages, from most-to-least recent:
2021-07-13T16:06:10.070Z - info: 1. admin/appendixB-policies
2021-07-13T16:06:11.077Z - info: Rebuilding 1 pages
2021-07-13T16:06:11.504Z - info: Site data built
2021-07-13T16:06:11.504Z - info: Pages rebuilt
2021-07-13T16:06:11.504Z - info: Website regeneration complete! Total build time: 0.428s
2021-07-13T16:08:40.016Z - info: [12:08:40 am] Reload for file change: C:\repos\nus-cs2103\cs2103-website-base\admin\policies.mbdf
2021-07-13T16:08:40.017Z - info: Synchronizing opened pages list before reload
2021-07-13T16:08:40.017Z - info: Current opened pages, from most-to-least recent:
2021-07-13T16:08:40.017Z - info: 1. admin/appendixB-policies
2021-07-13T16:08:41.025Z - info: Rebuilding 1 pages
2021-07-13T16:08:41.765Z - info: Site data built
2021-07-13T16:08:41.765Z - info: Pages rebuilt
2021-07-13T16:08:41.765Z - info: Website regeneration complete! Total build time: 0.741s
2021-07-13T16:11:51.612Z - info: [12:11:51 am] Reload for file change: C:\repos\nus-cs2103\cs2103-website-base\admin\policies.mbdf
2021-07-13T16:11:51.612Z - info: Synchronizing opened pages list before reload
2021-07-13T16:11:51.612Z - info: Current opened pages, from most-to-least recent:
2021-07-13T16:11:51.612Z - info: 1. admin/appendixB-policies
2021-07-13T16:11:52.637Z - info: Rebuilding 1 pages
2021-07-13T16:11:53.183Z - info: Site data built
2021-07-13T16:11:53.183Z - info: Pages rebuilt
2021-07-13T16:11:53.183Z - info: Website regeneration complete! Total build time: 0.547s
2021-07-13T16:12:40.179Z - info: [12:12:40 am] Reload for file change: C:\repos\nus-cs2103\cs2103-website-base\admin\policies.mbdf
2021-07-13T16:12:40.179Z - info: Synchronizing opened pages list before reload
2021-07-13T16:12:40.179Z - info: Current opened pages, from most-to-least recent:
2021-07-13T16:12:40.180Z - info: 1. admin/appendixB-policies
2021-07-13T16:12:41.191Z - info: Rebuilding 1 pages
2021-07-13T16:12:41.913Z - info: Site data built
2021-07-13T16:12:41.913Z - info: Pages rebuilt
2021-07-13T16:12:41.913Z - info: Website regeneration complete! Total build time: 0.723s
2021-07-13T16:13:13.648Z - info: [12:13:13 am] Reload for file change: C:\repos\nus-cs2103\cs2103-website-base\admin\policies.mbdf
2021-07-13T16:13:13.649Z - info: Synchronizing opened pages list before reload
2021-07-13T16:13:13.649Z - info: Current opened pages, from most-to-least recent:
2021-07-13T16:13:13.649Z - info: 1. admin/appendixB-policies
2021-07-13T16:13:14.658Z - info: Rebuilding 1 pages
2021-07-13T16:13:15.176Z - info: Site data built
2021-07-13T16:13:15.177Z - info: Pages rebuilt
2021-07-13T16:13:15.177Z - info: Website regeneration complete! Total build time: 0.521s
2021-07-13T16:14:00.289Z - info: Building C:\repos\nus-cs2103\cs2103-website-base\schedule\week8\index as some of its dependencies were changed since the last visit
2021-07-13T16:14:01.566Z - info: Site data built
2021-07-13T16:14:01.566Z - info: Lazy website regeneration complete! Total build time: 1.278s
2021-07-13T16:14:04.603Z - info: Building C:\repos\nus-cs2103\cs2103-website-base\schedule\week8\project as some of its dependencies were changed since the last visit
2021-07-13T16:14:05.766Z - info: Site data built
2021-07-13T16:14:05.766Z - info: Lazy website regeneration complete! Total build time: 1.163s
2021-07-13T16:14:26.389Z - info: Building C:\repos\nus-cs2103\cs2103-website-base\schedule\week7\project as some of its dependencies were changed since the last visit
2021-07-13T16:14:28.735Z - info: Site data built
2021-07-13T16:14:28.736Z - info: Lazy website regeneration complete! Total build time: 2.348s
2021-07-13T16:14:43.453Z - info: Building C:\repos\nus-cs2103\cs2103-website-base\schedule\week9\project as some of its dependencies were changed since the last visit
2021-07-13T16:14:44.072Z - info: Site data built
2021-07-13T16:14:44.072Z - info: Lazy website regeneration complete! Total build time: 0.619s
2021-07-13T16:14:54.846Z - info: Building C:\repos\nus-cs2103\cs2103-website-base\schedule\week10\project as some of its dependencies were changed since the last visit
2021-07-13T16:14:55.735Z - info: Site data built
2021-07-13T16:14:55.735Z - info: Lazy website regeneration complete! Total build time: 0.889s
2021-07-13T16:42:27.814Z - info: [12:42:27 am] Reload for file change: C:\repos\nus-cs2103\cs2103-website-base\book\gitAndGithub\ignore\text.md
2021-07-13T16:42:27.814Z - info: Synchronizing opened pages list before reload
2021-07-13T16:42:27.815Z - info: Current opened pages, from most-to-least recent:
2021-07-13T16:42:27.815Z - info: 1. schedule/week10/project
2021-07-13T16:42:27.818Z - info: [12:42:27 am] Reload for file change: C:\repos\nus-cs2103\cs2103-website-base\book\modeling\modelingStructures\objectOrientedDomainModels\q-courseDomainModel.md
2021-07-13T16:42:27.818Z - info: Synchronizing opened pages list before reload
2021-07-13T16:42:27.818Z - info: Current opened pages, from most-to-least recent:
2021-07-13T16:42:27.819Z - info: 1. schedule/week10/project
2021-07-13T16:42:27.825Z - info: [12:42:27 am] Reload for file change: C:\repos\nus-cs2103\cs2103-website-base\book\projectDuke\extensions.mbdf
2021-07-13T16:42:27.825Z - info: Synchronizing opened pages list before reload
2021-07-13T16:42:27.825Z - info: Current opened pages, from most-to-least recent:
2021-07-13T16:42:27.825Z - info: 1. schedule/week10/project
2021-07-13T16:42:28.828Z - info: No pages needed to be rebuilt
2021-07-13T16:42:28.829Z - info: Assets built
2021-07-13T16:42:39.643Z - info: [12:42:39 am] Reload for file change: C:\repos\nus-cs2103\cs2103-website-base\book\projectDuke\extensions.mbdf
2021-07-13T16:42:39.643Z - info: Synchronizing opened pages list before reload
2021-07-13T16:42:39.643Z - info: Current opened pages, from most-to-least recent:
2021-07-13T16:42:39.643Z - info: 1. schedule/week10/project
2021-07-13T16:42:40.654Z - info: No pages needed to be rebuilt
2021-07-13T16:42:47.381Z - info: [12:42:47 am] Reload for file change: C:\repos\nus-cs2103\cs2103-website-base\book\gitAndGithub\ignore\text.md
2021-07-13T16:42:47.381Z - info: Synchronizing opened pages list before reload
2021-07-13T16:42:47.381Z - info: Current opened pages, from most-to-least recent:
2021-07-13T16:42:47.381Z - info: 1. schedule/week10/project
2021-07-13T16:42:48.389Z - info: No pages needed to be rebuilt
2021-07-13T16:42:53.965Z - info: [12:42:53 am] Reload for file change: C:\repos\nus-cs2103\cs2103-website-base\book\modeling\modelingStructures\objectOrientedDomainModels\q-courseDomainModel.md
2021-07-13T16:42:53.965Z - info: Synchronizing opened pages list before reload
2021-07-13T16:42:53.965Z - info: Current opened pages, from most-to-least recent:
2021-07-13T16:42:53.965Z - info: 1. schedule/week10/project
2021-07-13T16:42:54.971Z - info: Assets built
2021-07-13T16:49:01.214Z - info: Website generation started at 12:48:59 am
2021-07-13T16:49:06.848Z - info: Building assets...
2021-07-13T16:49:11.260Z - info: Assets built
2021-07-13T16:49:11.260Z - info: Generating pages...
2021-07-13T16:49:19.643Z - debug:  
2021-07-13T16:49:19.643Z - debug:  
2021-07-13T16:49:19.643Z - debug:  
2021-07-13T16:49:19.644Z - debug:  
2021-07-13T16:49:19.644Z - debug:  
2021-07-13T16:49:19.644Z - debug:  
2021-07-13T16:51:04.569Z - debug:  
2021-07-13T16:51:15.120Z - debug:  
2021-07-13T16:51:15.121Z - debug:  
2021-07-13T16:51:20.927Z - info: Pages built
2021-07-13T16:51:21.784Z - info: Site data built
2021-07-13T16:51:21.785Z - info: Website generation complete! Total build time: 142.571s
2021-07-13T16:51:21.785Z - info: Build success!
2021-07-13T16:51:34.617Z - info: Deployed at https://nus-cs2103-ay2122s1.github.io/website!
2021-07-14T07:23:34.051Z - info: Website generation started at 3:23:26 pm
2021-07-14T07:23:41.736Z - info: Building assets...
2021-07-14T07:23:49.971Z - info: Assets built
2021-07-14T07:23:49.971Z - info: Generating pages...
2021-07-14T07:23:59.988Z - debug:  
2021-07-14T07:23:59.989Z - debug:  
2021-07-14T07:24:00.005Z - debug:  
2021-07-14T07:24:02.059Z - debug:  
2021-07-14T07:24:02.059Z - debug:  
2021-07-14T07:24:02.059Z - debug:  
2021-07-14T07:26:36.839Z - debug:  
2021-07-14T07:26:57.164Z - debug:  
2021-07-14T07:26:57.164Z - debug:  
2021-07-14T07:27:05.332Z - info: Pages built
2021-07-14T07:27:06.495Z - info: Site data built
2021-07-14T07:27:06.495Z - info: Website generation complete! Total build time: 219.893s
2021-07-14T07:27:06.496Z - info: Build success!
2021-07-14T07:27:22.929Z - info: Deployed at https://nus-cs2113-ay2122s1.github.io/website!
2021-07-14T07:34:08.882Z - info: Website generation started at 3:33:51 pm
2021-07-14T07:34:25.827Z - info: Building assets...
2021-07-14T07:34:37.883Z - info: Assets built
2021-07-14T07:34:37.885Z - info: Generating pages...
2021-07-14T07:35:02.739Z - debug:  
2021-07-14T07:35:02.740Z - debug:  
2021-07-14T07:35:02.741Z - debug:  
2021-07-14T07:35:02.742Z - debug:  
2021-07-14T07:35:02.742Z - debug:  
2021-07-14T07:36:10.914Z - debug:  
2021-07-14T07:37:53.122Z - info: Pages built
2021-07-14T07:37:55.008Z - info: Site data built
2021-07-14T07:37:55.009Z - info: Website generation complete! Total build time: 243.424s
2021-07-14T07:37:55.010Z - info: Build success!
2021-07-14T07:38:19.676Z - info: Deployed at https://nus-tic2002-2021.github.io/website!
2021-07-14T07:41:30.988Z - info: Website generation started at 3:41:24 pm
2021-07-14T07:41:37.312Z - info: Building assets...
