2021-08-09T06:15:54.523Z - info: Website generation (lazy) started at 2:15:50 pm
2021-08-09T06:15:58.800Z - info: Building assets...
2021-08-09T06:16:02.922Z - info: Assets built
2021-08-09T06:16:02.922Z - info: Generating landing page...
2021-08-09T06:16:04.784Z - info: Landing page built, other pages will be built as you navigate to them!
2021-08-09T06:16:05.474Z - info: Site data built
2021-08-09T06:16:05.474Z - info: Website generation (lazy) complete! Total build time: 15.081s
2021-08-09T06:16:06.155Z - info: Serving "C:\repos\nus-cs2103\cs2103-website-base\_site" at http://127.0.0.1:8080
2021-08-09T06:16:06.155Z - info: Press CTRL+C to stop ...
2021-08-09T06:16:17.295Z - info: Building C:\repos\nus-cs2103\cs2103-website-base\schedule\week1\index as some of its dependencies were changed since the last visit
2021-08-09T06:16:17.791Z - info: Site data built
2021-08-09T06:16:17.791Z - info: Lazy website regeneration complete! Total build time: 0.496s
2021-08-09T06:16:27.523Z - info: Building C:\repos\nus-cs2103\cs2103-website-base\schedule\week1\admin as some of its dependencies were changed since the last visit
2021-08-09T06:16:28.013Z - info: Site data built
2021-08-09T06:16:28.013Z - info: Lazy website regeneration complete! Total build time: 0.49s
2021-08-09T06:16:49.576Z - info: Building C:\repos\nus-cs2103\cs2103-website-base\schedule\week1\topics as some of its dependencies were changed since the last visit
2021-08-09T06:16:51.771Z - info: Site data built
2021-08-09T06:16:51.771Z - info: Lazy website regeneration complete! Total build time: 2.195s
2021-08-09T06:19:14.870Z - info: [2:19:14 pm] Reload for file change: C:\repos\nus-cs2103\cs2103-website-base\admin\common-commentary.mbdf
2021-08-09T06:19:14.871Z - info: Synchronizing opened pages list before reload
2021-08-09T06:19:14.872Z - info: Current opened pages, from most-to-least recent:
2021-08-09T06:19:14.872Z - info: 1. schedule/week1/topics
2021-08-09T06:19:15.884Z - info: Rebuilding 1 pages
2021-08-09T06:19:17.668Z - info: Site data built
2021-08-09T06:19:17.668Z - info: Pages rebuilt
2021-08-09T06:19:17.668Z - info: Website regeneration complete! Total build time: 1.787s
2021-08-09T06:23:50.806Z - info: [2:23:50 pm] Reload for file change: C:\repos\nus-cs2103\cs2103-website-base\admin\common-commentary.mbdf
2021-08-09T06:23:50.806Z - info: Synchronizing opened pages list before reload
2021-08-09T06:23:50.806Z - info: Current opened pages, from most-to-least recent:
2021-08-09T06:23:50.806Z - info: 1. schedule/week1/topics
2021-08-09T06:23:51.823Z - info: Rebuilding 1 pages
2021-08-09T06:23:53.163Z - info: Site data built
2021-08-09T06:23:53.163Z - info: Pages rebuilt
2021-08-09T06:23:53.163Z - info: Website regeneration complete! Total build time: 1.342s
2021-08-09T06:24:03.623Z - info: [2:24:03 pm] Reload for file change: C:\repos\nus-cs2103\cs2103-website-base\admin\common-commentary.mbdf
2021-08-09T06:24:03.623Z - info: Synchronizing opened pages list before reload
2021-08-09T06:24:03.623Z - info: Current opened pages, from most-to-least recent:
2021-08-09T06:24:03.623Z - info: 1. schedule/week1/topics
2021-08-09T06:24:04.638Z - info: Rebuilding 1 pages
2021-08-09T06:24:04.980Z - error:  Error: No such segment '#cpptojava-gettingstarted-running' in file: C:\repos\nus-cs2103\cs2103-website-base\admin\common-commentary.mbdf
Missing reference in C:\repos\nus-cs2103\cs2103-website-base\schedule\week1\commentary-box.md
    at processInclude (C:\Users\dcsdcr\AppData\Roaming\npm\node_modules\markbind-cli\node_modules\@markbind\core\src\html\includePanelProcessor.js:225:23)
    at NodeProcessor.processNode (C:\Users\dcsdcr\AppData\Roaming\npm\node_modules\markbind-cli\node_modules\@markbind\core\src\html\NodeProcessor.js:147:16)
    at NodeProcessor._process (C:\Users\dcsdcr\AppData\Roaming\npm\node_modules\markbind-cli\node_modules\@markbind\core\src\html\NodeProcessor.js:289:20)
    at C:\Users\dcsdcr\AppData\Roaming\npm\node_modules\markbind-cli\node_modules\@markbind\core\src\html\NodeProcessor.js:294:14
    at Array.forEach (<anonymous>)
    at NodeProcessor._process (C:\Users\dcsdcr\AppData\Roaming\npm\node_modules\markbind-cli\node_modules\@markbind\core\src\html\NodeProcessor.js:293:21)
    at C:\Users\dcsdcr\AppData\Roaming\npm\node_modules\markbind-cli\node_modules\@markbind\core\src\html\NodeProcessor.js:294:14
    at Array.forEach (<anonymous>)
    at NodeProcessor._process (C:\Users\dcsdcr\AppData\Roaming\npm\node_modules\markbind-cli\node_modules\@markbind\core\src\html\NodeProcessor.js:293:21)
    at C:\Users\dcsdcr\AppData\Roaming\npm\node_modules\markbind-cli\node_modules\@markbind\core\src\html\NodeProcessor.js:294:14
    at Array.forEach (<anonymous>)
    at NodeProcessor._process (C:\Users\dcsdcr\AppData\Roaming\npm\node_modules\markbind-cli\node_modules\@markbind\core\src\html\NodeProcessor.js:293:21)
    at C:\Users\dcsdcr\AppData\Roaming\npm\node_modules\markbind-cli\node_modules\@markbind\core\src\html\NodeProcessor.js:294:14
    at Array.forEach (<anonymous>)
    at NodeProcessor._process (C:\Users\dcsdcr\AppData\Roaming\npm\node_modules\markbind-cli\node_modules\@markbind\core\src\html\NodeProcessor.js:293:21)
    at C:\Users\dcsdcr\AppData\Roaming\npm\node_modules\markbind-cli\node_modules\@markbind\core\src\html\NodeProcessor.js:294:14
2021-08-09T06:24:05.632Z - info: Site data built
2021-08-09T06:24:05.632Z - info: Pages rebuilt
2021-08-09T06:24:05.632Z - info: Website regeneration complete! Total build time: 0.995s
2021-08-09T06:24:19.205Z - info: [2:24:19 pm] Reload for file change: C:\repos\nus-cs2103\cs2103-website-base\schedule\week1\commentary-tic2002.mbdf
2021-08-09T06:24:19.205Z - info: Synchronizing opened pages list before reload
2021-08-09T06:24:19.206Z - info: Current opened pages, from most-to-least recent:
2021-08-09T06:24:19.206Z - info: 1. schedule/week1/topics
2021-08-09T06:24:20.216Z - info: Rebuilding 1 pages
2021-08-09T06:24:21.475Z - info: Site data built
2021-08-09T06:24:21.475Z - info: Pages rebuilt
2021-08-09T06:24:21.475Z - info: Website regeneration complete! Total build time: 1.261s
2021-08-09T06:30:18.720Z - info: [2:30:18 pm] Reload for file change: C:\repos\nus-cs2103\cs2103-website-base\book\cppToJava\gettingStarted\running\q-byeWorld.md
2021-08-09T06:30:18.721Z - info: Synchronizing opened pages list before reload
2021-08-09T06:30:18.721Z - info: Current opened pages, from most-to-least recent:
2021-08-09T06:30:18.721Z - info: 1. schedule/week1/topics
2021-08-09T06:30:19.732Z - info: Rebuilding 1 pages
2021-08-09T06:30:20.956Z - info: Site data built
2021-08-09T06:30:20.957Z - info: Pages rebuilt
2021-08-09T06:30:20.957Z - info: Website regeneration complete! Total build time: 1.227s
2021-08-09T06:40:33.886Z - info: Building C:\repos\nus-cs2103\cs2103-website-base\admin\index as some of its dependencies were changed since the last visit
2021-08-09T06:40:35.268Z - info: Site data built
2021-08-09T06:40:35.269Z - info: Lazy website regeneration complete! Total build time: 1.383s
2021-08-09T06:59:08.675Z - info: [2:59:08 pm] Reload for file change: C:\repos\nus-cs2103\cs2103-website-base\admin\index-tic2002.mbdf
2021-08-09T06:59:08.676Z - info: Synchronizing opened pages list before reload
2021-08-09T06:59:08.676Z - info: Current opened pages, from most-to-least recent:
2021-08-09T06:59:08.676Z - info: 1. schedule/week1/index
2021-08-09T06:59:09.690Z - info: Rebuilding 1 pages
2021-08-09T06:59:10.086Z - info: Site data built
2021-08-09T06:59:10.087Z - info: Pages rebuilt
2021-08-09T06:59:10.087Z - info: Website regeneration complete! Total build time: 0.401s
2021-08-09T06:59:33.498Z - info: Building C:\repos\nus-cs2103\cs2103-website-base\schedule\week1\admin as some of its dependencies were changed since the last visit
2021-08-09T06:59:34.021Z - info: Site data built
2021-08-09T06:59:34.022Z - info: Lazy website regeneration complete! Total build time: 0.526s
2021-08-09T07:02:20.790Z - info: [3:02:20 pm] Reload for file change: C:\repos\nus-cs2103\cs2103-website-base\admin\index-tic2002.mbdf
2021-08-09T07:02:20.790Z - info: Synchronizing opened pages list before reload
2021-08-09T07:02:20.791Z - info: Current opened pages, from most-to-least recent:
2021-08-09T07:02:20.791Z - info: 1. schedule/week1/admin
2021-08-09T07:02:21.806Z - info: Rebuilding 1 pages
2021-08-09T07:02:22.176Z - info: Site data built
2021-08-09T07:02:22.176Z - info: Pages rebuilt
2021-08-09T07:02:22.176Z - info: Website regeneration complete! Total build time: 0.372s
2021-08-09T07:03:57.514Z - info: [3:03:57 pm] Reload for file change: C:\repos\nus-cs2103\cs2103-website-base\admin\index-tic2002.mbdf
2021-08-09T07:03:57.514Z - info: Synchronizing opened pages list before reload
2021-08-09T07:03:57.515Z - info: Current opened pages, from most-to-least recent:
2021-08-09T07:03:57.515Z - info: 1. schedule/week1/admin
2021-08-09T07:03:58.520Z - info: Rebuilding 1 pages
2021-08-09T07:03:59.040Z - info: Site data built
2021-08-09T07:03:59.040Z - info: Pages rebuilt
2021-08-09T07:03:59.040Z - info: Website regeneration complete! Total build time: 0.521s
2021-08-09T07:04:50.418Z - info: Building C:\repos\nus-cs2103\cs2103-website-base\schedule\week1\topics as some of its dependencies were changed since the last visit
2021-08-09T07:04:51.564Z - info: Site data built
2021-08-09T07:04:51.564Z - info: Lazy website regeneration complete! Total build time: 1.146s
2021-08-09T07:10:11.807Z - info: Website generation started at 3:10:10 pm
2021-08-09T07:10:15.491Z - info: Building assets...
2021-08-09T07:10:18.712Z - info: Assets built
2021-08-09T07:10:18.713Z - info: Generating pages...
2021-08-09T07:10:26.736Z - debug:  
2021-08-09T07:10:26.736Z - debug:  
2021-08-09T07:10:26.737Z - debug:  
2021-08-09T07:10:26.737Z - debug:  
2021-08-09T07:10:26.737Z - debug:  
2021-08-09T07:10:52.300Z - debug:  
2021-08-09T07:11:27.636Z - info: Pages built
2021-08-09T07:11:28.343Z - info: Site data built
2021-08-09T07:11:28.343Z - info: Website generation complete! Total build time: 77.939s
2021-08-09T07:11:28.344Z - info: Build success!
2021-08-09T07:11:39.144Z - info: Deployed at https://nus-tic2002-2021.github.io/website!
2021-08-09T15:39:08.617Z - info: Website generation (lazy) started at 11:39:04 pm
2021-08-09T15:39:13.437Z - info: Building assets...
2021-08-09T15:39:17.735Z - info: Assets built
2021-08-09T15:39:17.736Z - info: Generating landing page...
2021-08-09T15:39:20.407Z - info: Landing page built, other pages will be built as you navigate to them!
2021-08-09T15:39:21.489Z - info: Site data built
2021-08-09T15:39:21.489Z - info: Website generation (lazy) complete! Total build time: 16.967s
2021-08-09T15:39:22.267Z - info: Serving "C:\repos\nus-cs2103\cs2103-website-base\_site" at http://127.0.0.1:8080
2021-08-09T15:39:22.267Z - info: Press CTRL+C to stop ...
2021-08-09T15:40:06.165Z - info: Building C:\repos\nus-cs2103\cs2103-website-base\se-book-adapted\index as some of its dependencies were changed since the last visit
2021-08-09T15:40:06.527Z - info: Site data built
2021-08-09T15:40:06.527Z - info: Lazy website regeneration complete! Total build time: 0.362s
2021-08-09T15:40:11.379Z - info: Building C:\repos\nus-cs2103\cs2103-website-base\se-book-adapted\chapters\cppToJava as some of its dependencies were changed since the last visit
2021-08-09T15:40:15.232Z - info: Site data built
2021-08-09T15:40:15.233Z - info: Lazy website regeneration complete! Total build time: 3.854s
2021-08-09T15:43:22.214Z - info: [11:43:22 pm] Reload for file change: C:\repos\nus-cs2103\cs2103-website-base\book\cppToJava\gettingStarted\running\q-runHelloWorld.md
2021-08-09T15:43:22.215Z - info: Synchronizing opened pages list before reload
2021-08-09T15:43:22.215Z - info: Current opened pages, from most-to-least recent:
2021-08-09T15:43:22.215Z - info: 1. se-book-adapted/chapters/cppToJava
2021-08-09T15:43:23.228Z - info: Rebuilding 1 pages
2021-08-09T15:43:25.879Z - info: Site data built
2021-08-09T15:43:25.880Z - info: Pages rebuilt
2021-08-09T15:43:25.880Z - info: Website regeneration complete! Total build time: 2.652s
2021-08-09T15:44:13.909Z - info: [11:44:13 pm] Reload for file change: C:\repos\nus-cs2103\cs2103-website-base\book\cppToJava\gettingStarted\running\q-runHelloWorld.md
2021-08-09T15:44:13.909Z - info: Synchronizing opened pages list before reload
2021-08-09T15:44:13.910Z - info: Current opened pages, from most-to-least recent:
2021-08-09T15:44:13.910Z - info: 1. se-book-adapted/chapters/cppToJava
2021-08-09T15:44:14.927Z - info: Rebuilding 1 pages
2021-08-09T15:44:17.517Z - info: Site data built
2021-08-09T15:44:17.517Z - info: Pages rebuilt
2021-08-09T15:44:17.517Z - info: Website regeneration complete! Total build time: 2.591s
2021-08-09T15:45:21.912Z - info: [11:45:21 pm] Reload for file change: C:\repos\nus-cs2103\cs2103-website-base\book\cppToJava\gettingStarted\running\q-runHelloWorld.md
2021-08-09T15:45:21.913Z - info: Synchronizing opened pages list before reload
2021-08-09T15:45:21.913Z - info: Current opened pages, from most-to-least recent:
2021-08-09T15:45:21.913Z - info: 1. se-book-adapted/chapters/cppToJava
2021-08-09T15:45:22.932Z - info: Rebuilding 1 pages
2021-08-09T15:45:25.608Z - info: Site data built
2021-08-09T15:45:25.608Z - info: Pages rebuilt
2021-08-09T15:45:25.608Z - info: Website regeneration complete! Total build time: 2.677s
2021-08-09T15:45:35.549Z - info: [11:45:35 pm] Reload for file change: C:\repos\nus-cs2103\cs2103-website-base\book\cppToJava\gettingStarted\running\q-runHelloWorld.md
2021-08-09T15:45:35.549Z - info: Synchronizing opened pages list before reload
2021-08-09T15:45:35.550Z - info: Current opened pages, from most-to-least recent:
2021-08-09T15:45:35.550Z - info: 1. se-book-adapted/chapters/cppToJava
2021-08-09T15:45:36.561Z - info: Rebuilding 1 pages
2021-08-09T15:45:38.747Z - info: Site data built
2021-08-09T15:45:38.747Z - info: Pages rebuilt
2021-08-09T15:45:38.747Z - info: Website regeneration complete! Total build time: 2.187s
2021-08-09T15:45:59.895Z - info: [11:45:59 pm] Reload for file change: C:\repos\nus-cs2103\cs2103-website-base\book\cppToJava\gettingStarted\running\q-runHelloWorld.md
2021-08-09T15:45:59.895Z - info: Synchronizing opened pages list before reload
2021-08-09T15:45:59.895Z - info: Current opened pages, from most-to-least recent:
2021-08-09T15:45:59.895Z - info: 1. se-book-adapted/chapters/cppToJava
2021-08-09T15:46:00.903Z - info: Rebuilding 1 pages
2021-08-09T15:46:03.418Z - info: Site data built
2021-08-09T15:46:03.419Z - info: Pages rebuilt
2021-08-09T15:46:03.419Z - info: Website regeneration complete! Total build time: 2.516s
2021-08-09T15:46:20.605Z - info: [11:46:20 pm] Reload for file change: C:\repos\nus-cs2103\cs2103-website-base\book\cppToJava\gettingStarted\running\q-runHelloWorld.md
2021-08-09T15:46:20.606Z - info: Synchronizing opened pages list before reload
2021-08-09T15:46:20.606Z - info: Current opened pages, from most-to-least recent:
2021-08-09T15:46:20.607Z - info: 1. se-book-adapted/chapters/cppToJava
2021-08-09T15:46:21.624Z - info: Rebuilding 1 pages
2021-08-09T15:46:24.157Z - info: Site data built
2021-08-09T15:46:24.158Z - info: Pages rebuilt
2021-08-09T15:46:24.158Z - info: Website regeneration complete! Total build time: 2.535s
2021-08-09T15:47:02.341Z - info: [11:47:02 pm] Reload for file change: C:\repos\nus-cs2103\cs2103-website-base\book\cppToJava\gettingStarted\running\q-runHelloWorld.md
2021-08-09T15:47:02.341Z - info: Synchronizing opened pages list before reload
2021-08-09T15:47:02.342Z - info: Current opened pages, from most-to-least recent:
2021-08-09T15:47:02.342Z - info: 1. se-book-adapted/chapters/cppToJava
2021-08-09T15:47:03.355Z - info: Rebuilding 1 pages
2021-08-09T15:47:05.882Z - info: Site data built
2021-08-09T15:47:05.883Z - info: Pages rebuilt
2021-08-09T15:47:05.883Z - info: Website regeneration complete! Total build time: 2.528s
2021-08-09T15:48:21.282Z - info: [11:48:21 pm] Reload for file change: C:\repos\nus-cs2103\cs2103-website-base\book\cppToJava\gettingStarted\running\q-runHelloWorld.md
2021-08-09T15:48:21.282Z - info: Synchronizing opened pages list before reload
2021-08-09T15:48:21.282Z - info: Current opened pages, from most-to-least recent:
2021-08-09T15:48:21.283Z - info: 1. se-book-adapted/chapters/cppToJava
2021-08-09T15:48:22.285Z - info: Rebuilding 1 pages
2021-08-09T15:48:24.926Z - info: Site data built
2021-08-09T15:48:24.926Z - info: Pages rebuilt
2021-08-09T15:48:24.926Z - info: Website regeneration complete! Total build time: 2.642s
2021-08-09T15:49:16.412Z - info: [11:49:16 pm] Reload for file change: C:\repos\nus-cs2103\cs2103-website-base\book\cppToJava\gettingStarted\running\q-runHelloWorld.md
2021-08-09T15:49:16.413Z - info: Synchronizing opened pages list before reload
2021-08-09T15:49:16.413Z - info: Current opened pages, from most-to-least recent:
2021-08-09T15:49:16.413Z - info: 1. se-book-adapted/chapters/cppToJava
2021-08-09T15:49:17.418Z - info: Rebuilding 1 pages
2021-08-09T15:49:20.431Z - info: Site data built
2021-08-09T15:49:20.432Z - info: Pages rebuilt
2021-08-09T15:49:20.432Z - info: Website regeneration complete! Total build time: 3.015s
2021-08-09T15:51:55.936Z - info: [11:51:55 pm] Reload for file change: C:\repos\nus-cs2103\cs2103-website-base\book\cppToJava\gettingStarted\running\q-runHelloWorld.md
2021-08-09T15:51:55.936Z - info: Synchronizing opened pages list before reload
2021-08-09T15:51:55.937Z - info: Current opened pages, from most-to-least recent:
2021-08-09T15:51:55.937Z - info: 1. se-book-adapted/chapters/cppToJava
2021-08-09T15:51:56.953Z - info: Rebuilding 1 pages
2021-08-09T15:52:01.980Z - info: Site data built
2021-08-09T15:52:01.981Z - info: Pages rebuilt
2021-08-09T15:52:01.982Z - info: Website regeneration complete! Total build time: 5.031s
2021-08-09T15:54:23.007Z - info: [11:54:23 pm] Reload for file change: C:\repos\nus-cs2103\cs2103-website-base\book\cppToJava\gettingStarted\running\q-runHelloWorld.md
2021-08-09T15:54:23.007Z - info: Synchronizing opened pages list before reload
2021-08-09T15:54:23.007Z - info: Current opened pages, from most-to-least recent:
2021-08-09T15:54:23.007Z - info: 1. se-book-adapted/chapters/cppToJava
2021-08-09T15:54:24.014Z - info: Rebuilding 1 pages
2021-08-09T15:54:27.306Z - info: Site data built
2021-08-09T15:54:27.307Z - info: Pages rebuilt
2021-08-09T15:54:27.307Z - info: Website regeneration complete! Total build time: 3.294s
2021-08-09T15:56:18.207Z - info: [11:56:18 pm] Reload for file change: C:\repos\nus-cs2103\cs2103-website-base\book\cppToJava\gettingStarted\running\q-runHelloWorld.md
2021-08-09T15:56:18.208Z - info: Synchronizing opened pages list before reload
2021-08-09T15:56:18.208Z - info: Current opened pages, from most-to-least recent:
2021-08-09T15:56:18.209Z - info: 1. se-book-adapted/chapters/cppToJava
2021-08-09T15:56:19.220Z - info: Rebuilding 1 pages
2021-08-09T15:56:21.818Z - info: Site data built
2021-08-09T15:56:21.818Z - info: Pages rebuilt
2021-08-09T15:56:21.818Z - info: Website regeneration complete! Total build time: 2.601s
