2021-10-03T17:05:50.621Z - info: Website generation (lazy) started at 1:05:48 am
2021-10-03T17:05:55.970Z - info: Building assets...
2021-10-03T17:06:00.632Z - info: Assets built
2021-10-03T17:06:00.633Z - info: Generating landing page...
2021-10-03T17:06:01.874Z - info: Landing page built, other pages will be built as you navigate to them!
2021-10-03T17:06:02.677Z - info: Site data built
2021-10-03T17:06:02.677Z - info: Website generation (lazy) complete! Total build time: 14.315s
2021-10-03T17:06:03.486Z - info: Serving "C:\repos\nus-cs2103\cs2103-website-base\_site" at http://127.0.0.1:8080
2021-10-03T17:06:03.487Z - info: Press CTRL+C to stop ...
2021-10-03T17:06:56.250Z - info: Building C:\repos\nus-cs2103\cs2103-website-base\schedule\week9\index as some of its dependencies were changed since the last visit
2021-10-03T17:06:57.635Z - info: Site data built
2021-10-03T17:06:57.636Z - info: Lazy website regeneration complete! Total build time: 1.387s
2021-10-03T17:07:29.560Z - info: Building C:\repos\nus-cs2103\cs2103-website-base\schedule\week9\admin as some of its dependencies were changed since the last visit
2021-10-03T17:07:29.863Z - info: Site data built
2021-10-03T17:07:29.864Z - info: Lazy website regeneration complete! Total build time: 0.304s
2021-10-03T17:07:39.135Z - info: Building C:\repos\nus-cs2103\cs2103-website-base\schedule\week9\topics as some of its dependencies were changed since the last visit
2021-10-03T17:07:45.127Z - info: Site data built
2021-10-03T17:07:45.128Z - info: Lazy website regeneration complete! Total build time: 5.994s
2021-10-03T17:07:46.319Z - debug:  
2021-10-03T17:07:46.357Z - debug:  
2021-10-03T17:07:46.503Z - debug:  
2021-10-03T17:26:14.017Z - info: Building C:\repos\nus-cs2103\cs2103-website-base\schedule\week9\project as some of its dependencies were changed since the last visit
2021-10-03T17:26:15.124Z - info: Site data built
2021-10-03T17:26:15.124Z - info: Lazy website regeneration complete! Total build time: 1.108s
2021-10-03T17:27:08.118Z - info: Building C:\repos\nus-cs2103\cs2103-website-base\schedule\week9\tutorial as some of its dependencies were changed since the last visit
2021-10-03T17:27:09.113Z - info: Site data built
2021-10-03T17:27:09.113Z - info: Lazy website regeneration complete! Total build time: 0.996s
2021-10-03T17:28:34.297Z - info: Website generation (lazy) started at 1:28:32 am
2021-10-03T17:28:39.615Z - info: Building assets...
2021-10-03T17:28:43.890Z - info: Assets built
2021-10-03T17:28:43.890Z - info: Generating landing page...
2021-10-03T17:28:45.126Z - info: Landing page built, other pages will be built as you navigate to them!
2021-10-03T17:28:45.928Z - info: Site data built
2021-10-03T17:28:45.928Z - info: Website generation (lazy) complete! Total build time: 13.639s
2021-10-03T17:28:46.755Z - info: Serving "C:\repos\nus-cs2103\cs2103-website-base\_site" at http://127.0.0.1:8080
2021-10-03T17:28:46.756Z - info: Press CTRL+C to stop ...
2021-10-03T17:29:06.153Z - info: Building C:\repos\nus-cs2103\cs2103-website-base\schedule\week9\index as some of its dependencies were changed since the last visit
2021-10-03T17:29:06.830Z - info: Site data built
2021-10-03T17:29:06.831Z - info: Lazy website regeneration complete! Total build time: 0.678s
2021-10-03T17:29:21.445Z - info: Building C:\repos\nus-cs2103\cs2103-website-base\schedule\week9\tutorial as some of its dependencies were changed since the last visit
2021-10-03T17:29:21.781Z - info: Site data built
2021-10-03T17:29:21.782Z - info: Lazy website regeneration complete! Total build time: 0.337s
2021-10-03T17:29:26.934Z - info: Building C:\repos\nus-cs2103\cs2103-website-base\schedule\week9\topics as some of its dependencies were changed since the last visit
2021-10-03T17:29:28.450Z - info: Site data built
2021-10-03T17:29:28.450Z - info: Lazy website regeneration complete! Total build time: 1.516s
2021-10-03T17:29:30.400Z - debug:  
2021-10-03T17:33:15.136Z - info: Building C:\repos\nus-cs2103\cs2103-website-base\schedule\week9\admin as some of its dependencies were changed since the last visit
2021-10-03T17:33:15.744Z - info: Site data built
2021-10-03T17:33:15.745Z - info: Lazy website regeneration complete! Total build time: 0.608s
2021-10-03T17:35:27.568Z - info: Building C:\repos\nus-cs2103\cs2103-website-base\schedule\week9\project as some of its dependencies were changed since the last visit
2021-10-03T17:35:28.476Z - info: Site data built
2021-10-03T17:35:28.476Z - info: Lazy website regeneration complete! Total build time: 0.908s
2021-10-04T05:25:52.256Z - info: Website generation (lazy) started at 1:25:50 pm
2021-10-04T05:25:57.723Z - info: Building assets...
2021-10-04T05:26:02.510Z - info: Assets built
2021-10-04T05:26:02.511Z - info: Generating landing page...
2021-10-04T05:26:03.762Z - info: Landing page built, other pages will be built as you navigate to them!
2021-10-04T05:26:04.608Z - info: Site data built
2021-10-04T05:26:04.609Z - info: Website generation (lazy) complete! Total build time: 14.584s
2021-10-04T05:26:05.476Z - info: Serving "C:\repos\nus-cs2103\cs2103-website-base\_site" at http://127.0.0.1:8080
2021-10-04T05:26:05.476Z - info: Press CTRL+C to stop ...
2021-10-04T05:26:48.692Z - info: [1:26:48 pm] Reload for file change: C:\repos\nus-cs2103\cs2103-website-base\_module-TIC4001\textbookTopics.mbdf
2021-10-04T05:26:48.692Z - info: Synchronizing opened pages list before reload
2021-10-04T05:26:48.693Z - info: Current opened pages, from most-to-least recent:
2021-10-04T05:26:48.693Z - info: 1. index
2021-10-04T05:26:49.872Z - info: Rebuilding 1 pages
2021-10-04T05:26:50.534Z - info: Site data built
2021-10-04T05:26:50.534Z - info: Pages rebuilt
2021-10-04T05:26:50.534Z - info: Website regeneration complete! Total build time: 0.662s
2021-10-04T05:27:06.516Z - info: Building C:\repos\nus-cs2103\cs2103-website-base\schedule\week9\index as some of its dependencies were changed since the last visit
2021-10-04T05:27:07.146Z - info: Site data built
2021-10-04T05:27:07.146Z - info: Lazy website regeneration complete! Total build time: 0.631s
2021-10-04T05:27:14.570Z - info: Building C:\repos\nus-cs2103\cs2103-website-base\schedule\week9\topics as some of its dependencies were changed since the last visit
2021-10-04T05:27:15.864Z - info: Site data built
2021-10-04T05:27:15.864Z - info: Lazy website regeneration complete! Total build time: 1.294s
2021-10-04T05:27:17.942Z - debug:  
2021-10-04T05:29:18.944Z - info: [1:29:18 pm] Reload for file change: C:\repos\nus-cs2103\cs2103-website-base\_module-TIC4001\textbookTopics.mbdf
2021-10-04T05:29:18.944Z - info: Synchronizing opened pages list before reload
2021-10-04T05:29:18.945Z - info: Current opened pages, from most-to-least recent:
2021-10-04T05:29:18.945Z - info: 1. schedule/week9/topics
2021-10-04T05:29:20.125Z - info: Rebuilding 1 pages
2021-10-04T05:29:21.175Z - info: Site data built
2021-10-04T05:29:21.175Z - info: Pages rebuilt
2021-10-04T05:29:21.175Z - info: Website regeneration complete! Total build time: 1.05s
2021-10-04T05:29:22.913Z - debug:  
