2021-07-31T16:08:57.793Z - info: [12:08:57 am] Reload for file change: C:\repos\nus-cs2103\cs2103-website-base\admin\tp-tasks.mbdf
2021-07-31T16:08:57.804Z - info: Synchronizing opened pages list before reload
2021-07-31T16:08:57.805Z - info: Current opened pages, from most-to-least recent:
2021-07-31T16:08:57.805Z - info: 1. schedule/week6/project
2021-07-31T16:08:58.817Z - info: Rebuilding 1 pages
2021-07-31T16:09:00.722Z - info: Site data built
2021-07-31T16:09:00.722Z - info: Pages rebuilt
2021-07-31T16:09:00.722Z - info: Website regeneration complete! Total build time: 1.909s
2021-07-31T17:23:03.844Z - info: [1:23:03 am] Reload for file change: C:\repos\nus-cs2103\cs2103-website-base\admin\tp-tasks.mbdf
2021-07-31T17:23:03.845Z - info: Synchronizing opened pages list before reload
2021-07-31T17:23:03.845Z - info: Current opened pages, from most-to-least recent:
2021-07-31T17:23:03.845Z - info: 1. schedule/week6/project
2021-07-31T17:23:04.861Z - info: Rebuilding 1 pages
2021-07-31T17:23:07.355Z - info: Site data built
2021-07-31T17:23:07.355Z - info: Pages rebuilt
2021-07-31T17:23:07.356Z - info: Website regeneration complete! Total build time: 2.498s
2021-07-31T17:23:31.203Z - info: [1:23:31 am] Reload for file change: C:\repos\nus-cs2103\cs2103-website-base\admin\tp-tasks.mbdf
2021-07-31T17:23:31.204Z - info: Synchronizing opened pages list before reload
2021-07-31T17:23:31.204Z - info: Current opened pages, from most-to-least recent:
2021-07-31T17:23:31.204Z - info: 1. schedule/week6/project
2021-07-31T17:23:32.210Z - info: Rebuilding 1 pages
2021-07-31T17:23:34.125Z - info: Site data built
2021-07-31T17:23:34.125Z - info: Pages rebuilt
2021-07-31T17:23:34.125Z - info: Website regeneration complete! Total build time: 1.916s
