2021-09-07T10:55:45.379Z - info: Website generation started at 6:55:40 pm
2021-09-07T10:55:50.008Z - info: Building assets...
2021-09-07T10:55:54.328Z - info: Assets built
2021-09-07T10:55:54.328Z - info: Generating pages...
2021-09-07T10:56:04.816Z - debug:  
2021-09-07T10:56:04.818Z - debug:  
2021-09-07T10:56:04.818Z - debug:  
2021-09-07T10:56:04.818Z - debug:  
2021-09-07T10:56:04.819Z - debug:  
2021-09-07T10:56:31.592Z - debug:  
2021-09-07T10:57:10.211Z - info: Pages built
2021-09-07T10:57:10.894Z - info: Site data built
2021-09-07T10:57:10.894Z - info: Website generation complete! Total build time: 90.739s
2021-09-07T10:57:10.894Z - info: Build success!
2021-09-07T10:57:22.251Z - info: Deployed at https://nus-tic2002-2021.github.io/website!
2021-09-07T13:09:39.833Z - info: Website generation started at 9:09:35 pm
2021-09-07T13:09:45.214Z - info: Building assets...
2021-09-07T13:09:49.076Z - info: Assets built
2021-09-07T13:09:49.077Z - info: Generating pages...
2021-09-07T13:09:57.742Z - debug:  
2021-09-07T13:09:57.743Z - debug:  
2021-09-07T13:09:57.743Z - debug:  
2021-09-07T13:09:57.757Z - debug:  
2021-09-07T13:09:57.758Z - debug:  
2021-09-07T13:09:57.758Z - debug:  
2021-09-07T13:11:45.761Z - debug:  
2021-09-07T13:11:57.309Z - debug:  
2021-09-07T13:11:57.309Z - debug:  
2021-09-07T13:12:04.189Z - info: Pages built
2021-09-07T13:12:05.071Z - info: Site data built
2021-09-07T13:12:05.071Z - info: Website generation complete! Total build time: 149.584s
2021-09-07T13:12:05.071Z - info: Build success!
2021-09-07T13:12:18.438Z - info: Deployed at https://nus-cs2103-ay2122s1.github.io/website!
