2021-07-28T07:02:12.076Z - info: Website generation (lazy) started at 3:02:07 pm
2021-07-28T07:02:18.152Z - info: Building assets...
2021-07-28T07:02:22.844Z - info: Assets built
2021-07-28T07:02:22.845Z - info: Generating landing page...
2021-07-28T07:02:23.568Z - info: Landing page built, other pages will be built as you navigate to them!
2021-07-28T07:02:24.456Z - info: Site data built
2021-07-28T07:02:24.456Z - info: Website generation (lazy) complete! Total build time: 17.176s
2021-07-28T07:02:25.294Z - info: Serving "C:\repos\nus-cs2103\cs2103-website-base\_site" at http://127.0.0.1:8080
2021-07-28T07:02:25.294Z - info: Press CTRL+C to stop ...
2021-07-28T07:03:21.463Z - info: Building C:\repos\nus-cs2103\cs2103-website-base\schedule\week11\project as some of its dependencies were changed since the last visit
2021-07-28T07:03:25.012Z - info: Site data built
2021-07-28T07:03:25.013Z - info: Lazy website regeneration complete! Total build time: 3.557s
2021-07-28T07:04:21.361Z - info: [3:04:21 pm] Reload for file change: C:\repos\nus-cs2103\cs2103-website-base\admin\tp-tasks.mbdf
2021-07-28T07:04:21.361Z - info: Synchronizing opened pages list before reload
2021-07-28T07:04:21.362Z - info: Current opened pages, from most-to-least recent:
2021-07-28T07:04:21.362Z - info: 1. schedule/week11/project
2021-07-28T07:04:22.369Z - info: Rebuilding 1 pages
2021-07-28T07:04:23.555Z - info: Site data built
2021-07-28T07:04:23.555Z - info: Pages rebuilt
2021-07-28T07:04:23.555Z - info: Website regeneration complete! Total build time: 1.188s
2021-07-28T07:04:44.747Z - info: Building C:\repos\nus-cs2103\cs2103-website-base\schedule\week12\project as some of its dependencies were changed since the last visit
2021-07-28T07:04:47.426Z - info: Site data built
2021-07-28T07:04:47.426Z - info: Lazy website regeneration complete! Total build time: 2.68s
2021-07-28T07:07:21.838Z - info: [3:07:21 pm] Reload for file change: C:\repos\nus-cs2103\cs2103-website-base\admin\tp-tasks.mbdf
2021-07-28T07:07:21.839Z - info: Synchronizing opened pages list before reload
2021-07-28T07:07:21.840Z - info: Current opened pages, from most-to-least recent:
2021-07-28T07:07:21.840Z - info: 1. schedule/week12/project
2021-07-28T07:07:22.863Z - info: Rebuilding 1 pages
2021-07-28T07:07:25.172Z - info: Site data built
2021-07-28T07:07:25.172Z - info: Pages rebuilt
2021-07-28T07:07:25.172Z - info: Website regeneration complete! Total build time: 2.31s
2021-07-28T07:09:20.310Z - info: [3:09:20 pm] Reload for file change: C:\repos\nus-cs2103\cs2103-website-base\admin\tp-tasks.mbdf
2021-07-28T07:09:20.311Z - info: Synchronizing opened pages list before reload
2021-07-28T07:09:20.311Z - info: Current opened pages, from most-to-least recent:
2021-07-28T07:09:20.311Z - info: 1. schedule/week12/project
2021-07-28T07:09:21.333Z - info: Rebuilding 1 pages
2021-07-28T07:09:23.644Z - info: Site data built
2021-07-28T07:09:23.645Z - info: Pages rebuilt
2021-07-28T07:09:23.645Z - info: Website regeneration complete! Total build time: 2.315s
2021-07-28T07:10:57.715Z - info: Building C:\repos\nus-cs2103\cs2103-website-base\admin\usingThisWebsite as some of its dependencies were changed since the last visit
2021-07-28T07:10:58.393Z - info: Site data built
2021-07-28T07:10:58.393Z - info: Lazy website regeneration complete! Total build time: 0.679s
2021-07-28T07:11:16.831Z - info: Building C:\repos\nus-cs2103\cs2103-website-base\admin\moduleExpectations as some of its dependencies were changed since the last visit
2021-07-28T07:11:17.068Z - info: Site data built
2021-07-28T07:11:17.068Z - info: Lazy website regeneration complete! Total build time: 0.237s
2021-07-28T07:11:28.714Z - info: Building C:\repos\nus-cs2103\cs2103-website-base\admin\weeklySchedule as some of its dependencies were changed since the last visit
2021-07-28T07:11:29.185Z - info: Site data built
2021-07-28T07:11:29.185Z - info: Lazy website regeneration complete! Total build time: 0.471s
2021-07-28T07:15:11.764Z - info: Building C:\repos\nus-cs2103\cs2103-website-base\admin\lectures as some of its dependencies were changed since the last visit
2021-07-28T07:15:11.961Z - info: Site data built
2021-07-28T07:15:11.961Z - info: Lazy website regeneration complete! Total build time: 0.197s
2021-07-28T07:15:21.048Z - info: Building C:\repos\nus-cs2103\cs2103-website-base\admin\tutorials as some of its dependencies were changed since the last visit
2021-07-28T07:15:21.366Z - info: Site data built
2021-07-28T07:15:21.366Z - info: Lazy website regeneration complete! Total build time: 0.319s
2021-07-28T07:16:28.007Z - info: Building C:\repos\nus-cs2103\cs2103-website-base\admin\instructors as some of its dependencies were changed since the last visit
2021-07-28T07:16:28.306Z - info: Site data built
2021-07-28T07:16:28.306Z - info: Lazy website regeneration complete! Total build time: 0.299s
2021-07-28T07:18:53.231Z - info: Building C:\repos\nus-cs2103\cs2103-website-base\admin\textbooks as some of its dependencies were changed since the last visit
2021-07-28T07:18:53.783Z - info: Site data built
2021-07-28T07:18:53.784Z - info: Lazy website regeneration complete! Total build time: 0.553s
2021-07-28T07:19:37.767Z - info: Building C:\repos\nus-cs2103\cs2103-website-base\admin\programmingLanguages as some of its dependencies were changed since the last visit
2021-07-28T07:19:37.954Z - info: Site data built
2021-07-28T07:19:37.955Z - info: Lazy website regeneration complete! Total build time: 0.187s
2021-07-28T07:19:48.191Z - info: Building C:\repos\nus-cs2103\cs2103-website-base\admin\standardsAndConventions as some of its dependencies were changed since the last visit
2021-07-28T07:19:48.417Z - info: Site data built
2021-07-28T07:19:48.417Z - info: Lazy website regeneration complete! Total build time: 0.227s
2021-07-28T07:19:56.761Z - info: Building C:\repos\nus-cs2103\cs2103-website-base\admin\ip-overview as some of its dependencies were changed since the last visit
2021-07-28T07:19:57.041Z - info: Site data built
2021-07-28T07:19:57.041Z - info: Lazy website regeneration complete! Total build time: 0.28s
2021-07-28T07:20:07.770Z - info: Building C:\repos\nus-cs2103\cs2103-website-base\admin\ip-w2 as some of its dependencies were changed since the last visit
2021-07-28T07:20:09.185Z - info: Site data built
2021-07-28T07:20:09.185Z - info: Lazy website regeneration complete! Total build time: 1.416s
2021-07-28T07:21:03.241Z - info: Building C:\repos\nus-cs2103\cs2103-website-base\admin\ip-w3 as some of its dependencies were changed since the last visit
2021-07-28T07:21:04.545Z - info: Site data built
2021-07-28T07:21:04.546Z - info: Lazy website regeneration complete! Total build time: 1.306s
2021-07-28T07:28:05.725Z - info: [3:28:05 pm] Reload for file change: C:\repos\nus-cs2103\cs2103-website-base\admin\ip-tasks.mbdf
2021-07-28T07:28:05.726Z - info: Synchronizing opened pages list before reload
2021-07-28T07:28:05.726Z - info: Current opened pages, from most-to-least recent:
2021-07-28T07:28:05.726Z - info: 1. admin/ip-w3
2021-07-28T07:28:06.741Z - info: Rebuilding 1 pages
2021-07-28T07:28:07.937Z - info: Site data built
2021-07-28T07:28:07.937Z - info: Pages rebuilt
2021-07-28T07:28:07.937Z - info: Website regeneration complete! Total build time: 1.199s
2021-07-28T07:29:00.476Z - info: [3:29:00 pm] Reload for file change: C:\repos\nus-cs2103\cs2103-website-base\admin\ip-tasks.mbdf
2021-07-28T07:29:00.477Z - info: Synchronizing opened pages list before reload
2021-07-28T07:29:00.477Z - info: Current opened pages, from most-to-least recent:
2021-07-28T07:29:00.477Z - info: 1. admin/ip-w3
2021-07-28T07:29:01.483Z - info: Rebuilding 1 pages
2021-07-28T07:29:02.617Z - info: Site data built
2021-07-28T07:29:02.617Z - info: Pages rebuilt
2021-07-28T07:29:02.617Z - info: Website regeneration complete! Total build time: 1.135s
2021-07-28T07:29:10.933Z - info: [3:29:10 pm] Reload for file change: C:\repos\nus-cs2103\cs2103-website-base\admin\ip-tasks.mbdf
2021-07-28T07:29:10.933Z - info: Synchronizing opened pages list before reload
2021-07-28T07:29:10.933Z - info: Current opened pages, from most-to-least recent:
2021-07-28T07:29:10.933Z - info: 1. admin/ip-w3
2021-07-28T07:29:11.945Z - info: Rebuilding 1 pages
2021-07-28T07:29:12.757Z - info: Site data built
2021-07-28T07:29:12.757Z - info: Pages rebuilt
2021-07-28T07:29:12.757Z - info: Website regeneration complete! Total build time: 0.813s
2021-07-28T07:29:36.383Z - info: [3:29:36 pm] Reload for file change: C:\repos\nus-cs2103\cs2103-website-base\admin\ip-tasks.mbdf
2021-07-28T07:29:36.383Z - info: Synchronizing opened pages list before reload
2021-07-28T07:29:36.383Z - info: Current opened pages, from most-to-least recent:
2021-07-28T07:29:36.383Z - info: 1. admin/ip-w3
2021-07-28T07:29:37.395Z - info: Rebuilding 1 pages
2021-07-28T07:29:38.592Z - info: Site data built
2021-07-28T07:29:38.592Z - info: Pages rebuilt
2021-07-28T07:29:38.592Z - info: Website regeneration complete! Total build time: 1.199s
2021-07-28T07:30:33.833Z - info: [3:30:33 pm] Reload for file change: C:\repos\nus-cs2103\cs2103-website-base\admin\ip-tasks.mbdf
2021-07-28T07:30:33.833Z - info: Synchronizing opened pages list before reload
2021-07-28T07:30:33.833Z - info: Current opened pages, from most-to-least recent:
2021-07-28T07:30:33.833Z - info: 1. admin/ip-w3
2021-07-28T07:30:34.848Z - info: Rebuilding 1 pages
2021-07-28T07:30:36.047Z - info: Site data built
2021-07-28T07:30:36.047Z - info: Pages rebuilt
2021-07-28T07:30:36.047Z - info: Website regeneration complete! Total build time: 1.204s
2021-07-28T07:32:19.374Z - info: [3:32:19 pm] Reload for file change: C:\repos\nus-cs2103\cs2103-website-base\admin\ip-tasks.mbdf
2021-07-28T07:32:19.374Z - info: Synchronizing opened pages list before reload
2021-07-28T07:32:19.375Z - info: Current opened pages, from most-to-least recent:
2021-07-28T07:32:19.375Z - info: 1. admin/ip-w3
2021-07-28T07:32:20.390Z - info: Rebuilding 1 pages
2021-07-28T07:32:21.545Z - info: Site data built
2021-07-28T07:32:21.546Z - info: Pages rebuilt
2021-07-28T07:32:21.546Z - info: Website regeneration complete! Total build time: 1.161s
2021-07-28T07:32:37.131Z - info: [3:32:37 pm] Reload for file change: C:\repos\nus-cs2103\cs2103-website-base\admin\ip-tasks.mbdf
2021-07-28T07:32:37.131Z - info: Synchronizing opened pages list before reload
2021-07-28T07:32:37.132Z - info: Current opened pages, from most-to-least recent:
2021-07-28T07:32:37.132Z - info: 1. admin/ip-w3
2021-07-28T07:32:38.143Z - info: Rebuilding 1 pages
2021-07-28T07:32:39.229Z - info: Site data built
2021-07-28T07:32:39.230Z - info: Pages rebuilt
2021-07-28T07:32:39.230Z - info: Website regeneration complete! Total build time: 1.088s
2021-07-28T07:32:55.084Z - info: [3:32:55 pm] Reload for file change: C:\repos\nus-cs2103\cs2103-website-base\admin\ip-tasks.mbdf
2021-07-28T07:32:55.084Z - info: Synchronizing opened pages list before reload
2021-07-28T07:32:55.084Z - info: Current opened pages, from most-to-least recent:
2021-07-28T07:32:55.084Z - info: 1. admin/ip-w3
2021-07-28T07:32:56.086Z - info: Rebuilding 1 pages
2021-07-28T07:32:57.141Z - info: Site data built
2021-07-28T07:32:57.142Z - info: Pages rebuilt
2021-07-28T07:32:57.142Z - info: Website regeneration complete! Total build time: 1.057s
2021-07-28T07:33:40.245Z - info: Building C:\repos\nus-cs2103\cs2103-website-base\admin\ip-w4 as some of its dependencies were changed since the last visit
2021-07-28T07:33:41.624Z - info: Site data built
2021-07-28T07:33:41.624Z - info: Lazy website regeneration complete! Total build time: 1.379s
2021-07-28T07:38:00.376Z - info: Building C:\repos\nus-cs2103\cs2103-website-base\admin\ip-w5 as some of its dependencies were changed since the last visit
2021-07-28T07:38:01.520Z - info: Site data built
2021-07-28T07:38:01.521Z - info: Lazy website regeneration complete! Total build time: 1.146s
2021-07-28T07:40:01.899Z - info: [3:40:01 pm] Reload for file change: C:\repos\nus-cs2103\cs2103-website-base\admin\ip-tasks.mbdf
2021-07-28T07:40:01.899Z - info: Synchronizing opened pages list before reload
2021-07-28T07:40:01.899Z - info: Current opened pages, from most-to-least recent:
2021-07-28T07:40:01.899Z - info: 1. admin/ip-w5
2021-07-28T07:40:02.918Z - info: Rebuilding 1 pages
2021-07-28T07:40:03.628Z - info: Building C:\repos\nus-cs2103\cs2103-website-base\admin\ip-w6 as some of its dependencies were changed since the last visit
2021-07-28T07:40:04.204Z - info: Site data built
2021-07-28T07:40:04.205Z - info: Lazy website regeneration complete! Total build time: 0.577s
2021-07-28T07:40:04.205Z - info: Site data built
2021-07-28T07:40:04.205Z - info: Pages rebuilt
2021-07-28T07:40:04.205Z - info: Website regeneration complete! Total build time: 1.288s
2021-07-28T07:58:09.180Z - info: Building C:\repos\nus-cs2103\cs2103-website-base\admin\ip-w7 as some of its dependencies were changed since the last visit
2021-07-28T07:58:09.805Z - info: Site data built
2021-07-28T07:58:09.805Z - info: Lazy website regeneration complete! Total build time: 0.626s
2021-07-28T07:58:25.602Z - info: Building C:\repos\nus-cs2103\cs2103-website-base\admin\ip-w8 as some of its dependencies were changed since the last visit
2021-07-28T07:58:25.965Z - info: Site data built
2021-07-28T07:58:25.965Z - info: Lazy website regeneration complete! Total build time: 0.363s
2021-07-28T07:58:35.106Z - info: Building C:\repos\nus-cs2103\cs2103-website-base\admin\ip-grading as some of its dependencies were changed since the last visit
2021-07-28T07:58:35.316Z - info: Site data built
2021-07-28T07:58:35.316Z - info: Lazy website regeneration complete! Total build time: 0.21s
2021-07-28T07:58:49.171Z - info: Building C:\repos\nus-cs2103\cs2103-website-base\admin\tp-expectations as some of its dependencies were changed since the last visit
2021-07-28T07:58:49.542Z - info: Site data built
2021-07-28T07:58:49.543Z - info: Lazy website regeneration complete! Total build time: 0.373s
2021-07-28T07:59:07.214Z - info: Building C:\repos\nus-cs2103\cs2103-website-base\admin\tp-timeline as some of its dependencies were changed since the last visit
2021-07-28T07:59:07.604Z - info: Site data built
2021-07-28T07:59:07.604Z - info: Lazy website regeneration complete! Total build time: 0.39s
2021-07-28T07:59:10.153Z - debug:  
2021-07-28T07:59:10.179Z - debug:  
2021-07-28T08:00:19.655Z - info: [4:00:19 pm] Reload for file change: C:\repos\nus-cs2103\cs2103-website-base\admin\tp-timeline.md
2021-07-28T08:00:19.656Z - info: Synchronizing opened pages list before reload
2021-07-28T08:00:19.656Z - info: Current opened pages, from most-to-least recent:
2021-07-28T08:00:19.656Z - info: 1. admin/tp-timeline
2021-07-28T08:00:20.667Z - info: Rebuilding 1 pages
2021-07-28T08:00:20.907Z - info: Site data built
2021-07-28T08:00:20.907Z - info: Pages rebuilt
2021-07-28T08:00:20.907Z - info: Website regeneration complete! Total build time: 0.241s
2021-07-28T08:00:22.793Z - debug:  
2021-07-28T08:00:22.800Z - debug:  
2021-07-28T08:00:29.105Z - info: Building C:\repos\nus-cs2103\cs2103-website-base\admin\tp-constraints as some of its dependencies were changed since the last visit
2021-07-28T08:00:29.364Z - info: Site data built
2021-07-28T08:00:29.364Z - info: Lazy website regeneration complete! Total build time: 0.259s
2021-07-28T08:01:17.297Z - info: Building C:\repos\nus-cs2103\cs2103-website-base\admin\tp-teams as some of its dependencies were changed since the last visit
2021-07-28T08:01:17.619Z - info: Site data built
2021-07-28T08:01:17.620Z - info: Lazy website regeneration complete! Total build time: 0.322s
2021-07-28T08:02:00.793Z - info: Building C:\repos\nus-cs2103\cs2103-website-base\admin\tp-w3 as some of its dependencies were changed since the last visit
2021-07-28T08:02:01.454Z - info: Site data built
2021-07-28T08:02:01.455Z - info: Lazy website regeneration complete! Total build time: 0.663s
2021-07-28T08:02:07.830Z - info: Building C:\repos\nus-cs2103\cs2103-website-base\admin\tp-w4 as some of its dependencies were changed since the last visit
2021-07-28T08:02:08.683Z - info: Site data built
2021-07-28T08:02:08.684Z - info: Lazy website regeneration complete! Total build time: 0.854s
2021-07-28T08:02:33.435Z - info: Building C:\repos\nus-cs2103\cs2103-website-base\admin\tp-w5 as some of its dependencies were changed since the last visit
2021-07-28T08:02:35.048Z - info: Site data built
2021-07-28T08:02:35.048Z - info: Lazy website regeneration complete! Total build time: 1.613s
2021-07-28T08:03:41.386Z - info: Building C:\repos\nus-cs2103\cs2103-website-base\se-book-adapted\chapters\specifyingRequirements as some of its dependencies were changed since the last visit
2021-07-28T08:03:42.604Z - info: Site data built
2021-07-28T08:03:42.605Z - info: Lazy website regeneration complete! Total build time: 1.22s
2021-07-28T08:06:25.751Z - info: Building C:\repos\nus-cs2103\cs2103-website-base\admin\tp-w6 as some of its dependencies were changed since the last visit
2021-07-28T08:06:27.367Z - info: Site data built
2021-07-28T08:06:27.367Z - info: Lazy website regeneration complete! Total build time: 1.616s
2021-07-28T08:16:46.928Z - info: Building C:\repos\nus-cs2103\cs2103-website-base\admin\tp-w7 as some of its dependencies were changed since the last visit
2021-07-28T08:16:48.607Z - info: Site data built
2021-07-28T08:16:48.607Z - info: Lazy website regeneration complete! Total build time: 1.68s
2021-07-28T08:17:01.233Z - info: Building C:\repos\nus-cs2103\cs2103-website-base\admin\tp-w8 as some of its dependencies were changed since the last visit
2021-07-28T08:17:02.090Z - info: Site data built
2021-07-28T08:17:02.090Z - info: Lazy website regeneration complete! Total build time: 0.858s
2021-07-28T08:17:13.312Z - info: Building C:\repos\nus-cs2103\cs2103-website-base\admin\tp-w9 as some of its dependencies were changed since the last visit
2021-07-28T08:17:13.796Z - info: Site data built
2021-07-28T08:17:13.796Z - info: Lazy website regeneration complete! Total build time: 0.484s
2021-07-28T08:17:42.522Z - info: Building C:\repos\nus-cs2103\cs2103-website-base\admin\tp-w10 as some of its dependencies were changed since the last visit
2021-07-28T08:17:43.650Z - info: Site data built
2021-07-28T08:17:43.650Z - info: Lazy website regeneration complete! Total build time: 1.129s
2021-07-28T08:18:21.760Z - info: Building C:\repos\nus-cs2103\cs2103-website-base\admin\tp-w11 as some of its dependencies were changed since the last visit
2021-07-28T08:18:22.791Z - info: Site data built
2021-07-28T08:18:22.792Z - info: Lazy website regeneration complete! Total build time: 1.032s
2021-07-28T08:18:27.914Z - info: Building C:\repos\nus-cs2103\cs2103-website-base\admin\tp-w12 as some of its dependencies were changed since the last visit
2021-07-28T08:18:29.758Z - info: Site data built
2021-07-28T08:18:29.758Z - info: Lazy website regeneration complete! Total build time: 1.844s
2021-07-28T08:18:42.620Z - info: Building C:\repos\nus-cs2103\cs2103-website-base\admin\tp-w13 as some of its dependencies were changed since the last visit
2021-07-28T08:18:43.851Z - info: Site data built
2021-07-28T08:18:43.851Z - info: Lazy website regeneration complete! Total build time: 1.232s
2021-07-28T08:19:19.047Z - info: Building C:\repos\nus-cs2103\cs2103-website-base\admin\tp-deliverables as some of its dependencies were changed since the last visit
2021-07-28T08:19:19.682Z - info: Site data built
2021-07-28T08:19:19.682Z - info: Lazy website regeneration complete! Total build time: 0.636s
2021-07-28T08:19:33.441Z - info: Building C:\repos\nus-cs2103\cs2103-website-base\admin\tp-pe as some of its dependencies were changed since the last visit
2021-07-28T08:19:34.576Z - info: Site data built
2021-07-28T08:19:34.576Z - info: Lazy website regeneration complete! Total build time: 1.136s
2021-07-28T08:19:58.433Z - info: Building C:\repos\nus-cs2103\cs2103-website-base\admin\tp-grading as some of its dependencies were changed since the last visit
2021-07-28T08:19:59.087Z - info: Site data built
2021-07-28T08:19:59.087Z - info: Lazy website regeneration complete! Total build time: 0.655s
2021-07-28T08:20:34.182Z - info: Building C:\repos\nus-cs2103\cs2103-website-base\admin\tp-supervision as some of its dependencies were changed since the last visit
2021-07-28T08:20:34.390Z - info: Site data built
2021-07-28T08:20:34.390Z - info: Lazy website regeneration complete! Total build time: 0.208s
2021-07-28T08:20:40.541Z - info: Building C:\repos\nus-cs2103\cs2103-website-base\admin\peerEvaluations as some of its dependencies were changed since the last visit
2021-07-28T08:20:40.904Z - info: Site data built
2021-07-28T08:20:40.904Z - info: Lazy website regeneration complete! Total build time: 0.363s
2021-07-28T08:20:52.997Z - info: Building C:\repos\nus-cs2103\cs2103-website-base\admin\tools as some of its dependencies were changed since the last visit
2021-07-28T08:20:53.262Z - info: Site data built
2021-07-28T08:20:53.262Z - info: Lazy website regeneration complete! Total build time: 0.265s
2021-07-28T08:21:10.441Z - info: Building C:\repos\nus-cs2103\cs2103-website-base\admin\exams as some of its dependencies were changed since the last visit
2021-07-28T08:21:10.718Z - info: Site data built
2021-07-28T08:21:10.719Z - info: Lazy website regeneration complete! Total build time: 0.278s
2021-07-28T08:21:24.587Z - info: Building C:\repos\nus-cs2103\cs2103-website-base\admin\participation as some of its dependencies were changed since the last visit
2021-07-28T08:21:24.835Z - info: Site data built
2021-07-28T08:21:24.836Z - info: Lazy website regeneration complete! Total build time: 0.248s
2021-07-28T08:23:05.074Z - info: Building C:\repos\nus-cs2103\cs2103-website-base\admin\gradeBreakdown as some of its dependencies were changed since the last visit
2021-07-28T08:23:05.804Z - info: Site data built
2021-07-28T08:23:05.805Z - info: Lazy website regeneration complete! Total build time: 0.731s
2021-07-28T08:23:06.919Z - debug:  
2021-07-28T08:23:49.248Z - info: Building C:\repos\nus-cs2103\cs2103-website-base\admin\appendixA-principles as some of its dependencies were changed since the last visit
2021-07-28T08:23:49.425Z - info: Site data built
2021-07-28T08:23:49.425Z - info: Lazy website regeneration complete! Total build time: 0.177s
2021-07-28T08:24:49.343Z - info: Building C:\repos\nus-cs2103\cs2103-website-base\admin\appendixB-policies as some of its dependencies were changed since the last visit
2021-07-28T08:24:49.870Z - info: Site data built
2021-07-28T08:24:49.871Z - info: Lazy website regeneration complete! Total build time: 0.529s
2021-07-28T08:25:01.068Z - info: Building C:\repos\nus-cs2103\cs2103-website-base\admin\appendixC-faq as some of its dependencies were changed since the last visit
2021-07-28T08:25:01.268Z - info: Site data built
2021-07-28T08:25:01.268Z - info: Lazy website regeneration complete! Total build time: 0.201s
2021-07-28T08:26:16.271Z - info: [4:26:16 pm] Reload for file change: C:\repos\nus-cs2103\cs2103-website-base\admin\faq.mbdf
2021-07-28T08:26:16.271Z - info: Synchronizing opened pages list before reload
2021-07-28T08:26:16.271Z - info: Current opened pages, from most-to-least recent:
2021-07-28T08:26:16.271Z - info: 1. admin/appendixC-faq
2021-07-28T08:26:17.276Z - info: Rebuilding 1 pages
2021-07-28T08:26:17.573Z - info: Site data built
2021-07-28T08:26:17.574Z - info: Pages rebuilt
2021-07-28T08:26:17.574Z - info: Website regeneration complete! Total build time: 0.3s
2021-07-28T08:26:46.726Z - info: [4:26:46 pm] Reload for file change: C:\repos\nus-cs2103\cs2103-website-base\admin\faq.mbdf
2021-07-28T08:26:46.726Z - info: Synchronizing opened pages list before reload
2021-07-28T08:26:46.726Z - info: Current opened pages, from most-to-least recent:
2021-07-28T08:26:46.726Z - info: 1. admin/appendixC-faq
2021-07-28T08:26:47.741Z - info: Rebuilding 1 pages
2021-07-28T08:26:48.014Z - info: Site data built
2021-07-28T08:26:48.014Z - info: Pages rebuilt
2021-07-28T08:26:48.014Z - info: Website regeneration complete! Total build time: 0.274s
2021-07-28T08:27:10.391Z - info: [4:27:10 pm] Reload for file change: C:\repos\nus-cs2103\cs2103-website-base\admin\faq.mbdf
2021-07-28T08:27:10.391Z - info: Synchronizing opened pages list before reload
2021-07-28T08:27:10.391Z - info: Current opened pages, from most-to-least recent:
2021-07-28T08:27:10.391Z - info: 1. admin/appendixC-faq
2021-07-28T08:27:11.401Z - info: Rebuilding 1 pages
2021-07-28T08:27:11.629Z - info: Site data built
2021-07-28T08:27:11.629Z - info: Pages rebuilt
2021-07-28T08:27:11.629Z - info: Website regeneration complete! Total build time: 0.23s
2021-07-28T08:27:27.804Z - info: Building C:\repos\nus-cs2103\cs2103-website-base\admin\appendixD-help as some of its dependencies were changed since the last visit
2021-07-28T08:27:28.016Z - info: Site data built
2021-07-28T08:27:28.016Z - info: Lazy website regeneration complete! Total build time: 0.213s
2021-07-28T08:27:38.388Z - info: Building C:\repos\nus-cs2103\cs2103-website-base\admin\appendixE-gitHub as some of its dependencies were changed since the last visit
2021-07-28T08:27:39.043Z - info: Site data built
2021-07-28T08:27:39.043Z - info: Lazy website regeneration complete! Total build time: 0.655s
2021-07-28T08:28:17.092Z - info: Building C:\repos\nus-cs2103\cs2103-website-base\admin\appendixF-teamworkIssues as some of its dependencies were changed since the last visit
2021-07-28T08:28:17.344Z - info: Site data built
2021-07-28T08:28:17.344Z - info: Lazy website regeneration complete! Total build time: 0.253s
2021-07-28T08:28:29.135Z - info: Building C:\repos\nus-cs2103\cs2103-website-base\schedule\timeline as some of its dependencies were changed since the last visit
2021-07-28T08:28:34.644Z - info: Site data built
2021-07-28T08:28:34.644Z - info: Lazy website regeneration complete! Total build time: 5.51s
2021-07-28T08:33:50.777Z - info: Building C:\repos\nus-cs2103\cs2103-website-base\schedule\week1\index as some of its dependencies were changed since the last visit
2021-07-28T08:33:51.436Z - info: Site data built
2021-07-28T08:33:51.436Z - info: Lazy website regeneration complete! Total build time: 0.66s
2021-07-28T08:34:46.548Z - info: Building C:\repos\nus-cs2103\cs2103-website-base\schedule\week1\admin as some of its dependencies were changed since the last visit
2021-07-28T08:34:48.276Z - info: Site data built
2021-07-28T08:34:48.276Z - info: Lazy website regeneration complete! Total build time: 1.729s
2021-07-28T08:34:48.970Z - debug:  
2021-07-28T08:35:38.318Z - info: Building C:\repos\nus-cs2103\cs2103-website-base\schedule\week1\topics as some of its dependencies were changed since the last visit
2021-07-28T08:35:41.146Z - info: Site data built
2021-07-28T08:35:41.146Z - info: Lazy website regeneration complete! Total build time: 2.829s
2021-07-28T08:35:41.657Z - debug:  
2021-07-28T08:36:20.911Z - info: Building C:\repos\nus-cs2103\cs2103-website-base\schedule\week1\project as some of its dependencies were changed since the last visit
2021-07-28T08:36:21.165Z - info: Site data built
2021-07-28T08:36:21.165Z - info: Lazy website regeneration complete! Total build time: 0.254s
2021-07-28T08:36:24.477Z - info: Building C:\repos\nus-cs2103\cs2103-website-base\schedule\week1\tutorial as some of its dependencies were changed since the last visit
2021-07-28T08:36:24.673Z - info: Site data built
2021-07-28T08:36:24.673Z - info: Lazy website regeneration complete! Total build time: 0.196s
2021-07-28T08:36:27.423Z - info: Building C:\repos\nus-cs2103\cs2103-website-base\schedule\week2\index as some of its dependencies were changed since the last visit
2021-07-28T08:36:27.931Z - info: Site data built
2021-07-28T08:36:27.931Z - info: Lazy website regeneration complete! Total build time: 0.508s
2021-07-28T08:36:36.285Z - info: Building C:\repos\nus-cs2103\cs2103-website-base\schedule\week2\admin as some of its dependencies were changed since the last visit
2021-07-28T08:36:36.891Z - info: Site data built
2021-07-28T08:36:36.891Z - info: Lazy website regeneration complete! Total build time: 0.606s
2021-07-28T08:36:44.534Z - info: Building C:\repos\nus-cs2103\cs2103-website-base\schedule\week2\topics as some of its dependencies were changed since the last visit
2021-07-28T08:36:46.314Z - info: Site data built
2021-07-28T08:36:46.314Z - info: Lazy website regeneration complete! Total build time: 1.78s
2021-07-28T08:36:57.673Z - info: Building C:\repos\nus-cs2103\cs2103-website-base\schedule\week2\project as some of its dependencies were changed since the last visit
2021-07-28T08:36:58.634Z - info: Site data built
2021-07-28T08:36:58.634Z - info: Lazy website regeneration complete! Total build time: 0.962s
2021-07-28T08:37:07.520Z - info: Building C:\repos\nus-cs2103\cs2103-website-base\schedule\week2\tutorial as some of its dependencies were changed since the last visit
2021-07-28T08:37:07.679Z - info: Site data built
2021-07-28T08:37:07.679Z - info: Lazy website regeneration complete! Total build time: 0.159s
2021-07-28T08:37:50.173Z - info: Building C:\repos\nus-cs2103\cs2103-website-base\schedule\week3\index as some of its dependencies were changed since the last visit
2021-07-28T08:37:50.878Z - info: Site data built
2021-07-28T08:37:50.878Z - info: Lazy website regeneration complete! Total build time: 0.706s
2021-07-28T08:48:21.642Z - info: [4:48:21 pm] Reload for file change: C:\repos\nus-cs2103\cs2103-website-base\_module-CS2103\weeklyAdminTasks.mbdf
2021-07-28T08:48:21.642Z - info: Synchronizing opened pages list before reload
2021-07-28T08:48:21.642Z - info: Current opened pages, from most-to-least recent:
2021-07-28T08:48:21.643Z - info: 1. schedule/week2/admin
2021-07-28T08:48:22.652Z - info: Rebuilding 1 pages
2021-07-28T08:48:23.209Z - info: Site data built
2021-07-28T08:48:23.209Z - info: Pages rebuilt
2021-07-28T08:48:23.209Z - info: Website regeneration complete! Total build time: 0.56s
2021-07-28T08:49:22.775Z - info: [4:49:22 pm] Reload for file change: C:\repos\nus-cs2103\cs2103-website-base\_module-CS2103\weeklyAdminTasks.mbdf
2021-07-28T08:49:22.775Z - info: Synchronizing opened pages list before reload
2021-07-28T08:49:22.775Z - info: Current opened pages, from most-to-least recent:
2021-07-28T08:49:22.776Z - info: 1. schedule/week2/admin
2021-07-28T08:49:23.782Z - info: Rebuilding 1 pages
2021-07-28T08:49:24.490Z - info: Site data built
2021-07-28T08:49:24.490Z - info: Pages rebuilt
2021-07-28T08:49:24.490Z - info: Website regeneration complete! Total build time: 0.711s
2021-07-28T08:49:54.628Z - info: Building C:\repos\nus-cs2103\cs2103-website-base\schedule\week3\index as some of its dependencies were changed since the last visit
2021-07-28T08:49:55.145Z - info: Site data built
2021-07-28T08:49:55.145Z - info: Lazy website regeneration complete! Total build time: 0.517s
2021-07-28T08:50:10.143Z - info: Building C:\repos\nus-cs2103\cs2103-website-base\schedule\week3\admin as some of its dependencies were changed since the last visit
2021-07-28T08:50:10.621Z - info: Site data built
2021-07-28T08:50:10.621Z - info: Lazy website regeneration complete! Total build time: 0.478s
2021-07-28T08:50:15.066Z - info: Building C:\repos\nus-cs2103\cs2103-website-base\schedule\week3\topics as some of its dependencies were changed since the last visit
2021-07-28T08:50:16.269Z - info: Site data built
2021-07-28T08:50:16.269Z - info: Lazy website regeneration complete! Total build time: 1.203s
2021-07-28T08:50:27.963Z - info: Building C:\repos\nus-cs2103\cs2103-website-base\schedule\week3\project as some of its dependencies were changed since the last visit
2021-07-28T08:50:28.947Z - info: Site data built
2021-07-28T08:50:28.948Z - info: Lazy website regeneration complete! Total build time: 0.985s
2021-07-28T08:50:47.354Z - info: Building C:\repos\nus-cs2103\cs2103-website-base\schedule\week3\tutorial as some of its dependencies were changed since the last visit
2021-07-28T08:50:48.189Z - info: Site data built
2021-07-28T08:50:48.189Z - info: Lazy website regeneration complete! Total build time: 0.835s
2021-07-28T08:50:53.423Z - info: Building C:\repos\nus-cs2103\cs2103-website-base\schedule\week4\index as some of its dependencies were changed since the last visit
2021-07-28T08:50:54.083Z - info: Site data built
2021-07-28T08:50:54.083Z - info: Lazy website regeneration complete! Total build time: 0.661s
2021-07-28T08:51:07.703Z - info: Building C:\repos\nus-cs2103\cs2103-website-base\schedule\week5\index as some of its dependencies were changed since the last visit
2021-07-28T08:51:08.264Z - info: Site data built
2021-07-28T08:51:08.264Z - info: Lazy website regeneration complete! Total build time: 0.561s
2021-07-28T08:51:43.906Z - info: Building C:\repos\nus-cs2103\cs2103-website-base\schedule\week4\topics as some of its dependencies were changed since the last visit
2021-07-28T08:51:47.188Z - debug:  
2021-07-28T08:51:47.198Z - info: Site data built
2021-07-28T08:51:47.199Z - info: Lazy website regeneration complete! Total build time: 3.294s
2021-07-28T08:51:47.271Z - debug:  
2021-07-28T08:51:52.932Z - info: Building C:\repos\nus-cs2103\cs2103-website-base\schedule\week4\project as some of its dependencies were changed since the last visit
2021-07-28T08:51:54.436Z - info: Site data built
2021-07-28T08:51:54.436Z - info: Lazy website regeneration complete! Total build time: 1.504s
2021-07-28T08:52:03.951Z - info: Building C:\repos\nus-cs2103\cs2103-website-base\schedule\week4\tutorial as some of its dependencies were changed since the last visit
2021-07-28T08:52:04.179Z - info: Site data built
2021-07-28T08:52:04.179Z - info: Lazy website regeneration complete! Total build time: 0.229s
2021-07-28T08:52:34.213Z - info: [4:52:34 pm] Reload for file change: C:\repos\nus-cs2103\cs2103-website-base\book\modeling\modelingStructures\classDiagramsIntermediate\q-explainClassDiagramNotation.md
2021-07-28T08:52:34.214Z - info: Synchronizing opened pages list before reload
2021-07-28T08:52:34.214Z - info: Current opened pages, from most-to-least recent:
2021-07-28T08:52:34.215Z - info: 1. schedule/week4/tutorial
2021-07-28T08:52:35.231Z - info: Rebuilding 1 pages
2021-07-28T08:52:35.612Z - info: Site data built
2021-07-28T08:52:35.612Z - info: Pages rebuilt
2021-07-28T08:52:35.612Z - info: Website regeneration complete! Total build time: 0.382s
2021-07-28T08:52:51.699Z - info: Building C:\repos\nus-cs2103\cs2103-website-base\schedule\week5\admin as some of its dependencies were changed since the last visit
2021-07-28T08:52:52.477Z - info: Site data built
2021-07-28T08:52:52.478Z - info: Lazy website regeneration complete! Total build time: 0.779s
2021-07-28T08:54:34.334Z - info: [4:54:34 pm] Reload for file change: C:\repos\nus-cs2103\cs2103-website-base\admin\admin-tasks.mbdf
2021-07-28T08:54:34.334Z - info: Synchronizing opened pages list before reload
2021-07-28T08:54:34.334Z - info: Current opened pages, from most-to-least recent:
2021-07-28T08:54:34.334Z - info: 1. schedule/week5/admin
2021-07-28T08:54:35.347Z - info: Rebuilding 1 pages
2021-07-28T08:54:35.911Z - info: Site data built
2021-07-28T08:54:35.911Z - info: Pages rebuilt
2021-07-28T08:54:35.911Z - info: Website regeneration complete! Total build time: 0.566s
2021-07-28T08:54:57.067Z - info: [4:54:57 pm] Reload for file change: C:\repos\nus-cs2103\cs2103-website-base\admin\admin-tasks.mbdf
2021-07-28T08:54:57.067Z - info: Synchronizing opened pages list before reload
2021-07-28T08:54:57.067Z - info: Current opened pages, from most-to-least recent:
2021-07-28T08:54:57.067Z - info: 1. schedule/week5/admin
2021-07-28T08:54:58.079Z - info: Rebuilding 1 pages
2021-07-28T08:54:58.777Z - info: Site data built
2021-07-28T08:54:58.777Z - info: Pages rebuilt
2021-07-28T08:54:58.777Z - info: Website regeneration complete! Total build time: 0.698s
2021-07-28T08:55:07.544Z - info: Building C:\repos\nus-cs2103\cs2103-website-base\schedule\week5\topics as some of its dependencies were changed since the last visit
2021-07-28T08:55:09.733Z - info: Site data built
2021-07-28T08:55:09.733Z - info: Lazy website regeneration complete! Total build time: 2.189s
2021-07-28T08:55:23.249Z - info: Building C:\repos\nus-cs2103\cs2103-website-base\schedule\week5\project as some of its dependencies were changed since the last visit
2021-07-28T08:55:24.412Z - info: Site data built
2021-07-28T08:55:24.413Z - info: Lazy website regeneration complete! Total build time: 1.164s
2021-07-28T08:55:32.703Z - info: Building C:\repos\nus-cs2103\cs2103-website-base\schedule\week5\tutorial as some of its dependencies were changed since the last visit
2021-07-28T08:55:33.127Z - info: Site data built
2021-07-28T08:55:33.127Z - info: Lazy website regeneration complete! Total build time: 0.424s
2021-07-28T08:55:38.400Z - info: Building C:\repos\nus-cs2103\cs2103-website-base\schedule\week6\index as some of its dependencies were changed since the last visit
2021-07-28T08:55:38.934Z - info: Site data built
2021-07-28T08:55:38.934Z - info: Lazy website regeneration complete! Total build time: 0.534s
2021-07-28T08:55:53.240Z - info: Building C:\repos\nus-cs2103\cs2103-website-base\schedule\week6\admin as some of its dependencies were changed since the last visit
2021-07-28T08:55:53.455Z - info: Site data built
2021-07-28T08:55:53.456Z - info: Lazy website regeneration complete! Total build time: 0.215s
2021-07-28T08:56:07.052Z - info: Building C:\repos\nus-cs2103\cs2103-website-base\schedule\week6\topics as some of its dependencies were changed since the last visit
2021-07-28T08:56:08.639Z - info: Site data built
2021-07-28T08:56:08.639Z - info: Lazy website regeneration complete! Total build time: 1.588s
2021-07-28T08:56:09.669Z - debug:  
2021-07-28T08:56:09.675Z - debug:  
2021-07-28T08:56:12.025Z - info: Building C:\repos\nus-cs2103\cs2103-website-base\schedule\week6\project as some of its dependencies were changed since the last visit
2021-07-28T08:56:13.612Z - info: Site data built
2021-07-28T08:56:13.612Z - info: Lazy website regeneration complete! Total build time: 1.587s
2021-07-28T08:56:28.609Z - info: Building C:\repos\nus-cs2103\cs2103-website-base\schedule\week6\tutorial as some of its dependencies were changed since the last visit
2021-07-28T08:56:28.786Z - info: Site data built
2021-07-28T08:56:28.786Z - info: Lazy website regeneration complete! Total build time: 0.178s
2021-07-28T08:56:39.023Z - info: Building C:\repos\nus-cs2103\cs2103-website-base\schedule\week7\index as some of its dependencies were changed since the last visit
2021-07-28T08:56:39.900Z - info: Site data built
2021-07-28T08:56:39.901Z - info: Lazy website regeneration complete! Total build time: 0.879s
2021-07-28T08:56:47.031Z - info: Building C:\repos\nus-cs2103\cs2103-website-base\schedule\week7\admin as some of its dependencies were changed since the last visit
2021-07-28T08:56:47.236Z - info: Site data built
2021-07-28T08:56:47.236Z - info: Lazy website regeneration complete! Total build time: 0.206s
2021-07-28T08:56:50.522Z - info: Building C:\repos\nus-cs2103\cs2103-website-base\schedule\week7\topics as some of its dependencies were changed since the last visit
2021-07-28T08:56:52.203Z - info: Site data built
2021-07-28T08:56:52.203Z - info: Lazy website regeneration complete! Total build time: 1.681s
2021-07-28T08:57:06.785Z - info: Building C:\repos\nus-cs2103\cs2103-website-base\schedule\week7\project as some of its dependencies were changed since the last visit
2021-07-28T08:57:08.106Z - info: Site data built
2021-07-28T08:57:08.106Z - info: Lazy website regeneration complete! Total build time: 1.321s
2021-07-28T08:57:14.004Z - info: Building C:\repos\nus-cs2103\cs2103-website-base\schedule\week7\tutorial as some of its dependencies were changed since the last visit
2021-07-28T08:57:14.219Z - info: Site data built
2021-07-28T08:57:14.219Z - info: Lazy website regeneration complete! Total build time: 0.216s
2021-07-28T08:57:19.543Z - info: Building C:\repos\nus-cs2103\cs2103-website-base\schedule\week8\index as some of its dependencies were changed since the last visit
2021-07-28T08:57:20.020Z - info: Site data built
2021-07-28T08:57:20.020Z - info: Lazy website regeneration complete! Total build time: 0.478s
2021-07-28T08:57:29.299Z - info: Building C:\repos\nus-cs2103\cs2103-website-base\schedule\week8\admin as some of its dependencies were changed since the last visit
2021-07-28T08:57:29.546Z - info: Site data built
2021-07-28T08:57:29.547Z - info: Lazy website regeneration complete! Total build time: 0.248s
2021-07-28T08:57:34.927Z - info: Building C:\repos\nus-cs2103\cs2103-website-base\schedule\week8\topics as some of its dependencies were changed since the last visit
2021-07-28T08:57:38.540Z - debug:  
2021-07-28T08:57:38.542Z - debug:  
2021-07-28T08:57:38.692Z - info: Site data built
2021-07-28T08:57:38.692Z - info: Lazy website regeneration complete! Total build time: 3.766s
2021-07-28T08:57:38.740Z - debug:  
2021-07-28T08:57:38.756Z - debug:  
2021-07-28T08:59:10.907Z - info: [4:59:10 pm] Reload for file change: C:\repos\nus-cs2103\cs2103-website-base\schedule\week8\commentary-cs2103.mbdf
2021-07-28T08:59:10.908Z - info: Synchronizing opened pages list before reload
2021-07-28T08:59:10.909Z - info: Current opened pages, from most-to-least recent:
2021-07-28T08:59:10.909Z - info: 1. schedule/week8/topics
2021-07-28T08:59:11.913Z - info: Rebuilding 1 pages
2021-07-28T08:59:15.351Z - debug:  
2021-07-28T08:59:15.351Z - debug:  
2021-07-28T08:59:15.551Z - debug:  
2021-07-28T08:59:15.552Z - debug:  
2021-07-28T08:59:15.588Z - info: Site data built
2021-07-28T08:59:15.588Z - info: Pages rebuilt
2021-07-28T08:59:15.588Z - info: Website regeneration complete! Total build time: 3.677s
2021-07-28T08:59:16.369Z - info: Building C:\repos\nus-cs2103\cs2103-website-base\schedule\week8\project as some of its dependencies were changed since the last visit
2021-07-28T08:59:17.432Z - info: Site data built
2021-07-28T08:59:17.433Z - info: Lazy website regeneration complete! Total build time: 1.064s
2021-07-28T08:59:26.000Z - info: Building C:\repos\nus-cs2103\cs2103-website-base\schedule\week8\tutorial as some of its dependencies were changed since the last visit
2021-07-28T08:59:26.381Z - info: Site data built
2021-07-28T08:59:26.382Z - info: Lazy website regeneration complete! Total build time: 0.382s
2021-07-28T08:59:42.186Z - info: Building C:\repos\nus-cs2103\cs2103-website-base\schedule\week9\index as some of its dependencies were changed since the last visit
2021-07-28T08:59:42.749Z - info: Site data built
2021-07-28T08:59:42.749Z - info: Lazy website regeneration complete! Total build time: 0.564s
2021-07-28T08:59:54.745Z - info: Building C:\repos\nus-cs2103\cs2103-website-base\schedule\week9\admin as some of its dependencies were changed since the last visit
2021-07-28T08:59:54.919Z - info: Site data built
2021-07-28T08:59:54.919Z - info: Lazy website regeneration complete! Total build time: 0.174s
2021-07-28T08:59:58.421Z - info: Building C:\repos\nus-cs2103\cs2103-website-base\schedule\week9\topics as some of its dependencies were changed since the last visit
2021-07-28T09:00:01.380Z - debug:  
2021-07-28T09:00:01.442Z - info: Site data built
2021-07-28T09:00:01.442Z - info: Lazy website regeneration complete! Total build time: 3.022s
2021-07-28T09:00:02.119Z - debug:  
2021-07-28T09:00:02.215Z - debug:  
2021-07-28T09:00:20.213Z - info: Building C:\repos\nus-cs2103\cs2103-website-base\schedule\week9\project as some of its dependencies were changed since the last visit
2021-07-28T09:00:20.714Z - info: Site data built
2021-07-28T09:00:20.715Z - info: Lazy website regeneration complete! Total build time: 0.502s
2021-07-28T09:00:23.677Z - info: Building C:\repos\nus-cs2103\cs2103-website-base\schedule\week9\tutorial as some of its dependencies were changed since the last visit
2021-07-28T09:00:24.029Z - info: Site data built
2021-07-28T09:00:24.029Z - info: Lazy website regeneration complete! Total build time: 0.353s
2021-07-28T09:00:38.131Z - info: Building C:\repos\nus-cs2103\cs2103-website-base\schedule\week10\index as some of its dependencies were changed since the last visit
2021-07-28T09:00:38.635Z - info: Site data built
2021-07-28T09:00:38.636Z - info: Lazy website regeneration complete! Total build time: 0.505s
2021-07-28T09:00:45.794Z - info: Building C:\repos\nus-cs2103\cs2103-website-base\schedule\week10\admin as some of its dependencies were changed since the last visit
2021-07-28T09:00:45.939Z - info: Site data built
2021-07-28T09:00:45.939Z - info: Lazy website regeneration complete! Total build time: 0.145s
2021-07-28T09:00:48.782Z - info: Building C:\repos\nus-cs2103\cs2103-website-base\schedule\week10\topics as some of its dependencies were changed since the last visit
2021-07-28T09:00:50.172Z - info: Site data built
2021-07-28T09:00:50.172Z - info: Lazy website regeneration complete! Total build time: 1.39s
2021-07-28T09:00:50.924Z - debug:  
2021-07-28T09:00:59.935Z - info: Building C:\repos\nus-cs2103\cs2103-website-base\schedule\week10\project as some of its dependencies were changed since the last visit
2021-07-28T09:01:00.663Z - info: Site data built
2021-07-28T09:01:00.663Z - info: Lazy website regeneration complete! Total build time: 0.729s
2021-07-28T09:01:05.599Z - info: Building C:\repos\nus-cs2103\cs2103-website-base\schedule\week10\tutorial as some of its dependencies were changed since the last visit
2021-07-28T09:01:05.781Z - info: Site data built
2021-07-28T09:01:05.782Z - info: Lazy website regeneration complete! Total build time: 0.183s
2021-07-28T09:01:11.087Z - info: Building C:\repos\nus-cs2103\cs2103-website-base\schedule\week11\index as some of its dependencies were changed since the last visit
2021-07-28T09:01:11.691Z - info: Site data built
2021-07-28T09:01:11.691Z - info: Lazy website regeneration complete! Total build time: 0.605s
2021-07-28T09:01:19.070Z - info: Building C:\repos\nus-cs2103\cs2103-website-base\schedule\week11\admin as some of its dependencies were changed since the last visit
2021-07-28T09:01:19.290Z - info: Site data built
2021-07-28T09:01:19.290Z - info: Lazy website regeneration complete! Total build time: 0.22s
2021-07-28T09:01:22.612Z - info: Building C:\repos\nus-cs2103\cs2103-website-base\schedule\week11\topics as some of its dependencies were changed since the last visit
2021-07-28T09:01:24.143Z - info: Site data built
2021-07-28T09:01:24.143Z - info: Lazy website regeneration complete! Total build time: 1.531s
2021-07-28T09:01:30.711Z - info: Building C:\repos\nus-cs2103\cs2103-website-base\schedule\week11\project as some of its dependencies were changed since the last visit
2021-07-28T09:01:31.379Z - info: Site data built
2021-07-28T09:01:31.379Z - info: Lazy website regeneration complete! Total build time: 0.669s
2021-07-28T09:01:36.568Z - info: Building C:\repos\nus-cs2103\cs2103-website-base\schedule\week11\tutorial as some of its dependencies were changed since the last visit
2021-07-28T09:01:36.782Z - info: Site data built
2021-07-28T09:01:36.783Z - info: Lazy website regeneration complete! Total build time: 0.214s
2021-07-28T09:02:17.574Z - info: [5:02:17 pm] Reload for file change: C:\repos\nus-cs2103\cs2103-website-base\book\testCaseDesign\combiningTestInputs\mix\q-testCasesForConsumeMethod.md
2021-07-28T09:02:17.575Z - info: Synchronizing opened pages list before reload
2021-07-28T09:02:17.575Z - info: Current opened pages, from most-to-least recent:
2021-07-28T09:02:17.575Z - info: 1. schedule/week11/tutorial
2021-07-28T09:02:18.587Z - info: Rebuilding 1 pages
2021-07-28T09:02:18.941Z - info: Site data built
2021-07-28T09:02:18.941Z - info: Pages rebuilt
2021-07-28T09:02:18.941Z - info: Website regeneration complete! Total build time: 0.355s
2021-07-28T09:02:58.522Z - info: [5:02:58 pm] Reload for file change: C:\repos\nus-cs2103\cs2103-website-base\book\testCaseDesign\combiningTestInputs\mix\q-testCasesForConsumeMethod.md
2021-07-28T09:02:58.522Z - info: Synchronizing opened pages list before reload
2021-07-28T09:02:58.522Z - info: Current opened pages, from most-to-least recent:
2021-07-28T09:02:58.522Z - info: 1. schedule/week11/tutorial
2021-07-28T09:02:59.534Z - info: Rebuilding 1 pages
2021-07-28T09:02:59.817Z - info: Site data built
2021-07-28T09:02:59.817Z - info: Pages rebuilt
2021-07-28T09:02:59.818Z - info: Website regeneration complete! Total build time: 0.285s
2021-07-28T09:03:42.637Z - info: [5:03:42 pm] Reload for file change: C:\repos\nus-cs2103\cs2103-website-base\book\testCaseDesign\combiningTestInputs\mix\q-testCasesForConsumeMethod.md
2021-07-28T09:03:42.637Z - info: Synchronizing opened pages list before reload
2021-07-28T09:03:42.637Z - info: Current opened pages, from most-to-least recent:
2021-07-28T09:03:42.638Z - info: 1. schedule/week11/tutorial
2021-07-28T09:03:43.641Z - info: Rebuilding 1 pages
2021-07-28T09:03:43.901Z - info: Site data built
2021-07-28T09:03:43.901Z - info: Pages rebuilt
2021-07-28T09:03:43.901Z - info: Website regeneration complete! Total build time: 0.261s
2021-07-28T09:04:11.454Z - info: [5:04:11 pm] Reload for file change: C:\repos\nus-cs2103\cs2103-website-base\book\testCaseDesign\combiningTestInputs\mix\q-testCasesForConsumeMethod.md
2021-07-28T09:04:11.455Z - info: Synchronizing opened pages list before reload
2021-07-28T09:04:11.455Z - info: Current opened pages, from most-to-least recent:
2021-07-28T09:04:11.455Z - info: 1. schedule/week11/tutorial
2021-07-28T09:04:12.470Z - info: Rebuilding 1 pages
2021-07-28T09:04:12.719Z - info: Site data built
2021-07-28T09:04:12.719Z - info: Pages rebuilt
2021-07-28T09:04:12.719Z - info: Website regeneration complete! Total build time: 0.251s
2021-07-28T09:04:46.615Z - info: [5:04:46 pm] Reload for file change: C:\repos\nus-cs2103\cs2103-website-base\book\testCaseDesign\combiningTestInputs\mix\q-testCasesForConsumeMethod.md
2021-07-28T09:04:46.615Z - info: Synchronizing opened pages list before reload
2021-07-28T09:04:46.616Z - info: Current opened pages, from most-to-least recent:
2021-07-28T09:04:46.616Z - info: 1. schedule/week11/tutorial
2021-07-28T09:04:47.632Z - info: Rebuilding 1 pages
2021-07-28T09:04:47.880Z - info: Site data built
2021-07-28T09:04:47.880Z - info: Pages rebuilt
2021-07-28T09:04:47.881Z - info: Website regeneration complete! Total build time: 0.25s
2021-07-28T09:05:11.432Z - info: [5:05:11 pm] Reload for file change: C:\repos\nus-cs2103\cs2103-website-base\book\testCaseDesign\combiningTestInputs\mix\q-testCasesForConsumeMethod.md
2021-07-28T09:05:11.432Z - info: Synchronizing opened pages list before reload
2021-07-28T09:05:11.432Z - info: Current opened pages, from most-to-least recent:
2021-07-28T09:05:11.432Z - info: 1. schedule/week11/tutorial
2021-07-28T09:05:12.437Z - info: Rebuilding 1 pages
2021-07-28T09:05:12.651Z - info: Site data built
2021-07-28T09:05:12.652Z - info: Pages rebuilt
2021-07-28T09:05:12.652Z - info: Website regeneration complete! Total build time: 0.217s
2021-07-28T09:05:34.308Z - info: [5:05:34 pm] Reload for file change: C:\repos\nus-cs2103\cs2103-website-base\book\testCaseDesign\combiningTestInputs\mix\q-testCasesForConsumeMethod.md
2021-07-28T09:05:34.308Z - info: Synchronizing opened pages list before reload
2021-07-28T09:05:34.308Z - info: Current opened pages, from most-to-least recent:
2021-07-28T09:05:34.308Z - info: 1. schedule/week11/tutorial
2021-07-28T09:05:35.316Z - info: Rebuilding 1 pages
2021-07-28T09:05:35.549Z - info: Site data built
2021-07-28T09:05:35.549Z - info: Pages rebuilt
2021-07-28T09:05:35.549Z - info: Website regeneration complete! Total build time: 0.233s
2021-07-28T09:05:58.432Z - info: [5:05:58 pm] Reload for file change: C:\repos\nus-cs2103\cs2103-website-base\book\testCaseDesign\combiningTestInputs\mix\q-testCasesForConsumeMethod.md
2021-07-28T09:05:58.432Z - info: Synchronizing opened pages list before reload
2021-07-28T09:05:58.433Z - info: Current opened pages, from most-to-least recent:
2021-07-28T09:05:58.434Z - info: 1. schedule/week11/tutorial
2021-07-28T09:05:59.441Z - info: Rebuilding 1 pages
2021-07-28T09:05:59.652Z - info: Site data built
2021-07-28T09:05:59.652Z - info: Pages rebuilt
2021-07-28T09:05:59.652Z - info: Website regeneration complete! Total build time: 0.214s
2021-07-28T09:06:18.015Z - info: Building C:\repos\nus-cs2103\cs2103-website-base\schedule\week12\index as some of its dependencies were changed since the last visit
2021-07-28T09:06:18.465Z - info: Site data built
2021-07-28T09:06:18.465Z - info: Lazy website regeneration complete! Total build time: 0.451s
2021-07-28T09:06:27.806Z - info: Building C:\repos\nus-cs2103\cs2103-website-base\schedule\week12\admin as some of its dependencies were changed since the last visit
2021-07-28T09:06:28.143Z - info: Site data built
2021-07-28T09:06:28.144Z - info: Lazy website regeneration complete! Total build time: 0.337s
2021-07-28T09:07:01.133Z - info: [5:07:01 pm] Reload for file change: C:\repos\nus-cs2103\cs2103-website-base\admin\admin-tasks.mbdf
2021-07-28T09:07:01.133Z - info: Synchronizing opened pages list before reload
2021-07-28T09:07:01.133Z - info: Current opened pages, from most-to-least recent:
2021-07-28T09:07:01.133Z - info: 1. schedule/week12/admin
2021-07-28T09:07:02.143Z - info: Rebuilding 1 pages
2021-07-28T09:07:02.200Z - error:  Template render error: (C:\repos\nus-cs2103\cs2103-website-base\schedule\week12\admin.md)
  Template render error: (C:\repos\nus-cs2103\cs2103-website-base\schedule\week12\admin.md)
  Template render error: (C:\repos\nus-cs2103\cs2103-website-base\schedule\week12\admin.md)
  Template render error: (C:\repos\nus-cs2103\cs2103-website-base\schedule\week12\admin.md)
  Template render error: (C:\repos\nus-cs2103\cs2103-website-base\schedule\week12\admin.md)
  Template render error: (C:\repos\nus-cs2103\cs2103-website-base\schedule\week12\admin.md)
  Template render error: (C:\repos\nus-cs2103\cs2103-website-base\schedule\week12\admin.md)
  Template render error: (C:\repos\nus-cs2103\cs2103-website-base\schedule\week12\admin.md)
  Template render error: (C:\repos\nus-cs2103\cs2103-website-base\schedule\week12\admin.md)
  Template render error: (C:\repos\nus-cs2103\cs2103-website-base\schedule\week12\admin.md) [Line 186, Column 118]
  parseSignature: expected comma after expression
    at Object._prettifyError (C:\Users\dcsdcr\AppData\Roaming\npm\node_modules\markbind-cli\node_modules\nunjucks\src\lib.js:36:11)
    at C:\Users\dcsdcr\AppData\Roaming\npm\node_modules\markbind-cli\node_modules\@markbind\core\src\patches\nunjucks\context-overrides-frame.js:383:17
    at Template.root [as rootRenderFunc] (eval at _compile (C:\Users\dcsdcr\AppData\Roaming\npm\node_modules\markbind-cli\node_modules\nunjucks\src\environment.js:631:18), <anonymous>:29:3)
    at Template.render (C:\Users\dcsdcr\AppData\Roaming\npm\node_modules\markbind-cli\node_modules\@markbind\core\src\patches\nunjucks\context-overrides-frame.js:372:8)
    at C:\Users\dcsdcr\AppData\Roaming\npm\node_modules\markbind-cli\node_modules\@markbind\core\src\patches\nunjucks\context-overrides-frame.js:54:25
    at createTemplate (C:\Users\dcsdcr\AppData\Roaming\npm\node_modules\markbind-cli\node_modules\@markbind\core\src\patches\nunjucks\load-event.js:121:7)
    at handle (C:\Users\dcsdcr\AppData\Roaming\npm\node_modules\markbind-cli\node_modules\@markbind\core\src\patches\nunjucks\load-event.js:133:9)
    at C:\Users\dcsdcr\AppData\Roaming\npm\node_modules\markbind-cli\node_modules\@markbind\core\src\patches\nunjucks\load-event.js:145:7
    at next (C:\Users\dcsdcr\AppData\Roaming\npm\node_modules\markbind-cli\node_modules\nunjucks\src\lib.js:326:7)
    at Object.asyncIter (C:\Users\dcsdcr\AppData\Roaming\npm\node_modules\markbind-cli\node_modules\nunjucks\src\lib.js:332:3)
    at Environment.getTemplate (C:\Users\dcsdcr\AppData\Roaming\npm\node_modules\markbind-cli\node_modules\@markbind\core\src\patches\nunjucks\load-event.js:127:7)
    at Environment.render (C:\Users\dcsdcr\AppData\Roaming\npm\node_modules\markbind-cli\node_modules\@markbind\core\src\patches\nunjucks\context-overrides-frame.js:48:8)
    at VariableRenderer.renderFile (C:\Users\dcsdcr\AppData\Roaming\npm\node_modules\markbind-cli\node_modules\@markbind\core\src\variables\VariableRenderer.js:59:20)
    at VariableProcessor.renderWithSiteVariables (C:\Users\dcsdcr\AppData\Roaming\npm\node_modules\markbind-cli\node_modules\@markbind\core\src\variables\VariableProcessor.js:157:53)
    at Page.generate (C:\Users\dcsdcr\AppData\Roaming\npm\node_modules\markbind-cli\node_modules\@markbind\core\src\Page\index.js:469:37)
    at C:\Users\dcsdcr\AppData\Roaming\npm\node_modules\markbind-cli\node_modules\@markbind\core\src\Site\index.js:1122:20
2021-07-28T09:07:02.200Z - warn:  Error: Error while generating undefined
    at C:\Users\dcsdcr\AppData\Roaming\npm\node_modules\markbind-cli\node_modules\@markbind\core\src\Site\index.js:1130:15
    at async sequentialAsyncForEach (C:\Users\dcsdcr\AppData\Roaming\npm\node_modules\markbind-cli\node_modules\@markbind\core\src\utils\async.js:15:7)
    at async Site.generatePagesSequential (C:\Users\dcsdcr\AppData\Roaming\npm\node_modules\markbind-cli\node_modules\@markbind\core\src\Site\index.js:1113:5)
    at async C:\Users\dcsdcr\AppData\Roaming\npm\node_modules\markbind-cli\node_modules\@markbind\core\src\Site\index.js:1094:23
    at async sequentialAsyncForEach (C:\Users\dcsdcr\AppData\Roaming\npm\node_modules\markbind-cli\node_modules\@markbind\core\src\utils\async.js:15:7)
    at async Site.runPageGenerationTasks (C:\Users\dcsdcr\AppData\Roaming\npm\node_modules\markbind-cli\node_modules\@markbind\core\src\Site\index.js:1085:5)
    at async Site.regenerateAffectedPages (C:\Users\dcsdcr\AppData\Roaming\npm\node_modules\markbind-cli\node_modules\@markbind\core\src\Site\index.js:1316:7)
    at async Site._rebuildAffectedSourceFiles (C:\Users\dcsdcr\AppData\Roaming\npm\node_modules\markbind-cli\node_modules\@markbind\core\src\Site\index.js:742:7)
2021-07-28T09:07:51.040Z - info: [5:07:51 pm] Reload for file change: C:\repos\nus-cs2103\cs2103-website-base\admin\admin-tasks.mbdf
2021-07-28T09:07:51.041Z - info: Synchronizing opened pages list before reload
2021-07-28T09:07:51.041Z - info: Current opened pages, from most-to-least recent:
2021-07-28T09:07:51.041Z - info: 1. schedule/week12/admin
2021-07-28T09:07:52.046Z - info: No pages needed to be rebuilt
2021-07-28T09:08:02.658Z - info: Building C:\repos\nus-cs2103\cs2103-website-base\schedule\week12\topics as some of its dependencies were changed since the last visit
2021-07-28T09:08:02.834Z - info: Site data built
2021-07-28T09:08:02.834Z - info: Lazy website regeneration complete! Total build time: 0.176s
2021-07-28T09:08:15.131Z - info: [5:08:15 pm] Reload for file change: C:\repos\nus-cs2103\cs2103-website-base\admin\admin-tasks.mbdf
2021-07-28T09:08:15.131Z - info: Synchronizing opened pages list before reload
2021-07-28T09:08:15.131Z - info: Current opened pages, from most-to-least recent:
2021-07-28T09:08:15.131Z - info: 1. schedule/week12/admin
2021-07-28T09:08:16.150Z - info: No pages needed to be rebuilt
2021-07-28T09:08:16.941Z - info: [5:08:16 pm] Reload for file change: C:\repos\nus-cs2103\cs2103-website-base\admin\admin-tasks.mbdf
2021-07-28T09:08:16.941Z - info: Synchronizing opened pages list before reload
2021-07-28T09:08:16.941Z - info: Current opened pages, from most-to-least recent:
2021-07-28T09:08:16.941Z - info: 1. schedule/week12/admin
2021-07-28T09:08:17.950Z - info: No pages needed to be rebuilt
2021-07-28T09:09:16.145Z - info: [5:09:16 pm] Reload for file change: C:\repos\nus-cs2103\cs2103-website-base\schedule\week12\admin.md
2021-07-28T09:09:16.145Z - info: Synchronizing opened pages list before reload
2021-07-28T09:09:16.145Z - info: Current opened pages, from most-to-least recent:
2021-07-28T09:09:16.145Z - info: 1. schedule/week12/admin
2021-07-28T09:09:16.793Z - info: [5:09:16 pm] Reload for file change: C:\repos\nus-cs2103\cs2103-website-base\schedule\week12\admin.md
2021-07-28T09:09:16.793Z - info: Synchronizing opened pages list before reload
2021-07-28T09:09:16.793Z - info: Current opened pages, from most-to-least recent:
2021-07-28T09:09:16.793Z - info: 1. schedule/week12/admin
2021-07-28T09:09:17.166Z - info: Rebuilding 1 pages
2021-07-28T09:09:17.464Z - info: Site data built
2021-07-28T09:09:17.464Z - info: Pages rebuilt
2021-07-28T09:09:17.464Z - info: Website regeneration complete! Total build time: 0.299s
2021-07-28T09:10:24.691Z - info: Building C:\repos\nus-cs2103\cs2103-website-base\schedule\week12\topics as some of its dependencies were changed since the last visit
2021-07-28T09:10:24.840Z - info: Site data built
2021-07-28T09:10:24.840Z - info: Lazy website regeneration complete! Total build time: 0.149s
2021-07-28T09:10:27.617Z - info: Building C:\repos\nus-cs2103\cs2103-website-base\schedule\week12\project as some of its dependencies were changed since the last visit
2021-07-28T09:10:29.450Z - info: Site data built
2021-07-28T09:10:29.450Z - info: Lazy website regeneration complete! Total build time: 1.834s
2021-07-28T09:10:54.409Z - info: Building C:\repos\nus-cs2103\cs2103-website-base\schedule\week12\tutorial as some of its dependencies were changed since the last visit
2021-07-28T09:10:54.659Z - info: Site data built
2021-07-28T09:10:54.659Z - info: Lazy website regeneration complete! Total build time: 0.25s
2021-07-28T09:12:23.859Z - info: [5:12:23 pm] Reload for file change: C:\repos\nus-cs2103\cs2103-website-base\schedule\week12\tutorial-cs2103.mbdf
2021-07-28T09:12:23.859Z - info: Synchronizing opened pages list before reload
2021-07-28T09:12:23.860Z - info: Current opened pages, from most-to-least recent:
2021-07-28T09:12:23.860Z - info: 1. schedule/week12/project
2021-07-28T09:12:24.875Z - info: No pages needed to be rebuilt
2021-07-28T09:12:29.816Z - info: Building C:\repos\nus-cs2103\cs2103-website-base\schedule\week12\tutorial as some of its dependencies were changed since the last visit
2021-07-28T09:12:30.048Z - info: Site data built
2021-07-28T09:12:30.048Z - info: Lazy website regeneration complete! Total build time: 0.232s
2021-07-28T09:13:23.713Z - info: [5:13:23 pm] Reload for file change: C:\repos\nus-cs2103\cs2103-website-base\schedule\week12\tutorial-cs2103.mbdf
2021-07-28T09:13:23.713Z - info: Synchronizing opened pages list before reload
2021-07-28T09:13:23.713Z - info: Current opened pages, from most-to-least recent:
2021-07-28T09:13:23.713Z - info: 1. schedule/week12/tutorial
2021-07-28T09:13:24.717Z - info: Rebuilding 1 pages
2021-07-28T09:13:24.863Z - info: Site data built
2021-07-28T09:13:24.864Z - info: Pages rebuilt
2021-07-28T09:13:24.864Z - info: Website regeneration complete! Total build time: 0.148s
2021-07-28T09:13:45.213Z - info: [5:13:45 pm] Reload for file change: C:\repos\nus-cs2103\cs2103-website-base\schedule\week12\tutorial-cs2103.mbdf
2021-07-28T09:13:45.214Z - info: Synchronizing opened pages list before reload
2021-07-28T09:13:45.214Z - info: Current opened pages, from most-to-least recent:
2021-07-28T09:13:45.214Z - info: 1. schedule/week12/project
2021-07-28T09:13:46.218Z - info: No pages needed to be rebuilt
2021-07-28T09:14:05.565Z - info: [5:14:05 pm] Reload for file change: C:\repos\nus-cs2103\cs2103-website-base\schedule\week12\tutorial-cs2103.mbdf
2021-07-28T09:14:05.565Z - info: Synchronizing opened pages list before reload
2021-07-28T09:14:05.565Z - info: Current opened pages, from most-to-least recent:
2021-07-28T09:14:05.566Z - info: 1. schedule/week12/project
2021-07-28T09:14:06.579Z - info: No pages needed to be rebuilt
2021-07-28T09:14:11.697Z - info: Building C:\repos\nus-cs2103\cs2103-website-base\schedule\week12\tutorial as some of its dependencies were changed since the last visit
2021-07-28T09:14:11.872Z - info: Site data built
2021-07-28T09:14:11.872Z - info: Lazy website regeneration complete! Total build time: 0.175s
2021-07-28T09:14:21.755Z - info: Building C:\repos\nus-cs2103\cs2103-website-base\schedule\week13\index as some of its dependencies were changed since the last visit
2021-07-28T09:14:22.250Z - info: Site data built
2021-07-28T09:14:22.250Z - info: Lazy website regeneration complete! Total build time: 0.496s
2021-07-28T09:14:55.414Z - info: [5:14:55 pm] Reload for file change: C:\repos\nus-cs2103\cs2103-website-base\schedule\week13\notices-cs2103.mbdf
2021-07-28T09:14:55.414Z - info: Synchronizing opened pages list before reload
2021-07-28T09:14:55.414Z - info: Current opened pages, from most-to-least recent:
2021-07-28T09:14:55.414Z - info: 1. schedule/week13/index
2021-07-28T09:14:56.428Z - info: Rebuilding 1 pages
2021-07-28T09:14:56.775Z - info: Site data built
2021-07-28T09:14:56.775Z - info: Pages rebuilt
2021-07-28T09:14:56.775Z - info: Website regeneration complete! Total build time: 0.347s
2021-07-28T09:15:12.075Z - info: Building C:\repos\nus-cs2103\cs2103-website-base\schedule\week13\admin as some of its dependencies were changed since the last visit
2021-07-28T09:15:12.340Z - info: Site data built
2021-07-28T09:15:12.341Z - info: Lazy website regeneration complete! Total build time: 0.267s
2021-07-28T09:15:17.912Z - info: Building C:\repos\nus-cs2103\cs2103-website-base\schedule\week13\topics as some of its dependencies were changed since the last visit
2021-07-28T09:15:18.074Z - info: Site data built
2021-07-28T09:15:18.074Z - info: Lazy website regeneration complete! Total build time: 0.163s
2021-07-28T09:15:22.523Z - info: Building C:\repos\nus-cs2103\cs2103-website-base\schedule\week13\project as some of its dependencies were changed since the last visit
2021-07-28T09:15:23.890Z - info: Site data built
2021-07-28T09:15:23.891Z - info: Lazy website regeneration complete! Total build time: 1.369s
2021-07-28T09:15:31.452Z - info: Building C:\repos\nus-cs2103\cs2103-website-base\schedule\week13\tutorial as some of its dependencies were changed since the last visit
2021-07-28T09:15:31.675Z - info: Site data built
2021-07-28T09:15:31.675Z - info: Lazy website regeneration complete! Total build time: 0.224s
2021-07-28T10:16:49.878Z - info: Website generation started at 6:16:47 pm
2021-07-28T10:16:55.656Z - info: Building assets...
2021-07-28T10:17:00.822Z - info: Assets built
2021-07-28T10:17:00.823Z - info: Generating pages...
2021-07-28T10:17:08.005Z - debug:  
2021-07-28T10:17:09.511Z - debug:  
2021-07-28T10:17:09.536Z - debug:  
2021-07-28T10:17:09.548Z - debug:  
2021-07-28T10:17:09.548Z - debug:  
2021-07-28T10:17:09.548Z - debug:  
2021-07-28T10:19:08.661Z - debug:  
2021-07-28T10:19:19.530Z - debug:  
2021-07-28T10:19:19.533Z - debug:  
2021-07-28T10:19:25.713Z - info: Pages built
2021-07-28T10:19:26.602Z - info: Site data built
2021-07-28T10:19:26.603Z - info: Website generation complete! Total build time: 159.034s
2021-07-28T10:19:26.603Z - info: Build success!
2021-07-28T10:19:38.351Z - info: Deployed at https://nus-cs2103-ay2122s1.github.io/website!
