2021-09-28T07:48:24.460Z - info: Website generation (lazy) started at 3:48:19 pm
2021-09-28T07:48:29.602Z - info: Building assets...
2021-09-28T07:48:33.791Z - info: Assets built
2021-09-28T07:48:33.792Z - info: Generating landing page...
2021-09-28T07:48:34.447Z - info: Landing page built, other pages will be built as you navigate to them!
2021-09-28T07:48:35.246Z - info: Site data built
2021-09-28T07:48:35.247Z - info: Website generation (lazy) complete! Total build time: 15.828s
2021-09-28T07:48:36.085Z - info: Serving "C:\repos\nus-cs2103\cs2103-website-base\_site" at http://127.0.0.1:8080
2021-09-28T07:48:36.086Z - info: Press CTRL+C to stop ...
2021-09-28T07:50:23.031Z - info: [3:50:23 pm] Reload for file change: C:\repos\nus-cs2103\cs2103-website-base\book\uml\classDiagrams\combine\basic\q-essay-objectDiagramsForClassDiagram.md
2021-09-28T07:50:23.033Z - info: Synchronizing opened pages list before reload
2021-09-28T07:50:23.034Z - info: Current opened pages, from most-to-least recent:
2021-09-28T07:50:23.034Z - info: 1. index
2021-09-28T07:50:24.056Z - info: Assets built
2021-09-28T07:50:24.133Z - info: Building C:\repos\nus-cs2103\cs2103-website-base\se-book-adapted\index as some of its dependencies were changed since the last visit
2021-09-28T07:50:24.557Z - info: Site data built
2021-09-28T07:50:24.557Z - info: Lazy website regeneration complete! Total build time: 0.425s
2021-09-28T07:50:28.797Z - info: Building C:\repos\nus-cs2103\cs2103-website-base\se-book-adapted\chapters\uml as some of its dependencies were changed since the last visit
2021-09-28T07:50:33.113Z - info: Site data built
2021-09-28T07:50:33.115Z - info: Lazy website regeneration complete! Total build time: 4.317s
2021-09-28T07:50:34.407Z - debug:  
2021-09-28T07:50:34.441Z - debug:  
2021-09-28T07:50:34.688Z - debug:  
2021-09-28T07:50:34.718Z - debug:  
2021-09-28T07:51:57.852Z - info: [3:51:57 pm] Reload for file change: C:\repos\nus-cs2103\cs2103-website-base\book\uml\classDiagrams\combine\basic\q-essay-objectDiagramsForClassDiagram.md
2021-09-28T07:51:57.853Z - info: Synchronizing opened pages list before reload
2021-09-28T07:51:57.853Z - info: Current opened pages, from most-to-least recent:
2021-09-28T07:51:57.854Z - info: 1. se-book-adapted/chapters/uml
2021-09-28T07:51:58.862Z - info: Rebuilding 1 pages
2021-09-28T07:52:01.591Z - info: Site data built
2021-09-28T07:52:01.592Z - info: Pages rebuilt
2021-09-28T07:52:01.592Z - info: Website regeneration complete! Total build time: 2.732s
2021-09-28T07:52:02.369Z - debug:  
2021-09-28T07:52:02.434Z - debug:  
2021-09-28T07:52:02.767Z - debug:  
2021-09-28T07:52:02.808Z - debug:  
2021-09-28T07:52:34.109Z - info: [3:52:34 pm] Reload for file change: C:\repos\nus-cs2103\cs2103-website-base\book\uml\classDiagrams\combine\basic\q-essay-objectDiagramsForClassDiagram.md
2021-09-28T07:52:34.110Z - info: Synchronizing opened pages list before reload
2021-09-28T07:52:34.110Z - info: Current opened pages, from most-to-least recent:
2021-09-28T07:52:34.110Z - info: 1. se-book-adapted/chapters/uml
2021-09-28T07:52:35.118Z - info: Rebuilding 1 pages
2021-09-28T07:52:37.323Z - info: Site data built
2021-09-28T07:52:37.323Z - info: Pages rebuilt
2021-09-28T07:52:37.324Z - info: Website regeneration complete! Total build time: 2.207s
2021-09-28T07:52:38.504Z - debug:  
2021-09-28T07:52:38.559Z - debug:  
2021-09-28T07:52:38.765Z - debug:  
2021-09-28T07:52:38.875Z - debug:  
2021-09-28T07:53:44.579Z - info: [3:53:44 pm] Reload for file change: C:\repos\nus-cs2103\cs2103-website-base\book\uml\classDiagrams\combine\basic\q-essay-objectDiagramsForClassDiagram.md
2021-09-28T07:53:44.579Z - info: Synchronizing opened pages list before reload
2021-09-28T07:53:44.579Z - info: Current opened pages, from most-to-least recent:
2021-09-28T07:53:44.579Z - info: 1. se-book-adapted/chapters/uml
2021-09-28T07:53:45.591Z - info: Rebuilding 1 pages
2021-09-28T07:53:47.612Z - info: Site data built
2021-09-28T07:53:47.613Z - info: Pages rebuilt
2021-09-28T07:53:47.613Z - info: Website regeneration complete! Total build time: 2.023s
2021-09-28T07:53:48.675Z - debug:  
2021-09-28T07:53:48.712Z - debug:  
2021-09-28T07:53:48.969Z - debug:  
2021-09-28T07:53:49.044Z - debug:  
2021-09-28T08:15:07.935Z - info: [4:15:07 pm] Reload for file change: C:\repos\nus-cs2103\cs2103-website-base\book\uml\classDiagrams\combine\basic\q-essay-objectDiagramsForClassDiagram.md
2021-09-28T08:15:07.935Z - info: Synchronizing opened pages list before reload
2021-09-28T08:15:07.936Z - info: Current opened pages, from most-to-least recent:
2021-09-28T08:15:07.936Z - info: 1. se-book-adapted/chapters/uml
2021-09-28T08:15:08.947Z - info: Rebuilding 1 pages
2021-09-28T08:15:11.031Z - info: Site data built
2021-09-28T08:15:11.032Z - info: Pages rebuilt
2021-09-28T08:15:11.032Z - info: Website regeneration complete! Total build time: 2.086s
2021-09-28T08:15:12.032Z - debug:  
2021-09-28T08:15:12.135Z - debug:  
2021-09-28T08:15:12.454Z - debug:  
2021-09-28T08:15:12.518Z - debug:  
2021-09-28T08:59:11.299Z - info: Website generation (lazy) started at 4:59:09 pm
2021-09-28T08:59:15.699Z - info: Building assets...
2021-09-28T08:59:19.858Z - info: Assets built
2021-09-28T08:59:19.859Z - info: Generating landing page...
2021-09-28T08:59:20.413Z - info: Landing page built, other pages will be built as you navigate to them!
2021-09-28T08:59:21.139Z - info: Site data built
2021-09-28T08:59:21.139Z - info: Website generation (lazy) complete! Total build time: 11.344s
2021-09-28T08:59:21.955Z - info: Serving "C:\repos\nus-cs2103\cs2103-website-base\_site" at http://127.0.0.1:8080
2021-09-28T08:59:21.956Z - info: Press CTRL+C to stop ...
2021-09-28T09:00:31.018Z - info: Building C:\repos\nus-cs2103\cs2103-website-base\admin\index as some of its dependencies were changed since the last visit
2021-09-28T09:00:32.719Z - info: Site data built
2021-09-28T09:00:32.720Z - info: Lazy website regeneration complete! Total build time: 1.704s
2021-09-28T09:03:00.609Z - info: [5:03:00 pm] Reload for file change: C:\repos\nus-cs2103\cs2103-website-base\site.json
2021-09-28T09:03:00.609Z - info: Synchronizing opened pages list before reload
2021-09-28T09:03:00.610Z - info: No pages are currently opened
2021-09-28T09:03:03.753Z - info: Pages or site config modified, updating pages...
2021-09-28T09:03:35.485Z - info: Website generation (lazy) started at 5:03:34 pm
2021-09-28T09:03:39.315Z - info: Building assets...
2021-09-28T09:03:43.574Z - info: Assets built
2021-09-28T09:03:43.574Z - info: Generating landing page...
2021-09-28T09:03:44.046Z - info: Landing page built, other pages will be built as you navigate to them!
2021-09-28T09:03:44.495Z - info: Site data built
2021-09-28T09:03:44.495Z - info: Website generation (lazy) complete! Total build time: 10.395s
2021-09-28T09:03:45.191Z - info: Serving "C:\repos\nus-cs2103\cs2103-website-base\_site" at http://127.0.0.1:8080
2021-09-28T09:03:45.191Z - info: Press CTRL+C to stop ...
2021-09-28T09:03:55.293Z - info: Building C:\repos\nus-cs2103\cs2103-website-base\admin\mid-semester-survey-results as some of its dependencies were changed since the last visit
2021-09-28T09:03:55.444Z - info: Site data built
2021-09-28T09:03:55.444Z - info: Lazy website regeneration complete! Total build time: 0.151s
2021-09-28T09:04:48.576Z - info: Website generation (lazy) started at 5:04:46 pm
2021-09-28T09:04:53.144Z - info: Building assets...
2021-09-28T09:04:56.894Z - info: Assets built
2021-09-28T09:04:56.895Z - info: Generating landing page...
2021-09-28T09:04:57.390Z - info: Landing page built, other pages will be built as you navigate to them!
2021-09-28T09:04:57.846Z - info: Site data built
2021-09-28T09:04:57.846Z - info: Website generation (lazy) complete! Total build time: 10.935s
2021-09-28T09:04:58.528Z - info: Serving "C:\repos\nus-cs2103\cs2103-website-base\_site" at http://127.0.0.1:8080
2021-09-28T09:04:58.528Z - info: Press CTRL+C to stop ...
2021-09-28T09:05:05.429Z - info: Building C:\repos\nus-cs2103\cs2103-website-base\admin\mid-semester-survey-results as some of its dependencies were changed since the last visit
2021-09-28T09:05:05.574Z - info: Site data built
2021-09-28T09:05:05.574Z - info: Lazy website regeneration complete! Total build time: 0.146s
2021-09-28T09:05:13.216Z - info: [5:05:13 pm] Reload for file change: C:\repos\nus-cs2103\cs2103-website-base\_markbind\variables.md
2021-09-28T09:05:13.216Z - info: Synchronizing opened pages list before reload
2021-09-28T09:05:13.217Z - info: Current opened pages, from most-to-least recent:
2021-09-28T09:05:13.217Z - info: 1. admin/mid-semester-survey-results
2021-09-28T09:05:13.217Z - info: 2. index
2021-09-28T09:05:14.270Z - warn: Rebuilding all pages as variables file was changed, or the --force-reload flag was set
2021-09-28T09:05:14.274Z - info: Rebuilding 2 pages
2021-09-28T09:05:14.878Z - info: Site data built
2021-09-28T09:05:14.878Z - info: Pages rebuilt
2021-09-28T09:05:14.878Z - info: Website regeneration complete! Total build time: 0.659s
2021-09-28T09:17:58.379Z - info: [5:17:58 pm] Reload for file change: C:\repos\nus-cs2103\cs2103-website-base\admin\mid-semester-survey-results.md
2021-09-28T09:17:58.379Z - info: Synchronizing opened pages list before reload
2021-09-28T09:17:58.380Z - info: Current opened pages, from most-to-least recent:
2021-09-28T09:17:58.380Z - info: 1. admin/mid-semester-survey-results
2021-09-28T09:17:58.380Z - info: 2. index
2021-09-28T09:17:59.394Z - info: Rebuilding 1 pages
2021-09-28T09:17:59.541Z - info: Site data built
2021-09-28T09:17:59.541Z - info: Pages rebuilt
2021-09-28T09:17:59.541Z - info: Website regeneration complete! Total build time: 0.148s
2021-09-28T09:22:04.309Z - info: [5:22:04 pm] Reload for file change: C:\repos\nus-cs2103\cs2103-website-base\admin\mid-semester-survey-results.md
2021-09-28T09:22:04.309Z - info: Synchronizing opened pages list before reload
2021-09-28T09:22:04.309Z - info: Current opened pages, from most-to-least recent:
2021-09-28T09:22:04.309Z - info: 1. admin/mid-semester-survey-results
2021-09-28T09:22:04.309Z - info: 2. index
2021-09-28T09:22:05.325Z - info: Rebuilding 1 pages
2021-09-28T09:22:05.451Z - info: Site data built
2021-09-28T09:22:05.451Z - info: Pages rebuilt
2021-09-28T09:22:05.451Z - info: Website regeneration complete! Total build time: 0.127s
2021-09-28T11:53:44.895Z - info: Website generation (lazy) started at 7:53:42 pm
2021-09-28T11:53:51.675Z - info: Building assets...
2021-09-28T11:53:56.219Z - info: Assets built
2021-09-28T11:53:56.220Z - info: Generating landing page...
2021-09-28T11:53:57.076Z - info: Landing page built, other pages will be built as you navigate to them!
2021-09-28T11:53:57.930Z - info: Site data built
2021-09-28T11:53:57.930Z - info: Website generation (lazy) complete! Total build time: 15.371s
2021-09-28T11:53:58.835Z - info: Serving "C:\repos\nus-cs2103\cs2103-website-base\_site" at http://127.0.0.1:8080
2021-09-28T11:53:58.835Z - info: Press CTRL+C to stop ...
2021-09-28T12:29:22.769Z - info: Building C:\repos\nus-cs2103\cs2103-website-base\admin\mid-semester-survey-results as some of its dependencies were changed since the last visit
2021-09-28T12:29:23.131Z - info: Site data built
2021-09-28T12:29:23.131Z - info: Lazy website regeneration complete! Total build time: 0.364s
2021-09-28T12:36:25.513Z - info: [8:36:25 pm] Reload for file change: C:\repos\nus-cs2103\cs2103-website-base\admin\mid-semester-survey-results.md
2021-09-28T12:36:25.513Z - info: Synchronizing opened pages list before reload
2021-09-28T12:36:25.513Z - info: Current opened pages, from most-to-least recent:
2021-09-28T12:36:25.513Z - info: 1. admin/mid-semester-survey-results
2021-09-28T12:36:26.524Z - info: Rebuilding 1 pages
2021-09-28T12:36:26.631Z - info: Site data built
2021-09-28T12:36:26.632Z - info: Pages rebuilt
2021-09-28T12:36:26.632Z - info: Website regeneration complete! Total build time: 0.109s
2021-09-28T12:38:56.258Z - info: [8:38:56 pm] Reload for file change: C:\repos\nus-cs2103\cs2103-website-base\admin\mid-semester-survey-results.md
2021-09-28T12:38:56.258Z - info: Synchronizing opened pages list before reload
2021-09-28T12:38:56.259Z - info: Current opened pages, from most-to-least recent:
2021-09-28T12:38:56.259Z - info: 1. admin/mid-semester-survey-results
2021-09-28T12:38:57.265Z - info: Rebuilding 1 pages
2021-09-28T12:38:57.371Z - info: Site data built
2021-09-28T12:38:57.371Z - info: Pages rebuilt
2021-09-28T12:38:57.371Z - info: Website regeneration complete! Total build time: 0.107s
2021-09-28T12:43:09.048Z - info: [8:43:09 pm] Reload for file change: C:\repos\nus-cs2103\cs2103-website-base\admin\mid-semester-survey-results.md
2021-09-28T12:43:09.048Z - info: Synchronizing opened pages list before reload
2021-09-28T12:43:09.048Z - info: Current opened pages, from most-to-least recent:
2021-09-28T12:43:09.048Z - info: 1. admin/mid-semester-survey-results
2021-09-28T12:43:10.053Z - info: Rebuilding 1 pages
2021-09-28T12:43:10.174Z - info: Site data built
2021-09-28T12:43:10.174Z - info: Pages rebuilt
2021-09-28T12:43:10.174Z - info: Website regeneration complete! Total build time: 0.123s
2021-09-28T13:01:52.822Z - info: [9:01:52 pm] Reload for file change: C:\repos\nus-cs2103\cs2103-website-base\admin\mid-semester-survey-results.md
2021-09-28T13:01:52.822Z - info: Synchronizing opened pages list before reload
2021-09-28T13:01:52.822Z - info: Current opened pages, from most-to-least recent:
2021-09-28T13:01:52.822Z - info: 1. admin/mid-semester-survey-results
2021-09-28T13:01:53.835Z - info: Rebuilding 1 pages
2021-09-28T13:01:53.931Z - info: Site data built
2021-09-28T13:01:53.931Z - info: Pages rebuilt
2021-09-28T13:01:53.932Z - info: Website regeneration complete! Total build time: 0.099s
2021-09-28T14:36:22.481Z - info: [10:36:22 pm] Reload for file change: C:\repos\nus-cs2103\cs2103-website-base\admin\mid-semester-survey-results.md
2021-09-28T14:36:22.485Z - info: Synchronizing opened pages list before reload
2021-09-28T14:36:22.486Z - info: Current opened pages, from most-to-least recent:
2021-09-28T14:36:22.487Z - info: 1. admin/mid-semester-survey-results
2021-09-28T14:36:23.526Z - info: Rebuilding 1 pages
2021-09-28T14:36:23.707Z - info: Site data built
2021-09-28T14:36:23.707Z - info: Pages rebuilt
2021-09-28T14:36:23.707Z - info: Website regeneration complete! Total build time: 0.19s
2021-09-28T14:36:46.927Z - info: [10:36:46 pm] Reload for file change: C:\repos\nus-cs2103\cs2103-website-base\admin\mid-semester-survey-results.md
2021-09-28T14:36:46.928Z - info: Synchronizing opened pages list before reload
2021-09-28T14:36:46.928Z - info: Current opened pages, from most-to-least recent:
2021-09-28T14:36:46.928Z - info: 1. admin/mid-semester-survey-results
2021-09-28T14:36:47.949Z - info: Rebuilding 1 pages
2021-09-28T14:36:48.063Z - info: Site data built
2021-09-28T14:36:48.063Z - info: Pages rebuilt
2021-09-28T14:36:48.063Z - info: Website regeneration complete! Total build time: 0.127s
2021-09-28T14:37:16.963Z - info: [10:37:16 pm] Reload for file change: C:\repos\nus-cs2103\cs2103-website-base\admin\mid-semester-survey-results.md
2021-09-28T14:37:16.963Z - info: Synchronizing opened pages list before reload
2021-09-28T14:37:16.963Z - info: Current opened pages, from most-to-least recent:
2021-09-28T14:37:16.963Z - info: 1. admin/mid-semester-survey-results
2021-09-28T14:37:17.978Z - info: Rebuilding 1 pages
2021-09-28T14:37:18.095Z - info: Site data built
2021-09-28T14:37:18.095Z - info: Pages rebuilt
2021-09-28T14:37:18.095Z - info: Website regeneration complete! Total build time: 0.119s
2021-09-28T14:39:00.863Z - info: [10:39:00 pm] Reload for file change: C:\repos\nus-cs2103\cs2103-website-base\admin\mid-semester-survey-results.md
2021-09-28T14:39:00.863Z - info: Synchronizing opened pages list before reload
2021-09-28T14:39:00.863Z - info: Current opened pages, from most-to-least recent:
2021-09-28T14:39:00.863Z - info: 1. admin/mid-semester-survey-results
2021-09-28T14:39:01.874Z - info: Rebuilding 1 pages
2021-09-28T14:39:02.025Z - info: Site data built
2021-09-28T14:39:02.025Z - info: Pages rebuilt
2021-09-28T14:39:02.025Z - info: Website regeneration complete! Total build time: 0.153s
2021-09-28T14:40:08.050Z - info: [10:40:08 pm] Reload for file change: C:\repos\nus-cs2103\cs2103-website-base\admin\mid-semester-survey-results.md
2021-09-28T14:40:08.051Z - info: Synchronizing opened pages list before reload
2021-09-28T14:40:08.051Z - info: Current opened pages, from most-to-least recent:
2021-09-28T14:40:08.051Z - info: 1. admin/mid-semester-survey-results
2021-09-28T14:40:09.062Z - info: Rebuilding 1 pages
2021-09-28T14:40:09.248Z - info: Site data built
2021-09-28T14:40:09.248Z - info: Pages rebuilt
2021-09-28T14:40:09.248Z - info: Website regeneration complete! Total build time: 0.188s
2021-09-28T14:42:21.206Z - info: [10:42:21 pm] Reload for file change: C:\repos\nus-cs2103\cs2103-website-base\admin\mid-semester-survey-results.md
2021-09-28T14:42:21.207Z - info: Synchronizing opened pages list before reload
2021-09-28T14:42:21.207Z - info: Current opened pages, from most-to-least recent:
2021-09-28T14:42:21.207Z - info: 1. admin/mid-semester-survey-results
2021-09-28T14:42:22.222Z - info: Rebuilding 1 pages
2021-09-28T14:42:22.335Z - info: Site data built
2021-09-28T14:42:22.335Z - info: Pages rebuilt
2021-09-28T14:42:22.336Z - info: Website regeneration complete! Total build time: 0.114s
2021-09-28T14:42:43.589Z - info: [10:42:43 pm] Reload for file change: C:\repos\nus-cs2103\cs2103-website-base\admin\mid-semester-survey-results.md
2021-09-28T14:42:43.589Z - info: Synchronizing opened pages list before reload
2021-09-28T14:42:43.589Z - info: Current opened pages, from most-to-least recent:
2021-09-28T14:42:43.605Z - info: 1. admin/mid-semester-survey-results
2021-09-28T14:42:44.624Z - info: Rebuilding 1 pages
2021-09-28T14:42:44.751Z - info: Site data built
2021-09-28T14:42:44.751Z - info: Pages rebuilt
2021-09-28T14:42:44.751Z - info: Website regeneration complete! Total build time: 0.129s
2021-09-28T14:43:38.917Z - info: [10:43:38 pm] Reload for file change: C:\repos\nus-cs2103\cs2103-website-base\admin\mid-semester-survey-results.md
2021-09-28T14:43:38.917Z - info: Synchronizing opened pages list before reload
2021-09-28T14:43:38.917Z - info: Current opened pages, from most-to-least recent:
2021-09-28T14:43:38.917Z - info: 1. admin/mid-semester-survey-results
2021-09-28T14:43:39.925Z - info: Rebuilding 1 pages
2021-09-28T14:43:40.044Z - info: Site data built
2021-09-28T14:43:40.045Z - info: Pages rebuilt
2021-09-28T14:43:40.045Z - info: Website regeneration complete! Total build time: 0.121s
2021-09-28T14:47:29.763Z - info: [10:47:29 pm] Reload for file change: C:\repos\nus-cs2103\cs2103-website-base\admin\mid-semester-survey-results.md
2021-09-28T14:47:29.763Z - info: Synchronizing opened pages list before reload
2021-09-28T14:47:29.763Z - info: Current opened pages, from most-to-least recent:
2021-09-28T14:47:29.763Z - info: 1. admin/mid-semester-survey-results
2021-09-28T14:47:30.776Z - info: Rebuilding 1 pages
2021-09-28T14:47:30.926Z - info: Site data built
2021-09-28T14:47:30.926Z - info: Pages rebuilt
2021-09-28T14:47:30.926Z - info: Website regeneration complete! Total build time: 0.151s
2021-09-28T14:49:01.662Z - info: [10:49:01 pm] Reload for file change: C:\repos\nus-cs2103\cs2103-website-base\admin\mid-semester-survey-results.md
2021-09-28T14:49:01.662Z - info: Synchronizing opened pages list before reload
2021-09-28T14:49:01.662Z - info: Current opened pages, from most-to-least recent:
2021-09-28T14:49:01.662Z - info: 1. admin/mid-semester-survey-results
2021-09-28T14:49:02.682Z - info: Rebuilding 1 pages
2021-09-28T14:49:02.795Z - info: Site data built
2021-09-28T14:49:02.795Z - info: Pages rebuilt
2021-09-28T14:49:02.795Z - info: Website regeneration complete! Total build time: 0.117s
2021-09-28T14:49:47.192Z - info: [10:49:47 pm] Reload for file change: C:\repos\nus-cs2103\cs2103-website-base\admin\mid-semester-survey-results.md
2021-09-28T14:49:47.192Z - info: Synchronizing opened pages list before reload
2021-09-28T14:49:47.192Z - info: Current opened pages, from most-to-least recent:
2021-09-28T14:49:47.192Z - info: 1. admin/mid-semester-survey-results
2021-09-28T14:49:48.208Z - info: Rebuilding 1 pages
2021-09-28T14:49:48.315Z - info: Site data built
2021-09-28T14:49:48.315Z - info: Pages rebuilt
2021-09-28T14:49:48.315Z - info: Website regeneration complete! Total build time: 0.108s
2021-09-28T14:50:09.583Z - info: [10:50:09 pm] Reload for file change: C:\repos\nus-cs2103\cs2103-website-base\admin\mid-semester-survey-results.md
2021-09-28T14:50:09.583Z - info: Synchronizing opened pages list before reload
2021-09-28T14:50:09.583Z - info: Current opened pages, from most-to-least recent:
2021-09-28T14:50:09.583Z - info: 1. admin/mid-semester-survey-results
2021-09-28T14:50:10.588Z - info: Rebuilding 1 pages
2021-09-28T14:50:10.716Z - info: Site data built
2021-09-28T14:50:10.716Z - info: Pages rebuilt
2021-09-28T14:50:10.716Z - info: Website regeneration complete! Total build time: 0.13s
2021-09-28T14:51:22.345Z - info: [10:51:22 pm] Reload for file change: C:\repos\nus-cs2103\cs2103-website-base\admin\mid-semester-survey-results.md
2021-09-28T14:51:22.345Z - info: Synchronizing opened pages list before reload
2021-09-28T14:51:22.346Z - info: Current opened pages, from most-to-least recent:
2021-09-28T14:51:22.346Z - info: 1. admin/mid-semester-survey-results
2021-09-28T14:51:23.363Z - info: Rebuilding 1 pages
2021-09-28T14:51:23.572Z - info: Site data built
2021-09-28T14:51:23.572Z - info: Pages rebuilt
2021-09-28T14:51:23.572Z - info: Website regeneration complete! Total build time: 0.211s
2021-09-28T14:52:01.157Z - info: [10:52:01 pm] Reload for file change: C:\repos\nus-cs2103\cs2103-website-base\admin\mid-semester-survey-results.md
2021-09-28T14:52:01.157Z - info: Synchronizing opened pages list before reload
2021-09-28T14:52:01.157Z - info: Current opened pages, from most-to-least recent:
2021-09-28T14:52:01.158Z - info: 1. admin/mid-semester-survey-results
2021-09-28T14:52:02.168Z - info: Rebuilding 1 pages
2021-09-28T14:52:02.291Z - info: Site data built
2021-09-28T14:52:02.292Z - info: Pages rebuilt
2021-09-28T14:52:02.292Z - info: Website regeneration complete! Total build time: 0.126s
2021-09-28T14:56:01.279Z - info: [10:56:01 pm] Reload for file change: C:\repos\nus-cs2103\cs2103-website-base\admin\mid-semester-survey-results.md
2021-09-28T14:56:01.279Z - info: Synchronizing opened pages list before reload
2021-09-28T14:56:01.280Z - info: Current opened pages, from most-to-least recent:
2021-09-28T14:56:01.280Z - info: 1. admin/mid-semester-survey-results
2021-09-28T14:56:02.295Z - info: Rebuilding 1 pages
2021-09-28T14:56:02.416Z - info: Site data built
2021-09-28T14:56:02.416Z - info: Pages rebuilt
2021-09-28T14:56:02.416Z - info: Website regeneration complete! Total build time: 0.122s
2021-09-28T14:56:13.357Z - info: [10:56:13 pm] Reload for file change: C:\repos\nus-cs2103\cs2103-website-base\admin\mid-semester-survey-results.md
2021-09-28T14:56:13.357Z - info: Synchronizing opened pages list before reload
2021-09-28T14:56:13.357Z - info: Current opened pages, from most-to-least recent:
2021-09-28T14:56:13.357Z - info: 1. admin/mid-semester-survey-results
2021-09-28T14:56:14.371Z - info: Rebuilding 1 pages
2021-09-28T14:56:14.534Z - info: Site data built
2021-09-28T14:56:14.535Z - info: Pages rebuilt
2021-09-28T14:56:14.535Z - info: Website regeneration complete! Total build time: 0.166s
2021-09-28T14:58:03.662Z - info: [10:58:03 pm] Reload for file change: C:\repos\nus-cs2103\cs2103-website-base\admin\mid-semester-survey-results.md
2021-09-28T14:58:03.662Z - info: Synchronizing opened pages list before reload
2021-09-28T14:58:03.662Z - info: Current opened pages, from most-to-least recent:
2021-09-28T14:58:03.662Z - info: 1. admin/mid-semester-survey-results
2021-09-28T14:58:04.680Z - info: Rebuilding 1 pages
2021-09-28T14:58:04.783Z - info: Site data built
2021-09-28T14:58:04.784Z - info: Pages rebuilt
2021-09-28T14:58:04.784Z - info: Website regeneration complete! Total build time: 0.106s
2021-09-28T14:59:14.394Z - info: [10:59:14 pm] Reload for file change: C:\repos\nus-cs2103\cs2103-website-base\admin\mid-semester-survey-results.md
2021-09-28T14:59:14.394Z - info: Synchronizing opened pages list before reload
2021-09-28T14:59:14.394Z - info: Current opened pages, from most-to-least recent:
2021-09-28T14:59:14.394Z - info: 1. admin/mid-semester-survey-results
2021-09-28T14:59:15.401Z - info: Rebuilding 1 pages
2021-09-28T14:59:15.535Z - info: Site data built
2021-09-28T14:59:15.535Z - info: Pages rebuilt
2021-09-28T14:59:15.535Z - info: Website regeneration complete! Total build time: 0.136s
2021-09-28T15:00:57.522Z - info: [11:00:57 pm] Reload for file change: C:\repos\nus-cs2103\cs2103-website-base\admin\mid-semester-survey-results.md
2021-09-28T15:00:57.522Z - info: Synchronizing opened pages list before reload
2021-09-28T15:00:57.522Z - info: Current opened pages, from most-to-least recent:
2021-09-28T15:00:57.522Z - info: 1. admin/mid-semester-survey-results
2021-09-28T15:00:58.536Z - info: Rebuilding 1 pages
2021-09-28T15:00:58.698Z - info: Site data built
2021-09-28T15:00:58.698Z - info: Pages rebuilt
2021-09-28T15:00:58.698Z - info: Website regeneration complete! Total build time: 0.164s
2021-09-28T15:04:55.145Z - info: [11:04:55 pm] Reload for file change: C:\repos\nus-cs2103\cs2103-website-base\admin\mid-semester-survey-results.md
2021-09-28T15:04:55.145Z - info: Synchronizing opened pages list before reload
2021-09-28T15:04:55.145Z - info: Current opened pages, from most-to-least recent:
2021-09-28T15:04:55.145Z - info: 1. admin/mid-semester-survey-results
2021-09-28T15:04:56.149Z - info: Rebuilding 1 pages
2021-09-28T15:04:56.323Z - info: Site data built
2021-09-28T15:04:56.323Z - info: Pages rebuilt
2021-09-28T15:04:56.323Z - info: Website regeneration complete! Total build time: 0.176s
2021-09-28T15:05:45.239Z - info: [11:05:45 pm] Reload for file change: C:\repos\nus-cs2103\cs2103-website-base\admin\mid-semester-survey-results.md
2021-09-28T15:05:45.239Z - info: Synchronizing opened pages list before reload
2021-09-28T15:05:45.239Z - info: Current opened pages, from most-to-least recent:
2021-09-28T15:05:45.239Z - info: 1. admin/mid-semester-survey-results
2021-09-28T15:05:46.247Z - info: Rebuilding 1 pages
2021-09-28T15:05:46.362Z - info: Site data built
2021-09-28T15:05:46.362Z - info: Pages rebuilt
2021-09-28T15:05:46.362Z - info: Website regeneration complete! Total build time: 0.116s
2021-09-28T15:06:32.508Z - info: [11:06:32 pm] Reload for file change: C:\repos\nus-cs2103\cs2103-website-base\admin\mid-semester-survey-results.md
2021-09-28T15:06:32.508Z - info: Synchronizing opened pages list before reload
2021-09-28T15:06:32.508Z - info: Current opened pages, from most-to-least recent:
2021-09-28T15:06:32.508Z - info: 1. admin/mid-semester-survey-results
2021-09-28T15:06:33.512Z - info: Rebuilding 1 pages
2021-09-28T15:06:33.630Z - info: Site data built
2021-09-28T15:06:33.630Z - info: Pages rebuilt
2021-09-28T15:06:33.630Z - info: Website regeneration complete! Total build time: 0.118s
2021-09-28T15:07:53.650Z - info: [11:07:53 pm] Reload for file change: C:\repos\nus-cs2103\cs2103-website-base\admin\mid-semester-survey-results.md
2021-09-28T15:07:53.650Z - info: Synchronizing opened pages list before reload
2021-09-28T15:07:53.651Z - info: Current opened pages, from most-to-least recent:
2021-09-28T15:07:53.651Z - info: 1. admin/mid-semester-survey-results
2021-09-28T15:07:54.662Z - info: Rebuilding 1 pages
2021-09-28T15:07:54.788Z - info: Site data built
2021-09-28T15:07:54.788Z - info: Pages rebuilt
2021-09-28T15:07:54.788Z - info: Website regeneration complete! Total build time: 0.128s
2021-09-28T15:08:30.906Z - info: [11:08:30 pm] Reload for file change: C:\repos\nus-cs2103\cs2103-website-base\admin\mid-semester-survey-results.md
2021-09-28T15:08:30.907Z - info: Synchronizing opened pages list before reload
2021-09-28T15:08:30.907Z - info: Current opened pages, from most-to-least recent:
2021-09-28T15:08:30.907Z - info: 1. admin/mid-semester-survey-results
2021-09-28T15:08:31.919Z - info: Rebuilding 1 pages
2021-09-28T15:08:32.039Z - info: Site data built
2021-09-28T15:08:32.039Z - info: Pages rebuilt
2021-09-28T15:08:32.039Z - info: Website regeneration complete! Total build time: 0.12s
2021-09-28T15:08:49.201Z - info: [11:08:49 pm] Reload for file change: C:\repos\nus-cs2103\cs2103-website-base\admin\mid-semester-survey-results.md
2021-09-28T15:08:49.201Z - info: Synchronizing opened pages list before reload
2021-09-28T15:08:49.201Z - info: Current opened pages, from most-to-least recent:
2021-09-28T15:08:49.201Z - info: 1. admin/mid-semester-survey-results
2021-09-28T15:08:50.210Z - info: Rebuilding 1 pages
2021-09-28T15:08:50.330Z - info: Site data built
2021-09-28T15:08:50.330Z - info: Pages rebuilt
2021-09-28T15:08:50.330Z - info: Website regeneration complete! Total build time: 0.121s
2021-09-28T15:18:40.011Z - info: [11:18:40 pm] Reload for file change: C:\repos\nus-cs2103\cs2103-website-base\admin\mid-semester-survey-results.md
2021-09-28T15:18:40.012Z - info: Synchronizing opened pages list before reload
2021-09-28T15:18:40.012Z - info: Current opened pages, from most-to-least recent:
2021-09-28T15:18:40.012Z - info: 1. admin/mid-semester-survey-results
2021-09-28T15:18:41.015Z - info: Rebuilding 1 pages
2021-09-28T15:18:41.145Z - info: Site data built
2021-09-28T15:18:41.145Z - info: Pages rebuilt
2021-09-28T15:18:41.145Z - info: Website regeneration complete! Total build time: 0.13s
2021-09-28T15:27:29.642Z - info: [11:27:29 pm] Reload for file change: C:\repos\nus-cs2103\cs2103-website-base\admin\mid-semester-survey-results.md
2021-09-28T15:27:29.642Z - info: Synchronizing opened pages list before reload
2021-09-28T15:27:29.642Z - info: Current opened pages, from most-to-least recent:
2021-09-28T15:27:29.643Z - info: 1. admin/mid-semester-survey-results
2021-09-28T15:27:30.652Z - info: Rebuilding 1 pages
2021-09-28T15:27:30.822Z - info: Site data built
2021-09-28T15:27:30.822Z - info: Pages rebuilt
2021-09-28T15:27:30.822Z - info: Website regeneration complete! Total build time: 0.172s
2021-09-28T15:28:48.575Z - info: [11:28:48 pm] Reload for file change: C:\repos\nus-cs2103\cs2103-website-base\admin\mid-semester-survey-results.md
2021-09-28T15:28:48.575Z - info: Synchronizing opened pages list before reload
2021-09-28T15:28:48.575Z - info: Current opened pages, from most-to-least recent:
2021-09-28T15:28:48.575Z - info: 1. admin/mid-semester-survey-results
2021-09-28T15:28:49.579Z - info: Rebuilding 1 pages
2021-09-28T15:28:49.716Z - info: Site data built
2021-09-28T15:28:49.716Z - info: Pages rebuilt
2021-09-28T15:28:49.716Z - info: Website regeneration complete! Total build time: 0.139s
2021-09-28T15:29:20.693Z - info: [11:29:20 pm] Reload for file change: C:\repos\nus-cs2103\cs2103-website-base\admin\mid-semester-survey-results.md
2021-09-28T15:29:20.693Z - info: Synchronizing opened pages list before reload
2021-09-28T15:29:20.693Z - info: Current opened pages, from most-to-least recent:
2021-09-28T15:29:20.693Z - info: 1. admin/mid-semester-survey-results
2021-09-28T15:29:21.703Z - info: Rebuilding 1 pages
2021-09-28T15:29:21.826Z - info: Site data built
2021-09-28T15:29:21.826Z - info: Pages rebuilt
2021-09-28T15:29:21.827Z - info: Website regeneration complete! Total build time: 0.125s
2021-09-28T15:30:00.689Z - info: [11:30:00 pm] Reload for file change: C:\repos\nus-cs2103\cs2103-website-base\admin\mid-semester-survey-results.md
2021-09-28T15:30:00.689Z - info: Synchronizing opened pages list before reload
2021-09-28T15:30:00.689Z - info: Current opened pages, from most-to-least recent:
2021-09-28T15:30:00.689Z - info: 1. admin/mid-semester-survey-results
2021-09-28T15:30:01.704Z - info: Rebuilding 1 pages
2021-09-28T15:30:01.813Z - info: Site data built
2021-09-28T15:30:01.814Z - info: Pages rebuilt
2021-09-28T15:30:01.814Z - info: Website regeneration complete! Total build time: 0.111s
2021-09-28T15:30:56.819Z - info: [11:30:56 pm] Reload for file change: C:\repos\nus-cs2103\cs2103-website-base\admin\mid-semester-survey-results.md
2021-09-28T15:30:56.820Z - info: Synchronizing opened pages list before reload
2021-09-28T15:30:56.820Z - info: Current opened pages, from most-to-least recent:
2021-09-28T15:30:56.820Z - info: 1. admin/mid-semester-survey-results
2021-09-28T15:30:57.833Z - info: Rebuilding 1 pages
2021-09-28T15:30:57.973Z - info: Site data built
2021-09-28T15:30:57.973Z - info: Pages rebuilt
2021-09-28T15:30:57.973Z - info: Website regeneration complete! Total build time: 0.142s
2021-09-28T15:32:52.513Z - info: [11:32:52 pm] Reload for file change: C:\repos\nus-cs2103\cs2103-website-base\admin\mid-semester-survey-results.md
2021-09-28T15:32:52.513Z - info: Synchronizing opened pages list before reload
2021-09-28T15:32:52.513Z - info: Current opened pages, from most-to-least recent:
2021-09-28T15:32:52.513Z - info: 1. admin/mid-semester-survey-results
2021-09-28T15:32:53.527Z - info: Rebuilding 1 pages
2021-09-28T15:32:53.644Z - info: Site data built
2021-09-28T15:32:53.645Z - info: Pages rebuilt
2021-09-28T15:32:53.645Z - info: Website regeneration complete! Total build time: 0.119s
2021-09-28T15:33:21.471Z - info: Website generation started at 11:33:18 pm
2021-09-28T15:33:27.998Z - info: Building assets...
2021-09-28T15:33:33.508Z - info: Assets built
2021-09-28T15:33:33.509Z - info: Generating pages...
2021-09-28T15:33:45.374Z - debug:  
2021-09-28T15:33:45.374Z - debug:  
2021-09-28T15:33:45.374Z - debug:  
2021-09-28T15:33:45.375Z - debug:  
2021-09-28T15:33:45.375Z - debug:  
2021-09-28T15:34:22.118Z - debug:  
2021-09-28T15:35:18.213Z - info: Pages built
2021-09-28T15:35:19.237Z - info: Site data built
2021-09-28T15:35:19.237Z - info: Website generation complete! Total build time: 120.787s
2021-09-28T15:35:19.237Z - info: Build success!
2021-09-28T15:35:33.788Z - info: Deployed at https://nus-tic2002-2021.github.io/website!
