2021-08-11T16:31:44.435Z - info: Building C:\repos\nus-cs2103\cs2103-website-base\schedule\week2\admin as some of its dependencies were changed since the last visit
2021-08-11T16:31:45.311Z - info: Site data built
2021-08-11T16:31:45.311Z - info: Lazy website regeneration complete! Total build time: 0.881s
2021-08-11T16:31:53.151Z - info: Building C:\repos\nus-cs2103\cs2103-website-base\schedule\week2\project as some of its dependencies were changed since the last visit
2021-08-11T16:31:53.945Z - info: Site data built
2021-08-11T16:31:53.945Z - info: Lazy website regeneration complete! Total build time: 0.794s
2021-08-11T16:51:22.995Z - info: Website generation started at 12:51:21 am
2021-08-11T16:51:27.255Z - info: Building assets...
2021-08-11T16:51:31.252Z - info: Assets built
2021-08-11T16:51:31.252Z - info: Generating pages...
2021-08-11T16:51:36.989Z - debug:  
2021-08-11T16:51:36.989Z - debug:  
2021-08-11T16:51:36.990Z - debug:  
2021-08-11T16:51:36.990Z - debug:  
2021-08-11T16:51:36.990Z - debug:  
2021-08-11T16:51:36.990Z - debug:  
2021-08-11T16:52:49.195Z - debug:  
2021-08-11T16:52:53.741Z - debug:  
2021-08-11T16:52:53.804Z - debug:  
2021-08-11T16:52:56.696Z - info: Pages built
2021-08-11T16:52:57.361Z - info: Site data built
2021-08-11T16:52:57.361Z - info: Website generation complete! Total build time: 96.054s
2021-08-11T16:52:57.361Z - info: Build success!
2021-08-11T16:53:08.276Z - info: Deployed at https://nus-tic4001-ay2122s1.github.io/website!
2021-08-12T08:54:56.675Z - info: Website generation (lazy) started at 4:54:51 pm
2021-08-12T08:55:02.413Z - info: Building assets...
2021-08-12T08:55:06.653Z - info: Assets built
2021-08-12T08:55:06.654Z - info: Generating landing page...
2021-08-12T08:55:07.443Z - info: Landing page built, other pages will be built as you navigate to them!
2021-08-12T08:55:08.394Z - info: Site data built
2021-08-12T08:55:08.395Z - info: Website generation (lazy) complete! Total build time: 16.988s
2021-08-12T08:55:09.268Z - info: Serving "C:\repos\nus-cs2103\cs2103-website-base\_site" at http://127.0.0.1:8080
2021-08-12T08:55:09.268Z - info: Press CTRL+C to stop ...
2021-08-12T08:55:24.537Z - info: Building C:\repos\nus-cs2103\cs2103-website-base\schedule\week1\index as some of its dependencies were changed since the last visit
2021-08-12T08:55:25.507Z - info: Site data built
2021-08-12T08:55:25.507Z - info: Lazy website regeneration complete! Total build time: 0.971s
2021-08-12T08:55:38.322Z - info: Building C:\repos\nus-cs2103\cs2103-website-base\schedule\week2\index as some of its dependencies were changed since the last visit
2021-08-12T08:55:39.256Z - info: Site data built
2021-08-12T08:55:39.256Z - info: Lazy website regeneration complete! Total build time: 0.934s
2021-08-12T08:56:09.580Z - info: Building C:\repos\nus-cs2103\cs2103-website-base\schedule\week2\admin as some of its dependencies were changed since the last visit
2021-08-12T08:56:10.736Z - info: Site data built
2021-08-12T08:56:10.736Z - info: Lazy website regeneration complete! Total build time: 1.156s
2021-08-12T08:57:33.176Z - info: Building C:\repos\nus-cs2103\cs2103-website-base\schedule\week2\topics as some of its dependencies were changed since the last visit
2021-08-12T08:57:35.978Z - info: Site data built
2021-08-12T08:57:35.978Z - info: Lazy website regeneration complete! Total build time: 2.802s
2021-08-12T08:59:50.938Z - info: Website generation (lazy) started at 4:59:49 pm
2021-08-12T08:59:55.969Z - info: Building assets...
2021-08-12T09:00:00.482Z - info: Assets built
2021-08-12T09:00:00.483Z - info: Generating landing page...
2021-08-12T09:00:01.138Z - info: Landing page built, other pages will be built as you navigate to them!
2021-08-12T09:00:01.884Z - info: Site data built
2021-08-12T09:00:01.884Z - info: Website generation (lazy) complete! Total build time: 12.657s
2021-08-12T09:00:02.693Z - info: Serving "C:\repos\nus-cs2103\cs2103-website-base\_site" at http://127.0.0.1:8080
2021-08-12T09:00:02.693Z - info: Press CTRL+C to stop ...
2021-08-12T09:02:48.911Z - info: [5:02:48 pm] Reload for file change: C:\repos\nus-cs2103\cs2103-website-base\_markbind\variables.md
2021-08-12T09:02:48.914Z - info: Synchronizing opened pages list before reload
2021-08-12T09:02:48.914Z - info: Current opened pages, from most-to-least recent:
2021-08-12T09:02:48.914Z - info: 1. index
2021-08-12T09:02:50.049Z - warn: Rebuilding all pages as variables file was changed, or the --force-reload flag was set
2021-08-12T09:02:50.055Z - info: Rebuilding 1 pages
2021-08-12T09:02:51.018Z - info: Site data built
2021-08-12T09:02:51.018Z - info: Pages rebuilt
2021-08-12T09:02:51.018Z - info: Website regeneration complete! Total build time: 1.089s
2021-08-12T09:03:12.477Z - info: Building C:\repos\nus-cs2103\cs2103-website-base\schedule\week2\index as some of its dependencies were changed since the last visit
2021-08-12T09:03:13.232Z - info: Site data built
2021-08-12T09:03:13.232Z - info: Lazy website regeneration complete! Total build time: 0.755s
2021-08-12T09:03:30.453Z - info: Building C:\repos\nus-cs2103\cs2103-website-base\schedule\week2\topics as some of its dependencies were changed since the last visit
2021-08-12T09:03:33.225Z - info: Site data built
2021-08-12T09:03:33.225Z - info: Lazy website regeneration complete! Total build time: 2.772s
2021-08-12T09:04:36.725Z - info: Building C:\repos\nus-cs2103\cs2103-website-base\schedule\week2\project as some of its dependencies were changed since the last visit
2021-08-12T09:04:38.598Z - info: Site data built
2021-08-12T09:04:38.599Z - info: Lazy website regeneration complete! Total build time: 1.873s
2021-08-12T09:04:39.551Z - info: Building C:\repos\nus-cs2103\cs2103-website-base\schedule\week2\project as some of its dependencies were changed since the last visit
2021-08-12T09:04:40.687Z - info: Site data built
2021-08-12T09:04:40.687Z - info: Lazy website regeneration complete! Total build time: 1.137s
2021-08-12T09:06:13.671Z - info: Building C:\repos\nus-cs2103\cs2103-website-base\schedule\week2\tutorial as some of its dependencies were changed since the last visit
2021-08-12T09:06:14.165Z - info: Site data built
2021-08-12T09:06:14.166Z - info: Lazy website regeneration complete! Total build time: 0.494s
2021-08-12T09:06:15.122Z - info: Building C:\repos\nus-cs2103\cs2103-website-base\schedule\week2\tutorial as some of its dependencies were changed since the last visit
2021-08-12T09:06:15.320Z - info: Site data built
2021-08-12T09:06:15.320Z - info: Lazy website regeneration complete! Total build time: 0.198s
2021-08-12T09:06:52.385Z - info: Website generation started at 5:06:50 pm
2021-08-12T09:06:57.492Z - info: Building assets...
2021-08-12T09:07:01.943Z - info: Assets built
2021-08-12T09:07:01.944Z - info: Generating pages...
2021-08-12T09:07:10.729Z - debug:  
2021-08-12T09:07:10.730Z - debug:  
2021-08-12T09:07:10.731Z - debug:  
2021-08-12T09:07:10.731Z - debug:  
2021-08-12T09:07:10.731Z - debug:  
2021-08-12T09:07:10.731Z - debug:  
2021-08-12T09:08:55.358Z - debug:  
2021-08-12T09:09:05.717Z - debug:  
2021-08-12T09:09:05.931Z - debug:  
2021-08-12T09:09:11.965Z - info: Pages built
2021-08-12T09:09:12.753Z - info: Site data built
2021-08-12T09:09:12.753Z - info: Website generation complete! Total build time: 142.361s
2021-08-12T09:09:12.753Z - info: Build success!
2021-08-12T09:09:26.531Z - info: Deployed at https://nus-cs2103-ay2122s1.github.io/website!
2021-08-12T09:14:58.978Z - info: Website generation (lazy) started at 5:14:54 pm
2021-08-12T09:15:03.976Z - info: Building assets...
2021-08-12T09:15:08.736Z - info: Assets built
2021-08-12T09:15:08.736Z - info: Generating landing page...
2021-08-12T09:15:09.336Z - info: Landing page built, other pages will be built as you navigate to them!
2021-08-12T09:15:10.101Z - info: Site data built
2021-08-12T09:15:10.101Z - info: Website generation (lazy) complete! Total build time: 15.188s
2021-08-12T09:15:10.877Z - info: Serving "C:\repos\nus-cs2103\cs2103-website-base\_site" at http://127.0.0.1:8080
2021-08-12T09:15:10.877Z - info: Press CTRL+C to stop ...
2021-08-12T09:16:15.410Z - info: [5:16:15 pm] Reload for file change: C:\repos\nus-cs2103\cs2103-website-base\_markbind\variables.md
2021-08-12T09:16:15.411Z - info: Synchronizing opened pages list before reload
2021-08-12T09:16:15.412Z - info: Current opened pages, from most-to-least recent:
2021-08-12T09:16:15.412Z - info: 1. index
2021-08-12T09:16:16.519Z - warn: Rebuilding all pages as variables file was changed, or the --force-reload flag was set
2021-08-12T09:16:16.524Z - info: Rebuilding 1 pages
2021-08-12T09:16:16.970Z - info: Site data built
2021-08-12T09:16:16.970Z - info: Pages rebuilt
2021-08-12T09:16:16.970Z - info: Website regeneration complete! Total build time: 0.55s
2021-08-12T09:16:32.064Z - info: Building C:\repos\nus-cs2103\cs2103-website-base\schedule\week2\index as some of its dependencies were changed since the last visit
2021-08-12T09:16:33.063Z - info: Site data built
2021-08-12T09:16:33.064Z - info: Lazy website regeneration complete! Total build time: 1s
2021-08-12T09:16:46.106Z - info: Building C:\repos\nus-cs2103\cs2103-website-base\schedule\week2\topics as some of its dependencies were changed since the last visit
2021-08-12T09:16:49.550Z - info: Site data built
2021-08-12T09:16:49.550Z - info: Lazy website regeneration complete! Total build time: 3.444s
2021-08-12T09:20:04.865Z - info: Website generation started at 5:20:03 pm
2021-08-12T09:20:10.245Z - info: Building assets...
2021-08-12T09:20:15.155Z - info: Assets built
2021-08-12T09:20:15.156Z - info: Generating pages...
2021-08-12T09:20:22.068Z - debug:  
2021-08-12T09:20:22.069Z - debug:  
2021-08-12T09:20:22.069Z - debug:  
2021-08-12T09:20:22.069Z - debug:  
2021-08-12T09:20:22.070Z - debug:  
2021-08-12T09:20:22.122Z - debug:  
2021-08-12T09:21:50.435Z - debug:  
2021-08-12T09:21:57.374Z - debug:  
2021-08-12T09:21:57.401Z - debug:  
2021-08-12T09:22:00.933Z - info: Pages built
2021-08-12T09:22:01.707Z - info: Site data built
2021-08-12T09:22:01.707Z - info: Website generation complete! Total build time: 118.577s
2021-08-12T09:22:01.707Z - info: Build success!
2021-08-12T09:22:13.814Z - info: Deployed at https://nus-tic4001-ay2122s1.github.io/website!
